#
# A fatal error has been detected by the Java Runtime Environment:
#
#  SIGSEGV (0xb) at pc=0x00007fff9aac74dd, pid=14426, tid=0x0000000000000a0b
#
# JRE version: Java(TM) SE Runtime Environment (8.0_92-b14) (build 1.8.0_92-b14)
# Java VM: Java HotSpot(TM) 64-Bit Server VM (25.92-b14 mixed mode bsd-amd64 compressed oops)
# Problematic frame:
# C  [libobjc.A.dylib+0x14dd]  objc_msgSend+0x1d
#
# Failed to write core dump. Core dumps have been disabled. To enable core dumping, try "ulimit -c unlimited" before starting Java again
#
# If you would like to submit a bug report, please visit:
#   http://bugreport.java.com/bugreport/crash.jsp
# The crash happened outside the Java Virtual Machine in native code.
# See problematic frame for where to report the bug.
#

---------------  T H R E A D  ---------------

Current thread (0x00007f88ca1a6000):  JavaThread "AWT-AppKit" daemon [_thread_in_native, id=2571, stack(0x00007fff5cc24000,0x00007fff5d424000)]

siginfo: si_signo: 11 (SIGSEGV), si_code: 1 (SEGV_MAPERR), si_addr: 0x0000000000000018

Registers:
RAX=0x00007f88cd0caa00, RBX=0x000000011cda5450, RCX=0x000000011cc92700, RDX=0x000000011cd8d2a0
RSP=0x00007fff5d41f468, RBP=0x00007fff5d41f520, RSI=0x00007fff96e64cbe, RDI=0x00007f88cd0c9a70
R8 =0x0000000000000000, R9 =0x00000000000008b0, R10=0x00007fff96e64cbe, R11=0x0000000000000000
R12=0x0000000000000000, R13=0x00000001746eed60, R14=0x000000011cda5440, R15=0x00007f88ca1a6000
RIP=0x00007fff9aac74dd, EFLAGS=0x0000000000010246, ERR=0x0000000000000004
  TRAPNO=0x000000000000000e

Top of Stack: (sp=0x00007fff5d41f468)
0x00007fff5d41f468:   000000011cda3157 00007fff5d41f4c0
0x00007fff5d41f478:   0000000000000003 00007fff5d41f4a0
0x00007fff5d41f488:   0000000103df2aee 00000001746eed60
0x00007fff5d41f498:   00000001746eed60 00007f88cd0caa00
0x00007fff5d41f4a8:   000000011cda56a0 000000011cda5710
0x00007fff5d41f4b8:   00007fff7f61d770 00007fff7d7e9500
0x00007fff5d41f4c8:   000000011cda5450 000000011cda5690
0x00007fff5d41f4d8:   00007f88cd0caa00 00007f88cd0c9a70
0x00007fff5d41f4e8:   00007f88c8daba40 00007f88cd0caa00
0x00007fff5d41f4f8:   00007f88cd0c9a70 00007fff5d41f5a0
0x00007fff5d41f508:   00007f88ca1a61f8 00000001746eed60
0x00007fff5d41f518:   00007fff5d41f5c8 00007fff5d41f590
0x00007fff5d41f528:   0000000104bae9d4 00007fff5d41f590
0x00007fff5d41f538:   0000000104bae759 0000000104bba983
0x00007fff5d41f548:   0000000104bae722 00007fff5d41f550
0x00007fff5d41f558:   00000001746eed60 00007fff5d41f5c8
0x00007fff5d41f568:   0000000174712028 0000000000000000
0x00007fff5d41f578:   00000001746eed60 0000000000000000
0x00007fff5d41f588:   00007fff5d41f5b0 00007fff5d41f610
0x00007fff5d41f598:   0000000104b9f2bd 0000000740524de8
0x00007fff5d41f5a8:   0000000104ba8538 00007f88cd0caa00
0x00007fff5d41f5b8:   0000000104ba9e39 00007f88cd0c9a70
0x00007fff5d41f5c8:   0000000104ba9e02 00007fff5d41f5d0
0x00007fff5d41f5d8:   00000001746eef2a 00007fff5d41f638
0x00007fff5d41f5e8:   0000000174712028 0000000000000000
0x00007fff5d41f5f8:   00000001746eef38 00007fff5d41f5b0
0x00007fff5d41f608:   00007fff5d41f620 00007fff5d41f680
0x00007fff5d41f618:   0000000104b9f2bd 00007f88cd0caa00
0x00007fff5d41f628:   00000007400add58 00007f88cd0c9a70
0x00007fff5d41f638:   00000007400add58 00007fff5d41f640
0x00007fff5d41f648:   0000000176a4fcce 00007fff5d41f690
0x00007fff5d41f658:   0000000176a4fd88 0000000000000000 

Instructions: (pc=0x00007fff9aac74dd)
0x00007fff9aac74bd:   44 00 00 48 85 ff 2e 74 62 40 f6 c7 01 2e 75 66
0x00007fff9aac74cd:   49 bb f8 ff ff ff ff 7f 00 00 4c 23 1f 49 89 f2
0x00007fff9aac74dd:   45 23 53 18 49 c1 e2 04 4d 03 53 10 49 3b 32 75
0x00007fff9aac74ed:   04 41 ff 62 08 49 83 3a 01 76 0d 49 83 c2 10 49 

Register to memory mapping:

RAX=0x00007f88cd0caa00 is an unknown value
RBX=0x000000011cda5450: Java_jogamp_nativewindow_macosx_OSXUtil_GetScreenRefreshRate0+0x1cf0 in /private/var/folders/yd/w0h308490sjfy_hf_nbsv22h0000gn/T/jogamp_0000/file_cache/jln1402583062517207097/jln570729899688374919/libnativewindow_macosx.jnilib at 0x000000011cd9e000
RCX=0x000000011cc92700 is an unknown value
RDX=0x000000011cd8d2a0 is an unknown value
RSP=0x00007fff5d41f468 is pointing into the stack for thread: 0x00007f88ca1a6000
RBP=0x00007fff5d41f520 is pointing into the stack for thread: 0x00007f88ca1a6000
RSI=0x00007fff96e64cbe is an unknown value
RDI=0x00007f88cd0c9a70 is an unknown value
R8 =0x0000000000000000 is an unknown value
R9 =0x00000000000008b0 is an unknown value
R10=0x00007fff96e64cbe is an unknown value
R11=0x0000000000000000 is an unknown value
R12=0x0000000000000000 is an unknown value
R13={method} {0x00000001746eed60} 'UnsetJAWTRootSurfaceLayer0' '(JJ)V' in 'jogamp/nativewindow/jawt/macosx/MacOSXJAWTWindow'
R14=0x000000011cda5440: Java_jogamp_nativewindow_macosx_OSXUtil_GetScreenRefreshRate0+0x1ce0 in /private/var/folders/yd/w0h308490sjfy_hf_nbsv22h0000gn/T/jogamp_0000/file_cache/jln1402583062517207097/jln570729899688374919/libnativewindow_macosx.jnilib at 0x000000011cd9e000
R15=0x00007f88ca1a6000 is a thread


Stack: [0x00007fff5cc24000,0x00007fff5d424000],  sp=0x00007fff5d41f468,  free space=8173k
Native frames: (J=compiled Java code, j=interpreted, Vv=VM code, C=native code)
C  [libobjc.A.dylib+0x14dd]  objc_msgSend+0x1d
j  jogamp.nativewindow.jawt.macosx.MacOSXJAWTWindow.UnsetJAWTRootSurfaceLayer0(JJ)V+0
j  jogamp.nativewindow.jawt.macosx.MacOSXJAWTWindow.access$200(JJ)V+2
j  jogamp.nativewindow.jawt.macosx.MacOSXJAWTWindow$1.run()V+38
j  com.jogamp.common.util.RunnableTask.run()V+24
v  ~StubRoutines::call_stub
V  [libjvm.dylib+0x2ecc9a]  JavaCalls::call_helper(JavaValue*, methodHandle*, JavaCallArguments*, Thread*)+0x6ae
V  [libjvm.dylib+0x323ea5]  jni_invoke_nonstatic(JNIEnv_*, JavaValue*, _jobject*, JNICallType, _jmethodID*, JNI_ArgumentPusher*, Thread*)+0x2ec
V  [libjvm.dylib+0x316673]  jni_CallVoidMethod+0x16b
C  [libnativewindow_macosx.jnilib+0x5326]  Java_jogamp_nativewindow_jawt_macosx_MacOSXJAWTWindow_UnsetJAWTRootSurfaceLayer0+0x2b6
C  [Foundation+0x76fde]  __NSThreadPerformPerform+0x117
C  [CoreFoundation+0xaa881]  __CFRUNLOOP_IS_CALLING_OUT_TO_A_SOURCE0_PERFORM_FUNCTION__+0x11
C  [CoreFoundation+0x89f37]  __CFRunLoopDoSources0+0x1a7
C  [CoreFoundation+0x894df]  __CFRunLoopRun+0x39f
C  [CoreFoundation+0x88ed8]  CFRunLoopRunSpecific+0x128
C  [HIToolbox+0x30935]  RunCurrentEventLoopInMode+0xeb
C  [HIToolbox+0x30677]  ReceiveNextEventCommon+0xb8
C  [HIToolbox+0x305af]  _BlockUntilNextEventMatchingListInModeWithFilter+0x47
C  [AppKit+0x48df6]  _DPSNextEvent+0x42b
C  [AppKit+0x48226]  -[NSApplication _nextEventMatchingEventMask:untilDate:inMode:dequeue:]+0x1c6
C  [libosxapp.dylib+0x23aa]  -[NSApplicationAWT nextEventMatchingMask:untilDate:inMode:dequeue:]+0x7c
C  [AppKit+0x3cd80]  -[NSApplication run]+0x2aa
C  [libosxapp.dylib+0x214d]  +[NSApplicationAWT runAWTLoopWithApp:]+0x9c
C  [libawt_lwawt.dylib+0x444b3]  -[AWTStarter starter:]+0x389
C  [Foundation+0x76fde]  __NSThreadPerformPerform+0x117
C  [CoreFoundation+0xaa881]  __CFRUNLOOP_IS_CALLING_OUT_TO_A_SOURCE0_PERFORM_FUNCTION__+0x11
C  [CoreFoundation+0x89fbc]  __CFRunLoopDoSources0+0x22c
C  [CoreFoundation+0x894df]  __CFRunLoopRun+0x39f
C  [CoreFoundation+0x88ed8]  CFRunLoopRunSpecific+0x128
C  [java+0x6465]  CreateExecutionEnvironment+0x367
C  [java+0x218c]  JLI_Launch+0x7a0
C  [java+0x84c2]  main+0x65
C  [java+0x19e4]  start+0x34
C  0x0000000000000007

Java frames: (J=compiled Java code, j=interpreted, Vv=VM code)
j  jogamp.nativewindow.jawt.macosx.MacOSXJAWTWindow.UnsetJAWTRootSurfaceLayer0(JJ)V+0
j  jogamp.nativewindow.jawt.macosx.MacOSXJAWTWindow.access$200(JJ)V+2
j  jogamp.nativewindow.jawt.macosx.MacOSXJAWTWindow$1.run()V+38
j  com.jogamp.common.util.RunnableTask.run()V+24
v  ~StubRoutines::call_stub

---------------  P R O C E S S  ---------------

Java Threads: ( => current thread )
  0x00007f88c9b4f000 JavaThread "Thread-19" [_thread_blocked, id=65223, stack(0x0000700001a71000,0x0000700001b71000)]
  0x00007f88ca144000 JavaThread "Image Fetcher 3" daemon [_thread_blocked, id=67331, stack(0x0000700002289000,0x0000700002389000)]
  0x00007f88c9a23800 JavaThread "Image Fetcher 2" daemon [_thread_blocked, id=66819, stack(0x0000700002186000,0x0000700002286000)]
  0x00007f88c9440800 JavaThread "Image Fetcher 1" daemon [_thread_blocked, id=66307, stack(0x0000700002083000,0x0000700002183000)]
  0x00007f88c9a22800 JavaThread "Image Fetcher 0" daemon [_thread_blocked, id=65795, stack(0x0000700001f80000,0x0000700002080000)]
  0x00007f88c9a22000 JavaThread "Keep-Alive-Timer" daemon [_thread_blocked, id=65327, stack(0x0000700001e7d000,0x0000700001f7d000)]
  0x00007f88ca230000 JavaThread "AWT-EventQueue-1" [_thread_in_native, id=59195, stack(0x00007000018eb000,0x00007000019eb000)]
  0x00007f88c90c9000 JavaThread "DestroyJavaVM" [_thread_blocked, id=5891, stack(0x000070000011a000,0x000070000021a000)]
  0x00007f88c91d5000 JavaThread "AWT-EventQueue-0" [_thread_blocked, id=56579, stack(0x00007000016e5000,0x00007000017e5000)]
  0x00007f88c988d000 JavaThread "Java2D Disposer" daemon [_thread_blocked, id=53251, stack(0x000070000145c000,0x000070000155c000)]
  0x00007f88ca97a800 JavaThread "Java2D Queue Flusher" daemon [_thread_blocked, id=50183, stack(0x0000700001359000,0x0000700001459000)]
  0x00007f88c90a7000 JavaThread "AWT-Shutdown" [_thread_blocked, id=30223, stack(0x00007000011d3000,0x00007000012d3000)]
=>0x00007f88ca1a6000 JavaThread "AWT-AppKit" daemon [_thread_in_native, id=2571, stack(0x00007fff5cc24000,0x00007fff5d424000)]
  0x00007f88ca82a000 JavaThread "Service Thread" daemon [_thread_blocked, id=18691, stack(0x0000700000e44000,0x0000700000f44000)]
  0x00007f88ca829800 JavaThread "C1 CompilerThread2" daemon [_thread_blocked, id=18179, stack(0x0000700000d41000,0x0000700000e41000)]
  0x00007f88ca013800 JavaThread "C2 CompilerThread1" daemon [_thread_blocked, id=17667, stack(0x0000700000c3e000,0x0000700000d3e000)]
  0x00007f88c9044000 JavaThread "C2 CompilerThread0" daemon [_thread_blocked, id=17155, stack(0x0000700000b3b000,0x0000700000c3b000)]
  0x00007f88ca012000 JavaThread "Signal Dispatcher" daemon [_thread_blocked, id=13071, stack(0x0000700000a38000,0x0000700000b38000)]
  0x00007f88ca039000 JavaThread "Finalizer" daemon [_thread_blocked, id=12291, stack(0x000070000082f000,0x000070000092f000)]
  0x00007f88c900b800 JavaThread "Reference Handler" daemon [_thread_blocked, id=11779, stack(0x000070000072c000,0x000070000082c000)]

Other Threads:
  0x00007f88ca806000 VMThread [stack: 0x0000700000629000,0x0000700000729000] [id=11267]
  0x00007f88c9812000 WatcherThread [stack: 0x0000700000f47000,0x0000700001047000] [id=19203]

VM state:not at safepoint (normal execution)

VM Mutex/Monitor currently owned by a thread: None

Heap:
 PSYoungGen      total 38400K, used 23178K [0x0000000795580000, 0x0000000798000000, 0x00000007c0000000)
  eden space 33280K, 54% used [0x0000000795580000,0x0000000796729d28,0x0000000797600000)
  from space 5120K, 99% used [0x0000000797b00000,0x0000000797ff8af0,0x0000000798000000)
  to   space 5120K, 0% used [0x0000000797600000,0x0000000797600000,0x0000000797b00000)
 ParOldGen       total 87552K, used 10212K [0x0000000740000000, 0x0000000745580000, 0x0000000795580000)
  object space 87552K, 11% used [0x0000000740000000,0x00000007409f9090,0x0000000745580000)
 Metaspace       used 20175K, capacity 20359K, committed 20608K, reserved 1067008K
  class space    used 2013K, capacity 2110K, committed 2176K, reserved 1048576K

Card table byte_map: [0x0000000113f57000,0x0000000114358000] byte_map_base: 0x0000000110557000

Marking Bits: (ParMarkBitMap*) 0x00000001044e8bd0
 Begin Bits: [0x0000000114603000, 0x0000000116603000)
 End Bits:   [0x0000000116603000, 0x0000000118603000)

Polling page: 0x000000010308f000

CodeCache: size=245760Kb used=6425Kb max_used=6425Kb free=239334Kb
 bounds [0x0000000104b97000, 0x00000001051e7000, 0x0000000113b97000]
 total_blobs=2646 nmethods=1767 adapters=793
 compilation: enabled

Compilation events (10 events):
Event: 8.983 Thread 0x00007f88ca829800 1882   !   3       sun.java2d.SunGraphics2D::validateCompClip (224 bytes)
Event: 8.985 Thread 0x00007f88ca829800 nmethod 1882 0x00000001051dee50 code [0x00000001051df180, 0x00000001051e1108]
Event: 8.985 Thread 0x00007f88ca829800 1884   !   3       java.awt.EventQueue::setCurrentEventAndMostRecentTimeImpl (185 bytes)
Event: 8.986 Thread 0x00007f88ca829800 nmethod 1884 0x00000001051e1cd0 code [0x00000001051e1f80, 0x00000001051e3a38]
Event: 8.986 Thread 0x00007f88ca829800 1883   !   3       sun.lwawt.LWComponentPeer::isShowing (49 bytes)
Event: 8.987 Thread 0x00007f88ca829800 nmethod 1883 0x00000001051dd690 code [0x00000001051dd840, 0x00000001051de148]
Event: 9.032 Thread 0x00007f88ca829800 1885       3       java.util.HashMap::putVal (300 bytes)
Event: 9.034 Thread 0x00007f88ca829800 nmethod 1885 0x00000001051e4390 code [0x00000001051e4600, 0x00000001051e58b8]
Event: 9.034 Thread 0x00007f88ca829800 1886       1       sun.java2d.opengl.CGLSurfaceData::getDefaultScale (5 bytes)
Event: 9.034 Thread 0x00007f88ca829800 nmethod 1886 0x00000001051dd3d0 code [0x00000001051dd520, 0x00000001051dd630]

GC Heap History (4 events):
Event: 3.454 GC heap before
{Heap before GC invocations=1 (full 0):
 PSYoungGen      total 38400K, used 33280K [0x0000000795580000, 0x0000000798000000, 0x00000007c0000000)
  eden space 33280K, 100% used [0x0000000795580000,0x0000000797600000,0x0000000797600000)
  from space 5120K, 0% used [0x0000000797b00000,0x0000000797b00000,0x0000000798000000)
  to   space 5120K, 0% used [0x0000000797600000,0x0000000797600000,0x0000000797b00000)
 ParOldGen       total 87552K, used 0K [0x0000000740000000, 0x0000000745580000, 0x0000000795580000)
  object space 87552K, 0% used [0x0000000740000000,0x0000000740000000,0x0000000745580000)
 Metaspace       used 15988K, capacity 16155K, committed 16384K, reserved 1064960K
  class space    used 1619K, capacity 1692K, committed 1792K, reserved 1048576K
Event: 3.462 GC heap after
Heap after GC invocations=1 (full 0):
 PSYoungGen      total 38400K, used 5111K [0x0000000795580000, 0x0000000798000000, 0x00000007c0000000)
  eden space 33280K, 0% used [0x0000000795580000,0x0000000795580000,0x0000000797600000)
  from space 5120K, 99% used [0x0000000797600000,0x0000000797afdd58,0x0000000797b00000)
  to   space 5120K, 0% used [0x0000000797b00000,0x0000000797b00000,0x0000000798000000)
 ParOldGen       total 87552K, used 8K [0x0000000740000000, 0x0000000745580000, 0x0000000795580000)
  object space 87552K, 0% used [0x0000000740000000,0x0000000740002000,0x0000000745580000)
 Metaspace       used 15988K, capacity 16155K, committed 16384K, reserved 1064960K
  class space    used 1619K, capacity 1692K, committed 1792K, reserved 1048576K
}
Event: 5.796 GC heap before
{Heap before GC invocations=2 (full 0):
 PSYoungGen      total 38400K, used 38391K [0x0000000795580000, 0x0000000798000000, 0x00000007c0000000)
  eden space 33280K, 100% used [0x0000000795580000,0x0000000797600000,0x0000000797600000)
  from space 5120K, 99% used [0x0000000797600000,0x0000000797afdd58,0x0000000797b00000)
  to   space 5120K, 0% used [0x0000000797b00000,0x0000000797b00000,0x0000000798000000)
 ParOldGen       total 87552K, used 8K [0x0000000740000000, 0x0000000745580000, 0x0000000795580000)
  object space 87552K, 0% used [0x0000000740000000,0x0000000740002000,0x0000000745580000)
 Metaspace       used 19815K, capacity 20059K, committed 20352K, reserved 1067008K
  class space    used 2004K, capacity 2076K, committed 2176K, reserved 1048576K
Event: 5.817 GC heap after
Heap after GC invocations=2 (full 0):
 PSYoungGen      total 38400K, used 5090K [0x0000000795580000, 0x0000000798000000, 0x00000007c0000000)
  eden space 33280K, 0% used [0x0000000795580000,0x0000000795580000,0x0000000797600000)
  from space 5120K, 99% used [0x0000000797b00000,0x0000000797ff8af0,0x0000000798000000)
  to   space 5120K, 0% used [0x0000000797600000,0x0000000797600000,0x0000000797b00000)
 ParOldGen       total 87552K, used 10212K [0x0000000740000000, 0x0000000745580000, 0x0000000795580000)
  object space 87552K, 11% used [0x0000000740000000,0x00000007409f9090,0x0000000745580000)
 Metaspace       used 19815K, capacity 20059K, committed 20352K, reserved 1067008K
  class space    used 2004K, capacity 2076K, committed 2176K, reserved 1048576K
}

Deoptimization events (10 events):
Event: 2.962 Thread 0x00007f88cac8b800 Uncommon trap: reason=unstable_if action=reinterpret pc=0x0000000104e0c568 method=java.lang.String.indexOf([CII[CIII)I @ 3
Event: 2.962 Thread 0x00007f88cac8b800 Uncommon trap: reason=unstable_if action=reinterpret pc=0x0000000104ddc164 method=java.lang.String.indexOf([CII[CIII)I @ 3
Event: 2.962 Thread 0x00007f88cac8b800 Uncommon trap: reason=unstable_if action=reinterpret pc=0x0000000104d4f1d8 method=java.lang.String.indexOf([CII[CIII)I @ 3
Event: 4.201 Thread 0x00007f88ca230000 Uncommon trap: reason=unstable_if action=reinterpret pc=0x0000000104d36c6c method=java.lang.AbstractStringBuilder.append(Ljava/lang/String;)Ljava/lang/AbstractStringBuilder; @ 1
Event: 5.103 Thread 0x00007f88ca230000 Uncommon trap: reason=unstable_if action=reinterpret pc=0x0000000104f58040 method=com.sun.org.apache.xerces.internal.impl.XMLEntityScanner.peekChar()I @ 14
Event: 5.126 Thread 0x00007f88ca230000 Uncommon trap: reason=unstable_if action=reinterpret pc=0x0000000104f584d0 method=com.sun.org.apache.xerces.internal.impl.XMLEntityScanner.skipSpaces()Z @ 14
Event: 5.382 Thread 0x00007f88ca230000 Uncommon trap: reason=unstable_if action=reinterpret pc=0x0000000104ffe0bc method=com.jogamp.common.util.IntIntHashMap.get(I)I @ 28
Event: 8.983 Thread 0x00007f88ca230000 Uncommon trap: reason=unstable_if action=reinterpret pc=0x0000000104fea9e8 method=com.jogamp.common.util.VersionNumber.compareTo(Lcom/jogamp/common/util/VersionNumber;)I @ 21
Event: 9.031 Thread 0x00007f88ca9bb000 Uncommon trap: reason=unstable_if action=reinterpret pc=0x000000010504f220 method=java.util.HashMap.putVal(ILjava/lang/Object;Ljava/lang/Object;ZZ)Ljava/lang/Object; @ 81
Event: 9.032 Thread 0x00007f88ca9bb000 Uncommon trap: reason=unstable_if action=reinterpret pc=0x0000000105051b04 method=java.util.HashMap.putVal(ILjava/lang/Object;Ljava/lang/Object;ZZ)Ljava/lang/Object; @ 81

Internal exceptions (10 events):
Event: 0.322 Thread 0x00007f88ca002000 Exception <a 'java/lang/NoSuchFieldError': method resolution failed> (0x0000000795785a28) thrown at [/Users/java_re/workspace/8-2-build-macosx-x86_64/jdk8u92/6642/hotspot/src/share/vm/prims/methodHandles.cpp, line 1146]
Event: 0.333 Thread 0x00007f88ca002000 Exception <a 'java/lang/NoSuchFieldError': method resolution failed> (0x00000007957931f8) thrown at [/Users/java_re/workspace/8-2-build-macosx-x86_64/jdk8u92/6642/hotspot/src/share/vm/prims/methodHandles.cpp, line 1146]
Event: 0.657 Thread 0x00007f88ca002000 Exception <a 'java/io/FileNotFoundException'> (0x000000079580e7c0) thrown at [/Users/java_re/workspace/8-2-build-macosx-x86_64/jdk8u92/6642/hotspot/src/share/vm/prims/jni.cpp, line 709]
Event: 0.657 Thread 0x00007f88ca002000 Exception <a 'java/io/FileNotFoundException'> (0x000000079580f328) thrown at [/Users/java_re/workspace/8-2-build-macosx-x86_64/jdk8u92/6642/hotspot/src/share/vm/prims/jni.cpp, line 709]
Event: 0.805 Thread 0x00007f88ca002000 Exception <a 'java/io/FileNotFoundException'> (0x000000079594aac8) thrown at [/Users/java_re/workspace/8-2-build-macosx-x86_64/jdk8u92/6642/hotspot/src/share/vm/prims/jni.cpp, line 709]
Event: 2.991 Thread 0x00007f88cac8b800 Exception <a 'java/lang/UnsatisfiedLinkError': com.jogamp.common.util.JarUtil.fixNativeLibAttribs(Ljava/lang/String;)Z> (0x0000000796a6ee58) thrown at [/Users/java_re/workspace/8-2-build-macosx-x86_64/jdk8u92/6642/hotspot/src/share/vm/prims/nativeLookup.c
Event: 3.464 Thread 0x00007f88ca039000 Exception <a 'java/lang/NullPointerException'> (0x00000007956a89d8) thrown at [/Users/java_re/workspace/8-2-build-macosx-x86_64/jdk8u92/6642/hotspot/src/share/vm/interpreter/linkResolver.cpp, line 1178]
Event: 4.200 Thread 0x00007f88ca230000 Exception <a 'java/io/FileNotFoundException'> (0x0000000795e5b1a0) thrown at [/Users/java_re/workspace/8-2-build-macosx-x86_64/jdk8u92/6642/hotspot/src/share/vm/prims/jni.cpp, line 709]
Event: 4.201 Thread 0x00007f88ca230000 Exception <a 'java/io/FileNotFoundException'> (0x0000000795e61540) thrown at [/Users/java_re/workspace/8-2-build-macosx-x86_64/jdk8u92/6642/hotspot/src/share/vm/prims/jni.cpp, line 709]
Event: 4.201 Thread 0x00007f88ca230000 Implicit null exception at 0x0000000104d368f5 to 0x0000000104d36c59

Events (10 events):
Event: 9.050 loading class jogamp/nativewindow/jawt/macosx/MacOSXJAWTWindow$1 done
Event: 9.052 loading class java/awt/LightweightDispatcher$2
Event: 9.052 loading class java/awt/LightweightDispatcher$2 done
Event: 9.052 loading class java/awt/event/AWTEventListenerProxy
Event: 9.052 loading class java/awt/event/AWTEventListenerProxy done
Event: 9.052 loading class java/awt/Toolkit$ToolkitEventMulticaster
Event: 9.052 loading class java/awt/Toolkit$ToolkitEventMulticaster done
Event: 9.052 Thread 0x00007f88ca9bb000 Thread exited: 0x00007f88ca9bb000
Event: 9.052 loading class java/awt/Window$1DisposeAction
Event: 9.053 loading class java/awt/Window$1DisposeAction done


Dynamic libraries:
0x000000000b4ae000 	/System/Library/Frameworks/Cocoa.framework/Versions/A/Cocoa
0x00000001027f6000 	/System/Library/Frameworks/Security.framework/Versions/A/Security
0x000000000b4ae000 	/System/Library/Frameworks/ApplicationServices.framework/Versions/A/ApplicationServices
0x000000000b4ae000 	/usr/lib/libz.1.dylib
0x000000000b4ae000 	/usr/lib/libSystem.B.dylib
0x000000000b4ae000 	/usr/lib/libobjc.A.dylib
0x000000000b4ae000 	/System/Library/Frameworks/CoreFoundation.framework/Versions/A/CoreFoundation
0x000000000b4ae000 	/System/Library/Frameworks/Foundation.framework/Versions/C/Foundation
0x000000000b4ae000 	/System/Library/Frameworks/AppKit.framework/Versions/C/AppKit
0x000000000b4ae000 	/System/Library/Frameworks/CoreData.framework/Versions/A/CoreData
0x000000000b4ae000 	/System/Library/PrivateFrameworks/RemoteViewServices.framework/Versions/A/RemoteViewServices
0x000000000b4ae000 	/System/Library/PrivateFrameworks/UIFoundation.framework/Versions/A/UIFoundation
0x000000000b4ae000 	/usr/lib/libScreenReader.dylib
0x000000000b4ae000 	/System/Library/Frameworks/Accelerate.framework/Versions/A/Accelerate
0x000000000b4ae000 	/System/Library/Frameworks/IOSurface.framework/Versions/A/IOSurface
0x000000000b4ae000 	/System/Library/Frameworks/AudioToolbox.framework/Versions/A/AudioToolbox
0x000000000b4ae000 	/System/Library/Frameworks/AudioUnit.framework/Versions/A/AudioUnit
0x000000000b4ae000 	/System/Library/PrivateFrameworks/DataDetectorsCore.framework/Versions/A/DataDetectorsCore
0x000000000b4ae000 	/System/Library/PrivateFrameworks/DesktopServicesPriv.framework/Versions/A/DesktopServicesPriv
0x000000000b4ae000 	/System/Library/Frameworks/Carbon.framework/Versions/A/Frameworks/HIToolbox.framework/Versions/A/HIToolbox
0x000000000b4ae000 	/System/Library/Frameworks/QuartzCore.framework/Versions/A/QuartzCore
0x000000000b4ae000 	/System/Library/Frameworks/Carbon.framework/Versions/A/Frameworks/SpeechRecognition.framework/Versions/A/SpeechRecognition
0x000000000b4ae000 	/usr/lib/libauto.dylib
0x000000000b4ae000 	/usr/lib/libicucore.A.dylib
0x000000000b4ae000 	/usr/lib/libxml2.2.dylib
0x000000000b4ae000 	/System/Library/PrivateFrameworks/CoreUI.framework/Versions/A/CoreUI
0x000000000b4ae000 	/System/Library/Frameworks/CoreAudio.framework/Versions/A/CoreAudio
0x000000000b4ae000 	/System/Library/Frameworks/DiskArbitration.framework/Versions/A/DiskArbitration
0x000000000b4ae000 	/usr/lib/liblangid.dylib
0x000000000b4ae000 	/System/Library/PrivateFrameworks/MultitouchSupport.framework/Versions/A/MultitouchSupport
0x000000000b4ae000 	/System/Library/Frameworks/IOKit.framework/Versions/A/IOKit
0x000000000b4ae000 	/usr/lib/libDiagnosticMessagesClient.dylib
0x000000000b4ae000 	/System/Library/Frameworks/CoreServices.framework/Versions/A/CoreServices
0x000000000b4ae000 	/System/Library/PrivateFrameworks/PerformanceAnalysis.framework/Versions/A/PerformanceAnalysis
0x000000000b4ae000 	/System/Library/PrivateFrameworks/GenerationalStorage.framework/Versions/A/GenerationalStorage
0x000000000b4ae000 	/System/Library/Frameworks/OpenGL.framework/Versions/A/OpenGL
0x000000000b4ae000 	/System/Library/PrivateFrameworks/Sharing.framework/Versions/A/Sharing
0x000000000b4ae000 	/System/Library/Frameworks/CoreGraphics.framework/Versions/A/CoreGraphics
0x000000000b4ae000 	/System/Library/Frameworks/CoreImage.framework/Versions/A/CoreImage
0x000000000b4ae000 	/System/Library/Frameworks/CoreText.framework/Versions/A/CoreText
0x000000000b4ae000 	/System/Library/Frameworks/ImageIO.framework/Versions/A/ImageIO
0x000000000b4ae000 	/System/Library/PrivateFrameworks/Backup.framework/Versions/A/Backup
0x000000000b4ae000 	/usr/lib/libextension.dylib
0x000000000b4ae000 	/usr/lib/libarchive.2.dylib
0x0000000102c12000 	/System/Library/Frameworks/CFNetwork.framework/Versions/A/CFNetwork
0x000000000b4ae000 	/System/Library/Frameworks/SystemConfiguration.framework/Versions/A/SystemConfiguration
0x000000000b4ae000 	/usr/lib/libCRFSuite.dylib
0x000000000b4ae000 	/usr/lib/libc++.1.dylib
0x000000000b4ae000 	/usr/lib/libc++abi.dylib
0x000000000b4ae000 	/usr/lib/system/libcache.dylib
0x000000000b4ae000 	/usr/lib/system/libcommonCrypto.dylib
0x000000000b4ae000 	/usr/lib/system/libcompiler_rt.dylib
0x000000000b4ae000 	/usr/lib/system/libcopyfile.dylib
0x000000000b4ae000 	/usr/lib/system/libcorecrypto.dylib
0x000000000b4ae000 	/usr/lib/system/libdispatch.dylib
0x000000000b4ae000 	/usr/lib/system/libdyld.dylib
0x000000000b4ae000 	/usr/lib/system/libkeymgr.dylib
0x0000000103088000 	/usr/lib/system/liblaunch.dylib
0x000000000b4ae000 	/usr/lib/system/libmacho.dylib
0x000000000b4ae000 	/usr/lib/system/libquarantine.dylib
0x000000000b4ae000 	/usr/lib/system/libremovefile.dylib
0x000000000b4ae000 	/usr/lib/system/libsystem_asl.dylib
0x000000000b4ae000 	/usr/lib/system/libsystem_blocks.dylib
0x000000000b4ae000 	/usr/lib/system/libsystem_c.dylib
0x000000000b4ae000 	/usr/lib/system/libsystem_configuration.dylib
0x000000000b4ae000 	/usr/lib/system/libsystem_coreservices.dylib
0x000000000b4ae000 	/usr/lib/system/libsystem_coretls.dylib
0x000000000b4ae000 	/usr/lib/system/libsystem_dnssd.dylib
0x000000000b4ae000 	/usr/lib/system/libsystem_info.dylib
0x000000000b4ae000 	/usr/lib/system/libsystem_kernel.dylib
0x000000000b4ae000 	/usr/lib/system/libsystem_m.dylib
0x000000000b4ae000 	/usr/lib/system/libsystem_malloc.dylib
0x000000000b4ae000 	/usr/lib/system/libsystem_network.dylib
0x000000000b4ae000 	/usr/lib/system/libsystem_networkextension.dylib
0x000000000b4ae000 	/usr/lib/system/libsystem_notify.dylib
0x000000000b4ae000 	/usr/lib/system/libsystem_platform.dylib
0x000000000b4ae000 	/usr/lib/system/libsystem_pthread.dylib
0x0000000103090000 	/usr/lib/system/libsystem_sandbox.dylib
0x000000000b4ae000 	/usr/lib/system/libsystem_secinit.dylib
0x000000000b4ae000 	/usr/lib/system/libsystem_trace.dylib
0x000000000b4ae000 	/usr/lib/system/libunc.dylib
0x000000000b4ae000 	/usr/lib/system/libunwind.dylib
0x000000010309a000 	/usr/lib/system/libxpc.dylib
0x000000000b4ae000 	/usr/lib/libenergytrace.dylib
0x000000000b4ae000 	/usr/lib/libbsm.0.dylib
0x000000000b4ae000 	/usr/lib/system/libkxld.dylib
0x000000000b4ae000 	/usr/lib/libxar.1.dylib
0x000000000b4ae000 	/usr/lib/libsqlite3.dylib
0x000000000b4ae000 	/usr/lib/libpam.2.dylib
0x000000000b4ae000 	/usr/lib/libOpenScriptingUtil.dylib
0x000000000b4ae000 	/usr/lib/libbz2.1.0.dylib
0x000000000b4ae000 	/usr/lib/liblzma.5.dylib
0x000000000b4ae000 	/System/Library/Frameworks/CoreServices.framework/Versions/A/Frameworks/FSEvents.framework/Versions/A/FSEvents
0x000000000b4ae000 	/System/Library/Frameworks/CoreServices.framework/Versions/A/Frameworks/CarbonCore.framework/Versions/A/CarbonCore
0x000000000b4ae000 	/System/Library/Frameworks/CoreServices.framework/Versions/A/Frameworks/Metadata.framework/Versions/A/Metadata
0x000000000b4ae000 	/System/Library/Frameworks/CoreServices.framework/Versions/A/Frameworks/OSServices.framework/Versions/A/OSServices
0x000000000b4ae000 	/System/Library/Frameworks/CoreServices.framework/Versions/A/Frameworks/SearchKit.framework/Versions/A/SearchKit
0x000000000b4ae000 	/System/Library/Frameworks/CoreServices.framework/Versions/A/Frameworks/AE.framework/Versions/A/AE
0x000000000b4ae000 	/System/Library/Frameworks/CoreServices.framework/Versions/A/Frameworks/LaunchServices.framework/Versions/A/LaunchServices
0x000000000b4ae000 	/System/Library/Frameworks/CoreServices.framework/Versions/A/Frameworks/DictionaryServices.framework/Versions/A/DictionaryServices
0x000000000b4ae000 	/System/Library/Frameworks/CoreServices.framework/Versions/A/Frameworks/SharedFileList.framework/Versions/A/SharedFileList
0x000000000b4ae000 	/System/Library/Frameworks/NetFS.framework/Versions/A/NetFS
0x000000000b4ae000 	/System/Library/PrivateFrameworks/NetAuth.framework/Versions/A/NetAuth
0x000000000b4ae000 	/System/Library/PrivateFrameworks/login.framework/Versions/A/Frameworks/loginsupport.framework/Versions/A/loginsupport
0x000000000b4ae000 	/System/Library/PrivateFrameworks/TCC.framework/Versions/A/TCC
0x000000000b4ae000 	/usr/lib/libmecabra.dylib
0x000000000b4ae000 	/System/Library/Frameworks/ApplicationServices.framework/Versions/A/Frameworks/ATS.framework/Versions/A/ATS
0x000000000b4ae000 	/System/Library/Frameworks/ApplicationServices.framework/Versions/A/Frameworks/ColorSync.framework/Versions/A/ColorSync
0x000000000b4ae000 	/System/Library/Frameworks/ApplicationServices.framework/Versions/A/Frameworks/HIServices.framework/Versions/A/HIServices
0x000000000b4ae000 	/System/Library/Frameworks/ApplicationServices.framework/Versions/A/Frameworks/LangAnalysis.framework/Versions/A/LangAnalysis
0x000000000b4ae000 	/System/Library/Frameworks/ApplicationServices.framework/Versions/A/Frameworks/PrintCore.framework/Versions/A/PrintCore
0x000000000b4ae000 	/System/Library/Frameworks/ApplicationServices.framework/Versions/A/Frameworks/QD.framework/Versions/A/QD
0x000000000b4ae000 	/System/Library/Frameworks/ApplicationServices.framework/Versions/A/Frameworks/SpeechSynthesis.framework/Versions/A/SpeechSynthesis
0x000000000b4ae000 	/System/Library/Frameworks/Metal.framework/Versions/A/Metal
0x000000000b4ae000 	/System/Library/Frameworks/Accelerate.framework/Versions/A/Frameworks/vImage.framework/Versions/A/vImage
0x000000000b4ae000 	/System/Library/Frameworks/Accelerate.framework/Versions/A/Frameworks/vecLib.framework/Versions/A/vecLib
0x000000000b4ae000 	/System/Library/Frameworks/Accelerate.framework/Versions/A/Frameworks/vecLib.framework/Versions/A/libvDSP.dylib
0x000000000b4ae000 	/System/Library/Frameworks/Accelerate.framework/Versions/A/Frameworks/vecLib.framework/Versions/A/libvMisc.dylib
0x000000000b4ae000 	/System/Library/Frameworks/Accelerate.framework/Versions/A/Frameworks/vecLib.framework/Versions/A/libLAPACK.dylib
0x000000000b4ae000 	/System/Library/Frameworks/Accelerate.framework/Versions/A/Frameworks/vecLib.framework/Versions/A/libBLAS.dylib
0x000000000b4ae000 	/System/Library/Frameworks/Accelerate.framework/Versions/A/Frameworks/vecLib.framework/Versions/A/libLinearAlgebra.dylib
0x000000000b4ae000 	/System/Library/Frameworks/Accelerate.framework/Versions/A/Frameworks/vecLib.framework/Versions/A/libSparseBLAS.dylib
0x000000000b4ae000 	/System/Library/PrivateFrameworks/GPUCompiler.framework/libmetal_timestamp.dylib
0x000000000b4ae000 	/System/Library/Frameworks/OpenGL.framework/Versions/A/Libraries/libCoreFSCache.dylib
0x000000000b4ae000 	/System/Library/PrivateFrameworks/IOAccelerator.framework/Versions/A/IOAccelerator
0x000000000b4ae000 	/System/Library/Frameworks/ApplicationServices.framework/Versions/A/Frameworks/ATS.framework/Versions/A/Resources/libFontParser.dylib
0x000000000b4ae000 	/System/Library/Frameworks/ApplicationServices.framework/Versions/A/Frameworks/ATS.framework/Versions/A/Resources/libFontRegistry.dylib
0x000000000b4ae000 	/System/Library/PrivateFrameworks/AppleVPA.framework/Versions/A/AppleVPA
0x000000000b4ae000 	/System/Library/PrivateFrameworks/AppleJPEG.framework/Versions/A/AppleJPEG
0x000000000b4ae000 	/System/Library/Frameworks/ImageIO.framework/Versions/A/Resources/libJPEG.dylib
0x000000000b4ae000 	/System/Library/Frameworks/ImageIO.framework/Versions/A/Resources/libTIFF.dylib
0x000000000b4ae000 	/System/Library/Frameworks/ImageIO.framework/Versions/A/Resources/libPng.dylib
0x000000000b4ae000 	/System/Library/Frameworks/ImageIO.framework/Versions/A/Resources/libGIF.dylib
0x000000000b4ae000 	/System/Library/Frameworks/ImageIO.framework/Versions/A/Resources/libJP2.dylib
0x000000000b4ae000 	/System/Library/Frameworks/ImageIO.framework/Versions/A/Resources/libRadiance.dylib
0x000000000b4ae000 	/System/Library/Frameworks/CoreVideo.framework/Versions/A/CoreVideo
0x000000000b4ae000 	/System/Library/Frameworks/OpenGL.framework/Versions/A/Libraries/libGLU.dylib
0x000000000b4ae000 	/System/Library/Frameworks/OpenGL.framework/Versions/A/Libraries/libGFXShared.dylib
0x000000000b4ae000 	/System/Library/Frameworks/OpenGL.framework/Versions/A/Libraries/libGL.dylib
0x000000000b4ae000 	/System/Library/Frameworks/OpenGL.framework/Versions/A/Libraries/libGLImage.dylib
0x000000000b4ae000 	/System/Library/Frameworks/OpenGL.framework/Versions/A/Libraries/libCVMSPluginSupport.dylib
0x000000000b4ae000 	/System/Library/Frameworks/OpenGL.framework/Versions/A/Libraries/libCoreVMClient.dylib
0x000000000b4ae000 	/usr/lib/libcompression.dylib
0x000000000b4ae000 	/usr/lib/libcups.2.dylib
0x000000000b4ae000 	/System/Library/Frameworks/Kerberos.framework/Versions/A/Kerberos
0x000000000b4ae000 	/System/Library/Frameworks/GSS.framework/Versions/A/GSS
0x000000000b4ae000 	/usr/lib/libresolv.9.dylib
0x000000000b4ae000 	/usr/lib/libiconv.2.dylib
0x000000000b4ae000 	/System/Library/PrivateFrameworks/Heimdal.framework/Versions/A/Heimdal
0x000000000b4ae000 	/usr/lib/libheimdal-asn1.dylib
0x000000000b4ae000 	/System/Library/Frameworks/OpenDirectory.framework/Versions/A/OpenDirectory
0x000000000b4ae000 	/System/Library/PrivateFrameworks/CommonAuth.framework/Versions/A/CommonAuth
0x000000000b4ae000 	/System/Library/Frameworks/OpenDirectory.framework/Versions/A/Frameworks/CFOpenDirectory.framework/Versions/A/CFOpenDirectory
0x000000000b4ae000 	/System/Library/Frameworks/SecurityFoundation.framework/Versions/A/SecurityFoundation
0x000000000b4ae000 	/System/Library/PrivateFrameworks/LanguageModeling.framework/Versions/A/LanguageModeling
0x000000000b4ae000 	/usr/lib/libmarisa.dylib
0x000000000b4ae000 	/usr/lib/libChineseTokenizer.dylib
0x000000000b4ae000 	/usr/lib/libcmph.dylib
0x00000001030e2000 	/System/Library/Frameworks/ServiceManagement.framework/Versions/A/ServiceManagement
0x000000000b4ae000 	/usr/lib/libxslt.1.dylib
0x000000000b4ae000 	/System/Library/Frameworks/Carbon.framework/Versions/A/Frameworks/Ink.framework/Versions/A/Ink
0x000000000b4ae000 	/usr/lib/libFosl_dynamic.dylib
0x000000000b4ae000 	/System/Library/PrivateFrameworks/FaceCore.framework/Versions/A/FaceCore
0x000000000b4ae000 	/System/Library/Frameworks/OpenCL.framework/Versions/A/OpenCL
0x000000000b4ae000 	/System/Library/PrivateFrameworks/CrashReporterSupport.framework/Versions/A/CrashReporterSupport
0x000000000b4ae000 	/System/Library/PrivateFrameworks/IconServices.framework/Versions/A/IconServices
0x000000000b4ae000 	/System/Library/PrivateFrameworks/Apple80211.framework/Versions/A/Apple80211
0x000000000b4ae000 	/System/Library/Frameworks/CoreWLAN.framework/Versions/A/CoreWLAN
0x000000000b4ae000 	/System/Library/Frameworks/IOBluetooth.framework/Versions/A/IOBluetooth
0x000000000b4ae000 	/System/Library/PrivateFrameworks/CoreWiFi.framework/Versions/A/CoreWiFi
0x000000000b4ae000 	/System/Library/Frameworks/CoreBluetooth.framework/Versions/A/CoreBluetooth
0x000000000b4ae000 	/System/Library/PrivateFrameworks/ChunkingLibrary.framework/Versions/A/ChunkingLibrary
0x000000000b4ae000 	/System/Library/PrivateFrameworks/DebugSymbols.framework/Versions/A/DebugSymbols
0x000000000b4ae000 	/System/Library/PrivateFrameworks/CoreSymbolication.framework/Versions/A/CoreSymbolication
0x000000000b4ae000 	/System/Library/PrivateFrameworks/Symbolication.framework/Versions/A/Symbolication
0x000000000b4ae000 	/System/Library/PrivateFrameworks/SpeechRecognitionCore.framework/Versions/A/SpeechRecognitionCore
0x0000000103c00000 	/Library/Java/JavaVirtualMachines/jdk1.8.0_92.jdk/Contents/Home/jre/lib/server/libjvm.dylib
0x000000000b4ae000 	/usr/lib/libstdc++.6.dylib
0x000000010334b000 	/Library/Java/JavaVirtualMachines/jdk1.8.0_92.jdk/Contents/Home/jre/lib/libverify.dylib
0x0000000103359000 	/Library/Java/JavaVirtualMachines/jdk1.8.0_92.jdk/Contents/Home/jre/lib/libjava.dylib
0x0000000103397000 	/Library/Java/JavaVirtualMachines/jdk1.8.0_92.jdk/Contents/Home/jre/lib/libzip.dylib
0x000000011a4a9000 	/System/Library/Frameworks/JavaVM.framework/Frameworks/JavaRuntimeSupport.framework/JavaRuntimeSupport
0x000000011a4c4000 	/System/Library/Frameworks/JavaVM.framework/Versions/A/Frameworks/JavaNativeFoundation.framework/Versions/A/JavaNativeFoundation
0x00000001033f1000 	/System/Library/Frameworks/JavaVM.framework/Versions/A/JavaVM
0x000000000b4ae000 	/System/Library/Frameworks/Carbon.framework/Versions/A/Carbon
0x000000011a4d9000 	/System/Library/PrivateFrameworks/JavaLaunching.framework/Versions/A/JavaLaunching
0x000000000b4ae000 	/System/Library/Frameworks/Carbon.framework/Versions/A/Frameworks/CommonPanels.framework/Versions/A/CommonPanels
0x000000000b4ae000 	/System/Library/Frameworks/Carbon.framework/Versions/A/Frameworks/Help.framework/Versions/A/Help
0x000000000b4ae000 	/System/Library/Frameworks/Carbon.framework/Versions/A/Frameworks/ImageCapture.framework/Versions/A/ImageCapture
0x000000000b4ae000 	/System/Library/Frameworks/Carbon.framework/Versions/A/Frameworks/OpenScripting.framework/Versions/A/OpenScripting
0x000000000b4ae000 	/System/Library/Frameworks/Carbon.framework/Versions/A/Frameworks/Print.framework/Versions/A/Print
0x000000000b4ae000 	/System/Library/Frameworks/Carbon.framework/Versions/A/Frameworks/SecurityHI.framework/Versions/A/SecurityHI
0x000000011bdfc000 	/Library/Java/JavaVirtualMachines/jdk1.8.0_92.jdk/Contents/Home/jre/lib/libawt.dylib
0x000000011bea4000 	/Library/Java/JavaVirtualMachines/jdk1.8.0_92.jdk/Contents/Home/jre/lib/./libmlib_image.dylib
0x000000011bf70000 	/Library/Java/JavaVirtualMachines/jdk1.8.0_92.jdk/Contents/Home/jre/lib/libawt_lwawt.dylib
0x000000011c025000 	/Library/Java/JavaVirtualMachines/jdk1.8.0_92.jdk/Contents/Home/jre/lib/./libosxapp.dylib
0x000000000b4ae000 	/System/Library/Frameworks/ExceptionHandling.framework/Versions/A/ExceptionHandling
0x000000000b4ae000 	/System/Library/PrivateFrameworks/CoreServicesInternal.framework/Versions/A/CoreServicesInternal
0x000000000b4ae000 	/System/Library/Frameworks/CoreGraphics.framework/Versions/A/Resources/libRIP.A.dylib
0x000000011ca8e000 	/System/Library/Frameworks/Accelerate.framework/Frameworks/vImage.framework/Versions/A/Libraries/libCGInterfaces.dylib
0x000000000b4ae000 	/System/Library/Frameworks/CoreGraphics.framework/Versions/A/Resources/libCGXType.A.dylib
0x000000000b4ae000 	/System/Library/Frameworks/OpenCL.framework/Versions/A/Libraries/libcldcpuengine.dylib
0x000000000b4ae000 	/System/Library/PrivateFrameworks/DiskImages.framework/Versions/A/DiskImages
0x000000000b4ae000 	/System/Library/Frameworks/DiscRecording.framework/Versions/A/DiscRecording
0x000000000b4ae000 	/usr/lib/libcsfde.dylib
0x000000000b4ae000 	/usr/lib/libcurl.4.dylib
0x000000000b4ae000 	/System/Library/PrivateFrameworks/MediaKit.framework/Versions/A/MediaKit
0x000000000b4ae000 	/System/Library/PrivateFrameworks/ProtectedCloudStorage.framework/Versions/A/ProtectedCloudStorage
0x000000000b4ae000 	/usr/lib/libCoreStorage.dylib
0x000000000b4ae000 	/System/Library/PrivateFrameworks/EFILogin.framework/Versions/A/EFILogin
0x000000000b4ae000 	/usr/lib/libutil.dylib
0x000000000b4ae000 	/System/Library/PrivateFrameworks/FindMyDevice.framework/Versions/A/FindMyDevice
0x000000000b4ae000 	/System/Library/Frameworks/LDAP.framework/Versions/A/LDAP
0x000000000b4ae000 	/usr/lib/libsasl2.2.dylib
0x000000000b4ae000 	/System/Library/PrivateFrameworks/CoreDaemon.framework/Versions/B/CoreDaemon
0x000000000b4ae000 	/usr/lib/libcrypto.0.9.8.dylib
0x000000000b4ae000 	/System/Library/PrivateFrameworks/AppleSRP.framework/Versions/A/AppleSRP
0x000000000b4ae000 	/System/Library/PrivateFrameworks/TrustEvaluationAgent.framework/Versions/A/TrustEvaluationAgent
0x000000011d7b8000 	cl_kernels
0x000000000b4ae000 	/System/Library/Frameworks/OpenCL.framework/Versions/A/Libraries/ImageFormats/unorm8_bgra.dylib
0x000000000b4ae000 	/System/Library/Frameworks/OpenCL.framework/Versions/A/Libraries/ImageFormats/unorm8_rgba.dylib
0x000000000b4ae000 	/System/Library/PrivateFrameworks/FamilyControls.framework/Versions/A/FamilyControls
0x000000000b4ae000 	/System/Library/PrivateFrameworks/CommerceKit.framework/Versions/A/Frameworks/CommerceCore.framework/Versions/A/CommerceCore
0x000000000b4ae000 	/System/Library/PrivateFrameworks/SystemAdministration.framework/Versions/A/SystemAdministration
0x000000000b4ae000 	/System/Library/PrivateFrameworks/AppContainer.framework/Versions/A/AppContainer
0x000000000b4ae000 	/System/Library/PrivateFrameworks/SecCodeWrapper.framework/Versions/A/SecCodeWrapper
0x000000000b4ae000 	/System/Library/Frameworks/DirectoryService.framework/Versions/A/DirectoryService
0x000000000b4ae000 	/System/Library/PrivateFrameworks/LoginUIKit.framework/Versions/A/Frameworks/LoginUICore.framework/Versions/A/LoginUICore
0x000000000b4ae000 	/usr/lib/libodfde.dylib
0x000000011e7f5000 	/System/Library/Frameworks/OpenGL.framework/Resources/GLEngine.bundle/GLEngine
0x000000000b4ae000 	/System/Library/Frameworks/OpenGL.framework/Versions/A/Libraries/libGLProgrammability.dylib
0x000000011e9dd000 	/System/Library/Extensions/AppleIntelHD4000GraphicsGLDriver.bundle/Contents/MacOS/AppleIntelHD4000GraphicsGLDriver
0x000000000b4ae000 	/System/Library/PrivateFrameworks/GPUSupport.framework/Versions/A/Libraries/libGPUSupportMercury.dylib
0x000000011f0a4000 	/System/Library/Frameworks/OpenGL.framework/Resources//GLRendererFloat.bundle/GLRendererFloat
0x000000011f978000 	/Library/Java/JavaVirtualMachines/jdk1.8.0_92.jdk/Contents/Home/jre/lib/libfontmanager.dylib
0x0000000120e39000 	/Library/Java/JavaVirtualMachines/jdk1.8.0_92.jdk/Contents/Home/jre/lib/libosxui.dylib
0x0000000121b3b000 	/Library/Java/JavaVirtualMachines/jdk1.8.0_92.jdk/Contents/Home/jre/lib/libnet.dylib
0x0000000121987000 	/Library/Java/JavaVirtualMachines/jdk1.8.0_92.jdk/Contents/Home/jre/lib/libnio.dylib
0x000000000b4ae000 	/System/Library/Frameworks/ApplicationServices.framework/Versions/A/Frameworks/ATS.framework/Versions/A/Resources/libTrueTypeScaler.dylib
0x0000000172aba000 	/System/Library/Extensions/AppleIntelHD4000GraphicsMTLDriver.bundle/Contents/MacOS/AppleIntelHD4000GraphicsMTLDriver
0x000000011cd93000 	/private/var/folders/yd/w0h308490sjfy_hf_nbsv22h0000gn/T/jogamp_0000/file_cache/jln1402583062517207097/jln570729899688374919/libgluegen-rt.jnilib
0x000000011cd98000 	/private/var/folders/yd/w0h308490sjfy_hf_nbsv22h0000gn/T/jogamp_0000/file_cache/jln1402583062517207097/jln570729899688374919/libnativewindow_awt.jnilib
0x000000011cd9b000 	/Library/Java/JavaVirtualMachines/jdk1.8.0_92.jdk/Contents/Home/jre/lib/libjawt.dylib
0x000000011cd9e000 	/private/var/folders/yd/w0h308490sjfy_hf_nbsv22h0000gn/T/jogamp_0000/file_cache/jln1402583062517207097/jln570729899688374919/libnativewindow_macosx.jnilib
0x00000001745aa000 	/private/var/folders/yd/w0h308490sjfy_hf_nbsv22h0000gn/T/jogamp_0000/file_cache/jln1402583062517207097/jln570729899688374919/libjogl_desktop.jnilib

VM Arguments:
jvm_args: -Djava.security.policy=java.policy.applet -Dfile.encoding=UTF-8 
java_command: sun.applet.AppletViewer module3.EarthquakeCityMap1473730383735.html
java_class_path (initial): /Users/AndrewYou/Documents/workspace/UCSDUnfoldingMaps/build:/Users/AndrewYou/Documents/workspace/UCSDUnfoldingMaps/lib/core.jar:/Users/AndrewYou/Documents/workspace/UCSDUnfoldingMaps/lib/gluegen-rt.jar:/Users/AndrewYou/Documents/workspace/UCSDUnfoldingMaps/lib/jogl-all.jar:/Users/AndrewYou/Documents/workspace/UCSDUnfoldingMaps/lib/log4j-1.2.15.jar:/Users/AndrewYou/Documents/workspace/UCSDUnfoldingMaps/lib/sqlite-jdbc-3.7.2.jar:/Users/AndrewYou/Documents/workspace/UCSDUnfoldingMaps/lib/json4processing.jar:/Users/AndrewYou/Documents/workspace/UCSDUnfoldingMaps/lib/libTUIO.jar:/Users/AndrewYou/Documents/workspace/UCSDUnfoldingMaps/lib/unfolding.0.9.7-uscd.jar
Launcher Type: SUN_STANDARD

Environment Variables:
PATH=/usr/bin:/bin:/usr/sbin:/sbin
SHELL=/bin/bash

Signal Handlers:
SIGSEGV: [libjvm.dylib+0x5aa779], sa_mask[0]=11111111011111110111111111111111, sa_flags=SA_ONSTACK|SA_RESTART|SA_SIGINFO
SIGBUS: [libjvm.dylib+0x5aa779], sa_mask[0]=11111111011111110111111111111111, sa_flags=SA_RESTART|SA_SIGINFO
SIGFPE: [libjvm.dylib+0x4831d0], sa_mask[0]=11111111011111110111111111111111, sa_flags=SA_RESTART|SA_SIGINFO
SIGPIPE: [libjvm.dylib+0x4831d0], sa_mask[0]=11111111011111110111111111111111, sa_flags=SA_RESTART|SA_SIGINFO
SIGXFSZ: [libjvm.dylib+0x4831d0], sa_mask[0]=11111111011111110111111111111111, sa_flags=SA_RESTART|SA_SIGINFO
SIGILL: [libjvm.dylib+0x4831d0], sa_mask[0]=11111111011111110111111111111111, sa_flags=SA_RESTART|SA_SIGINFO
SIGUSR1: SIG_DFL, sa_mask[0]=00000000000000000000000000000000, sa_flags=none
SIGUSR2: [libjvm.dylib+0x482cee], sa_mask[0]=00100000000000000000000000000000, sa_flags=SA_RESTART|SA_SIGINFO
SIGHUP: [libjvm.dylib+0x4812c5], sa_mask[0]=11111111011111110111111111111111, sa_flags=SA_RESTART|SA_SIGINFO
SIGINT: [libjvm.dylib+0x4812c5], sa_mask[0]=11111111011111110111111111111111, sa_flags=SA_RESTART|SA_SIGINFO
SIGTERM: [libjvm.dylib+0x4812c5], sa_mask[0]=11111111011111110111111111111111, sa_flags=SA_RESTART|SA_SIGINFO
SIGQUIT: [libjvm.dylib+0x4812c5], sa_mask[0]=11111111011111110111111111111111, sa_flags=SA_RESTART|SA_SIGINFO


---------------  S Y S T E M  ---------------

OS:Bsduname:Darwin 15.6.0 Darwin Kernel Version 15.6.0: Thu Jun 23 18:25:34 PDT 2016; root:xnu-3248.60.10~1/RELEASE_X86_64 x86_64
rlimit: STACK 8192k, CORE 0k, NPROC 709, NOFILE 10240, AS infinity
load average:2.36 1.76 1.52

CPU:total 4 (2 cores per cpu, 2 threads per core) family 6 model 58 stepping 9, cmov, cx8, fxsr, mmx, sse, sse2, sse3, ssse3, sse4.1, sse4.2, popcnt, avx, aes, clmul, erms, ht, tsc, tscinvbit, tscinv

Memory: 4k page, physical 8388608k(54780k free)

/proc/meminfo:


vm_info: Java HotSpot(TM) 64-Bit Server VM (25.92-b14) for bsd-amd64 JRE (1.8.0_92-b14), built on Mar 31 2016 21:23:14 by "java_re" with gcc 4.2.1 (Based on Apple Inc. build 5658) (LLVM build 2336.11.00)

time: Mon Sep 12 21:33:12 2016
elapsed time: 9 seconds (0d 0h 0m 9s)

