#
# A fatal error has been detected by the Java Runtime Environment:
#
#  SIGSEGV (0xb) at pc=0x00007fff924db4dd, pid=17729, tid=0x0000000000000a0b
#
# JRE version: Java(TM) SE Runtime Environment (8.0_101-b13) (build 1.8.0_101-b13)
# Java VM: Java HotSpot(TM) 64-Bit Server VM (25.101-b13 mixed mode bsd-amd64 compressed oops)
# Problematic frame:
# C  [libobjc.A.dylib+0x14dd]  objc_msgSend+0x1d
#
# Failed to write core dump. Core dumps have been disabled. To enable core dumping, try "ulimit -c unlimited" before starting Java again
#
# If you would like to submit a bug report, please visit:
#   http://bugreport.java.com/bugreport/crash.jsp
# The crash happened outside the Java Virtual Machine in native code.
# See problematic frame for where to report the bug.
#

---------------  T H R E A D  ---------------

Current thread (0x00007f89098f5800):  JavaThread "AWT-AppKit" daemon [_thread_in_native, id=2571, stack(0x00007fff59910000,0x00007fff5a110000)]

siginfo: si_signo: 11 (SIGSEGV), si_code: 1 (SEGV_MAPERR), si_addr: 0x000007f8908d2248

Registers:
RAX=0x00007f890d350f30, RBX=0x0000000175b0e450, RCX=0x0000000123c34aa0, RDX=0x0000000123c34560
RSP=0x00007fff5a10b368, RBP=0x00007fff5a10b420, RSI=0x00007fff931d7cbe, RDI=0x00007f890d343920
R8 =0x0000000000000000, R9 =0x00000000000008b0, R10=0x00007fff931d7cbe, R11=0x000007f8908d2230
R12=0x0000000000000000, R13=0x0000000177990ef0, R14=0x0000000175b0e440, R15=0x00007f89098f5800
RIP=0x00007fff924db4dd, EFLAGS=0x0000000000010206, ERR=0x0000000000000004
  TRAPNO=0x000000000000000e

Top of Stack: (sp=0x00007fff5a10b368)
0x00007fff5a10b368:   0000000175b0c157 00007fff5a10b3c0
0x00007fff5a10b378:   0000000000000003 00007fff5a10b3a0
0x00007fff5a10b388:   00000001067ea8e6 0000000177990ef0
0x00007fff5a10b398:   0000000177990ef0 00007f890d350f30
0x00007fff5a10b3a8:   0000000175b0e6a0 0000000175b0e710
0x00007fff5a10b3b8:   00007fff7a775770 00007fff7d5f9500
0x00007fff5a10b3c8:   0000000175b0e450 0000000175b0e690
0x00007fff5a10b3d8:   00007f890d350f30 00007f890d343920
0x00007fff5a10b3e8:   00007f890d241fe0 00007f890d350f30
0x00007fff5a10b3f8:   00007f890d343920 00007fff5a10b4a8
0x00007fff5a10b408:   00007f89098f59f8 0000000177990ef0
0x00007fff5a10b418:   00007fff5a10b4d0 00007fff5a10b498
0x00007fff5a10b428:   0000000107e179d4 0000000177990ef0
0x00007fff5a10b438:   00007fff5a10b4d0 00007fff5a10b498
0x00007fff5a10b448:   0000000107e17767 0000000107e17722
0x00007fff5a10b458:   00007fff5a10b458 0000000177990ef0
0x00007fff5a10b468:   00007fff5a10b4d0 0000000177993b28
0x00007fff5a10b478:   0000000000000000 0000000177990ef0
0x00007fff5a10b488:   0000000000000000 00007fff5a10b4b8
0x00007fff5a10b498:   00007fff5a10b518 0000000107e082bd
0x00007fff5a10b4a8:   000000074001c930 0000000107e11538
0x00007fff5a10b4b8:   00007f890d350f30 00007fff5a10b518
0x00007fff5a10b4c8:   00007f890d343920 0000000107e12e02
0x00007fff5a10b4d8:   00007fff5a10b4d8 00000001779910ba
0x00007fff5a10b4e8:   00007fff5a10b540 0000000177993b28
0x00007fff5a10b4f8:   0000000000000000 00000001779910c8
0x00007fff5a10b508:   00007fff5a10b4b8 00007fff5a10b528
0x00007fff5a10b518:   00007fff5a10b588 0000000107e082bd
0x00007fff5a10b528:   00007f890d350f30 0000000740b882e0
0x00007fff5a10b538:   00007f890d343920 0000000740b882e0
0x00007fff5a10b548:   00007fff5a10b548 000000017e57a87e
0x00007fff5a10b558:   00007fff5a10b598 000000017e57a938 

Instructions: (pc=0x00007fff924db4dd)
0x00007fff924db4bd:   44 00 00 48 85 ff 2e 74 62 40 f6 c7 01 2e 75 66
0x00007fff924db4cd:   49 bb f8 ff ff ff ff 7f 00 00 4c 23 1f 49 89 f2
0x00007fff924db4dd:   45 23 53 18 49 c1 e2 04 4d 03 53 10 49 3b 32 75
0x00007fff924db4ed:   04 41 ff 62 08 49 83 3a 01 76 0d 49 83 c2 10 49 

Register to memory mapping:

RAX=0x00007f890d350f30 is an unknown value
RBX=0x0000000175b0e450: Java_jogamp_nativewindow_macosx_OSXUtil_GetScreenRefreshRate0+0x1cf0 in /private/var/folders/yd/w0h308490sjfy_hf_nbsv22h0000gn/T/jogamp_0000/file_cache/jln2691927719835719447/jln1258313989816178236/libnativewindow_macosx.jnilib at 0x0000000175b07000
RCX=0x0000000123c34aa0 is an unknown value
RDX=0x0000000123c34560 is an unknown value
RSP=0x00007fff5a10b368 is pointing into the stack for thread: 0x00007f89098f5800
RBP=0x00007fff5a10b420 is pointing into the stack for thread: 0x00007f89098f5800
RSI=0x00007fff931d7cbe is an unknown value
RDI=0x00007f890d343920 is an unknown value
R8 =0x0000000000000000 is an unknown value
R9 =0x00000000000008b0 is an unknown value
R10=0x00007fff931d7cbe is an unknown value
R11=0x000007f8908d2230 is an unknown value
R12=0x0000000000000000 is an unknown value
R13={method} {0x0000000177990ef0} 'UnsetJAWTRootSurfaceLayer0' '(JJ)V' in 'jogamp/nativewindow/jawt/macosx/MacOSXJAWTWindow'
R14=0x0000000175b0e440: Java_jogamp_nativewindow_macosx_OSXUtil_GetScreenRefreshRate0+0x1ce0 in /private/var/folders/yd/w0h308490sjfy_hf_nbsv22h0000gn/T/jogamp_0000/file_cache/jln2691927719835719447/jln1258313989816178236/libnativewindow_macosx.jnilib at 0x0000000175b07000
R15=0x00007f89098f5800 is a thread


Stack: [0x00007fff59910000,0x00007fff5a110000],  sp=0x00007fff5a10b368,  free space=8172k
Native frames: (J=compiled Java code, j=interpreted, Vv=VM code, C=native code)
C  [libobjc.A.dylib+0x14dd]  objc_msgSend+0x1d
j  jogamp.nativewindow.jawt.macosx.MacOSXJAWTWindow.UnsetJAWTRootSurfaceLayer0(JJ)V+0
j  jogamp.nativewindow.jawt.macosx.MacOSXJAWTWindow.access$200(JJ)V+2
j  jogamp.nativewindow.jawt.macosx.MacOSXJAWTWindow$1.run()V+38
J 2448 C1 com.jogamp.common.util.RunnableTask.run()V (345 bytes) @ 0x0000000108678014 [0x0000000108677e80+0x194]
v  ~StubRoutines::call_stub
V  [libjvm.dylib+0x2ecf06]  JavaCalls::call_helper(JavaValue*, methodHandle*, JavaCallArguments*, Thread*)+0x6ae
V  [libjvm.dylib+0x324111]  jni_invoke_nonstatic(JNIEnv_*, JavaValue*, _jobject*, JNICallType, _jmethodID*, JNI_ArgumentPusher*, Thread*)+0x2ec
V  [libjvm.dylib+0x3168df]  jni_CallVoidMethod+0x16b
C  [libnativewindow_macosx.jnilib+0x5326]  Java_jogamp_nativewindow_jawt_macosx_MacOSXJAWTWindow_UnsetJAWTRootSurfaceLayer0+0x2b6
C  [Foundation+0x76fde]  __NSThreadPerformPerform+0x117
C  [CoreFoundation+0xaa881]  __CFRUNLOOP_IS_CALLING_OUT_TO_A_SOURCE0_PERFORM_FUNCTION__+0x11
C  [CoreFoundation+0x89fbc]  __CFRunLoopDoSources0+0x22c
C  [CoreFoundation+0x894df]  __CFRunLoopRun+0x39f
C  [CoreFoundation+0x88ed8]  CFRunLoopRunSpecific+0x128
C  [HIToolbox+0x30935]  RunCurrentEventLoopInMode+0xeb
C  [HIToolbox+0x30677]  ReceiveNextEventCommon+0xb8
C  [HIToolbox+0x305af]  _BlockUntilNextEventMatchingListInModeWithFilter+0x47
C  [AppKit+0x48df6]  _DPSNextEvent+0x42b
C  [AppKit+0x48226]  -[NSApplication _nextEventMatchingEventMask:untilDate:inMode:dequeue:]+0x1c6
C  [libosxapp.dylib+0x23aa]  -[NSApplicationAWT nextEventMatchingMask:untilDate:inMode:dequeue:]+0x7c
C  [AppKit+0x3cd80]  -[NSApplication run]+0x2aa
C  [libosxapp.dylib+0x214d]  +[NSApplicationAWT runAWTLoopWithApp:]+0x9c
C  [libawt_lwawt.dylib+0x444b3]  -[AWTStarter starter:]+0x389
C  [Foundation+0x76fde]  __NSThreadPerformPerform+0x117
C  [CoreFoundation+0xaa881]  __CFRUNLOOP_IS_CALLING_OUT_TO_A_SOURCE0_PERFORM_FUNCTION__+0x11
C  [CoreFoundation+0x89fbc]  __CFRunLoopDoSources0+0x22c
C  [CoreFoundation+0x894df]  __CFRunLoopRun+0x39f
C  [CoreFoundation+0x88ed8]  CFRunLoopRunSpecific+0x128
C  [java+0x6465]  CreateExecutionEnvironment+0x367
C  [java+0x218c]  JLI_Launch+0x7a0
C  [java+0x84c2]  main+0x65
C  [java+0x19e4]  start+0x34
C  0x0000000000000007

Java frames: (J=compiled Java code, j=interpreted, Vv=VM code)
j  jogamp.nativewindow.jawt.macosx.MacOSXJAWTWindow.UnsetJAWTRootSurfaceLayer0(JJ)V+0
j  jogamp.nativewindow.jawt.macosx.MacOSXJAWTWindow.access$200(JJ)V+2
j  jogamp.nativewindow.jawt.macosx.MacOSXJAWTWindow$1.run()V+38
J 2448 C1 com.jogamp.common.util.RunnableTask.run()V (345 bytes) @ 0x0000000108678014 [0x0000000108677e80+0x194]
v  ~StubRoutines::call_stub

---------------  P R O C E S S  ---------------

Java Threads: ( => current thread )
  0x00007f8909976000 JavaThread "Thread-19" [_thread_blocked, id=37187, stack(0x00007000011d0000,0x00007000012d0000)]
  0x00007f8909b61800 JavaThread "AWT-EventQueue-1" [_thread_in_native, id=59451, stack(0x00007000018eb000,0x00007000019eb000)]
  0x00007f890a164000 JavaThread "DestroyJavaVM" [_thread_blocked, id=4099, stack(0x0000700000084000,0x0000700000184000)]
  0x00007f890a1b2000 JavaThread "AWT-EventQueue-0" [_thread_blocked, id=54291, stack(0x00007000016e5000,0x00007000017e5000)]
  0x00007f890a1b1000 JavaThread "Java2D Disposer" daemon [_thread_blocked, id=53255, stack(0x000070000145c000,0x000070000155c000)]
  0x00007f890a9cf000 JavaThread "Java2D Queue Flusher" daemon [_thread_blocked, id=50187, stack(0x0000700001359000,0x0000700001459000)]
  0x00007f890a92d000 JavaThread "AWT-Shutdown" [_thread_blocked, id=29203, stack(0x00007000010cd000,0x00007000011cd000)]
=>0x00007f89098f5800 JavaThread "AWT-AppKit" daemon [_thread_in_native, id=2571, stack(0x00007fff59910000,0x00007fff5a110000)]
  0x00007f890a811800 JavaThread "Service Thread" daemon [_thread_blocked, id=18691, stack(0x0000700000e44000,0x0000700000f44000)]
  0x00007f890980e800 JavaThread "C1 CompilerThread2" daemon [_thread_blocked, id=18179, stack(0x0000700000d41000,0x0000700000e41000)]
  0x00007f890980d800 JavaThread "C2 CompilerThread1" daemon [_thread_blocked, id=17667, stack(0x0000700000c3e000,0x0000700000d3e000)]
  0x00007f890980c000 JavaThread "C2 CompilerThread0" daemon [_thread_blocked, id=17155, stack(0x0000700000b3b000,0x0000700000c3b000)]
  0x00007f890980a800 JavaThread "Signal Dispatcher" daemon [_thread_blocked, id=12815, stack(0x0000700000a38000,0x0000700000b38000)]
  0x00007f890a009000 JavaThread "Finalizer" daemon [_thread_blocked, id=12291, stack(0x000070000082f000,0x000070000092f000)]
  0x00007f890a80e000 JavaThread "Reference Handler" daemon [_thread_blocked, id=11779, stack(0x000070000072c000,0x000070000082c000)]

Other Threads:
  0x00007f890a809800 VMThread [stack: 0x0000700000629000,0x0000700000729000] [id=11267]
  0x00007f890a00d000 WatcherThread [stack: 0x0000700000f47000,0x0000700001047000] [id=19203]

VM state:not at safepoint (normal execution)

VM Mutex/Monitor currently owned by a thread: None

Heap:
 PSYoungGen      total 41984K, used 21145K [0x0000000795580000, 0x0000000798d00000, 0x00000007c0000000)
  eden space 29184K, 71% used [0x0000000795580000,0x00000007969ee558,0x0000000797200000)
  from space 12800K, 1% used [0x0000000798080000,0x00000007980b8010,0x0000000798d00000)
  to   space 13824K, 0% used [0x0000000797200000,0x0000000797200000,0x0000000797f80000)
 ParOldGen       total 57856K, used 16169K [0x0000000740000000, 0x0000000743880000, 0x0000000795580000)
  object space 57856K, 27% used [0x0000000740000000,0x0000000740fca698,0x0000000743880000)
 Metaspace       used 21245K, capacity 21399K, committed 21552K, reserved 1069056K
  class space    used 2051K, capacity 2112K, committed 2176K, reserved 1048576K

Card table byte_map: [0x00000001171c0000,0x00000001175c1000] byte_map_base: 0x00000001137c0000

Marking Bits: (ParMarkBitMap*) 0x0000000106ee5d20
 Begin Bits: [0x000000011786c000, 0x000000011986c000)
 End Bits:   [0x000000011986c000, 0x000000011b86c000)

Polling page: 0x00000001075dc000

CodeCache: size=245760Kb used=10871Kb max_used=10896Kb free=234888Kb
 bounds [0x0000000107e00000, 0x00000001088c0000, 0x0000000116e00000]
 total_blobs=3862 nmethods=2972 adapters=803
 compilation: enabled

Compilation events (10 events):
Event: 30.896 Thread 0x00007f890980e800 nmethod 3000 0x00000001088a73d0 code [0x00000001088a7520, 0x00000001088a7630]
Event: 30.924 Thread 0x00007f890980e800 3001       3       java.util.HashSet::<init> (16 bytes)
Event: 30.925 Thread 0x00007f890980e800 nmethod 3001 0x000000010888a050 code [0x000000010888a1e0, 0x000000010888a5f0]
Event: 30.925 Thread 0x00007f890980e800 3002       1       sun.java2d.SurfaceData::isValid (5 bytes)
Event: 30.925 Thread 0x00007f890980e800 nmethod 3002 0x00000001088a7110 code [0x00000001088a7260, 0x00000001088a7370]
Event: 30.932 Thread 0x00007f890980e800 3003       3       sun.net.www.protocol.jar.Handler::parseContextSpec (154 bytes)
Event: 30.933 Thread 0x00007f890980d800 3005  s    4       sun.misc.URLClassPath::getNextLoader (88 bytes)
Event: 30.934 Thread 0x00007f890980e800 nmethod 3003 0x00000001088aa650 code [0x00000001088aaa40, 0x00000001088ad128]
Event: 30.934 Thread 0x00007f890980e800 3004       3       sun.net.www.ParseUtil::canonizeString (195 bytes)
Event: 30.937 Thread 0x00007f890980e800 nmethod 3004 0x00000001088ae310 code [0x00000001088ae6e0, 0x00000001088b0b28]

GC Heap History (10 events):
Event: 19.393 GC heap before
{Heap before GC invocations=9 (full 1):
 PSYoungGen      total 46592K, used 31840K [0x0000000795580000, 0x0000000799280000, 0x00000007c0000000)
  eden space 31744K, 100% used [0x0000000795580000,0x0000000797480000,0x0000000797480000)
  from space 14848K, 0% used [0x0000000797500000,0x0000000797518000,0x0000000798380000)
  to   space 15360K, 0% used [0x0000000798380000,0x0000000798380000,0x0000000799280000)
 ParOldGen       total 57856K, used 16145K [0x0000000740000000, 0x0000000743880000, 0x0000000795580000)
  object space 57856K, 27% used [0x0000000740000000,0x0000000740fc4698,0x0000000743880000)
 Metaspace       used 21123K, capacity 21335K, committed 21552K, reserved 1069056K
  class space    used 2043K, capacity 2112K, committed 2176K, reserved 1048576K
Event: 19.394 GC heap after
Heap after GC invocations=9 (full 1):
 PSYoungGen      total 46080K, used 128K [0x0000000795580000, 0x0000000799200000, 0x00000007c0000000)
  eden space 31232K, 0% used [0x0000000795580000,0x0000000795580000,0x0000000797400000)
  from space 14848K, 0% used [0x0000000798380000,0x00000007983a0000,0x0000000799200000)
  to   space 15360K, 0% used [0x0000000797400000,0x0000000797400000,0x0000000798300000)
 ParOldGen       total 57856K, used 16153K [0x0000000740000000, 0x0000000743880000, 0x0000000795580000)
  object space 57856K, 27% used [0x0000000740000000,0x0000000740fc6698,0x0000000743880000)
 Metaspace       used 21123K, capacity 21335K, committed 21552K, reserved 1069056K
  class space    used 2043K, capacity 2112K, committed 2176K, reserved 1048576K
}
Event: 21.994 GC heap before
{Heap before GC invocations=10 (full 1):
 PSYoungGen      total 46080K, used 31360K [0x0000000795580000, 0x0000000799200000, 0x00000007c0000000)
  eden space 31232K, 100% used [0x0000000795580000,0x0000000797400000,0x0000000797400000)
  from space 14848K, 0% used [0x0000000798380000,0x00000007983a0000,0x0000000799200000)
  to   space 15360K, 0% used [0x0000000797400000,0x0000000797400000,0x0000000798300000)
 ParOldGen       total 57856K, used 16153K [0x0000000740000000, 0x0000000743880000, 0x0000000795580000)
  object space 57856K, 27% used [0x0000000740000000,0x0000000740fc6698,0x0000000743880000)
 Metaspace       used 21163K, capacity 21399K, committed 21552K, reserved 1069056K
  class space    used 2043K, capacity 2112K, committed 2176K, reserved 1048576K
Event: 21.995 GC heap after
Heap after GC invocations=10 (full 1):
 PSYoungGen      total 31232K, used 160K [0x0000000795580000, 0x0000000799080000, 0x00000007c0000000)
  eden space 30720K, 0% used [0x0000000795580000,0x0000000795580000,0x0000000797380000)
  from space 512K, 31% used [0x0000000797400000,0x0000000797428000,0x0000000797480000)
  to   space 14848K, 0% used [0x0000000798200000,0x0000000798200000,0x0000000799080000)
 ParOldGen       total 57856K, used 16161K [0x0000000740000000, 0x0000000743880000, 0x0000000795580000)
  object space 57856K, 27% used [0x0000000740000000,0x0000000740fc8698,0x0000000743880000)
 Metaspace       used 21163K, capacity 21399K, committed 21552K, reserved 1069056K
  class space    used 2043K, capacity 2112K, committed 2176K, reserved 1048576K
}
Event: 24.335 GC heap before
{Heap before GC invocations=11 (full 1):
 PSYoungGen      total 31232K, used 30880K [0x0000000795580000, 0x0000000799080000, 0x00000007c0000000)
  eden space 30720K, 100% used [0x0000000795580000,0x0000000797380000,0x0000000797380000)
  from space 512K, 31% used [0x0000000797400000,0x0000000797428000,0x0000000797480000)
  to   space 14848K, 0% used [0x0000000798200000,0x0000000798200000,0x0000000799080000)
 ParOldGen       total 57856K, used 16161K [0x0000000740000000, 0x0000000743880000, 0x0000000795580000)
  object space 57856K, 27% used [0x0000000740000000,0x0000000740fc8698,0x0000000743880000)
 Metaspace       used 21203K, capacity 21399K, committed 21552K, reserved 1069056K
  class space    used 2043K, capacity 2112K, committed 2176K, reserved 1048576K
Event: 24.337 GC heap after
Heap after GC invocations=11 (full 1):
 PSYoungGen      total 44544K, used 192K [0x0000000795580000, 0x0000000799000000, 0x00000007c0000000)
  eden space 30208K, 0% used [0x0000000795580000,0x0000000795580000,0x0000000797300000)
  from space 14336K, 1% used [0x0000000798200000,0x0000000798230000,0x0000000799000000)
  to   space 14848K, 0% used [0x0000000797300000,0x0000000797300000,0x0000000798180000)
 ParOldGen       total 57856K, used 16169K [0x0000000740000000, 0x0000000743880000, 0x0000000795580000)
  object space 57856K, 27% used [0x0000000740000000,0x0000000740fca698,0x0000000743880000)
 Metaspace       used 21203K, capacity 21399K, committed 21552K, reserved 1069056K
  class space    used 2043K, capacity 2112K, committed 2176K, reserved 1048576K
}
Event: 26.810 GC heap before
{Heap before GC invocations=12 (full 1):
 PSYoungGen      total 44544K, used 30400K [0x0000000795580000, 0x0000000799000000, 0x00000007c0000000)
  eden space 30208K, 100% used [0x0000000795580000,0x0000000797300000,0x0000000797300000)
  from space 14336K, 1% used [0x0000000798200000,0x0000000798230000,0x0000000799000000)
  to   space 14848K, 0% used [0x0000000797300000,0x0000000797300000,0x0000000798180000)
 ParOldGen       total 57856K, used 16169K [0x0000000740000000, 0x0000000743880000, 0x0000000795580000)
  object space 57856K, 27% used [0x0000000740000000,0x0000000740fca698,0x0000000743880000)
 Metaspace       used 21208K, capacity 21399K, committed 21552K, reserved 1069056K
  class space    used 2043K, capacity 2112K, committed 2176K, reserved 1048576K
Event: 26.811 GC heap after
Heap after GC invocations=12 (full 1):
 PSYoungGen      total 30208K, used 192K [0x0000000795580000, 0x0000000798e80000, 0x00000007c0000000)
  eden space 29696K, 0% used [0x0000000795580000,0x0000000795580000,0x0000000797280000)
  from space 512K, 37% used [0x0000000797300000,0x0000000797330000,0x0000000797380000)
  to   space 14336K, 0% used [0x0000000798080000,0x0000000798080000,0x0000000798e80000)
 ParOldGen       total 57856K, used 16169K [0x0000000740000000, 0x0000000743880000, 0x0000000795580000)
  object space 57856K, 27% used [0x0000000740000000,0x0000000740fca698,0x0000000743880000)
 Metaspace       used 21208K, capacity 21399K, committed 21552K, reserved 1069056K
  class space    used 2043K, capacity 2112K, committed 2176K, reserved 1048576K
}
Event: 29.146 GC heap before
{Heap before GC invocations=13 (full 1):
 PSYoungGen      total 30208K, used 29888K [0x0000000795580000, 0x0000000798e80000, 0x00000007c0000000)
  eden space 29696K, 100% used [0x0000000795580000,0x0000000797280000,0x0000000797280000)
  from space 512K, 37% used [0x0000000797300000,0x0000000797330000,0x0000000797380000)
  to   space 14336K, 0% used [0x0000000798080000,0x0000000798080000,0x0000000798e80000)
 ParOldGen       total 57856K, used 16169K [0x0000000740000000, 0x0000000743880000, 0x0000000795580000)
  object space 57856K, 27% used [0x0000000740000000,0x0000000740fca698,0x0000000743880000)
 Metaspace       used 21209K, capacity 21399K, committed 21552K, reserved 1069056K
  class space    used 2043K, capacity 2112K, committed 2176K, reserved 1048576K
Event: 29.147 GC heap after
Heap after GC invocations=13 (full 1):
 PSYoungGen      total 41984K, used 224K [0x0000000795580000, 0x0000000798d00000, 0x00000007c0000000)
  eden space 29184K, 0% used [0x0000000795580000,0x0000000795580000,0x0000000797200000)
  from space 12800K, 1% used [0x0000000798080000,0x00000007980b8010,0x0000000798d00000)
  to   space 13824K, 0% used [0x0000000797200000,0x0000000797200000,0x0000000797f80000)
 ParOldGen       total 57856K, used 16169K [0x0000000740000000, 0x0000000743880000, 0x0000000795580000)
  object space 57856K, 27% used [0x0000000740000000,0x0000000740fca698,0x0000000743880000)
 Metaspace       used 21209K, capacity 21399K, committed 21552K, reserved 1069056K
  class space    used 2043K, capacity 2112K, committed 2176K, reserved 1048576K
}

Deoptimization events (10 events):
Event: 13.860 Thread 0x00007f8909b61800 Uncommon trap: reason=bimorphic action=maybe_recompile pc=0x000000010878a4a8 method=module5.CommonMarker.draw(Lprocessing/core/PGraphics;FF)V @ 25
Event: 13.877 Thread 0x00007f8909b61800 Uncommon trap: reason=bimorphic action=maybe_recompile pc=0x000000010878a4a8 method=module5.CommonMarker.draw(Lprocessing/core/PGraphics;FF)V @ 25
Event: 14.177 Thread 0x00007f8909b61800 Uncommon trap: reason=bimorphic action=maybe_recompile pc=0x000000010878a4a8 method=module5.CommonMarker.draw(Lprocessing/core/PGraphics;FF)V @ 25
Event: 14.377 Thread 0x00007f8909b61800 Uncommon trap: reason=bimorphic action=maybe_recompile pc=0x000000010878a4a8 method=module5.CommonMarker.draw(Lprocessing/core/PGraphics;FF)V @ 25
Event: 30.892 Thread 0x00007f8909b61800 Uncommon trap: reason=class_check action=maybe_recompile pc=0x0000000108898020 method=java.awt.EventQueue.coalesceEvent(Ljava/awt/AWTEvent;I)Z @ 32
Event: 30.894 Thread 0x00007f890a1b2000 Uncommon trap: reason=unstable_if action=reinterpret pc=0x0000000108897a6c method=java.awt.EventQueue.getPriority(Ljava/awt/AWTEvent;)I @ 71
Event: 30.894 Thread 0x00007f8909b61800 Uncommon trap: reason=unstable_if action=reinterpret pc=0x000000010860a7e8 method=com.jogamp.common.util.VersionNumber.compareTo(Lcom/jogamp/common/util/VersionNumber;)I @ 21
Event: 30.895 Thread 0x00007f890a1b2000 Uncommon trap: reason=unstable_if action=reinterpret pc=0x000000010858718c method=java.awt.Font.equals(Ljava/lang/Object;)Z @ 2
Event: 30.924 Thread 0x00007f8909927800 Uncommon trap: reason=unstable_if action=reinterpret pc=0x000000010841fec8 method=java.util.HashMap.putVal(ILjava/lang/Object;Ljava/lang/Object;ZZ)Ljava/lang/Object; @ 81
Event: 30.934 Thread 0x00007f8909b61800 Uncommon trap: reason=unstable_if action=reinterpret pc=0x0000000108784d08 method=java.security.AccessControlContext.optimize()Ljava/security/AccessControlContext; @ 233

Internal exceptions (10 events):
Event: 0.147 Thread 0x00007f890900b800 Exception <a 'java/lang/NoSuchFieldError': method resolution failed> (0x0000000795785f98) thrown at [/HUDSON3/workspace/8-2-build-macosx-x86_64/jdk8u101/7261/hotspot/src/share/vm/prims/methodHandles.cpp, line 1146]
Event: 0.149 Thread 0x00007f890900b800 Exception <a 'java/lang/NoSuchFieldError': method resolution failed> (0x0000000795793768) thrown at [/HUDSON3/workspace/8-2-build-macosx-x86_64/jdk8u101/7261/hotspot/src/share/vm/prims/methodHandles.cpp, line 1146]
Event: 0.294 Thread 0x00007f890900b800 Exception <a 'java/io/FileNotFoundException'> (0x000000079580ed30) thrown at [/HUDSON3/workspace/8-2-build-macosx-x86_64/jdk8u101/7261/hotspot/src/share/vm/prims/jni.cpp, line 709]
Event: 0.295 Thread 0x00007f890900b800 Exception <a 'java/io/FileNotFoundException'> (0x000000079580f8b8) thrown at [/HUDSON3/workspace/8-2-build-macosx-x86_64/jdk8u101/7261/hotspot/src/share/vm/prims/jni.cpp, line 709]
Event: 0.388 Thread 0x00007f890900b800 Exception <a 'java/io/FileNotFoundException'> (0x000000079594b2a0) thrown at [/HUDSON3/workspace/8-2-build-macosx-x86_64/jdk8u101/7261/hotspot/src/share/vm/prims/jni.cpp, line 709]
Event: 1.528 Thread 0x00007f8909b76000 Exception <a 'java/lang/UnsatisfiedLinkError': com.jogamp.common.util.JarUtil.fixNativeLibAttribs(Ljava/lang/String;)Z> (0x0000000796a7c290) thrown at [/HUDSON3/workspace/8-2-build-macosx-x86_64/jdk8u101/7261/hotspot/src/share/vm/prims/nativeLookup.cpp, l
Event: 1.830 Thread 0x00007f890a009000 Exception <a 'java/lang/NullPointerException'> (0x00000007956a91a0) thrown at [/HUDSON3/workspace/8-2-build-macosx-x86_64/jdk8u101/7261/hotspot/src/share/vm/interpreter/linkResolver.cpp, line 1178]
Event: 2.316 Thread 0x00007f8909b61800 Exception <a 'java/io/FileNotFoundException'> (0x0000000795e58cf0) thrown at [/HUDSON3/workspace/8-2-build-macosx-x86_64/jdk8u101/7261/hotspot/src/share/vm/prims/jni.cpp, line 709]
Event: 2.317 Thread 0x00007f8909b61800 Exception <a 'java/io/FileNotFoundException'> (0x0000000795e5f088) thrown at [/HUDSON3/workspace/8-2-build-macosx-x86_64/jdk8u101/7261/hotspot/src/share/vm/prims/jni.cpp, line 709]
Event: 2.317 Thread 0x00007f8909b61800 Implicit null exception at 0x0000000107f9bbf3 to 0x0000000107f9bfc9

Events (10 events):
Event: 30.937 Thread 0x00007f890980e800 flushing nmethod 0x0000000107f0ba50
Event: 30.937 Thread 0x00007f890980e800 flushing nmethod 0x0000000107f0c250
Event: 30.937 Thread 0x00007f890980e800 flushing nmethod 0x0000000107f0ead0
Event: 30.937 Thread 0x00007f890980e800 flushing nmethod 0x0000000107f0ee50
Event: 30.937 Thread 0x00007f890980e800 flushing nmethod 0x0000000107f10e10
Event: 30.937 Thread 0x00007f890980e800 flushing nmethod 0x0000000107f11bd0
Event: 30.937 Thread 0x00007f890980e800 flushing nmethod 0x0000000107f146d0
Event: 30.937 Thread 0x00007f890980e800 flushing nmethod 0x0000000107f1ee50
Event: 30.937 Thread 0x00007f890980e800 flushing nmethod 0x0000000107f30010
Event: 30.937 Thread 0x00007f890980e800 flushing nmethod 0x0000000107f38210


Dynamic libraries:
0x000000000a325000 	/System/Library/Frameworks/Cocoa.framework/Versions/A/Cocoa
0x0000000105b0a000 	/System/Library/Frameworks/Security.framework/Versions/A/Security
0x000000000a325000 	/System/Library/Frameworks/ApplicationServices.framework/Versions/A/ApplicationServices
0x000000000a325000 	/usr/lib/libz.1.dylib
0x000000000a325000 	/usr/lib/libSystem.B.dylib
0x000000000a325000 	/usr/lib/libobjc.A.dylib
0x000000000a325000 	/System/Library/Frameworks/CoreFoundation.framework/Versions/A/CoreFoundation
0x000000000a325000 	/System/Library/Frameworks/Foundation.framework/Versions/C/Foundation
0x000000000a325000 	/System/Library/Frameworks/AppKit.framework/Versions/C/AppKit
0x000000000a325000 	/System/Library/Frameworks/CoreData.framework/Versions/A/CoreData
0x000000000a325000 	/System/Library/PrivateFrameworks/RemoteViewServices.framework/Versions/A/RemoteViewServices
0x000000000a325000 	/System/Library/PrivateFrameworks/UIFoundation.framework/Versions/A/UIFoundation
0x000000000a325000 	/usr/lib/libScreenReader.dylib
0x000000000a325000 	/System/Library/Frameworks/Accelerate.framework/Versions/A/Accelerate
0x000000000a325000 	/System/Library/Frameworks/IOSurface.framework/Versions/A/IOSurface
0x000000000a325000 	/System/Library/Frameworks/AudioToolbox.framework/Versions/A/AudioToolbox
0x000000000a325000 	/System/Library/Frameworks/AudioUnit.framework/Versions/A/AudioUnit
0x000000000a325000 	/System/Library/PrivateFrameworks/DataDetectorsCore.framework/Versions/A/DataDetectorsCore
0x000000000a325000 	/System/Library/PrivateFrameworks/DesktopServicesPriv.framework/Versions/A/DesktopServicesPriv
0x000000000a325000 	/System/Library/Frameworks/Carbon.framework/Versions/A/Frameworks/HIToolbox.framework/Versions/A/HIToolbox
0x000000000a325000 	/System/Library/Frameworks/QuartzCore.framework/Versions/A/QuartzCore
0x000000000a325000 	/System/Library/Frameworks/Carbon.framework/Versions/A/Frameworks/SpeechRecognition.framework/Versions/A/SpeechRecognition
0x000000000a325000 	/usr/lib/libauto.dylib
0x000000000a325000 	/usr/lib/libicucore.A.dylib
0x000000000a325000 	/usr/lib/libxml2.2.dylib
0x000000000a325000 	/System/Library/PrivateFrameworks/CoreUI.framework/Versions/A/CoreUI
0x000000000a325000 	/System/Library/Frameworks/CoreAudio.framework/Versions/A/CoreAudio
0x000000000a325000 	/System/Library/Frameworks/DiskArbitration.framework/Versions/A/DiskArbitration
0x000000000a325000 	/usr/lib/liblangid.dylib
0x000000000a325000 	/System/Library/PrivateFrameworks/MultitouchSupport.framework/Versions/A/MultitouchSupport
0x000000000a325000 	/System/Library/Frameworks/IOKit.framework/Versions/A/IOKit
0x000000000a325000 	/usr/lib/libDiagnosticMessagesClient.dylib
0x000000000a325000 	/System/Library/Frameworks/CoreServices.framework/Versions/A/CoreServices
0x000000000a325000 	/System/Library/PrivateFrameworks/PerformanceAnalysis.framework/Versions/A/PerformanceAnalysis
0x000000000a325000 	/System/Library/PrivateFrameworks/GenerationalStorage.framework/Versions/A/GenerationalStorage
0x000000000a325000 	/System/Library/Frameworks/OpenGL.framework/Versions/A/OpenGL
0x000000000a325000 	/System/Library/PrivateFrameworks/Sharing.framework/Versions/A/Sharing
0x000000000a325000 	/System/Library/Frameworks/CoreGraphics.framework/Versions/A/CoreGraphics
0x000000000a325000 	/System/Library/Frameworks/CoreImage.framework/Versions/A/CoreImage
0x000000000a325000 	/System/Library/Frameworks/CoreText.framework/Versions/A/CoreText
0x000000000a325000 	/System/Library/Frameworks/ImageIO.framework/Versions/A/ImageIO
0x000000000a325000 	/System/Library/PrivateFrameworks/Backup.framework/Versions/A/Backup
0x000000000a325000 	/usr/lib/libextension.dylib
0x000000000a325000 	/usr/lib/libarchive.2.dylib
0x0000000105f26000 	/System/Library/Frameworks/CFNetwork.framework/Versions/A/CFNetwork
0x000000000a325000 	/System/Library/Frameworks/SystemConfiguration.framework/Versions/A/SystemConfiguration
0x000000000a325000 	/usr/lib/libCRFSuite.dylib
0x000000000a325000 	/usr/lib/libc++.1.dylib
0x000000000a325000 	/usr/lib/libc++abi.dylib
0x000000000a325000 	/usr/lib/system/libcache.dylib
0x000000000a325000 	/usr/lib/system/libcommonCrypto.dylib
0x000000000a325000 	/usr/lib/system/libcompiler_rt.dylib
0x000000000a325000 	/usr/lib/system/libcopyfile.dylib
0x000000000a325000 	/usr/lib/system/libcorecrypto.dylib
0x000000000a325000 	/usr/lib/system/libdispatch.dylib
0x000000000a325000 	/usr/lib/system/libdyld.dylib
0x000000000a325000 	/usr/lib/system/libkeymgr.dylib
0x000000000a325000 	/usr/lib/system/liblaunch.dylib
0x000000000a325000 	/usr/lib/system/libmacho.dylib
0x000000000a325000 	/usr/lib/system/libquarantine.dylib
0x000000000a325000 	/usr/lib/system/libremovefile.dylib
0x000000000a325000 	/usr/lib/system/libsystem_asl.dylib
0x000000000a325000 	/usr/lib/system/libsystem_blocks.dylib
0x000000000a325000 	/usr/lib/system/libsystem_c.dylib
0x000000000a325000 	/usr/lib/system/libsystem_configuration.dylib
0x000000000a325000 	/usr/lib/system/libsystem_coreservices.dylib
0x000000000a325000 	/usr/lib/system/libsystem_coretls.dylib
0x000000000a325000 	/usr/lib/system/libsystem_dnssd.dylib
0x000000000a325000 	/usr/lib/system/libsystem_info.dylib
0x000000000a325000 	/usr/lib/system/libsystem_kernel.dylib
0x000000000a325000 	/usr/lib/system/libsystem_m.dylib
0x000000000a325000 	/usr/lib/system/libsystem_malloc.dylib
0x000000000a325000 	/usr/lib/system/libsystem_network.dylib
0x000000000a325000 	/usr/lib/system/libsystem_networkextension.dylib
0x000000000a325000 	/usr/lib/system/libsystem_notify.dylib
0x000000000a325000 	/usr/lib/system/libsystem_platform.dylib
0x000000000a325000 	/usr/lib/system/libsystem_pthread.dylib
0x000000000a325000 	/usr/lib/system/libsystem_sandbox.dylib
0x000000000a325000 	/usr/lib/system/libsystem_secinit.dylib
0x000000000a325000 	/usr/lib/system/libsystem_trace.dylib
0x000000000a325000 	/usr/lib/system/libunc.dylib
0x000000000a325000 	/usr/lib/system/libunwind.dylib
0x000000000a325000 	/usr/lib/system/libxpc.dylib
0x000000000a325000 	/usr/lib/libenergytrace.dylib
0x000000000a325000 	/usr/lib/libbsm.0.dylib
0x000000000a325000 	/usr/lib/system/libkxld.dylib
0x000000000a325000 	/usr/lib/libxar.1.dylib
0x000000000a325000 	/usr/lib/libsqlite3.dylib
0x000000000a325000 	/usr/lib/libpam.2.dylib
0x000000000a325000 	/usr/lib/libOpenScriptingUtil.dylib
0x000000000a325000 	/usr/lib/libbz2.1.0.dylib
0x000000000a325000 	/usr/lib/liblzma.5.dylib
0x000000000a325000 	/System/Library/Frameworks/CoreServices.framework/Versions/A/Frameworks/FSEvents.framework/Versions/A/FSEvents
0x000000000a325000 	/System/Library/Frameworks/CoreServices.framework/Versions/A/Frameworks/CarbonCore.framework/Versions/A/CarbonCore
0x000000000a325000 	/System/Library/Frameworks/CoreServices.framework/Versions/A/Frameworks/Metadata.framework/Versions/A/Metadata
0x000000000a325000 	/System/Library/Frameworks/CoreServices.framework/Versions/A/Frameworks/OSServices.framework/Versions/A/OSServices
0x000000000a325000 	/System/Library/Frameworks/CoreServices.framework/Versions/A/Frameworks/SearchKit.framework/Versions/A/SearchKit
0x000000000a325000 	/System/Library/Frameworks/CoreServices.framework/Versions/A/Frameworks/AE.framework/Versions/A/AE
0x000000000a325000 	/System/Library/Frameworks/CoreServices.framework/Versions/A/Frameworks/LaunchServices.framework/Versions/A/LaunchServices
0x000000000a325000 	/System/Library/Frameworks/CoreServices.framework/Versions/A/Frameworks/DictionaryServices.framework/Versions/A/DictionaryServices
0x000000000a325000 	/System/Library/Frameworks/CoreServices.framework/Versions/A/Frameworks/SharedFileList.framework/Versions/A/SharedFileList
0x000000000a325000 	/System/Library/Frameworks/NetFS.framework/Versions/A/NetFS
0x000000000a325000 	/System/Library/PrivateFrameworks/NetAuth.framework/Versions/A/NetAuth
0x000000000a325000 	/System/Library/PrivateFrameworks/login.framework/Versions/A/Frameworks/loginsupport.framework/Versions/A/loginsupport
0x000000000a325000 	/System/Library/PrivateFrameworks/TCC.framework/Versions/A/TCC
0x000000000a325000 	/usr/lib/libmecabra.dylib
0x000000000a325000 	/System/Library/Frameworks/ApplicationServices.framework/Versions/A/Frameworks/ATS.framework/Versions/A/ATS
0x000000000a325000 	/System/Library/Frameworks/ApplicationServices.framework/Versions/A/Frameworks/ColorSync.framework/Versions/A/ColorSync
0x000000000a325000 	/System/Library/Frameworks/ApplicationServices.framework/Versions/A/Frameworks/HIServices.framework/Versions/A/HIServices
0x000000000a325000 	/System/Library/Frameworks/ApplicationServices.framework/Versions/A/Frameworks/LangAnalysis.framework/Versions/A/LangAnalysis
0x000000000a325000 	/System/Library/Frameworks/ApplicationServices.framework/Versions/A/Frameworks/PrintCore.framework/Versions/A/PrintCore
0x000000000a325000 	/System/Library/Frameworks/ApplicationServices.framework/Versions/A/Frameworks/QD.framework/Versions/A/QD
0x000000000a325000 	/System/Library/Frameworks/ApplicationServices.framework/Versions/A/Frameworks/SpeechSynthesis.framework/Versions/A/SpeechSynthesis
0x000000000a325000 	/System/Library/Frameworks/Metal.framework/Versions/A/Metal
0x000000000a325000 	/System/Library/Frameworks/Accelerate.framework/Versions/A/Frameworks/vImage.framework/Versions/A/vImage
0x000000000a325000 	/System/Library/Frameworks/Accelerate.framework/Versions/A/Frameworks/vecLib.framework/Versions/A/vecLib
0x000000000a325000 	/System/Library/Frameworks/Accelerate.framework/Versions/A/Frameworks/vecLib.framework/Versions/A/libvDSP.dylib
0x000000000a325000 	/System/Library/Frameworks/Accelerate.framework/Versions/A/Frameworks/vecLib.framework/Versions/A/libvMisc.dylib
0x000000000a325000 	/System/Library/Frameworks/Accelerate.framework/Versions/A/Frameworks/vecLib.framework/Versions/A/libLAPACK.dylib
0x000000000a325000 	/System/Library/Frameworks/Accelerate.framework/Versions/A/Frameworks/vecLib.framework/Versions/A/libBLAS.dylib
0x000000000a325000 	/System/Library/Frameworks/Accelerate.framework/Versions/A/Frameworks/vecLib.framework/Versions/A/libLinearAlgebra.dylib
0x000000000a325000 	/System/Library/Frameworks/Accelerate.framework/Versions/A/Frameworks/vecLib.framework/Versions/A/libSparseBLAS.dylib
0x000000000a325000 	/System/Library/PrivateFrameworks/GPUCompiler.framework/libmetal_timestamp.dylib
0x000000000a325000 	/System/Library/Frameworks/OpenGL.framework/Versions/A/Libraries/libCoreFSCache.dylib
0x000000000a325000 	/System/Library/PrivateFrameworks/IOAccelerator.framework/Versions/A/IOAccelerator
0x000000000a325000 	/System/Library/Frameworks/ApplicationServices.framework/Versions/A/Frameworks/ATS.framework/Versions/A/Resources/libFontParser.dylib
0x000000000a325000 	/System/Library/Frameworks/ApplicationServices.framework/Versions/A/Frameworks/ATS.framework/Versions/A/Resources/libFontRegistry.dylib
0x000000000a325000 	/System/Library/PrivateFrameworks/AppleVPA.framework/Versions/A/AppleVPA
0x000000000a325000 	/System/Library/PrivateFrameworks/AppleJPEG.framework/Versions/A/AppleJPEG
0x000000000a325000 	/System/Library/Frameworks/ImageIO.framework/Versions/A/Resources/libJPEG.dylib
0x000000000a325000 	/System/Library/Frameworks/ImageIO.framework/Versions/A/Resources/libTIFF.dylib
0x000000000a325000 	/System/Library/Frameworks/ImageIO.framework/Versions/A/Resources/libPng.dylib
0x000000000a325000 	/System/Library/Frameworks/ImageIO.framework/Versions/A/Resources/libGIF.dylib
0x000000000a325000 	/System/Library/Frameworks/ImageIO.framework/Versions/A/Resources/libJP2.dylib
0x000000000a325000 	/System/Library/Frameworks/ImageIO.framework/Versions/A/Resources/libRadiance.dylib
0x000000000a325000 	/System/Library/Frameworks/CoreVideo.framework/Versions/A/CoreVideo
0x000000000a325000 	/System/Library/Frameworks/OpenGL.framework/Versions/A/Libraries/libGLU.dylib
0x000000000a325000 	/System/Library/Frameworks/OpenGL.framework/Versions/A/Libraries/libGFXShared.dylib
0x000000000a325000 	/System/Library/Frameworks/OpenGL.framework/Versions/A/Libraries/libGL.dylib
0x000000000a325000 	/System/Library/Frameworks/OpenGL.framework/Versions/A/Libraries/libGLImage.dylib
0x000000000a325000 	/System/Library/Frameworks/OpenGL.framework/Versions/A/Libraries/libCVMSPluginSupport.dylib
0x000000000a325000 	/System/Library/Frameworks/OpenGL.framework/Versions/A/Libraries/libCoreVMClient.dylib
0x000000000a325000 	/usr/lib/libcompression.dylib
0x000000000a325000 	/usr/lib/libcups.2.dylib
0x000000000a325000 	/System/Library/Frameworks/Kerberos.framework/Versions/A/Kerberos
0x000000000a325000 	/System/Library/Frameworks/GSS.framework/Versions/A/GSS
0x000000000a325000 	/usr/lib/libresolv.9.dylib
0x000000000a325000 	/usr/lib/libiconv.2.dylib
0x000000000a325000 	/System/Library/PrivateFrameworks/Heimdal.framework/Versions/A/Heimdal
0x000000000a325000 	/usr/lib/libheimdal-asn1.dylib
0x000000000a325000 	/System/Library/Frameworks/OpenDirectory.framework/Versions/A/OpenDirectory
0x000000000a325000 	/System/Library/PrivateFrameworks/CommonAuth.framework/Versions/A/CommonAuth
0x000000000a325000 	/System/Library/Frameworks/OpenDirectory.framework/Versions/A/Frameworks/CFOpenDirectory.framework/Versions/A/CFOpenDirectory
0x000000000a325000 	/System/Library/Frameworks/SecurityFoundation.framework/Versions/A/SecurityFoundation
0x000000000a325000 	/System/Library/PrivateFrameworks/LanguageModeling.framework/Versions/A/LanguageModeling
0x000000000a325000 	/usr/lib/libmarisa.dylib
0x000000000a325000 	/usr/lib/libChineseTokenizer.dylib
0x000000000a325000 	/usr/lib/libcmph.dylib
0x000000000a325000 	/System/Library/Frameworks/ServiceManagement.framework/Versions/A/ServiceManagement
0x000000000a325000 	/usr/lib/libxslt.1.dylib
0x000000000a325000 	/System/Library/Frameworks/Carbon.framework/Versions/A/Frameworks/Ink.framework/Versions/A/Ink
0x000000000a325000 	/usr/lib/libFosl_dynamic.dylib
0x000000000a325000 	/System/Library/PrivateFrameworks/FaceCore.framework/Versions/A/FaceCore
0x000000000a325000 	/System/Library/Frameworks/OpenCL.framework/Versions/A/OpenCL
0x000000000a325000 	/System/Library/PrivateFrameworks/CrashReporterSupport.framework/Versions/A/CrashReporterSupport
0x000000000a325000 	/System/Library/PrivateFrameworks/IconServices.framework/Versions/A/IconServices
0x000000000a325000 	/System/Library/PrivateFrameworks/Apple80211.framework/Versions/A/Apple80211
0x000000000a325000 	/System/Library/Frameworks/CoreWLAN.framework/Versions/A/CoreWLAN
0x000000000a325000 	/System/Library/Frameworks/IOBluetooth.framework/Versions/A/IOBluetooth
0x000000000a325000 	/System/Library/PrivateFrameworks/CoreWiFi.framework/Versions/A/CoreWiFi
0x000000000a325000 	/System/Library/Frameworks/CoreBluetooth.framework/Versions/A/CoreBluetooth
0x000000000a325000 	/System/Library/PrivateFrameworks/ChunkingLibrary.framework/Versions/A/ChunkingLibrary
0x000000000a325000 	/System/Library/PrivateFrameworks/DebugSymbols.framework/Versions/A/DebugSymbols
0x000000000a325000 	/System/Library/PrivateFrameworks/CoreSymbolication.framework/Versions/A/CoreSymbolication
0x000000000a325000 	/System/Library/PrivateFrameworks/Symbolication.framework/Versions/A/Symbolication
0x000000000a325000 	/System/Library/PrivateFrameworks/SpeechRecognitionCore.framework/Versions/A/SpeechRecognitionCore
0x00000001065f8000 	/Library/Java/JavaVirtualMachines/jdk1.8.0_101.jdk/Contents/Home/jre/lib/server/libjvm.dylib
0x000000000a325000 	/usr/lib/libstdc++.6.dylib
0x0000000107599000 	/Library/Java/JavaVirtualMachines/jdk1.8.0_101.jdk/Contents/Home/jre/lib/libverify.dylib
0x00000001075a7000 	/Library/Java/JavaVirtualMachines/jdk1.8.0_101.jdk/Contents/Home/jre/lib/libjava.dylib
0x00000001075e6000 	/Library/Java/JavaVirtualMachines/jdk1.8.0_101.jdk/Contents/Home/jre/lib/libzip.dylib
0x000000011d763000 	/System/Library/Frameworks/JavaVM.framework/Frameworks/JavaRuntimeSupport.framework/JavaRuntimeSupport
0x000000011d77e000 	/System/Library/Frameworks/JavaVM.framework/Versions/A/Frameworks/JavaNativeFoundation.framework/Versions/A/JavaNativeFoundation
0x00000001075f0000 	/System/Library/Frameworks/JavaVM.framework/Versions/A/JavaVM
0x000000000a325000 	/System/Library/Frameworks/Carbon.framework/Versions/A/Carbon
0x000000011d793000 	/System/Library/PrivateFrameworks/JavaLaunching.framework/Versions/A/JavaLaunching
0x000000000a325000 	/System/Library/Frameworks/Carbon.framework/Versions/A/Frameworks/CommonPanels.framework/Versions/A/CommonPanels
0x000000000a325000 	/System/Library/Frameworks/Carbon.framework/Versions/A/Frameworks/Help.framework/Versions/A/Help
0x000000000a325000 	/System/Library/Frameworks/Carbon.framework/Versions/A/Frameworks/ImageCapture.framework/Versions/A/ImageCapture
0x000000000a325000 	/System/Library/Frameworks/Carbon.framework/Versions/A/Frameworks/OpenScripting.framework/Versions/A/OpenScripting
0x000000000a325000 	/System/Library/Frameworks/Carbon.framework/Versions/A/Frameworks/Print.framework/Versions/A/Print
0x000000000a325000 	/System/Library/Frameworks/Carbon.framework/Versions/A/Frameworks/SecurityHI.framework/Versions/A/SecurityHI
0x000000011f0b6000 	/Library/Java/JavaVirtualMachines/jdk1.8.0_101.jdk/Contents/Home/jre/lib/libawt.dylib
0x000000011f15e000 	/Library/Java/JavaVirtualMachines/jdk1.8.0_101.jdk/Contents/Home/jre/lib/./libmlib_image.dylib
0x000000011f22a000 	/Library/Java/JavaVirtualMachines/jdk1.8.0_101.jdk/Contents/Home/jre/lib/libawt_lwawt.dylib
0x000000011f2df000 	/Library/Java/JavaVirtualMachines/jdk1.8.0_101.jdk/Contents/Home/jre/lib/./libosxapp.dylib
0x000000000a325000 	/System/Library/Frameworks/ExceptionHandling.framework/Versions/A/ExceptionHandling
0x000000000a325000 	/System/Library/PrivateFrameworks/CoreServicesInternal.framework/Versions/A/CoreServicesInternal
0x000000011faa4000 	/System/Library/Frameworks/CoreGraphics.framework/Versions/A/Resources/libRIP.A.dylib
0x000000000a325000 	/System/Library/Frameworks/Accelerate.framework/Versions/A/Frameworks/vImage.framework/Versions/A/Libraries/libCGInterfaces.dylib
0x000000011fc4b000 	/System/Library/Frameworks/CoreGraphics.framework/Versions/A/Resources/libCGXType.A.dylib
0x000000000a325000 	/System/Library/Frameworks/OpenCL.framework/Versions/A/Libraries/libcldcpuengine.dylib
0x000000000a325000 	/System/Library/PrivateFrameworks/DiskImages.framework/Versions/A/DiskImages
0x000000000a325000 	/System/Library/Frameworks/DiscRecording.framework/Versions/A/DiscRecording
0x000000000a325000 	/usr/lib/libcsfde.dylib
0x000000000a325000 	/usr/lib/libcurl.4.dylib
0x000000000a325000 	/System/Library/PrivateFrameworks/MediaKit.framework/Versions/A/MediaKit
0x000000000a325000 	/System/Library/PrivateFrameworks/ProtectedCloudStorage.framework/Versions/A/ProtectedCloudStorage
0x000000000a325000 	/usr/lib/libCoreStorage.dylib
0x000000000a325000 	/System/Library/PrivateFrameworks/EFILogin.framework/Versions/A/EFILogin
0x000000000a325000 	/usr/lib/libutil.dylib
0x000000000a325000 	/System/Library/PrivateFrameworks/FindMyDevice.framework/Versions/A/FindMyDevice
0x000000000a325000 	/System/Library/Frameworks/LDAP.framework/Versions/A/LDAP
0x000000000a325000 	/usr/lib/libsasl2.2.dylib
0x000000000a325000 	/System/Library/PrivateFrameworks/CoreDaemon.framework/Versions/B/CoreDaemon
0x000000000a325000 	/usr/lib/libcrypto.0.9.8.dylib
0x000000000a325000 	/System/Library/PrivateFrameworks/AppleSRP.framework/Versions/A/AppleSRP
0x000000000a325000 	/System/Library/PrivateFrameworks/TrustEvaluationAgent.framework/Versions/A/TrustEvaluationAgent
0x0000000120aac000 	cl_kernels
0x000000000a325000 	/System/Library/Frameworks/OpenCL.framework/Versions/A/Libraries/ImageFormats/unorm8_bgra.dylib
0x000000000a325000 	/System/Library/Frameworks/OpenCL.framework/Versions/A/Libraries/ImageFormats/unorm8_rgba.dylib
0x000000000a325000 	/System/Library/PrivateFrameworks/FamilyControls.framework/Versions/A/FamilyControls
0x000000000a325000 	/System/Library/PrivateFrameworks/CommerceKit.framework/Versions/A/Frameworks/CommerceCore.framework/Versions/A/CommerceCore
0x000000000a325000 	/System/Library/PrivateFrameworks/SystemAdministration.framework/Versions/A/SystemAdministration
0x000000000a325000 	/System/Library/PrivateFrameworks/AppContainer.framework/Versions/A/AppContainer
0x000000000a325000 	/System/Library/PrivateFrameworks/SecCodeWrapper.framework/Versions/A/SecCodeWrapper
0x000000000a325000 	/System/Library/Frameworks/DirectoryService.framework/Versions/A/DirectoryService
0x000000000a325000 	/System/Library/PrivateFrameworks/LoginUIKit.framework/Versions/A/Frameworks/LoginUICore.framework/Versions/A/LoginUICore
0x000000000a325000 	/usr/lib/libodfde.dylib
0x000000000a325000 	/System/Library/Frameworks/OpenGL.framework/Versions/A/Resources/GLEngine.bundle/GLEngine
0x000000000a325000 	/System/Library/Frameworks/OpenGL.framework/Versions/A/Libraries/libGLProgrammability.dylib
0x0000000121b21000 	/System/Library/Extensions/AppleIntelHD4000GraphicsGLDriver.bundle/Contents/MacOS/AppleIntelHD4000GraphicsGLDriver
0x000000000a325000 	/System/Library/PrivateFrameworks/GPUSupport.framework/Versions/A/Libraries/libGPUSupportMercury.dylib
0x000000000a325000 	/System/Library/Frameworks/OpenGL.framework/Versions/A/Resources/GLRendererFloat.bundle/GLRendererFloat
0x0000000122a86000 	/Library/Java/JavaVirtualMachines/jdk1.8.0_101.jdk/Contents/Home/jre/lib/libfontmanager.dylib
0x0000000123f26000 	/Library/Java/JavaVirtualMachines/jdk1.8.0_101.jdk/Contents/Home/jre/lib/libosxui.dylib
0x0000000124a48000 	/Library/Java/JavaVirtualMachines/jdk1.8.0_101.jdk/Contents/Home/jre/lib/libnet.dylib
0x0000000124980000 	/Library/Java/JavaVirtualMachines/jdk1.8.0_101.jdk/Contents/Home/jre/lib/libnio.dylib
0x000000000a325000 	/System/Library/Frameworks/ApplicationServices.framework/Versions/A/Frameworks/ATS.framework/Versions/A/Resources/libTrueTypeScaler.dylib
0x0000000175b54000 	/System/Library/Extensions/AppleIntelHD4000GraphicsMTLDriver.bundle/Contents/MacOS/AppleIntelHD4000GraphicsMTLDriver
0x0000000175b00000 	/private/var/folders/yd/w0h308490sjfy_hf_nbsv22h0000gn/T/jogamp_0000/file_cache/jln2691927719835719447/jln1258313989816178236/libgluegen-rt.jnilib
0x0000000124a7e000 	/private/var/folders/yd/w0h308490sjfy_hf_nbsv22h0000gn/T/jogamp_0000/file_cache/jln2691927719835719447/jln1258313989816178236/libnativewindow_awt.jnilib
0x0000000175b04000 	/Library/Java/JavaVirtualMachines/jdk1.8.0_101.jdk/Contents/Home/jre/lib/libjawt.dylib
0x0000000175b07000 	/private/var/folders/yd/w0h308490sjfy_hf_nbsv22h0000gn/T/jogamp_0000/file_cache/jln2691927719835719447/jln1258313989816178236/libnativewindow_macosx.jnilib
0x000000017784e000 	/private/var/folders/yd/w0h308490sjfy_hf_nbsv22h0000gn/T/jogamp_0000/file_cache/jln2691927719835719447/jln1258313989816178236/libjogl_desktop.jnilib
0x000000017a0b1000 	/Library/Java/JavaVirtualMachines/jdk1.8.0_101.jdk/Contents/Home/jre/lib/libt2k.dylib

VM Arguments:
jvm_args: -Djava.security.policy=java.policy.applet -Dfile.encoding=UTF-8 
java_command: sun.applet.AppletViewer module5.EarthquakeCityMap1475013147021.html
java_class_path (initial): /Users/AndrewYou/Documents/workspace/UCSDUnfoldingMaps/build:/Users/AndrewYou/Documents/workspace/UCSDUnfoldingMaps/lib/core.jar:/Users/AndrewYou/Documents/workspace/UCSDUnfoldingMaps/lib/gluegen-rt.jar:/Users/AndrewYou/Documents/workspace/UCSDUnfoldingMaps/lib/jogl-all.jar:/Users/AndrewYou/Documents/workspace/UCSDUnfoldingMaps/lib/log4j-1.2.15.jar:/Users/AndrewYou/Documents/workspace/UCSDUnfoldingMaps/lib/sqlite-jdbc-3.7.2.jar:/Users/AndrewYou/Documents/workspace/UCSDUnfoldingMaps/lib/json4processing.jar:/Users/AndrewYou/Documents/workspace/UCSDUnfoldingMaps/lib/libTUIO.jar:/Users/AndrewYou/Documents/workspace/UCSDUnfoldingMaps/lib/unfolding.0.9.7-uscd.jar
Launcher Type: SUN_STANDARD

Environment Variables:
PATH=/usr/bin:/bin:/usr/sbin:/sbin
SHELL=/bin/bash

Signal Handlers:
SIGSEGV: [libjvm.dylib+0x5af145], sa_mask[0]=11111111011111110111111111111111, sa_flags=SA_ONSTACK|SA_RESTART|SA_SIGINFO
SIGBUS: [libjvm.dylib+0x5af145], sa_mask[0]=11111111011111110111111111111111, sa_flags=SA_RESTART|SA_SIGINFO
SIGFPE: [libjvm.dylib+0x48694c], sa_mask[0]=11111111011111110111111111111111, sa_flags=SA_RESTART|SA_SIGINFO
SIGPIPE: [libjvm.dylib+0x48694c], sa_mask[0]=11111111011111110111111111111111, sa_flags=SA_RESTART|SA_SIGINFO
SIGXFSZ: [libjvm.dylib+0x48694c], sa_mask[0]=11111111011111110111111111111111, sa_flags=SA_RESTART|SA_SIGINFO
SIGILL: [libjvm.dylib+0x48694c], sa_mask[0]=11111111011111110111111111111111, sa_flags=SA_RESTART|SA_SIGINFO
SIGUSR1: SIG_DFL, sa_mask[0]=00000000000000000000000000000000, sa_flags=none
SIGUSR2: [libjvm.dylib+0x48646a], sa_mask[0]=00100000000000000000000000000000, sa_flags=SA_RESTART|SA_SIGINFO
SIGHUP: [libjvm.dylib+0x484a41], sa_mask[0]=11111111011111110111111111111111, sa_flags=SA_RESTART|SA_SIGINFO
SIGINT: [libjvm.dylib+0x484a41], sa_mask[0]=11111111011111110111111111111111, sa_flags=SA_RESTART|SA_SIGINFO
SIGTERM: [libjvm.dylib+0x484a41], sa_mask[0]=11111111011111110111111111111111, sa_flags=SA_RESTART|SA_SIGINFO
SIGQUIT: [libjvm.dylib+0x484a41], sa_mask[0]=11111111011111110111111111111111, sa_flags=SA_RESTART|SA_SIGINFO


---------------  S Y S T E M  ---------------

OS:Bsduname:Darwin 15.6.0 Darwin Kernel Version 15.6.0: Mon Aug 29 20:21:34 PDT 2016; root:xnu-3248.60.11~1/RELEASE_X86_64 x86_64
rlimit: STACK 8192k, CORE 0k, NPROC 709, NOFILE 10240, AS infinity
load average:1.92 1.60 1.51

CPU:total 4 (2 cores per cpu, 2 threads per core) family 6 model 58 stepping 9, cmov, cx8, fxsr, mmx, sse, sse2, sse3, ssse3, sse4.1, sse4.2, popcnt, avx, aes, clmul, erms, ht, tsc, tscinvbit, tscinv

Memory: 4k page, physical 8388608k(295644k free)

/proc/meminfo:


vm_info: Java HotSpot(TM) 64-Bit Server VM (25.101-b13) for bsd-amd64 JRE (1.8.0_101-b13), built on Jun 22 2016 02:42:15 by "java_re" with gcc 4.2.1 (Based on Apple Inc. build 5658) (LLVM build 2336.11.00)

time: Tue Sep 27 17:52:58 2016
elapsed time: 31 seconds (0d 0h 0m 31s)

