#
# A fatal error has been detected by the Java Runtime Environment:
#
#  SIGSEGV (0xb) at pc=0x00007fff9aacb6f3, pid=14479, tid=0x0000000000000a0b
#
# JRE version: Java(TM) SE Runtime Environment (8.0_92-b14) (build 1.8.0_92-b14)
# Java VM: Java HotSpot(TM) 64-Bit Server VM (25.92-b14 mixed mode bsd-amd64 compressed oops)
# Problematic frame:
# C  [libobjc.A.dylib+0x56f3]  _ZL12realizeClassP10objc_class+0x2c
#
# Failed to write core dump. Core dumps have been disabled. To enable core dumping, try "ulimit -c unlimited" before starting Java again
#
# If you would like to submit a bug report, please visit:
#   http://bugreport.java.com/bugreport/crash.jsp
# The crash happened outside the Java Virtual Machine in native code.
# See problematic frame for where to report the bug.
#

---------------  T H R E A D  ---------------

Current thread (0x00007ffd5908b000):  JavaThread "AWT-AppKit" daemon [_thread_in_native, id=2571, stack(0x00007fff56542000,0x00007fff56d42000)]

siginfo: si_signo: 11 (SIGSEGV), si_code: 1 (SEGV_MAPERR), si_addr: 0x00000000000007e8

Registers:
RAX=0x0000000000000000, RBX=0x00007fff7f747d08, RCX=0x0000000000000000, RDX=0x00007fff7f747d08
RSP=0x00007fff56d3cd60, RBP=0x00007fff56d3d040, RSI=0x00000000bf7c7cb8, RDI=0x00000000000007c8
R8 =0x0000000080000000, R9 =0x0000000000000001, R10=0x00007fffa0b95b21, R11=0x00007fff7f65c940
R12=0x00007ffffffffff8, R13=0x00000000000007c8, R14=0x00007fff7f747ce0, R15=0x0000000000000000
RIP=0x00007fff9aacb6f3, EFLAGS=0x0000000000010202, ERR=0x0000000000000004
  TRAPNO=0x000000000000000e

Top of Stack: (sp=0x00007fff56d3cd60)
0x00007fff56d3cd60:   00007ffd5908b000 00007ffd5908b000
0x00007fff56d3cd70:   00007fff56d3ce90 0000000000000000
0x00007fff56d3cd80:   0000000000000000 0000000000000000
0x00007fff56d3cd90:   0000000000000000 0000000000000000
0x00007fff56d3cda0:   00000007405c8780 0000000000000003
0x00007fff56d3cdb0:   00007fff56d3cde0 00007fff56d3cde0
0x00007fff56d3cdc0:   00000007c002cbf8 000000017909e070
0x00007fff56d3cdd0:   00007ffd58c3c610 00007fff56d3ce40
0x00007fff56d3cde0:   00007fff56d3cf00 000000010b70fe1f
0x00007fff56d3cdf0:   00007fff56d3ce40 00000007405c8780
0x00007fff56d3ce00:   000000017ad95870 00007ffd58cd10e0
0x00007fff56d3ce10:   00007fff56d3ce70 000000010a7c7b76
0x00007fff56d3ce20:   0000000100000000 00000007969b8d38
0x00007fff56d3ce30:   0000000400000002 00000007405c8780
0x00007fff56d3ce40:   0000000000000003 00000007405c8780
0x00007fff56d3ce50:   0000000000000003 00000007405c8780
0x00007fff56d3ce60:   00000007c01af028 00007fff56d3d1a0
0x00007fff56d3ce70:   00007fff56d3cf00 000000010b3977a7
0x00007fff56d3ce80:   00007ffd5908b000 000000010b3977a7
0x00007fff56d3ce90:   00000007969b8d38 0000000797b11ec8
0x00007fff56d3cea0:   0000000700001fa3 000000000000000b
0x00007fff56d3ceb0:   00007ffd5908b000 0000000000000002
0x00007fff56d3cec0:   000000010b39771f 000000011f21a6e8
0x00007fff56d3ced0:   00007fff56d3cf98 00007fff56d3d238
0x00007fff56d3cee0:   000000010000000b 000000011f21a6e8
0x00007fff56d3cef0:   00007ffd5908b000 000000000000000b
0x00007fff56d3cf00:   00007fff56d3d0b0 000000010a6ecd40
0x00007fff56d3cf10:   0000000000000002 00007ffd5908b000
0x00007fff56d3cf20:   00007fff56d3cfb0 00007fff56d3d238
0x00007fff56d3cf30:   0000000000000000 000000010b3ddc20
0x00007fff56d3cf40:   00007ffd5908b000 00007fff56d3d188
0x00007fff56d3cf50:   00007fff56d3d230 00007ffd5908b000 

Instructions: (pc=0x00007fff9aacb6f3)
0x00007fff9aacb6d3:   53 48 81 ec b8 02 00 00 31 c0 48 85 ff 49 89 fd
0x00007fff9aacb6e3:   0f 84 80 10 00 00 49 bc f8 ff ff ff ff 7f 00 00
0x00007fff9aacb6f3:   4d 8b 75 20 4c 89 f3 4c 21 e3 8b 3b 85 ff 78 3d
0x00007fff9aacb703:   f7 c7 00 00 00 40 75 3d bf 40 00 00 00 be 01 00 

Register to memory mapping:

RAX=0x0000000000000000 is an unknown value
RBX=0x00007fff7f747d08: __CFConstantStringClassReference+0 in /System/Library/Frameworks/CoreFoundation.framework/Versions/A/CoreFoundation at 0x00007fffa074a000
RCX=0x0000000000000000 is an unknown value
RDX=0x00007fff7f747d08: __CFConstantStringClassReference+0 in /System/Library/Frameworks/CoreFoundation.framework/Versions/A/CoreFoundation at 0x00007fffa074a000
RSP=0x00007fff56d3cd60 is pointing into the stack for thread: 0x00007ffd5908b000
RBP=0x00007fff56d3d040 is pointing into the stack for thread: 0x00007ffd5908b000
RSI=0x00000000bf7c7cb8 is an unknown value
RDI=0x00000000000007c8 is an unknown value
R8 =0x0000000080000000 is an unknown value
R9 =0x0000000000000001 is an unknown value
R10=0x00007fffa0b95b21: _XMLPlistAppendDataUsingBase64.__CFPLDataEncodeTable+0x9b0c1 in /System/Library/Frameworks/CoreFoundation.framework/Versions/A/CoreFoundation at 0x00007fffa074a000
R11=0x00007fff7f65c940: __block_literal_global67+0x4a40 in /System/Library/Frameworks/CoreFoundation.framework/Versions/A/CoreFoundation at 0x00007fffa074a000
R12=0x00007ffffffffff8 is an unknown value
R13=0x00000000000007c8 is an unknown value
R14=0x00007fff7f747ce0: OBJC_CLASS_$___NSCFString+0 in /System/Library/Frameworks/CoreFoundation.framework/Versions/A/CoreFoundation at 0x00007fffa074a000
R15=0x0000000000000000 is an unknown value


Stack: [0x00007fff56542000,0x00007fff56d42000],  sp=0x00007fff56d3cd60,  free space=8171k
Native frames: (J=compiled Java code, j=interpreted, Vv=VM code, C=native code)
C  [libobjc.A.dylib+0x56f3]  _ZL12realizeClassP10objc_class+0x2c
C  [libobjc.A.dylib+0x57df]  _ZL12realizeClassP10objc_class+0x118
C  [libobjc.A.dylib+0x7c45]  lookUpImpOrForward+0x6c
C  [libobjc.A.dylib+0x1591]  objc_msgSend+0xd1
C  [libnativewindow_macosx.jnilib+0x5157]  Java_jogamp_nativewindow_jawt_macosx_MacOSXJAWTWindow_UnsetJAWTRootSurfaceLayer0+0xe7
j  jogamp.nativewindow.jawt.macosx.MacOSXJAWTWindow.UnsetJAWTRootSurfaceLayer0(JJ)V+0
j  jogamp.nativewindow.jawt.macosx.MacOSXJAWTWindow.access$200(JJ)V+2
j  jogamp.nativewindow.jawt.macosx.MacOSXJAWTWindow$1.run()V+38
j  com.jogamp.common.util.RunnableTask.run()V+24
v  ~StubRoutines::call_stub
V  [libjvm.dylib+0x2ecc9a]
V  [libjvm.dylib+0x323ea5]
V  [libjvm.dylib+0x316673]
C  [libnativewindow_macosx.jnilib+0x5326]  Java_jogamp_nativewindow_jawt_macosx_MacOSXJAWTWindow_UnsetJAWTRootSurfaceLayer0+0x2b6
C  [Foundation+0x76fde]  __NSThreadPerformPerform+0x117
C  [CoreFoundation+0xaa881]  __CFRUNLOOP_IS_CALLING_OUT_TO_A_SOURCE0_PERFORM_FUNCTION__+0x11
C  [CoreFoundation+0x89f37]  __CFRunLoopDoSources0+0x1a7
C  [CoreFoundation+0x894df]  __CFRunLoopRun+0x39f
C  [CoreFoundation+0x88ed8]  CFRunLoopRunSpecific+0x128
C  [HIToolbox+0x30935]  RunCurrentEventLoopInMode+0xeb
C  [HIToolbox+0x30677]  ReceiveNextEventCommon+0xb8
C  [HIToolbox+0x305af]  _BlockUntilNextEventMatchingListInModeWithFilter+0x47
C  [AppKit+0x48df6]  _DPSNextEvent+0x42b
C  [AppKit+0x48226]  -[NSApplication _nextEventMatchingEventMask:untilDate:inMode:dequeue:]+0x1c6
C  [libosxapp.dylib+0x23aa]  -[NSApplicationAWT nextEventMatchingMask:untilDate:inMode:dequeue:]+0x7c
C  [AppKit+0x3cd80]  -[NSApplication run]+0x2aa
C  [libosxapp.dylib+0x214d]  +[NSApplicationAWT runAWTLoopWithApp:]+0x9c
C  [libawt_lwawt.dylib+0x444b3]  -[AWTStarter starter:]+0x389
C  [Foundation+0x76fde]  __NSThreadPerformPerform+0x117
C  [CoreFoundation+0xaa881]  __CFRUNLOOP_IS_CALLING_OUT_TO_A_SOURCE0_PERFORM_FUNCTION__+0x11
C  [CoreFoundation+0x89fbc]  __CFRunLoopDoSources0+0x22c
C  [CoreFoundation+0x894df]  __CFRunLoopRun+0x39f
C  [CoreFoundation+0x88ed8]  CFRunLoopRunSpecific+0x128
C  [java+0x6465]  CreateExecutionEnvironment+0x367
C  [java+0x218c]  JLI_Launch+0x7a0
C  [java+0x84c2]  main+0x65
C  [java+0x19e4]  start+0x34
C  0x0000000000000007

Java frames: (J=compiled Java code, j=interpreted, Vv=VM code)
j  jogamp.nativewindow.jawt.macosx.MacOSXJAWTWindow.UnsetJAWTRootSurfaceLayer0(JJ)V+0
j  jogamp.nativewindow.jawt.macosx.MacOSXJAWTWindow.access$200(JJ)V+2
j  jogamp.nativewindow.jawt.macosx.MacOSXJAWTWindow$1.run()V+38
j  com.jogamp.common.util.RunnableTask.run()V+24
v  ~StubRoutines::call_stub

---------------  P R O C E S S  ---------------

Java Threads: ( => current thread )
  0x00007ffd5918d800 JavaThread "Thread-19" [_thread_blocked, id=64019, stack(0x00007000019ee000,0x0000700001aee000)]
  0x00007ffd5e040000 JavaThread "Image Fetcher 2" daemon [_thread_blocked, id=66563, stack(0x0000700002103000,0x0000700002203000)]
  0x00007ffd593f9000 JavaThread "Image Fetcher 1" daemon [_thread_blocked, id=66051, stack(0x0000700002000000,0x0000700002100000)]
  0x00007ffd5aa78800 JavaThread "Image Fetcher 0" daemon [_thread_blocked, id=65547, stack(0x0000700001efd000,0x0000700001ffd000)]
  0x00007ffd5e072000 JavaThread "Keep-Alive-Timer" daemon [_thread_blocked, id=65075, stack(0x0000700001dfa000,0x0000700001efa000)]
  0x00007ffd59abe800 JavaThread "AWT-EventQueue-1" [_thread_in_native, id=58927, stack(0x0000700001868000,0x0000700001968000)]
  0x00007ffd59abd800 JavaThread "DestroyJavaVM" [_thread_blocked, id=5891, stack(0x000070000011a000,0x000070000021a000)]
  0x00007ffd5a2de000 JavaThread "AWT-EventQueue-0" [_thread_blocked, id=56839, stack(0x0000700001662000,0x0000700001762000)]
  0x00007ffd5a243000 JavaThread "Java2D Disposer" daemon [_thread_blocked, id=52995, stack(0x00007000013d9000,0x00007000014d9000)]
  0x00007ffd59802800 JavaThread "Java2D Queue Flusher" daemon [_thread_blocked, id=49927, stack(0x00007000012d6000,0x00007000013d6000)]
  0x00007ffd5a0aa000 JavaThread "AWT-Shutdown" [_thread_blocked, id=28947, stack(0x00007000010cd000,0x00007000011cd000)]
=>0x00007ffd5908b000 JavaThread "AWT-AppKit" daemon [_thread_in_native, id=2571, stack(0x00007fff56542000,0x00007fff56d42000)]
  0x00007ffd5982c800 JavaThread "Service Thread" daemon [_thread_blocked, id=18691, stack(0x0000700000e44000,0x0000700000f44000)]
  0x00007ffd59819800 JavaThread "C1 CompilerThread2" daemon [_thread_blocked, id=18179, stack(0x0000700000d41000,0x0000700000e41000)]
  0x00007ffd59819000 JavaThread "C2 CompilerThread1" daemon [_thread_blocked, id=17667, stack(0x0000700000c3e000,0x0000700000d3e000)]
  0x00007ffd5a030800 JavaThread "C2 CompilerThread0" daemon [_thread_blocked, id=17155, stack(0x0000700000b3b000,0x0000700000c3b000)]
  0x00007ffd5a030000 JavaThread "Signal Dispatcher" daemon [_thread_blocked, id=12815, stack(0x0000700000a38000,0x0000700000b38000)]
  0x00007ffd5a81a800 JavaThread "Finalizer" daemon [_thread_blocked, id=12291, stack(0x000070000082f000,0x000070000092f000)]
  0x00007ffd5a81a000 JavaThread "Reference Handler" daemon [_thread_blocked, id=11779, stack(0x000070000072c000,0x000070000082c000)]

Other Threads:
  0x00007ffd5a815000 VMThread [stack: 0x0000700000629000,0x0000700000729000] [id=11267]
  0x00007ffd59816000 WatcherThread [stack: 0x0000700000f47000,0x0000700001047000] [id=19203]

VM state:not at safepoint (normal execution)

VM Mutex/Monitor currently owned by a thread: None

Heap:
 PSYoungGen      total 38400K, used 31990K [0x0000000795580000, 0x0000000798000000, 0x00000007c0000000)
  eden space 33280K, 80% used [0x0000000795580000,0x0000000796fc0d38,0x0000000797600000)
  from space 5120K, 99% used [0x0000000797b00000,0x0000000797ffcb40,0x0000000798000000)
  to   space 5120K, 0% used [0x0000000797600000,0x0000000797600000,0x0000000797b00000)
 ParOldGen       total 87552K, used 9443K [0x0000000740000000, 0x0000000745580000, 0x0000000795580000)
  object space 87552K, 10% used [0x0000000740000000,0x0000000740938cf8,0x0000000745580000)
 Metaspace       used 20407K, capacity 20615K, committed 20864K, reserved 1069056K
  class space    used 2026K, capacity 2110K, committed 2176K, reserved 1048576K

Card table byte_map: [0x000000011a757000,0x000000011ab58000] byte_map_base: 0x0000000116d57000

Marking Bits: (ParMarkBitMap*) 0x000000010ace8bd0
 Begin Bits: [0x000000011ae03000, 0x000000011ce03000)
 End Bits:   [0x000000011ce03000, 0x000000011ee03000)

Polling page: 0x0000000108edc000

CodeCache: size=245760Kb used=6701Kb max_used=6721Kb free=239059Kb
 bounds [0x000000010b397000, 0x000000010ba37000, 0x000000011a397000]
 total_blobs=2733 nmethods=1847 adapters=800
 compilation: enabled

Compilation events (10 events):
Event: 8.195 Thread 0x00007ffd59819800 1977       3       sun.java2d.loops.SurfaceType::pixelFor (10 bytes)
Event: 8.195 Thread 0x00007ffd59819800 nmethod 1977 0x000000010ba25a50 code [0x000000010ba25bc0, 0x000000010ba25de8]
Event: 8.199 Thread 0x00007ffd5a030800 nmethod 1974 0x000000010ba28e10 code [0x000000010ba28f80, 0x000000010ba29298]
Event: 8.246 Thread 0x00007ffd59819000 1978  s!   4       sun.misc.URLClassPath::getLoader (197 bytes)
Event: 8.248 Thread 0x00007ffd5a030800 1979  s    4       sun.misc.URLClassPath::getNextLoader (88 bytes)
Event: 8.254 Thread 0x00007ffd59819000 nmethod 1978 0x000000010ba2d350 code [0x000000010ba2d4c0, 0x000000010ba2dc98]
Event: 8.254 Thread 0x00007ffd5a030800 nmethod 1979 0x000000010ba28010 code [0x000000010ba28180, 0x000000010ba288f8]
Event: 8.257 Thread 0x00007ffd59819800 1980       3       java.util.concurrent.locks.LockSupport::setBlocker (12 bytes)
Event: 8.257 Thread 0x00007ffd59819800 nmethod 1980 0x000000010ba27d10 code [0x000000010ba27e60, 0x000000010ba27fb0]
Event: 8.257 Thread 0x00007ffd59819800 1981       1       sun.java2d.SurfaceData::isValid (5 bytes)

GC Heap History (4 events):
Event: 2.788 GC heap before
{Heap before GC invocations=1 (full 0):
 PSYoungGen      total 38400K, used 33280K [0x0000000795580000, 0x0000000798000000, 0x00000007c0000000)
  eden space 33280K, 100% used [0x0000000795580000,0x0000000797600000,0x0000000797600000)
  from space 5120K, 0% used [0x0000000797b00000,0x0000000797b00000,0x0000000798000000)
  to   space 5120K, 0% used [0x0000000797600000,0x0000000797600000,0x0000000797b00000)
 ParOldGen       total 87552K, used 0K [0x0000000740000000, 0x0000000745580000, 0x0000000795580000)
  object space 87552K, 0% used [0x0000000740000000,0x0000000740000000,0x0000000745580000)
 Metaspace       used 15984K, capacity 16151K, committed 16384K, reserved 1064960K
  class space    used 1618K, capacity 1692K, committed 1792K, reserved 1048576K
Event: 2.797 GC heap after
Heap after GC invocations=1 (full 0):
 PSYoungGen      total 38400K, used 5003K [0x0000000795580000, 0x0000000798000000, 0x00000007c0000000)
  eden space 33280K, 0% used [0x0000000795580000,0x0000000795580000,0x0000000797600000)
  from space 5120K, 97% used [0x0000000797600000,0x0000000797ae2fa8,0x0000000797b00000)
  to   space 5120K, 0% used [0x0000000797b00000,0x0000000797b00000,0x0000000798000000)
 ParOldGen       total 87552K, used 16K [0x0000000740000000, 0x0000000745580000, 0x0000000795580000)
  object space 87552K, 0% used [0x0000000740000000,0x0000000740004000,0x0000000745580000)
 Metaspace       used 15984K, capacity 16151K, committed 16384K, reserved 1064960K
  class space    used 1618K, capacity 1692K, committed 1792K, reserved 1048576K
}
Event: 4.881 GC heap before
{Heap before GC invocations=2 (full 0):
 PSYoungGen      total 38400K, used 38037K [0x0000000795580000, 0x0000000798000000, 0x00000007c0000000)
  eden space 33280K, 99% used [0x0000000795580000,0x00000007975c2518,0x0000000797600000)
  from space 5120K, 97% used [0x0000000797600000,0x0000000797ae2fa8,0x0000000797b00000)
  to   space 5120K, 0% used [0x0000000797b00000,0x0000000797b00000,0x0000000798000000)
 ParOldGen       total 87552K, used 16K [0x0000000740000000, 0x0000000745580000, 0x0000000795580000)
  object space 87552K, 0% used [0x0000000740000000,0x0000000740004000,0x0000000745580000)
 Metaspace       used 19956K, capacity 20151K, committed 20352K, reserved 1067008K
  class space    used 2018K, capacity 2108K, committed 2176K, reserved 1048576K
Event: 4.903 GC heap after
Heap after GC invocations=2 (full 0):
 PSYoungGen      total 38400K, used 5106K [0x0000000795580000, 0x0000000798000000, 0x00000007c0000000)
  eden space 33280K, 0% used [0x0000000795580000,0x0000000795580000,0x0000000797600000)
  from space 5120K, 99% used [0x0000000797b00000,0x0000000797ffcb40,0x0000000798000000)
  to   space 5120K, 0% used [0x0000000797600000,0x0000000797600000,0x0000000797b00000)
 ParOldGen       total 87552K, used 9443K [0x0000000740000000, 0x0000000745580000, 0x0000000795580000)
  object space 87552K, 10% used [0x0000000740000000,0x0000000740938cf8,0x0000000745580000)
 Metaspace       used 19956K, capacity 20151K, committed 20352K, reserved 1067008K
  class space    used 2018K, capacity 2108K, committed 2176K, reserved 1048576K
}

Deoptimization events (7 events):
Event: 2.347 Thread 0x00007ffd5a511000 Uncommon trap: reason=unstable_if action=reinterpret pc=0x000000010b60cae0 method=java.lang.String.indexOf([CII[CIII)I @ 3
Event: 2.347 Thread 0x00007ffd5a511000 Uncommon trap: reason=unstable_if action=reinterpret pc=0x000000010b54fc18 method=java.lang.String.indexOf([CII[CIII)I @ 3
Event: 3.526 Thread 0x00007ffd59abe800 Uncommon trap: reason=unstable_if action=reinterpret pc=0x000000010b53c82c method=java.lang.AbstractStringBuilder.append(Ljava/lang/String;)Ljava/lang/AbstractStringBuilder; @ 1
Event: 4.164 Thread 0x00007ffd59abe800 Uncommon trap: reason=unstable_if action=reinterpret pc=0x000000010b76a6d0 method=com.sun.org.apache.xerces.internal.impl.XMLEntityScanner.skipSpaces()Z @ 14
Event: 4.216 Thread 0x00007ffd59abe800 Uncommon trap: reason=unstable_if action=reinterpret pc=0x000000010b755e40 method=com.sun.org.apache.xerces.internal.impl.XMLEntityScanner.peekChar()I @ 14
Event: 4.503 Thread 0x00007ffd59abe800 Uncommon trap: reason=unstable_if action=reinterpret pc=0x000000010b803cfc method=com.jogamp.common.util.IntIntHashMap.get(I)I @ 28
Event: 8.143 Thread 0x00007ffd59abe800 Uncommon trap: reason=unstable_if action=reinterpret pc=0x000000010b903e68 method=com.jogamp.common.util.VersionNumber.compareTo(Lcom/jogamp/common/util/VersionNumber;)I @ 21

Internal exceptions (10 events):
Event: 0.202 Thread 0x00007ffd5a802000 Exception <a 'java/lang/NoSuchFieldError': method resolution failed> (0x0000000795785a28) thrown at [/Users/java_re/workspace/8-2-build-macosx-x86_64/jdk8u92/6642/hotspot/src/share/vm/prims/methodHandles.cpp, line 1146]
Event: 0.205 Thread 0x00007ffd5a802000 Exception <a 'java/lang/NoSuchFieldError': method resolution failed> (0x00000007957931f8) thrown at [/Users/java_re/workspace/8-2-build-macosx-x86_64/jdk8u92/6642/hotspot/src/share/vm/prims/methodHandles.cpp, line 1146]
Event: 0.403 Thread 0x00007ffd5a802000 Exception <a 'java/io/FileNotFoundException'> (0x000000079580e7c0) thrown at [/Users/java_re/workspace/8-2-build-macosx-x86_64/jdk8u92/6642/hotspot/src/share/vm/prims/jni.cpp, line 709]
Event: 0.403 Thread 0x00007ffd5a802000 Exception <a 'java/io/FileNotFoundException'> (0x000000079580f328) thrown at [/Users/java_re/workspace/8-2-build-macosx-x86_64/jdk8u92/6642/hotspot/src/share/vm/prims/jni.cpp, line 709]
Event: 0.549 Thread 0x00007ffd5a802000 Exception <a 'java/io/FileNotFoundException'> (0x000000079594aac8) thrown at [/Users/java_re/workspace/8-2-build-macosx-x86_64/jdk8u92/6642/hotspot/src/share/vm/prims/jni.cpp, line 709]
Event: 2.379 Thread 0x00007ffd5a511000 Exception <a 'java/lang/UnsatisfiedLinkError': com.jogamp.common.util.JarUtil.fixNativeLibAttribs(Ljava/lang/String;)Z> (0x0000000796a7b5c8) thrown at [/Users/java_re/workspace/8-2-build-macosx-x86_64/jdk8u92/6642/hotspot/src/share/vm/prims/nativeLookup.c
Event: 2.799 Thread 0x00007ffd5a81a800 Exception <a 'java/lang/NullPointerException'> (0x00000007956a6350) thrown at [/Users/java_re/workspace/8-2-build-macosx-x86_64/jdk8u92/6642/hotspot/src/share/vm/interpreter/linkResolver.cpp, line 1178]
Event: 3.526 Thread 0x00007ffd59abe800 Exception <a 'java/io/FileNotFoundException'> (0x0000000795e51df8) thrown at [/Users/java_re/workspace/8-2-build-macosx-x86_64/jdk8u92/6642/hotspot/src/share/vm/prims/jni.cpp, line 709]
Event: 3.526 Thread 0x00007ffd59abe800 Exception <a 'java/io/FileNotFoundException'> (0x0000000795e58190) thrown at [/Users/java_re/workspace/8-2-build-macosx-x86_64/jdk8u92/6642/hotspot/src/share/vm/prims/jni.cpp, line 709]
Event: 3.526 Thread 0x00007ffd59abe800 Implicit null exception at 0x000000010b53c4b5 to 0x000000010b53c819

Events (10 events):
Event: 8.246 loading class jogamp/nativewindow/jawt/macosx/MacOSXJAWTWindow$1 done
Event: 8.249 loading class java/awt/LightweightDispatcher$2
Event: 8.249 loading class java/awt/LightweightDispatcher$2 done
Event: 8.249 loading class java/awt/event/AWTEventListenerProxy
Event: 8.250 loading class java/awt/event/AWTEventListenerProxy done
Event: 8.250 loading class java/awt/Toolkit$ToolkitEventMulticaster
Event: 8.250 loading class java/awt/Toolkit$ToolkitEventMulticaster done
Event: 8.256 Thread 0x00007ffd5a969000 Thread exited: 0x00007ffd5a969000
Event: 8.257 loading class java/awt/Window$1DisposeAction
Event: 8.257 loading class java/awt/Window$1DisposeAction done


Dynamic libraries:
0x000000000b4ae000 	/System/Library/Frameworks/Cocoa.framework/Versions/A/Cocoa
0x0000000108edd000 	/System/Library/Frameworks/Security.framework/Versions/A/Security
0x000000000b4ae000 	/System/Library/Frameworks/ApplicationServices.framework/Versions/A/ApplicationServices
0x000000000b4ae000 	/usr/lib/libz.1.dylib
0x000000000b4ae000 	/usr/lib/libSystem.B.dylib
0x000000000b4ae000 	/usr/lib/libobjc.A.dylib
0x000000000b4ae000 	/System/Library/Frameworks/CoreFoundation.framework/Versions/A/CoreFoundation
0x000000000b4ae000 	/System/Library/Frameworks/Foundation.framework/Versions/C/Foundation
0x000000000b4ae000 	/System/Library/Frameworks/AppKit.framework/Versions/C/AppKit
0x000000000b4ae000 	/System/Library/Frameworks/CoreData.framework/Versions/A/CoreData
0x000000000b4ae000 	/System/Library/PrivateFrameworks/RemoteViewServices.framework/Versions/A/RemoteViewServices
0x000000000b4ae000 	/System/Library/PrivateFrameworks/UIFoundation.framework/Versions/A/UIFoundation
0x000000000b4ae000 	/usr/lib/libScreenReader.dylib
0x000000000b4ae000 	/System/Library/Frameworks/Accelerate.framework/Versions/A/Accelerate
0x000000000b4ae000 	/System/Library/Frameworks/IOSurface.framework/Versions/A/IOSurface
0x000000000b4ae000 	/System/Library/Frameworks/AudioToolbox.framework/Versions/A/AudioToolbox
0x000000000b4ae000 	/System/Library/Frameworks/AudioUnit.framework/Versions/A/AudioUnit
0x000000000b4ae000 	/System/Library/PrivateFrameworks/DataDetectorsCore.framework/Versions/A/DataDetectorsCore
0x000000000b4ae000 	/System/Library/PrivateFrameworks/DesktopServicesPriv.framework/Versions/A/DesktopServicesPriv
0x000000000b4ae000 	/System/Library/Frameworks/Carbon.framework/Versions/A/Frameworks/HIToolbox.framework/Versions/A/HIToolbox
0x000000000b4ae000 	/System/Library/Frameworks/QuartzCore.framework/Versions/A/QuartzCore
0x000000000b4ae000 	/System/Library/Frameworks/Carbon.framework/Versions/A/Frameworks/SpeechRecognition.framework/Versions/A/SpeechRecognition
0x000000000b4ae000 	/usr/lib/libauto.dylib
0x000000000b4ae000 	/usr/lib/libicucore.A.dylib
0x000000000b4ae000 	/usr/lib/libxml2.2.dylib
0x000000000b4ae000 	/System/Library/PrivateFrameworks/CoreUI.framework/Versions/A/CoreUI
0x000000000b4ae000 	/System/Library/Frameworks/CoreAudio.framework/Versions/A/CoreAudio
0x000000000b4ae000 	/System/Library/Frameworks/DiskArbitration.framework/Versions/A/DiskArbitration
0x000000000b4ae000 	/usr/lib/liblangid.dylib
0x000000000b4ae000 	/System/Library/PrivateFrameworks/MultitouchSupport.framework/Versions/A/MultitouchSupport
0x000000000b4ae000 	/System/Library/Frameworks/IOKit.framework/Versions/A/IOKit
0x000000000b4ae000 	/usr/lib/libDiagnosticMessagesClient.dylib
0x000000000b4ae000 	/System/Library/Frameworks/CoreServices.framework/Versions/A/CoreServices
0x000000000b4ae000 	/System/Library/PrivateFrameworks/PerformanceAnalysis.framework/Versions/A/PerformanceAnalysis
0x000000000b4ae000 	/System/Library/PrivateFrameworks/GenerationalStorage.framework/Versions/A/GenerationalStorage
0x000000000b4ae000 	/System/Library/Frameworks/OpenGL.framework/Versions/A/OpenGL
0x000000000b4ae000 	/System/Library/PrivateFrameworks/Sharing.framework/Versions/A/Sharing
0x000000000b4ae000 	/System/Library/Frameworks/CoreGraphics.framework/Versions/A/CoreGraphics
0x000000000b4ae000 	/System/Library/Frameworks/CoreImage.framework/Versions/A/CoreImage
0x000000000b4ae000 	/System/Library/Frameworks/CoreText.framework/Versions/A/CoreText
0x000000000b4ae000 	/System/Library/Frameworks/ImageIO.framework/Versions/A/ImageIO
0x000000000b4ae000 	/System/Library/PrivateFrameworks/Backup.framework/Versions/A/Backup
0x000000000b4ae000 	/usr/lib/libextension.dylib
0x000000000b4ae000 	/usr/lib/libarchive.2.dylib
0x00000001092f9000 	/System/Library/Frameworks/CFNetwork.framework/Versions/A/CFNetwork
0x000000000b4ae000 	/System/Library/Frameworks/SystemConfiguration.framework/Versions/A/SystemConfiguration
0x000000000b4ae000 	/usr/lib/libCRFSuite.dylib
0x000000000b4ae000 	/usr/lib/libc++.1.dylib
0x000000000b4ae000 	/usr/lib/libc++abi.dylib
0x000000000b4ae000 	/usr/lib/system/libcache.dylib
0x000000000b4ae000 	/usr/lib/system/libcommonCrypto.dylib
0x000000000b4ae000 	/usr/lib/system/libcompiler_rt.dylib
0x000000000b4ae000 	/usr/lib/system/libcopyfile.dylib
0x000000000b4ae000 	/usr/lib/system/libcorecrypto.dylib
0x000000000b4ae000 	/usr/lib/system/libdispatch.dylib
0x000000000b4ae000 	/usr/lib/system/libdyld.dylib
0x000000000b4ae000 	/usr/lib/system/libkeymgr.dylib
0x000000010976d000 	/usr/lib/system/liblaunch.dylib
0x000000000b4ae000 	/usr/lib/system/libmacho.dylib
0x000000000b4ae000 	/usr/lib/system/libquarantine.dylib
0x000000000b4ae000 	/usr/lib/system/libremovefile.dylib
0x000000000b4ae000 	/usr/lib/system/libsystem_asl.dylib
0x000000000b4ae000 	/usr/lib/system/libsystem_blocks.dylib
0x000000000b4ae000 	/usr/lib/system/libsystem_c.dylib
0x000000000b4ae000 	/usr/lib/system/libsystem_configuration.dylib
0x000000000b4ae000 	/usr/lib/system/libsystem_coreservices.dylib
0x000000000b4ae000 	/usr/lib/system/libsystem_coretls.dylib
0x000000000b4ae000 	/usr/lib/system/libsystem_dnssd.dylib
0x000000000b4ae000 	/usr/lib/system/libsystem_info.dylib
0x000000000b4ae000 	/usr/lib/system/libsystem_kernel.dylib
0x000000000b4ae000 	/usr/lib/system/libsystem_m.dylib
0x000000000b4ae000 	/usr/lib/system/libsystem_malloc.dylib
0x000000000b4ae000 	/usr/lib/system/libsystem_network.dylib
0x000000000b4ae000 	/usr/lib/system/libsystem_networkextension.dylib
0x000000000b4ae000 	/usr/lib/system/libsystem_notify.dylib
0x000000000b4ae000 	/usr/lib/system/libsystem_platform.dylib
0x000000000b4ae000 	/usr/lib/system/libsystem_pthread.dylib
0x0000000109778000 	/usr/lib/system/libsystem_sandbox.dylib
0x000000000b4ae000 	/usr/lib/system/libsystem_secinit.dylib
0x000000000b4ae000 	/usr/lib/system/libsystem_trace.dylib
0x000000000b4ae000 	/usr/lib/system/libunc.dylib
0x000000000b4ae000 	/usr/lib/system/libunwind.dylib
0x0000000109785000 	/usr/lib/system/libxpc.dylib
0x000000000b4ae000 	/usr/lib/libenergytrace.dylib
0x000000000b4ae000 	/usr/lib/libbsm.0.dylib
0x000000000b4ae000 	/usr/lib/system/libkxld.dylib
0x000000000b4ae000 	/usr/lib/libxar.1.dylib
0x000000000b4ae000 	/usr/lib/libsqlite3.dylib
0x000000000b4ae000 	/usr/lib/libpam.2.dylib
0x000000000b4ae000 	/usr/lib/libOpenScriptingUtil.dylib
0x000000000b4ae000 	/usr/lib/libbz2.1.0.dylib
0x000000000b4ae000 	/usr/lib/liblzma.5.dylib
0x000000000b4ae000 	/System/Library/Frameworks/CoreServices.framework/Versions/A/Frameworks/FSEvents.framework/Versions/A/FSEvents
0x000000000b4ae000 	/System/Library/Frameworks/CoreServices.framework/Versions/A/Frameworks/CarbonCore.framework/Versions/A/CarbonCore
0x000000000b4ae000 	/System/Library/Frameworks/CoreServices.framework/Versions/A/Frameworks/Metadata.framework/Versions/A/Metadata
0x000000000b4ae000 	/System/Library/Frameworks/CoreServices.framework/Versions/A/Frameworks/OSServices.framework/Versions/A/OSServices
0x000000000b4ae000 	/System/Library/Frameworks/CoreServices.framework/Versions/A/Frameworks/SearchKit.framework/Versions/A/SearchKit
0x000000000b4ae000 	/System/Library/Frameworks/CoreServices.framework/Versions/A/Frameworks/AE.framework/Versions/A/AE
0x000000000b4ae000 	/System/Library/Frameworks/CoreServices.framework/Versions/A/Frameworks/LaunchServices.framework/Versions/A/LaunchServices
0x000000000b4ae000 	/System/Library/Frameworks/CoreServices.framework/Versions/A/Frameworks/DictionaryServices.framework/Versions/A/DictionaryServices
0x000000000b4ae000 	/System/Library/Frameworks/CoreServices.framework/Versions/A/Frameworks/SharedFileList.framework/Versions/A/SharedFileList
0x000000000b4ae000 	/System/Library/Frameworks/NetFS.framework/Versions/A/NetFS
0x000000000b4ae000 	/System/Library/PrivateFrameworks/NetAuth.framework/Versions/A/NetAuth
0x000000000b4ae000 	/System/Library/PrivateFrameworks/login.framework/Versions/A/Frameworks/loginsupport.framework/Versions/A/loginsupport
0x000000000b4ae000 	/System/Library/PrivateFrameworks/TCC.framework/Versions/A/TCC
0x000000000b4ae000 	/usr/lib/libmecabra.dylib
0x000000000b4ae000 	/System/Library/Frameworks/ApplicationServices.framework/Versions/A/Frameworks/ATS.framework/Versions/A/ATS
0x000000000b4ae000 	/System/Library/Frameworks/ApplicationServices.framework/Versions/A/Frameworks/ColorSync.framework/Versions/A/ColorSync
0x000000000b4ae000 	/System/Library/Frameworks/ApplicationServices.framework/Versions/A/Frameworks/HIServices.framework/Versions/A/HIServices
0x000000000b4ae000 	/System/Library/Frameworks/ApplicationServices.framework/Versions/A/Frameworks/LangAnalysis.framework/Versions/A/LangAnalysis
0x000000000b4ae000 	/System/Library/Frameworks/ApplicationServices.framework/Versions/A/Frameworks/PrintCore.framework/Versions/A/PrintCore
0x000000000b4ae000 	/System/Library/Frameworks/ApplicationServices.framework/Versions/A/Frameworks/QD.framework/Versions/A/QD
0x000000000b4ae000 	/System/Library/Frameworks/ApplicationServices.framework/Versions/A/Frameworks/SpeechSynthesis.framework/Versions/A/SpeechSynthesis
0x000000000b4ae000 	/System/Library/Frameworks/Metal.framework/Versions/A/Metal
0x000000000b4ae000 	/System/Library/Frameworks/Accelerate.framework/Versions/A/Frameworks/vImage.framework/Versions/A/vImage
0x000000000b4ae000 	/System/Library/Frameworks/Accelerate.framework/Versions/A/Frameworks/vecLib.framework/Versions/A/vecLib
0x000000000b4ae000 	/System/Library/Frameworks/Accelerate.framework/Versions/A/Frameworks/vecLib.framework/Versions/A/libvDSP.dylib
0x000000000b4ae000 	/System/Library/Frameworks/Accelerate.framework/Versions/A/Frameworks/vecLib.framework/Versions/A/libvMisc.dylib
0x000000000b4ae000 	/System/Library/Frameworks/Accelerate.framework/Versions/A/Frameworks/vecLib.framework/Versions/A/libLAPACK.dylib
0x000000000b4ae000 	/System/Library/Frameworks/Accelerate.framework/Versions/A/Frameworks/vecLib.framework/Versions/A/libBLAS.dylib
0x000000000b4ae000 	/System/Library/Frameworks/Accelerate.framework/Versions/A/Frameworks/vecLib.framework/Versions/A/libLinearAlgebra.dylib
0x000000000b4ae000 	/System/Library/Frameworks/Accelerate.framework/Versions/A/Frameworks/vecLib.framework/Versions/A/libSparseBLAS.dylib
0x000000000b4ae000 	/System/Library/PrivateFrameworks/GPUCompiler.framework/libmetal_timestamp.dylib
0x000000000b4ae000 	/System/Library/Frameworks/OpenGL.framework/Versions/A/Libraries/libCoreFSCache.dylib
0x000000000b4ae000 	/System/Library/PrivateFrameworks/IOAccelerator.framework/Versions/A/IOAccelerator
0x000000000b4ae000 	/System/Library/Frameworks/ApplicationServices.framework/Versions/A/Frameworks/ATS.framework/Versions/A/Resources/libFontParser.dylib
0x000000000b4ae000 	/System/Library/Frameworks/ApplicationServices.framework/Versions/A/Frameworks/ATS.framework/Versions/A/Resources/libFontRegistry.dylib
0x000000000b4ae000 	/System/Library/PrivateFrameworks/AppleVPA.framework/Versions/A/AppleVPA
0x000000000b4ae000 	/System/Library/PrivateFrameworks/AppleJPEG.framework/Versions/A/AppleJPEG
0x000000000b4ae000 	/System/Library/Frameworks/ImageIO.framework/Versions/A/Resources/libJPEG.dylib
0x000000000b4ae000 	/System/Library/Frameworks/ImageIO.framework/Versions/A/Resources/libTIFF.dylib
0x000000000b4ae000 	/System/Library/Frameworks/ImageIO.framework/Versions/A/Resources/libPng.dylib
0x000000000b4ae000 	/System/Library/Frameworks/ImageIO.framework/Versions/A/Resources/libGIF.dylib
0x000000000b4ae000 	/System/Library/Frameworks/ImageIO.framework/Versions/A/Resources/libJP2.dylib
0x000000000b4ae000 	/System/Library/Frameworks/ImageIO.framework/Versions/A/Resources/libRadiance.dylib
0x000000000b4ae000 	/System/Library/Frameworks/CoreVideo.framework/Versions/A/CoreVideo
0x000000000b4ae000 	/System/Library/Frameworks/OpenGL.framework/Versions/A/Libraries/libGLU.dylib
0x000000000b4ae000 	/System/Library/Frameworks/OpenGL.framework/Versions/A/Libraries/libGFXShared.dylib
0x000000000b4ae000 	/System/Library/Frameworks/OpenGL.framework/Versions/A/Libraries/libGL.dylib
0x000000000b4ae000 	/System/Library/Frameworks/OpenGL.framework/Versions/A/Libraries/libGLImage.dylib
0x000000000b4ae000 	/System/Library/Frameworks/OpenGL.framework/Versions/A/Libraries/libCVMSPluginSupport.dylib
0x000000000b4ae000 	/System/Library/Frameworks/OpenGL.framework/Versions/A/Libraries/libCoreVMClient.dylib
0x000000000b4ae000 	/usr/lib/libcompression.dylib
0x000000000b4ae000 	/usr/lib/libcups.2.dylib
0x000000000b4ae000 	/System/Library/Frameworks/Kerberos.framework/Versions/A/Kerberos
0x000000000b4ae000 	/System/Library/Frameworks/GSS.framework/Versions/A/GSS
0x000000000b4ae000 	/usr/lib/libresolv.9.dylib
0x000000000b4ae000 	/usr/lib/libiconv.2.dylib
0x000000000b4ae000 	/System/Library/PrivateFrameworks/Heimdal.framework/Versions/A/Heimdal
0x000000000b4ae000 	/usr/lib/libheimdal-asn1.dylib
0x000000000b4ae000 	/System/Library/Frameworks/OpenDirectory.framework/Versions/A/OpenDirectory
0x000000000b4ae000 	/System/Library/PrivateFrameworks/CommonAuth.framework/Versions/A/CommonAuth
0x000000000b4ae000 	/System/Library/Frameworks/OpenDirectory.framework/Versions/A/Frameworks/CFOpenDirectory.framework/Versions/A/CFOpenDirectory
0x000000000b4ae000 	/System/Library/Frameworks/SecurityFoundation.framework/Versions/A/SecurityFoundation
0x000000000b4ae000 	/System/Library/PrivateFrameworks/LanguageModeling.framework/Versions/A/LanguageModeling
0x000000000b4ae000 	/usr/lib/libmarisa.dylib
0x000000000b4ae000 	/usr/lib/libChineseTokenizer.dylib
0x000000000b4ae000 	/usr/lib/libcmph.dylib
0x00000001097d2000 	/System/Library/Frameworks/ServiceManagement.framework/Versions/A/ServiceManagement
0x000000000b4ae000 	/usr/lib/libxslt.1.dylib
0x000000000b4ae000 	/System/Library/Frameworks/Carbon.framework/Versions/A/Frameworks/Ink.framework/Versions/A/Ink
0x000000000b4ae000 	/usr/lib/libFosl_dynamic.dylib
0x000000000b4ae000 	/System/Library/PrivateFrameworks/FaceCore.framework/Versions/A/FaceCore
0x000000000b4ae000 	/System/Library/Frameworks/OpenCL.framework/Versions/A/OpenCL
0x000000000b4ae000 	/System/Library/PrivateFrameworks/CrashReporterSupport.framework/Versions/A/CrashReporterSupport
0x000000000b4ae000 	/System/Library/PrivateFrameworks/IconServices.framework/Versions/A/IconServices
0x000000000b4ae000 	/System/Library/PrivateFrameworks/Apple80211.framework/Versions/A/Apple80211
0x000000000b4ae000 	/System/Library/Frameworks/CoreWLAN.framework/Versions/A/CoreWLAN
0x000000000b4ae000 	/System/Library/Frameworks/IOBluetooth.framework/Versions/A/IOBluetooth
0x000000000b4ae000 	/System/Library/PrivateFrameworks/CoreWiFi.framework/Versions/A/CoreWiFi
0x000000000b4ae000 	/System/Library/Frameworks/CoreBluetooth.framework/Versions/A/CoreBluetooth
0x000000000b4ae000 	/System/Library/PrivateFrameworks/ChunkingLibrary.framework/Versions/A/ChunkingLibrary
0x000000000b4ae000 	/System/Library/PrivateFrameworks/DebugSymbols.framework/Versions/A/DebugSymbols
0x000000000b4ae000 	/System/Library/PrivateFrameworks/CoreSymbolication.framework/Versions/A/CoreSymbolication
0x000000000b4ae000 	/System/Library/PrivateFrameworks/Symbolication.framework/Versions/A/Symbolication
0x000000000b4ae000 	/System/Library/PrivateFrameworks/SpeechRecognitionCore.framework/Versions/A/SpeechRecognitionCore
0x000000010a400000 	/Library/Java/JavaVirtualMachines/jdk1.8.0_92.jdk/Contents/Home/jre/lib/server/libjvm.dylib
0x000000000b4ae000 	/usr/lib/libstdc++.6.dylib
0x0000000109a37000 	/Library/Java/JavaVirtualMachines/jdk1.8.0_92.jdk/Contents/Home/jre/lib/libverify.dylib
0x0000000109a45000 	/Library/Java/JavaVirtualMachines/jdk1.8.0_92.jdk/Contents/Home/jre/lib/libjava.dylib
0x0000000109a82000 	/Library/Java/JavaVirtualMachines/jdk1.8.0_92.jdk/Contents/Home/jre/lib/libzip.dylib
0x0000000120b87000 	/System/Library/Frameworks/JavaVM.framework/Frameworks/JavaRuntimeSupport.framework/JavaRuntimeSupport
0x0000000120ba2000 	/System/Library/Frameworks/JavaVM.framework/Versions/A/Frameworks/JavaNativeFoundation.framework/Versions/A/JavaNativeFoundation
0x0000000120bb7000 	/System/Library/Frameworks/JavaVM.framework/Versions/A/JavaVM
0x000000000b4ae000 	/System/Library/Frameworks/Carbon.framework/Versions/A/Carbon
0x0000000120bc4000 	/System/Library/PrivateFrameworks/JavaLaunching.framework/Versions/A/JavaLaunching
0x000000000b4ae000 	/System/Library/Frameworks/Carbon.framework/Versions/A/Frameworks/CommonPanels.framework/Versions/A/CommonPanels
0x000000000b4ae000 	/System/Library/Frameworks/Carbon.framework/Versions/A/Frameworks/Help.framework/Versions/A/Help
0x000000000b4ae000 	/System/Library/Frameworks/Carbon.framework/Versions/A/Frameworks/ImageCapture.framework/Versions/A/ImageCapture
0x000000000b4ae000 	/System/Library/Frameworks/Carbon.framework/Versions/A/Frameworks/OpenScripting.framework/Versions/A/OpenScripting
0x000000000b4ae000 	/System/Library/Frameworks/Carbon.framework/Versions/A/Frameworks/Print.framework/Versions/A/Print
0x000000000b4ae000 	/System/Library/Frameworks/Carbon.framework/Versions/A/Frameworks/SecurityHI.framework/Versions/A/SecurityHI
0x00000001224e3000 	/Library/Java/JavaVirtualMachines/jdk1.8.0_92.jdk/Contents/Home/jre/lib/libawt.dylib
0x000000012258b000 	/Library/Java/JavaVirtualMachines/jdk1.8.0_92.jdk/Contents/Home/jre/lib/./libmlib_image.dylib
0x0000000122657000 	/Library/Java/JavaVirtualMachines/jdk1.8.0_92.jdk/Contents/Home/jre/lib/libawt_lwawt.dylib
0x000000012270c000 	/Library/Java/JavaVirtualMachines/jdk1.8.0_92.jdk/Contents/Home/jre/lib/./libosxapp.dylib
0x000000000b4ae000 	/System/Library/Frameworks/ExceptionHandling.framework/Versions/A/ExceptionHandling
0x000000000b4ae000 	/System/Library/PrivateFrameworks/CoreServicesInternal.framework/Versions/A/CoreServicesInternal
0x000000000b4ae000 	/System/Library/Frameworks/CoreGraphics.framework/Versions/A/Resources/libRIP.A.dylib
0x0000000123171000 	/System/Library/Frameworks/Accelerate.framework/Frameworks/vImage.framework/Versions/A/Libraries/libCGInterfaces.dylib
0x000000000b4ae000 	/System/Library/Frameworks/CoreGraphics.framework/Versions/A/Resources/libCGXType.A.dylib
0x000000000b4ae000 	/System/Library/Frameworks/OpenCL.framework/Versions/A/Libraries/libcldcpuengine.dylib
0x000000000b4ae000 	/System/Library/PrivateFrameworks/DiskImages.framework/Versions/A/DiskImages
0x000000000b4ae000 	/System/Library/Frameworks/DiscRecording.framework/Versions/A/DiscRecording
0x000000000b4ae000 	/usr/lib/libcsfde.dylib
0x000000000b4ae000 	/usr/lib/libcurl.4.dylib
0x000000000b4ae000 	/System/Library/PrivateFrameworks/MediaKit.framework/Versions/A/MediaKit
0x000000000b4ae000 	/System/Library/PrivateFrameworks/ProtectedCloudStorage.framework/Versions/A/ProtectedCloudStorage
0x000000000b4ae000 	/usr/lib/libCoreStorage.dylib
0x000000000b4ae000 	/System/Library/PrivateFrameworks/EFILogin.framework/Versions/A/EFILogin
0x000000000b4ae000 	/usr/lib/libutil.dylib
0x000000000b4ae000 	/System/Library/PrivateFrameworks/FindMyDevice.framework/Versions/A/FindMyDevice
0x000000000b4ae000 	/System/Library/Frameworks/LDAP.framework/Versions/A/LDAP
0x000000000b4ae000 	/usr/lib/libsasl2.2.dylib
0x000000000b4ae000 	/System/Library/PrivateFrameworks/CoreDaemon.framework/Versions/B/CoreDaemon
0x000000000b4ae000 	/usr/lib/libcrypto.0.9.8.dylib
0x000000000b4ae000 	/System/Library/PrivateFrameworks/AppleSRP.framework/Versions/A/AppleSRP
0x000000000b4ae000 	/System/Library/PrivateFrameworks/TrustEvaluationAgent.framework/Versions/A/TrustEvaluationAgent
0x0000000123e9b000 	cl_kernels
0x000000000b4ae000 	/System/Library/Frameworks/OpenCL.framework/Versions/A/Libraries/ImageFormats/unorm8_bgra.dylib
0x000000000b4ae000 	/System/Library/Frameworks/OpenCL.framework/Versions/A/Libraries/ImageFormats/unorm8_rgba.dylib
0x000000000b4ae000 	/System/Library/PrivateFrameworks/FamilyControls.framework/Versions/A/FamilyControls
0x000000000b4ae000 	/System/Library/PrivateFrameworks/CommerceKit.framework/Versions/A/Frameworks/CommerceCore.framework/Versions/A/CommerceCore
0x000000000b4ae000 	/System/Library/PrivateFrameworks/SystemAdministration.framework/Versions/A/SystemAdministration
0x000000000b4ae000 	/System/Library/PrivateFrameworks/AppContainer.framework/Versions/A/AppContainer
0x000000000b4ae000 	/System/Library/PrivateFrameworks/SecCodeWrapper.framework/Versions/A/SecCodeWrapper
0x000000000b4ae000 	/System/Library/Frameworks/DirectoryService.framework/Versions/A/DirectoryService
0x000000000b4ae000 	/System/Library/PrivateFrameworks/LoginUIKit.framework/Versions/A/Frameworks/LoginUICore.framework/Versions/A/LoginUICore
0x000000000b4ae000 	/usr/lib/libodfde.dylib
0x0000000124ed8000 	/System/Library/Frameworks/OpenGL.framework/Resources/GLEngine.bundle/GLEngine
0x000000000b4ae000 	/System/Library/Frameworks/OpenGL.framework/Versions/A/Libraries/libGLProgrammability.dylib
0x00000001250c0000 	/System/Library/Extensions/AppleIntelHD4000GraphicsGLDriver.bundle/Contents/MacOS/AppleIntelHD4000GraphicsGLDriver
0x000000000b4ae000 	/System/Library/PrivateFrameworks/GPUSupport.framework/Versions/A/Libraries/libGPUSupportMercury.dylib
0x0000000125787000 	/System/Library/Frameworks/OpenGL.framework/Resources//GLRendererFloat.bundle/GLRendererFloat
0x000000012605a000 	/Library/Java/JavaVirtualMachines/jdk1.8.0_92.jdk/Contents/Home/jre/lib/libfontmanager.dylib
0x000000012751b000 	/Library/Java/JavaVirtualMachines/jdk1.8.0_92.jdk/Contents/Home/jre/lib/libosxui.dylib
0x000000012821f000 	/Library/Java/JavaVirtualMachines/jdk1.8.0_92.jdk/Contents/Home/jre/lib/libnet.dylib
0x000000012806b000 	/Library/Java/JavaVirtualMachines/jdk1.8.0_92.jdk/Contents/Home/jre/lib/libnio.dylib
0x000000000b4ae000 	/System/Library/Frameworks/ApplicationServices.framework/Versions/A/Frameworks/ATS.framework/Versions/A/Resources/libTrueTypeScaler.dylib
0x000000017914d000 	/System/Library/Extensions/AppleIntelHD4000GraphicsMTLDriver.bundle/Contents/MacOS/AppleIntelHD4000GraphicsMTLDriver
0x0000000123483000 	/private/var/folders/yd/w0h308490sjfy_hf_nbsv22h0000gn/T/jogamp_0000/file_cache/jln1248232703955369487/jln4354274622621765194/libgluegen-rt.jnilib
0x0000000123488000 	/private/var/folders/yd/w0h308490sjfy_hf_nbsv22h0000gn/T/jogamp_0000/file_cache/jln1248232703955369487/jln4354274622621765194/libnativewindow_awt.jnilib
0x000000012720c000 	/Library/Java/JavaVirtualMachines/jdk1.8.0_92.jdk/Contents/Home/jre/lib/libjawt.dylib
0x0000000179099000 	/private/var/folders/yd/w0h308490sjfy_hf_nbsv22h0000gn/T/jogamp_0000/file_cache/jln1248232703955369487/jln4354274622621765194/libnativewindow_macosx.jnilib
0x000000017ac51000 	/private/var/folders/yd/w0h308490sjfy_hf_nbsv22h0000gn/T/jogamp_0000/file_cache/jln1248232703955369487/jln4354274622621765194/libjogl_desktop.jnilib
0x0000000180009000 	/Library/Java/JavaVirtualMachines/jdk1.8.0_92.jdk/Contents/Home/jre/lib/libjpeg.dylib
0x000000018007f000 	/Library/Java/JavaVirtualMachines/jdk1.8.0_92.jdk/Contents/Home/jre/lib/libt2k.dylib

VM Arguments:
jvm_args: -Djava.security.policy=java.policy.applet -Dfile.encoding=UTF-8 
java_command: sun.applet.AppletViewer module3.EarthquakeCityMap1473731108488.html
java_class_path (initial): /Users/AndrewYou/Documents/workspace/UCSDUnfoldingMaps/build:/Users/AndrewYou/Documents/workspace/UCSDUnfoldingMaps/lib/core.jar:/Users/AndrewYou/Documents/workspace/UCSDUnfoldingMaps/lib/gluegen-rt.jar:/Users/AndrewYou/Documents/workspace/UCSDUnfoldingMaps/lib/jogl-all.jar:/Users/AndrewYou/Documents/workspace/UCSDUnfoldingMaps/lib/log4j-1.2.15.jar:/Users/AndrewYou/Documents/workspace/UCSDUnfoldingMaps/lib/sqlite-jdbc-3.7.2.jar:/Users/AndrewYou/Documents/workspace/UCSDUnfoldingMaps/lib/json4processing.jar:/Users/AndrewYou/Documents/workspace/UCSDUnfoldingMaps/lib/libTUIO.jar:/Users/AndrewYou/Documents/workspace/UCSDUnfoldingMaps/lib/unfolding.0.9.7-uscd.jar
Launcher Type: SUN_STANDARD

Environment Variables:
PATH=/usr/bin:/bin:/usr/sbin:/sbin
SHELL=/bin/bash

Signal Handlers:
SIGSEGV: [libjvm.dylib+0x5aa779], sa_mask[0]=11111111011111110111111111111111, sa_flags=SA_ONSTACK|SA_RESTART|SA_SIGINFO
SIGBUS: [libjvm.dylib+0x5aa779], sa_mask[0]=11111111011111110111111111111111, sa_flags=SA_RESTART|SA_SIGINFO
SIGFPE: [libjvm.dylib+0x4831d0], sa_mask[0]=11111111011111110111111111111111, sa_flags=SA_RESTART|SA_SIGINFO
SIGPIPE: [libjvm.dylib+0x4831d0], sa_mask[0]=11111111011111110111111111111111, sa_flags=SA_RESTART|SA_SIGINFO
SIGXFSZ: [libjvm.dylib+0x4831d0], sa_mask[0]=11111111011111110111111111111111, sa_flags=SA_RESTART|SA_SIGINFO
SIGILL: [libjvm.dylib+0x4831d0], sa_mask[0]=11111111011111110111111111111111, sa_flags=SA_RESTART|SA_SIGINFO
SIGUSR1: SIG_DFL, sa_mask[0]=00000000000000000000000000000000, sa_flags=none
SIGUSR2: [libjvm.dylib+0x482cee], sa_mask[0]=00100000000000000000000000000000, sa_flags=SA_RESTART|SA_SIGINFO
SIGHUP: [libjvm.dylib+0x4812c5], sa_mask[0]=11111111011111110111111111111111, sa_flags=SA_RESTART|SA_SIGINFO
SIGINT: [libjvm.dylib+0x4812c5], sa_mask[0]=11111111011111110111111111111111, sa_flags=SA_RESTART|SA_SIGINFO
SIGTERM: [libjvm.dylib+0x4812c5], sa_mask[0]=11111111011111110111111111111111, sa_flags=SA_RESTART|SA_SIGINFO
SIGQUIT: [libjvm.dylib+0x4812c5], sa_mask[0]=11111111011111110111111111111111, sa_flags=SA_RESTART|SA_SIGINFO


---------------  S Y S T E M  ---------------

OS:Bsduname:Darwin 15.6.0 Darwin Kernel Version 15.6.0: Thu Jun 23 18:25:34 PDT 2016; root:xnu-3248.60.10~1/RELEASE_X86_64 x86_64
rlimit: STACK 8192k, CORE 0k, NPROC 709, NOFILE 10240, AS infinity
load average:2.13 2.12 1.91

CPU:total 4 (2 cores per cpu, 2 threads per core) family 6 model 58 stepping 9, cmov, cx8, fxsr, mmx, sse, sse2, sse3, ssse3, sse4.1, sse4.2, popcnt, avx, aes, clmul, erms, ht, tsc, tscinvbit, tscinv

Memory: 4k page, physical 8388608k(70544k free)

/proc/meminfo:


vm_info: Java HotSpot(TM) 64-Bit Server VM (25.92-b14) for bsd-amd64 JRE (1.8.0_92-b14), built on Mar 31 2016 21:23:14 by "java_re" with gcc 4.2.1 (Based on Apple Inc. build 5658) (LLVM build 2336.11.00)

time: Mon Sep 12 21:45:16 2016
elapsed time: 8 seconds (0d 0h 0m 8s)

