#
# A fatal error has been detected by the Java Runtime Environment:
#
#  SIGSEGV (0xb) at pc=0x00007fff924db4dd, pid=18548, tid=0x0000000000000a0b
#
# JRE version: Java(TM) SE Runtime Environment (8.0_101-b13) (build 1.8.0_101-b13)
# Java VM: Java HotSpot(TM) 64-Bit Server VM (25.101-b13 mixed mode bsd-amd64 compressed oops)
# Problematic frame:
# C  [libobjc.A.dylib+0x14dd]  objc_msgSend+0x1d
#
# Failed to write core dump. Core dumps have been disabled. To enable core dumping, try "ulimit -c unlimited" before starting Java again
#
# If you would like to submit a bug report, please visit:
#   http://bugreport.java.com/bugreport/crash.jsp
# The crash happened outside the Java Virtual Machine in native code.
# See problematic frame for where to report the bug.
#

---------------  T H R E A D  ---------------

Current thread (0x00007fa0538ff800):  JavaThread "AWT-AppKit" daemon [_thread_in_native, id=2571, stack(0x00007fff5d9dc000,0x00007fff5e1dc000)]

siginfo: si_signo: 11 (SIGSEGV), si_code: 1 (SEGV_MAPERR), si_addr: 0x0000000000000018

Registers:
RAX=0x00007fa05730d090, RBX=0x000000011bfcd450, RCX=0x000000011fb58fe0, RDX=0x000000011fb58cc0
RSP=0x00007fff5e1d7368, RBP=0x00007fff5e1d7420, RSI=0x00007fff931d7cbe, RDI=0x00007fa057217780
R8 =0x0000000000000000, R9 =0x00000000000008b0, R10=0x00007fff931d7cbe, R11=0x0000000000000000
R12=0x0000000000000000, R13=0x00000001738d44e8, R14=0x000000011bfcd440, R15=0x00007fa0538ff800
RIP=0x00007fff924db4dd, EFLAGS=0x0000000000010246, ERR=0x0000000000000004
  TRAPNO=0x000000000000000e

Top of Stack: (sp=0x00007fff5e1d7368)
0x00007fff5e1d7368:   000000011bfcb157 00007fff5e1d73c0
0x00007fff5e1d7378:   0000000000000003 00007fff5e1d73a0
0x00007fff5e1d7388:   0000000102ff28e6 00000001738d44e8
0x00007fff5e1d7398:   00000001738d44e8 00007fa05730d090
0x00007fff5e1d73a8:   000000011bfcd6a0 000000011bfcd710
0x00007fff5e1d73b8:   00007fff7a775770 00007fff7d5f9500
0x00007fff5e1d73c8:   000000011bfcd450 000000011bfcd690
0x00007fff5e1d73d8:   00007fa05730d090 00007fa057217780
0x00007fff5e1d73e8:   00007fa052f3d500 00007fa05730d090
0x00007fff5e1d73f8:   00007fa057217780 00007fff5e1d74a8
0x00007fff5e1d7408:   00007fa0538ff9f8 00000001738d44e8
0x00007fff5e1d7418:   00007fff5e1d74d0 00007fff5e1d7498
0x00007fff5e1d7428:   0000000103db49d4 00000001738d44e8
0x00007fff5e1d7438:   00007fff5e1d74d0 00007fff5e1d7498
0x00007fff5e1d7448:   0000000103db4767 0000000103db4722
0x00007fff5e1d7458:   00007fff5e1d7458 00000001738d44e8
0x00007fff5e1d7468:   00007fff5e1d74d0 00000001738d7120
0x00007fff5e1d7478:   0000000000000000 00000001738d44e8
0x00007fff5e1d7488:   0000000000000000 00007fff5e1d74b8
0x00007fff5e1d7498:   00007fff5e1d7518 0000000103da52bd
0x00007fff5e1d74a8:   0000000740e34660 0000000103dae538
0x00007fff5e1d74b8:   00007fa05730d090 00007fff5e1d7518
0x00007fff5e1d74c8:   00007fa057217780 0000000103dafe02
0x00007fff5e1d74d8:   00007fff5e1d74d8 00000001738d46b2
0x00007fff5e1d74e8:   00007fff5e1d7540 00000001738d7120
0x00007fff5e1d74f8:   0000000000000000 00000001738d46c0
0x00007fff5e1d7508:   00007fff5e1d74b8 00007fff5e1d7528
0x00007fff5e1d7518:   00007fff5e1d7588 0000000103da52bd
0x00007fff5e1d7528:   00007fa05730d090 0000000740dee4e8
0x00007fff5e1d7538:   00007fa057217780 0000000740dee4e8
0x00007fff5e1d7548:   00007fff5e1d7548 000000017a10dc66
0x00007fff5e1d7558:   00007fff5e1d7598 000000017a10dd20 

Instructions: (pc=0x00007fff924db4dd)
0x00007fff924db4bd:   44 00 00 48 85 ff 2e 74 62 40 f6 c7 01 2e 75 66
0x00007fff924db4cd:   49 bb f8 ff ff ff ff 7f 00 00 4c 23 1f 49 89 f2
0x00007fff924db4dd:   45 23 53 18 49 c1 e2 04 4d 03 53 10 49 3b 32 75
0x00007fff924db4ed:   04 41 ff 62 08 49 83 3a 01 76 0d 49 83 c2 10 49 

Register to memory mapping:

RAX=0x00007fa05730d090 is an unknown value
RBX=0x000000011bfcd450: Java_jogamp_nativewindow_macosx_OSXUtil_GetScreenRefreshRate0+0x1cf0 in /private/var/folders/yd/w0h308490sjfy_hf_nbsv22h0000gn/T/jogamp_0000/file_cache/jln8541559585308272077/jln5313067425398197622/libnativewindow_macosx.jnilib at 0x000000011bfc6000
RCX=0x000000011fb58fe0 is an unknown value
RDX=0x000000011fb58cc0 is an unknown value
RSP=0x00007fff5e1d7368 is pointing into the stack for thread: 0x00007fa0538ff800
RBP=0x00007fff5e1d7420 is pointing into the stack for thread: 0x00007fa0538ff800
RSI=0x00007fff931d7cbe is an unknown value
RDI=0x00007fa057217780 is an unknown value
R8 =0x0000000000000000 is an unknown value
R9 =0x00000000000008b0 is an unknown value
R10=0x00007fff931d7cbe is an unknown value
R11=0x0000000000000000 is an unknown value
R12=0x0000000000000000 is an unknown value
R13={method} {0x00000001738d44e8} 'UnsetJAWTRootSurfaceLayer0' '(JJ)V' in 'jogamp/nativewindow/jawt/macosx/MacOSXJAWTWindow'
R14=0x000000011bfcd440: Java_jogamp_nativewindow_macosx_OSXUtil_GetScreenRefreshRate0+0x1ce0 in /private/var/folders/yd/w0h308490sjfy_hf_nbsv22h0000gn/T/jogamp_0000/file_cache/jln8541559585308272077/jln5313067425398197622/libnativewindow_macosx.jnilib at 0x000000011bfc6000
R15=0x00007fa0538ff800 is a thread


Stack: [0x00007fff5d9dc000,0x00007fff5e1dc000],  sp=0x00007fff5e1d7368,  free space=8172k
Native frames: (J=compiled Java code, j=interpreted, Vv=VM code, C=native code)
C  [libobjc.A.dylib+0x14dd]  objc_msgSend+0x1d
j  jogamp.nativewindow.jawt.macosx.MacOSXJAWTWindow.UnsetJAWTRootSurfaceLayer0(JJ)V+0
j  jogamp.nativewindow.jawt.macosx.MacOSXJAWTWindow.access$200(JJ)V+2
j  jogamp.nativewindow.jawt.macosx.MacOSXJAWTWindow$1.run()V+38
J 2460 C1 com.jogamp.common.util.RunnableTask.run()V (345 bytes) @ 0x0000000104537614 [0x0000000104537480+0x194]
v  ~StubRoutines::call_stub
V  [libjvm.dylib+0x2ecf06]
V  [libjvm.dylib+0x324111]
V  [libjvm.dylib+0x3168df]
C  [libnativewindow_macosx.jnilib+0x5326]  Java_jogamp_nativewindow_jawt_macosx_MacOSXJAWTWindow_UnsetJAWTRootSurfaceLayer0+0x2b6
C  [Foundation+0x76fde]  __NSThreadPerformPerform+0x117
C  [CoreFoundation+0xaa881]  __CFRUNLOOP_IS_CALLING_OUT_TO_A_SOURCE0_PERFORM_FUNCTION__+0x11
C  [CoreFoundation+0x89f37]  __CFRunLoopDoSources0+0x1a7
C  [CoreFoundation+0x894df]  __CFRunLoopRun+0x39f
C  [CoreFoundation+0x88ed8]  CFRunLoopRunSpecific+0x128
C  [HIToolbox+0x30935]  RunCurrentEventLoopInMode+0xeb
C  [HIToolbox+0x30677]  ReceiveNextEventCommon+0xb8
C  [HIToolbox+0x305af]  _BlockUntilNextEventMatchingListInModeWithFilter+0x47
C  [AppKit+0x48df6]  _DPSNextEvent+0x42b
C  [AppKit+0x48226]  -[NSApplication _nextEventMatchingEventMask:untilDate:inMode:dequeue:]+0x1c6
C  [libosxapp.dylib+0x23aa]  -[NSApplicationAWT nextEventMatchingMask:untilDate:inMode:dequeue:]+0x7c
C  [AppKit+0x3cd80]  -[NSApplication run]+0x2aa
C  [libosxapp.dylib+0x214d]  +[NSApplicationAWT runAWTLoopWithApp:]+0x9c
C  [libawt_lwawt.dylib+0x444b3]  -[AWTStarter starter:]+0x389
C  [Foundation+0x76fde]  __NSThreadPerformPerform+0x117
C  [CoreFoundation+0xaa881]  __CFRUNLOOP_IS_CALLING_OUT_TO_A_SOURCE0_PERFORM_FUNCTION__+0x11
C  [CoreFoundation+0x89fbc]  __CFRunLoopDoSources0+0x22c
C  [CoreFoundation+0x894df]  __CFRunLoopRun+0x39f
C  [CoreFoundation+0x88ed8]  CFRunLoopRunSpecific+0x128
C  [java+0x6465]  CreateExecutionEnvironment+0x367
C  [java+0x218c]  JLI_Launch+0x7a0
C  [java+0x84c2]  main+0x65
C  [java+0x19e4]  start+0x34
C  0x0000000000000007

Java frames: (J=compiled Java code, j=interpreted, Vv=VM code)
j  jogamp.nativewindow.jawt.macosx.MacOSXJAWTWindow.UnsetJAWTRootSurfaceLayer0(JJ)V+0
j  jogamp.nativewindow.jawt.macosx.MacOSXJAWTWindow.access$200(JJ)V+2
j  jogamp.nativewindow.jawt.macosx.MacOSXJAWTWindow$1.run()V+38
J 2460 C1 com.jogamp.common.util.RunnableTask.run()V (345 bytes) @ 0x0000000104537614 [0x0000000104537480+0x194]
v  ~StubRoutines::call_stub

---------------  P R O C E S S  ---------------

Java Threads: ( => current thread )
  0x00007fa054091800 JavaThread "Thread-89" [_thread_blocked, id=67671, stack(0x0000700000932000,0x0000700000a32000)]
  0x00007fa0540ba000 JavaThread "Image Fetcher 2" daemon [_thread_blocked, id=66139, stack(0x0000700001f80000,0x0000700002080000)]
  0x00007fa0594b8800 JavaThread "Image Fetcher 1" daemon [_thread_blocked, id=13319, stack(0x0000700001e7d000,0x0000700001f7d000)]
  0x00007fa053f40000 JavaThread "Image Fetcher 0" daemon [_thread_blocked, id=21575, stack(0x0000700001d7a000,0x0000700001e7a000)]
  0x00007fa054dfc800 JavaThread "Keep-Alive-Timer" daemon [_thread_blocked, id=66571, stack(0x0000700001c77000,0x0000700001d77000)]
  0x00007fa054c1d800 JavaThread "AWT-EventQueue-1" [_thread_in_native, id=59179, stack(0x00007000018eb000,0x00007000019eb000)]
  0x00007fa054002800 JavaThread "DestroyJavaVM" [_thread_blocked, id=5891, stack(0x000070000011a000,0x000070000021a000)]
  0x00007fa0539fe000 JavaThread "AWT-EventQueue-0" [_thread_blocked, id=56323, stack(0x00007000016e5000,0x00007000017e5000)]
  0x00007fa054a3e000 JavaThread "Java2D Disposer" daemon [_thread_blocked, id=52995, stack(0x000070000145c000,0x000070000155c000)]
  0x00007fa05411e000 JavaThread "Java2D Queue Flusher" daemon [_thread_blocked, id=49927, stack(0x0000700001359000,0x0000700001459000)]
  0x00007fa0540a7800 JavaThread "AWT-Shutdown" [_thread_blocked, id=29459, stack(0x0000700001150000,0x0000700001250000)]
=>0x00007fa0538ff800 JavaThread "AWT-AppKit" daemon [_thread_in_native, id=2571, stack(0x00007fff5d9dc000,0x00007fff5e1dc000)]
  0x00007fa054831800 JavaThread "Service Thread" daemon [_thread_blocked, id=18691, stack(0x0000700000e44000,0x0000700000f44000)]
  0x00007fa053821000 JavaThread "C1 CompilerThread2" daemon [_thread_blocked, id=18179, stack(0x0000700000d41000,0x0000700000e41000)]
  0x00007fa054849800 JavaThread "C2 CompilerThread1" daemon [_thread_blocked, id=17667, stack(0x0000700000c3e000,0x0000700000d3e000)]
  0x00007fa054849000 JavaThread "C2 CompilerThread0" daemon [_thread_blocked, id=17155, stack(0x0000700000b3b000,0x0000700000c3b000)]
  0x00007fa054802800 JavaThread "Signal Dispatcher" daemon [_thread_blocked, id=12815, stack(0x0000700000a38000,0x0000700000b38000)]
  0x00007fa053820000 JavaThread "Finalizer" daemon [_thread_blocked, id=12291, stack(0x000070000082f000,0x000070000092f000)]
  0x00007fa05381d800 JavaThread "Reference Handler" daemon [_thread_blocked, id=11779, stack(0x000070000072c000,0x000070000082c000)]

Other Threads:
  0x00007fa053818800 VMThread [stack: 0x0000700000629000,0x0000700000729000] [id=11267]
  0x00007fa05400e000 WatcherThread [stack: 0x0000700000f47000,0x0000700001047000] [id=19203]

VM state:not at safepoint (normal execution)

VM Mutex/Monitor currently owned by a thread: None

Heap:
 PSYoungGen      total 68608K, used 39108K [0x0000000795580000, 0x000000079ae00000, 0x00000007c0000000)
  eden space 60928K, 57% used [0x0000000795580000,0x00000007977cd2c0,0x0000000799100000)
  from space 7680K, 51% used [0x000000079a680000,0x000000079aa64110,0x000000079ae00000)
  to   space 14848K, 0% used [0x0000000799100000,0x0000000799100000,0x0000000799f80000)
 ParOldGen       total 72192K, used 31801K [0x0000000740000000, 0x0000000744680000, 0x0000000795580000)
  object space 72192K, 44% used [0x0000000740000000,0x0000000741f0e728,0x0000000744680000)
 Metaspace       used 21369K, capacity 21535K, committed 21808K, reserved 1069056K
  class space    used 2051K, capacity 2112K, committed 2176K, reserved 1048576K

Card table byte_map: [0x000000011315d000,0x000000011355e000] byte_map_base: 0x000000010f75d000

Marking Bits: (ParMarkBitMap*) 0x00000001036edd20
 Begin Bits: [0x0000000113809000, 0x0000000115809000)
 End Bits:   [0x0000000115809000, 0x0000000117809000)

Polling page: 0x0000000102573000

CodeCache: size=245760Kb used=9729Kb max_used=9742Kb free=236030Kb
 bounds [0x0000000103d9d000, 0x000000010473d000, 0x0000000112d9d000]
 total_blobs=3647 nmethods=2754 adapters=806
 compilation: enabled

Compilation events (10 events):
Event: 47.472 Thread 0x00007fa054849000 nmethod 3234 0x00000001043d9350 code [0x00000001043d94c0, 0x00000001043d9798]
Event: 48.106 Thread 0x00007fa053821000 3235       3       sun.java2d.SunGraphics2D::setColor (108 bytes)
Event: 48.106 Thread 0x00007fa053821000 nmethod 3235 0x0000000104424750 code [0x00000001044248e0, 0x0000000104424e18]
Event: 48.136 Thread 0x00007fa053821000 3236       1       sun.java2d.SurfaceData::isValid (5 bytes)
Event: 48.136 Thread 0x00007fa053821000 nmethod 3236 0x0000000104192a50 code [0x0000000104192ba0, 0x0000000104192cb0]
Event: 48.137 Thread 0x00007fa053821000 3237       3       sun.net.www.protocol.jar.Handler::parseContextSpec (154 bytes)
Event: 48.139 Thread 0x00007fa053821000 nmethod 3237 0x000000010460c3d0 code [0x000000010460c7c0, 0x000000010460eea8]
Event: 48.139 Thread 0x00007fa053821000 3238       3       sun.net.www.ParseUtil::canonizeString (195 bytes)
Event: 48.140 Thread 0x00007fa053821000 nmethod 3238 0x0000000104608c10 code [0x0000000104608fe0, 0x000000010460b428]
Event: 48.144 Thread 0x00007fa054849000 3239  s!   4       sun.misc.URLClassPath::getLoader (197 bytes)

GC Heap History (10 events):
Event: 20.005 GC heap before
{Heap before GC invocations=11 (full 1):
 PSYoungGen      total 64512K, used 64464K [0x0000000795580000, 0x000000079b580000, 0x00000007c0000000)
  eden space 50688K, 100% used [0x0000000795580000,0x0000000798700000,0x0000000798700000)
  from space 13824K, 99% used [0x0000000798700000,0x0000000799474380,0x0000000799480000)
  to   space 15360K, 0% used [0x000000079a680000,0x000000079a680000,0x000000079b580000)
 ParOldGen       total 72192K, used 19200K [0x0000000740000000, 0x0000000744680000, 0x0000000795580000)
  object space 72192K, 26% used [0x0000000740000000,0x00000007412c0328,0x0000000744680000)
 Metaspace       used 21233K, capacity 21407K, committed 21808K, reserved 1069056K
  class space    used 2043K, capacity 2112K, committed 2176K, reserved 1048576K
Event: 20.010 GC heap after
Heap after GC invocations=11 (full 1):
 PSYoungGen      total 77824K, used 6816K [0x0000000795580000, 0x000000079b280000, 0x00000007c0000000)
  eden space 65536K, 0% used [0x0000000795580000,0x0000000795580000,0x0000000799580000)
  from space 12288K, 55% used [0x000000079a680000,0x000000079ad281a0,0x000000079b280000)
  to   space 14848K, 0% used [0x0000000799580000,0x0000000799580000,0x000000079a400000)
 ParOldGen       total 72192K, used 27649K [0x0000000740000000, 0x0000000744680000, 0x0000000795580000)
  object space 72192K, 38% used [0x0000000740000000,0x0000000741b00628,0x0000000744680000)
 Metaspace       used 21233K, capacity 21407K, committed 21808K, reserved 1069056K
  class space    used 2043K, capacity 2112K, committed 2176K, reserved 1048576K
}
Event: 26.422 GC heap before
{Heap before GC invocations=12 (full 1):
 PSYoungGen      total 77824K, used 72352K [0x0000000795580000, 0x000000079b280000, 0x00000007c0000000)
  eden space 65536K, 100% used [0x0000000795580000,0x0000000799580000,0x0000000799580000)
  from space 12288K, 55% used [0x000000079a680000,0x000000079ad281a0,0x000000079b280000)
  to   space 14848K, 0% used [0x0000000799580000,0x0000000799580000,0x000000079a400000)
 ParOldGen       total 72192K, used 27649K [0x0000000740000000, 0x0000000744680000, 0x0000000795580000)
  object space 72192K, 38% used [0x0000000740000000,0x0000000741b00628,0x0000000744680000)
 Metaspace       used 21274K, capacity 21471K, committed 21808K, reserved 1069056K
  class space    used 2043K, capacity 2112K, committed 2176K, reserved 1048576K
Event: 26.425 GC heap after
Heap after GC invocations=12 (full 1):
 PSYoungGen      total 80384K, used 2688K [0x0000000795580000, 0x000000079c400000, 0x00000007c0000000)
  eden space 65536K, 0% used [0x0000000795580000,0x0000000795580000,0x0000000799580000)
  from space 14848K, 18% used [0x0000000799580000,0x00000007998200a0,0x000000079a400000)
  to   space 15360K, 0% used [0x000000079b500000,0x000000079b500000,0x000000079c400000)
 ParOldGen       total 72192K, used 31785K [0x0000000740000000, 0x0000000744680000, 0x0000000795580000)
  object space 72192K, 44% used [0x0000000740000000,0x0000000741f0a728,0x0000000744680000)
 Metaspace       used 21274K, capacity 21471K, committed 21808K, reserved 1069056K
  class space    used 2043K, capacity 2112K, committed 2176K, reserved 1048576K
}
Event: 32.937 GC heap before
{Heap before GC invocations=13 (full 1):
 PSYoungGen      total 80384K, used 68224K [0x0000000795580000, 0x000000079c400000, 0x00000007c0000000)
  eden space 65536K, 100% used [0x0000000795580000,0x0000000799580000,0x0000000799580000)
  from space 14848K, 18% used [0x0000000799580000,0x00000007998200a0,0x000000079a400000)
  to   space 15360K, 0% used [0x000000079b500000,0x000000079b500000,0x000000079c400000)
 ParOldGen       total 72192K, used 31785K [0x0000000740000000, 0x0000000744680000, 0x0000000795580000)
  object space 72192K, 44% used [0x0000000740000000,0x0000000741f0a728,0x0000000744680000)
 Metaspace       used 21281K, capacity 21471K, committed 21808K, reserved 1069056K
  class space    used 2043K, capacity 2112K, committed 2176K, reserved 1048576K
Event: 32.939 GC heap after
Heap after GC invocations=13 (full 1):
 PSYoungGen      total 67072K, used 2720K [0x0000000795580000, 0x000000079b800000, 0x00000007c0000000)
  eden space 64000K, 0% used [0x0000000795580000,0x0000000795580000,0x0000000799400000)
  from space 3072K, 88% used [0x000000079b500000,0x000000079b7a80a0,0x000000079b800000)
  to   space 15360K, 0% used [0x0000000799a00000,0x0000000799a00000,0x000000079a900000)
 ParOldGen       total 72192K, used 31793K [0x0000000740000000, 0x0000000744680000, 0x0000000795580000)
  object space 72192K, 44% used [0x0000000740000000,0x0000000741f0c728,0x0000000744680000)
 Metaspace       used 21281K, capacity 21471K, committed 21808K, reserved 1069056K
  class space    used 2043K, capacity 2112K, committed 2176K, reserved 1048576K
}
Event: 40.004 GC heap before
{Heap before GC invocations=14 (full 1):
 PSYoungGen      total 67072K, used 66720K [0x0000000795580000, 0x000000079b800000, 0x00000007c0000000)
  eden space 64000K, 100% used [0x0000000795580000,0x0000000799400000,0x0000000799400000)
  from space 3072K, 88% used [0x000000079b500000,0x000000079b7a80a0,0x000000079b800000)
  to   space 15360K, 0% used [0x0000000799a00000,0x0000000799a00000,0x000000079a900000)
 ParOldGen       total 72192K, used 31793K [0x0000000740000000, 0x0000000744680000, 0x0000000795580000)
  object space 72192K, 44% used [0x0000000740000000,0x0000000741f0c728,0x0000000744680000)
 Metaspace       used 21282K, capacity 21471K, committed 21808K, reserved 1069056K
  class space    used 2043K, capacity 2112K, committed 2176K, reserved 1048576K
Event: 40.005 GC heap after
Heap after GC invocations=14 (full 1):
 PSYoungGen      total 65536K, used 2688K [0x0000000795580000, 0x000000079b580000, 0x00000007c0000000)
  eden space 62464K, 0% used [0x0000000795580000,0x0000000795580000,0x0000000799280000)
  from space 3072K, 87% used [0x0000000799a00000,0x0000000799ca00a0,0x0000000799d00000)
  to   space 15360K, 0% used [0x000000079a680000,0x000000079a680000,0x000000079b580000)
 ParOldGen       total 72192K, used 31793K [0x0000000740000000, 0x0000000744680000, 0x0000000795580000)
  object space 72192K, 44% used [0x0000000740000000,0x0000000741f0c728,0x0000000744680000)
 Metaspace       used 21282K, capacity 21471K, committed 21808K, reserved 1069056K
  class space    used 2043K, capacity 2112K, committed 2176K, reserved 1048576K
}
Event: 45.646 GC heap before
{Heap before GC invocations=15 (full 1):
 PSYoungGen      total 65536K, used 65151K [0x0000000795580000, 0x000000079b580000, 0x00000007c0000000)
  eden space 62464K, 99% used [0x0000000795580000,0x000000079927fc00,0x0000000799280000)
  from space 3072K, 87% used [0x0000000799a00000,0x0000000799ca00a0,0x0000000799d00000)
  to   space 15360K, 0% used [0x000000079a680000,0x000000079a680000,0x000000079b580000)
 ParOldGen       total 72192K, used 31793K [0x0000000740000000, 0x0000000744680000, 0x0000000795580000)
  object space 72192K, 44% used [0x0000000740000000,0x0000000741f0c728,0x0000000744680000)
 Metaspace       used 21330K, capacity 21535K, committed 21808K, reserved 1069056K
  class space    used 2044K, capacity 2112K, committed 2176K, reserved 1048576K
Event: 45.649 GC heap after
Heap after GC invocations=15 (full 1):
 PSYoungGen      total 68608K, used 3984K [0x0000000795580000, 0x000000079ae00000, 0x00000007c0000000)
  eden space 60928K, 0% used [0x0000000795580000,0x0000000795580000,0x0000000799100000)
  from space 7680K, 51% used [0x000000079a680000,0x000000079aa64110,0x000000079ae00000)
  to   space 14848K, 0% used [0x0000000799100000,0x0000000799100000,0x0000000799f80000)
 ParOldGen       total 72192K, used 31801K [0x0000000740000000, 0x0000000744680000, 0x0000000795580000)
  object space 72192K, 44% used [0x0000000740000000,0x0000000741f0e728,0x0000000744680000)
 Metaspace       used 21330K, capacity 21535K, committed 21808K, reserved 1069056K
  class space    used 2044K, capacity 2112K, committed 2176K, reserved 1048576K
}

Deoptimization events (10 events):
Event: 47.803 Thread 0x00007fa0538ff800 Uncommon trap: reason=unstable_if action=reinterpret pc=0x0000000104425564 method=sun.java2d.pipe.Region.contains(II)Z @ 21
Event: 48.102 Thread 0x00007fa054c1d800 Uncommon trap: reason=class_check action=maybe_recompile pc=0x00000001046b95c8 method=java.awt.EventQueue.coalesceEvent(Ljava/awt/AWTEvent;I)Z @ 32
Event: 48.104 Thread 0x00007fa054c1d800 Uncommon trap: reason=unstable_if action=reinterpret pc=0x00000001046d6afc method=java.awt.EventQueue.isDispatchThreadImpl()Z @ 65
Event: 48.104 Thread 0x00007fa0539fe000 Uncommon trap: reason=unstable_if action=reinterpret pc=0x00000001046b8ec4 method=java.awt.EventQueue.getPriority(Ljava/awt/AWTEvent;)I @ 71
Event: 48.105 Thread 0x00007fa054c1d800 Uncommon trap: reason=unstable_if action=reinterpret pc=0x00000001046d24fc method=java.awt.EventQueue.uncacheEQItem(Lsun/awt/EventQueueItem;)V @ 23
Event: 48.105 Thread 0x00007fa0539fe000 Uncommon trap: reason=unstable_if action=reinterpret pc=0x00000001046f0b94 method=sun.java2d.pipe.Region.intersectsQuickCheck(Lsun/java2d/pipe/Region;)Z @ 41
Event: 48.135 Thread 0x00007fa053993800 Uncommon trap: reason=unstable_if action=reinterpret pc=0x00000001043c0f54 method=java.util.HashMap.putVal(ILjava/lang/Object;Ljava/lang/Object;ZZ)Ljava/lang/Object; @ 81
Event: 48.146 Thread 0x00007fa054c1d800 Uncommon trap: reason=unstable_if action=reinterpret pc=0x00000001046d4b58 method=java.util.LinkedList$ListItr.<init>(Ljava/util/LinkedList;I)V @ 26
Event: 48.146 Thread 0x00007fa054c1d800 Uncommon trap: reason=unstable_if action=reinterpret pc=0x00000001045ec4a4 method=java.security.AccessControlContext.optimize()Ljava/security/AccessControlContext; @ 233
Event: 48.147 Thread 0x00007fa054c1d800 Uncommon trap: reason=unstable_if action=reinterpret pc=0x00000001046d5e44 method=java.util.LinkedList$ListItr.<init>(Ljava/util/LinkedList;I)V @ 26

Internal exceptions (10 events):
Event: 0.131 Thread 0x00007fa054002800 Exception <a 'java/lang/NoSuchFieldError': method resolution failed> (0x0000000795785f98) thrown at [/HUDSON3/workspace/8-2-build-macosx-x86_64/jdk8u101/7261/hotspot/src/share/vm/prims/methodHandles.cpp, line 1146]
Event: 0.133 Thread 0x00007fa054002800 Exception <a 'java/lang/NoSuchFieldError': method resolution failed> (0x0000000795793768) thrown at [/HUDSON3/workspace/8-2-build-macosx-x86_64/jdk8u101/7261/hotspot/src/share/vm/prims/methodHandles.cpp, line 1146]
Event: 0.288 Thread 0x00007fa054002800 Exception <a 'java/io/FileNotFoundException'> (0x000000079580ed30) thrown at [/HUDSON3/workspace/8-2-build-macosx-x86_64/jdk8u101/7261/hotspot/src/share/vm/prims/jni.cpp, line 709]
Event: 0.288 Thread 0x00007fa054002800 Exception <a 'java/io/FileNotFoundException'> (0x000000079580f8b8) thrown at [/HUDSON3/workspace/8-2-build-macosx-x86_64/jdk8u101/7261/hotspot/src/share/vm/prims/jni.cpp, line 709]
Event: 0.389 Thread 0x00007fa054002800 Exception <a 'java/io/FileNotFoundException'> (0x000000079594b2a0) thrown at [/HUDSON3/workspace/8-2-build-macosx-x86_64/jdk8u101/7261/hotspot/src/share/vm/prims/jni.cpp, line 709]
Event: 1.785 Thread 0x00007fa053b8f000 Exception <a 'java/lang/UnsatisfiedLinkError': com.jogamp.common.util.JarUtil.fixNativeLibAttribs(Ljava/lang/String;)Z> (0x0000000796a83f98) thrown at [/HUDSON3/workspace/8-2-build-macosx-x86_64/jdk8u101/7261/hotspot/src/share/vm/prims/nativeLookup.cpp, l
Event: 2.130 Thread 0x00007fa053820000 Exception <a 'java/lang/NullPointerException'> (0x00000007956a6230) thrown at [/HUDSON3/workspace/8-2-build-macosx-x86_64/jdk8u101/7261/hotspot/src/share/vm/interpreter/linkResolver.cpp, line 1178]
Event: 2.726 Thread 0x00007fa054c1d800 Exception <a 'java/io/FileNotFoundException'> (0x0000000795e45b18) thrown at [/HUDSON3/workspace/8-2-build-macosx-x86_64/jdk8u101/7261/hotspot/src/share/vm/prims/jni.cpp, line 709]
Event: 2.727 Thread 0x00007fa054c1d800 Exception <a 'java/io/FileNotFoundException'> (0x0000000795e4beb8) thrown at [/HUDSON3/workspace/8-2-build-macosx-x86_64/jdk8u101/7261/hotspot/src/share/vm/prims/jni.cpp, line 709]
Event: 2.727 Thread 0x00007fa054c1d800 Implicit null exception at 0x0000000103f38875 to 0x0000000103f38bed

Events (10 events):
Event: 48.146 Executing VM operation: Deoptimize
Event: 48.147 Executing VM operation: Deoptimize done
Event: 48.147 loading class java/awt/Toolkit$ToolkitEventMulticaster
Event: 48.147 loading class java/awt/Toolkit$ToolkitEventMulticaster done
Event: 48.147 Thread 0x00007fa054c1d800 Uncommon trap: trap_request=0xffffff65 fr.pc=0x00000001046d5e44
Event: 48.147 Thread 0x00007fa054c1d800 DEOPT PACKING pc=0x00000001046d5e44 sp=0x00007000019e8950
Event: 48.147 Thread 0x00007fa054c1d800 DEOPT UNPACKING pc=0x0000000103da2229 sp=0x00007000019e88a8 mode 2
Event: 48.148 Thread 0x00007fa053993800 Thread exited: 0x00007fa053993800
Event: 48.148 loading class java/awt/Window$1DisposeAction
Event: 48.148 loading class java/awt/Window$1DisposeAction done


Dynamic libraries:
0x000000000a325000 	/System/Library/Frameworks/Cocoa.framework/Versions/A/Cocoa
0x0000000101a41000 	/System/Library/Frameworks/Security.framework/Versions/A/Security
0x000000000a325000 	/System/Library/Frameworks/ApplicationServices.framework/Versions/A/ApplicationServices
0x000000000a325000 	/usr/lib/libz.1.dylib
0x000000000a325000 	/usr/lib/libSystem.B.dylib
0x000000000a325000 	/usr/lib/libobjc.A.dylib
0x000000000a325000 	/System/Library/Frameworks/CoreFoundation.framework/Versions/A/CoreFoundation
0x000000000a325000 	/System/Library/Frameworks/Foundation.framework/Versions/C/Foundation
0x000000000a325000 	/System/Library/Frameworks/AppKit.framework/Versions/C/AppKit
0x000000000a325000 	/System/Library/Frameworks/CoreData.framework/Versions/A/CoreData
0x000000000a325000 	/System/Library/PrivateFrameworks/RemoteViewServices.framework/Versions/A/RemoteViewServices
0x000000000a325000 	/System/Library/PrivateFrameworks/UIFoundation.framework/Versions/A/UIFoundation
0x000000000a325000 	/usr/lib/libScreenReader.dylib
0x000000000a325000 	/System/Library/Frameworks/Accelerate.framework/Versions/A/Accelerate
0x000000000a325000 	/System/Library/Frameworks/IOSurface.framework/Versions/A/IOSurface
0x000000000a325000 	/System/Library/Frameworks/AudioToolbox.framework/Versions/A/AudioToolbox
0x000000000a325000 	/System/Library/Frameworks/AudioUnit.framework/Versions/A/AudioUnit
0x000000000a325000 	/System/Library/PrivateFrameworks/DataDetectorsCore.framework/Versions/A/DataDetectorsCore
0x000000000a325000 	/System/Library/PrivateFrameworks/DesktopServicesPriv.framework/Versions/A/DesktopServicesPriv
0x000000000a325000 	/System/Library/Frameworks/Carbon.framework/Versions/A/Frameworks/HIToolbox.framework/Versions/A/HIToolbox
0x000000000a325000 	/System/Library/Frameworks/QuartzCore.framework/Versions/A/QuartzCore
0x000000000a325000 	/System/Library/Frameworks/Carbon.framework/Versions/A/Frameworks/SpeechRecognition.framework/Versions/A/SpeechRecognition
0x000000000a325000 	/usr/lib/libauto.dylib
0x000000000a325000 	/usr/lib/libicucore.A.dylib
0x000000000a325000 	/usr/lib/libxml2.2.dylib
0x000000000a325000 	/System/Library/PrivateFrameworks/CoreUI.framework/Versions/A/CoreUI
0x000000000a325000 	/System/Library/Frameworks/CoreAudio.framework/Versions/A/CoreAudio
0x000000000a325000 	/System/Library/Frameworks/DiskArbitration.framework/Versions/A/DiskArbitration
0x000000000a325000 	/usr/lib/liblangid.dylib
0x000000000a325000 	/System/Library/PrivateFrameworks/MultitouchSupport.framework/Versions/A/MultitouchSupport
0x000000000a325000 	/System/Library/Frameworks/IOKit.framework/Versions/A/IOKit
0x000000000a325000 	/usr/lib/libDiagnosticMessagesClient.dylib
0x000000000a325000 	/System/Library/Frameworks/CoreServices.framework/Versions/A/CoreServices
0x000000000a325000 	/System/Library/PrivateFrameworks/PerformanceAnalysis.framework/Versions/A/PerformanceAnalysis
0x000000000a325000 	/System/Library/PrivateFrameworks/GenerationalStorage.framework/Versions/A/GenerationalStorage
0x000000000a325000 	/System/Library/Frameworks/OpenGL.framework/Versions/A/OpenGL
0x000000000a325000 	/System/Library/PrivateFrameworks/Sharing.framework/Versions/A/Sharing
0x000000000a325000 	/System/Library/Frameworks/CoreGraphics.framework/Versions/A/CoreGraphics
0x000000000a325000 	/System/Library/Frameworks/CoreImage.framework/Versions/A/CoreImage
0x000000000a325000 	/System/Library/Frameworks/CoreText.framework/Versions/A/CoreText
0x000000000a325000 	/System/Library/Frameworks/ImageIO.framework/Versions/A/ImageIO
0x000000000a325000 	/System/Library/PrivateFrameworks/Backup.framework/Versions/A/Backup
0x000000000a325000 	/usr/lib/libextension.dylib
0x000000000a325000 	/usr/lib/libarchive.2.dylib
0x0000000101e5c000 	/System/Library/Frameworks/CFNetwork.framework/Versions/A/CFNetwork
0x000000000a325000 	/System/Library/Frameworks/SystemConfiguration.framework/Versions/A/SystemConfiguration
0x000000000a325000 	/usr/lib/libCRFSuite.dylib
0x000000000a325000 	/usr/lib/libc++.1.dylib
0x000000000a325000 	/usr/lib/libc++abi.dylib
0x000000000a325000 	/usr/lib/system/libcache.dylib
0x000000000a325000 	/usr/lib/system/libcommonCrypto.dylib
0x000000000a325000 	/usr/lib/system/libcompiler_rt.dylib
0x000000000a325000 	/usr/lib/system/libcopyfile.dylib
0x000000000a325000 	/usr/lib/system/libcorecrypto.dylib
0x000000000a325000 	/usr/lib/system/libdispatch.dylib
0x000000000a325000 	/usr/lib/system/libdyld.dylib
0x000000000a325000 	/usr/lib/system/libkeymgr.dylib
0x000000000a325000 	/usr/lib/system/liblaunch.dylib
0x000000000a325000 	/usr/lib/system/libmacho.dylib
0x000000000a325000 	/usr/lib/system/libquarantine.dylib
0x000000000a325000 	/usr/lib/system/libremovefile.dylib
0x000000000a325000 	/usr/lib/system/libsystem_asl.dylib
0x000000000a325000 	/usr/lib/system/libsystem_blocks.dylib
0x000000000a325000 	/usr/lib/system/libsystem_c.dylib
0x000000000a325000 	/usr/lib/system/libsystem_configuration.dylib
0x000000000a325000 	/usr/lib/system/libsystem_coreservices.dylib
0x000000000a325000 	/usr/lib/system/libsystem_coretls.dylib
0x000000000a325000 	/usr/lib/system/libsystem_dnssd.dylib
0x000000000a325000 	/usr/lib/system/libsystem_info.dylib
0x000000000a325000 	/usr/lib/system/libsystem_kernel.dylib
0x000000000a325000 	/usr/lib/system/libsystem_m.dylib
0x000000000a325000 	/usr/lib/system/libsystem_malloc.dylib
0x000000000a325000 	/usr/lib/system/libsystem_network.dylib
0x000000000a325000 	/usr/lib/system/libsystem_networkextension.dylib
0x000000000a325000 	/usr/lib/system/libsystem_notify.dylib
0x000000000a325000 	/usr/lib/system/libsystem_platform.dylib
0x000000000a325000 	/usr/lib/system/libsystem_pthread.dylib
0x000000000a325000 	/usr/lib/system/libsystem_sandbox.dylib
0x000000000a325000 	/usr/lib/system/libsystem_secinit.dylib
0x000000000a325000 	/usr/lib/system/libsystem_trace.dylib
0x000000000a325000 	/usr/lib/system/libunc.dylib
0x000000000a325000 	/usr/lib/system/libunwind.dylib
0x000000000a325000 	/usr/lib/system/libxpc.dylib
0x000000000a325000 	/usr/lib/libenergytrace.dylib
0x000000000a325000 	/usr/lib/libbsm.0.dylib
0x000000000a325000 	/usr/lib/system/libkxld.dylib
0x000000000a325000 	/usr/lib/libxar.1.dylib
0x000000000a325000 	/usr/lib/libsqlite3.dylib
0x000000000a325000 	/usr/lib/libpam.2.dylib
0x000000000a325000 	/usr/lib/libOpenScriptingUtil.dylib
0x000000000a325000 	/usr/lib/libbz2.1.0.dylib
0x000000000a325000 	/usr/lib/liblzma.5.dylib
0x000000000a325000 	/System/Library/Frameworks/CoreServices.framework/Versions/A/Frameworks/FSEvents.framework/Versions/A/FSEvents
0x000000000a325000 	/System/Library/Frameworks/CoreServices.framework/Versions/A/Frameworks/CarbonCore.framework/Versions/A/CarbonCore
0x000000000a325000 	/System/Library/Frameworks/CoreServices.framework/Versions/A/Frameworks/Metadata.framework/Versions/A/Metadata
0x000000000a325000 	/System/Library/Frameworks/CoreServices.framework/Versions/A/Frameworks/OSServices.framework/Versions/A/OSServices
0x000000000a325000 	/System/Library/Frameworks/CoreServices.framework/Versions/A/Frameworks/SearchKit.framework/Versions/A/SearchKit
0x000000000a325000 	/System/Library/Frameworks/CoreServices.framework/Versions/A/Frameworks/AE.framework/Versions/A/AE
0x000000000a325000 	/System/Library/Frameworks/CoreServices.framework/Versions/A/Frameworks/LaunchServices.framework/Versions/A/LaunchServices
0x000000000a325000 	/System/Library/Frameworks/CoreServices.framework/Versions/A/Frameworks/DictionaryServices.framework/Versions/A/DictionaryServices
0x000000000a325000 	/System/Library/Frameworks/CoreServices.framework/Versions/A/Frameworks/SharedFileList.framework/Versions/A/SharedFileList
0x000000000a325000 	/System/Library/Frameworks/NetFS.framework/Versions/A/NetFS
0x000000000a325000 	/System/Library/PrivateFrameworks/NetAuth.framework/Versions/A/NetAuth
0x000000000a325000 	/System/Library/PrivateFrameworks/login.framework/Versions/A/Frameworks/loginsupport.framework/Versions/A/loginsupport
0x000000000a325000 	/System/Library/PrivateFrameworks/TCC.framework/Versions/A/TCC
0x000000000a325000 	/usr/lib/libmecabra.dylib
0x000000000a325000 	/System/Library/Frameworks/ApplicationServices.framework/Versions/A/Frameworks/ATS.framework/Versions/A/ATS
0x000000000a325000 	/System/Library/Frameworks/ApplicationServices.framework/Versions/A/Frameworks/ColorSync.framework/Versions/A/ColorSync
0x000000000a325000 	/System/Library/Frameworks/ApplicationServices.framework/Versions/A/Frameworks/HIServices.framework/Versions/A/HIServices
0x000000000a325000 	/System/Library/Frameworks/ApplicationServices.framework/Versions/A/Frameworks/LangAnalysis.framework/Versions/A/LangAnalysis
0x000000000a325000 	/System/Library/Frameworks/ApplicationServices.framework/Versions/A/Frameworks/PrintCore.framework/Versions/A/PrintCore
0x000000000a325000 	/System/Library/Frameworks/ApplicationServices.framework/Versions/A/Frameworks/QD.framework/Versions/A/QD
0x000000000a325000 	/System/Library/Frameworks/ApplicationServices.framework/Versions/A/Frameworks/SpeechSynthesis.framework/Versions/A/SpeechSynthesis
0x000000000a325000 	/System/Library/Frameworks/Metal.framework/Versions/A/Metal
0x000000000a325000 	/System/Library/Frameworks/Accelerate.framework/Versions/A/Frameworks/vImage.framework/Versions/A/vImage
0x000000000a325000 	/System/Library/Frameworks/Accelerate.framework/Versions/A/Frameworks/vecLib.framework/Versions/A/vecLib
0x000000000a325000 	/System/Library/Frameworks/Accelerate.framework/Versions/A/Frameworks/vecLib.framework/Versions/A/libvDSP.dylib
0x000000000a325000 	/System/Library/Frameworks/Accelerate.framework/Versions/A/Frameworks/vecLib.framework/Versions/A/libvMisc.dylib
0x000000000a325000 	/System/Library/Frameworks/Accelerate.framework/Versions/A/Frameworks/vecLib.framework/Versions/A/libLAPACK.dylib
0x000000000a325000 	/System/Library/Frameworks/Accelerate.framework/Versions/A/Frameworks/vecLib.framework/Versions/A/libBLAS.dylib
0x000000000a325000 	/System/Library/Frameworks/Accelerate.framework/Versions/A/Frameworks/vecLib.framework/Versions/A/libLinearAlgebra.dylib
0x000000000a325000 	/System/Library/Frameworks/Accelerate.framework/Versions/A/Frameworks/vecLib.framework/Versions/A/libSparseBLAS.dylib
0x000000000a325000 	/System/Library/PrivateFrameworks/GPUCompiler.framework/libmetal_timestamp.dylib
0x000000000a325000 	/System/Library/Frameworks/OpenGL.framework/Versions/A/Libraries/libCoreFSCache.dylib
0x000000000a325000 	/System/Library/PrivateFrameworks/IOAccelerator.framework/Versions/A/IOAccelerator
0x000000000a325000 	/System/Library/Frameworks/ApplicationServices.framework/Versions/A/Frameworks/ATS.framework/Versions/A/Resources/libFontParser.dylib
0x000000000a325000 	/System/Library/Frameworks/ApplicationServices.framework/Versions/A/Frameworks/ATS.framework/Versions/A/Resources/libFontRegistry.dylib
0x000000000a325000 	/System/Library/PrivateFrameworks/AppleVPA.framework/Versions/A/AppleVPA
0x000000000a325000 	/System/Library/PrivateFrameworks/AppleJPEG.framework/Versions/A/AppleJPEG
0x000000000a325000 	/System/Library/Frameworks/ImageIO.framework/Versions/A/Resources/libJPEG.dylib
0x000000000a325000 	/System/Library/Frameworks/ImageIO.framework/Versions/A/Resources/libTIFF.dylib
0x000000000a325000 	/System/Library/Frameworks/ImageIO.framework/Versions/A/Resources/libPng.dylib
0x000000000a325000 	/System/Library/Frameworks/ImageIO.framework/Versions/A/Resources/libGIF.dylib
0x000000000a325000 	/System/Library/Frameworks/ImageIO.framework/Versions/A/Resources/libJP2.dylib
0x000000000a325000 	/System/Library/Frameworks/ImageIO.framework/Versions/A/Resources/libRadiance.dylib
0x000000000a325000 	/System/Library/Frameworks/CoreVideo.framework/Versions/A/CoreVideo
0x000000000a325000 	/System/Library/Frameworks/OpenGL.framework/Versions/A/Libraries/libGLU.dylib
0x000000000a325000 	/System/Library/Frameworks/OpenGL.framework/Versions/A/Libraries/libGFXShared.dylib
0x000000000a325000 	/System/Library/Frameworks/OpenGL.framework/Versions/A/Libraries/libGL.dylib
0x000000000a325000 	/System/Library/Frameworks/OpenGL.framework/Versions/A/Libraries/libGLImage.dylib
0x000000000a325000 	/System/Library/Frameworks/OpenGL.framework/Versions/A/Libraries/libCVMSPluginSupport.dylib
0x000000000a325000 	/System/Library/Frameworks/OpenGL.framework/Versions/A/Libraries/libCoreVMClient.dylib
0x000000000a325000 	/usr/lib/libcompression.dylib
0x000000000a325000 	/usr/lib/libcups.2.dylib
0x000000000a325000 	/System/Library/Frameworks/Kerberos.framework/Versions/A/Kerberos
0x000000000a325000 	/System/Library/Frameworks/GSS.framework/Versions/A/GSS
0x000000000a325000 	/usr/lib/libresolv.9.dylib
0x000000000a325000 	/usr/lib/libiconv.2.dylib
0x000000000a325000 	/System/Library/PrivateFrameworks/Heimdal.framework/Versions/A/Heimdal
0x000000000a325000 	/usr/lib/libheimdal-asn1.dylib
0x000000000a325000 	/System/Library/Frameworks/OpenDirectory.framework/Versions/A/OpenDirectory
0x000000000a325000 	/System/Library/PrivateFrameworks/CommonAuth.framework/Versions/A/CommonAuth
0x000000000a325000 	/System/Library/Frameworks/OpenDirectory.framework/Versions/A/Frameworks/CFOpenDirectory.framework/Versions/A/CFOpenDirectory
0x000000000a325000 	/System/Library/Frameworks/SecurityFoundation.framework/Versions/A/SecurityFoundation
0x000000000a325000 	/System/Library/PrivateFrameworks/LanguageModeling.framework/Versions/A/LanguageModeling
0x000000000a325000 	/usr/lib/libmarisa.dylib
0x000000000a325000 	/usr/lib/libChineseTokenizer.dylib
0x000000000a325000 	/usr/lib/libcmph.dylib
0x000000000a325000 	/System/Library/Frameworks/ServiceManagement.framework/Versions/A/ServiceManagement
0x000000000a325000 	/usr/lib/libxslt.1.dylib
0x000000000a325000 	/System/Library/Frameworks/Carbon.framework/Versions/A/Frameworks/Ink.framework/Versions/A/Ink
0x000000000a325000 	/usr/lib/libFosl_dynamic.dylib
0x000000000a325000 	/System/Library/PrivateFrameworks/FaceCore.framework/Versions/A/FaceCore
0x000000000a325000 	/System/Library/Frameworks/OpenCL.framework/Versions/A/OpenCL
0x000000000a325000 	/System/Library/PrivateFrameworks/CrashReporterSupport.framework/Versions/A/CrashReporterSupport
0x000000000a325000 	/System/Library/PrivateFrameworks/IconServices.framework/Versions/A/IconServices
0x000000000a325000 	/System/Library/PrivateFrameworks/Apple80211.framework/Versions/A/Apple80211
0x000000000a325000 	/System/Library/Frameworks/CoreWLAN.framework/Versions/A/CoreWLAN
0x000000000a325000 	/System/Library/Frameworks/IOBluetooth.framework/Versions/A/IOBluetooth
0x000000000a325000 	/System/Library/PrivateFrameworks/CoreWiFi.framework/Versions/A/CoreWiFi
0x000000000a325000 	/System/Library/Frameworks/CoreBluetooth.framework/Versions/A/CoreBluetooth
0x000000000a325000 	/System/Library/PrivateFrameworks/ChunkingLibrary.framework/Versions/A/ChunkingLibrary
0x000000000a325000 	/System/Library/PrivateFrameworks/DebugSymbols.framework/Versions/A/DebugSymbols
0x000000000a325000 	/System/Library/PrivateFrameworks/CoreSymbolication.framework/Versions/A/CoreSymbolication
0x000000000a325000 	/System/Library/PrivateFrameworks/Symbolication.framework/Versions/A/Symbolication
0x000000000a325000 	/System/Library/PrivateFrameworks/SpeechRecognitionCore.framework/Versions/A/SpeechRecognitionCore
0x0000000102e00000 	/Library/Java/JavaVirtualMachines/jdk1.8.0_101.jdk/Contents/Home/jre/lib/server/libjvm.dylib
0x000000000a325000 	/usr/lib/libstdc++.6.dylib
0x0000000102530000 	/Library/Java/JavaVirtualMachines/jdk1.8.0_101.jdk/Contents/Home/jre/lib/libverify.dylib
0x000000010253e000 	/Library/Java/JavaVirtualMachines/jdk1.8.0_101.jdk/Contents/Home/jre/lib/libjava.dylib
0x000000010257d000 	/Library/Java/JavaVirtualMachines/jdk1.8.0_101.jdk/Contents/Home/jre/lib/libzip.dylib
0x0000000119690000 	/System/Library/Frameworks/JavaVM.framework/Frameworks/JavaRuntimeSupport.framework/JavaRuntimeSupport
0x00000001196ab000 	/System/Library/Frameworks/JavaVM.framework/Versions/A/Frameworks/JavaNativeFoundation.framework/Versions/A/JavaNativeFoundation
0x00000001196c0000 	/System/Library/Frameworks/JavaVM.framework/Versions/A/JavaVM
0x000000000a325000 	/System/Library/Frameworks/Carbon.framework/Versions/A/Carbon
0x00000001196cd000 	/System/Library/PrivateFrameworks/JavaLaunching.framework/Versions/A/JavaLaunching
0x000000000a325000 	/System/Library/Frameworks/Carbon.framework/Versions/A/Frameworks/CommonPanels.framework/Versions/A/CommonPanels
0x000000000a325000 	/System/Library/Frameworks/Carbon.framework/Versions/A/Frameworks/Help.framework/Versions/A/Help
0x000000000a325000 	/System/Library/Frameworks/Carbon.framework/Versions/A/Frameworks/ImageCapture.framework/Versions/A/ImageCapture
0x000000000a325000 	/System/Library/Frameworks/Carbon.framework/Versions/A/Frameworks/OpenScripting.framework/Versions/A/OpenScripting
0x000000000a325000 	/System/Library/Frameworks/Carbon.framework/Versions/A/Frameworks/Print.framework/Versions/A/Print
0x000000000a325000 	/System/Library/Frameworks/Carbon.framework/Versions/A/Frameworks/SecurityHI.framework/Versions/A/SecurityHI
0x000000011afec000 	/Library/Java/JavaVirtualMachines/jdk1.8.0_101.jdk/Contents/Home/jre/lib/libawt.dylib
0x000000011b094000 	/Library/Java/JavaVirtualMachines/jdk1.8.0_101.jdk/Contents/Home/jre/lib/./libmlib_image.dylib
0x000000011b160000 	/Library/Java/JavaVirtualMachines/jdk1.8.0_101.jdk/Contents/Home/jre/lib/libawt_lwawt.dylib
0x000000011b215000 	/Library/Java/JavaVirtualMachines/jdk1.8.0_101.jdk/Contents/Home/jre/lib/./libosxapp.dylib
0x000000000a325000 	/System/Library/Frameworks/ExceptionHandling.framework/Versions/A/ExceptionHandling
0x000000000a325000 	/System/Library/PrivateFrameworks/CoreServicesInternal.framework/Versions/A/CoreServicesInternal
0x000000011b9d8000 	/System/Library/Frameworks/CoreGraphics.framework/Versions/A/Resources/libRIP.A.dylib
0x000000000a325000 	/System/Library/Frameworks/Accelerate.framework/Versions/A/Frameworks/vImage.framework/Versions/A/Libraries/libCGInterfaces.dylib
0x000000011bb7f000 	/System/Library/Frameworks/CoreGraphics.framework/Versions/A/Resources/libCGXType.A.dylib
0x000000000a325000 	/System/Library/Frameworks/OpenCL.framework/Versions/A/Libraries/libcldcpuengine.dylib
0x000000000a325000 	/System/Library/PrivateFrameworks/DiskImages.framework/Versions/A/DiskImages
0x000000000a325000 	/System/Library/Frameworks/DiscRecording.framework/Versions/A/DiscRecording
0x000000000a325000 	/usr/lib/libcsfde.dylib
0x000000000a325000 	/usr/lib/libcurl.4.dylib
0x000000000a325000 	/System/Library/PrivateFrameworks/MediaKit.framework/Versions/A/MediaKit
0x000000000a325000 	/System/Library/PrivateFrameworks/ProtectedCloudStorage.framework/Versions/A/ProtectedCloudStorage
0x000000000a325000 	/usr/lib/libCoreStorage.dylib
0x000000000a325000 	/System/Library/PrivateFrameworks/EFILogin.framework/Versions/A/EFILogin
0x000000000a325000 	/usr/lib/libutil.dylib
0x000000000a325000 	/System/Library/PrivateFrameworks/FindMyDevice.framework/Versions/A/FindMyDevice
0x000000000a325000 	/System/Library/Frameworks/LDAP.framework/Versions/A/LDAP
0x000000000a325000 	/usr/lib/libsasl2.2.dylib
0x000000000a325000 	/System/Library/PrivateFrameworks/CoreDaemon.framework/Versions/B/CoreDaemon
0x000000000a325000 	/usr/lib/libcrypto.0.9.8.dylib
0x000000000a325000 	/System/Library/PrivateFrameworks/AppleSRP.framework/Versions/A/AppleSRP
0x000000000a325000 	/System/Library/PrivateFrameworks/TrustEvaluationAgent.framework/Versions/A/TrustEvaluationAgent
0x000000011c9e0000 	cl_kernels
0x000000000a325000 	/System/Library/Frameworks/OpenCL.framework/Versions/A/Libraries/ImageFormats/unorm8_bgra.dylib
0x000000000a325000 	/System/Library/Frameworks/OpenCL.framework/Versions/A/Libraries/ImageFormats/unorm8_rgba.dylib
0x000000000a325000 	/System/Library/PrivateFrameworks/FamilyControls.framework/Versions/A/FamilyControls
0x000000000a325000 	/System/Library/PrivateFrameworks/CommerceKit.framework/Versions/A/Frameworks/CommerceCore.framework/Versions/A/CommerceCore
0x000000000a325000 	/System/Library/PrivateFrameworks/SystemAdministration.framework/Versions/A/SystemAdministration
0x000000000a325000 	/System/Library/PrivateFrameworks/AppContainer.framework/Versions/A/AppContainer
0x000000000a325000 	/System/Library/PrivateFrameworks/SecCodeWrapper.framework/Versions/A/SecCodeWrapper
0x000000000a325000 	/System/Library/Frameworks/DirectoryService.framework/Versions/A/DirectoryService
0x000000000a325000 	/System/Library/PrivateFrameworks/LoginUIKit.framework/Versions/A/Frameworks/LoginUICore.framework/Versions/A/LoginUICore
0x000000000a325000 	/usr/lib/libodfde.dylib
0x000000000a325000 	/System/Library/Frameworks/OpenGL.framework/Versions/A/Resources/GLEngine.bundle/GLEngine
0x000000000a325000 	/System/Library/Frameworks/OpenGL.framework/Versions/A/Libraries/libGLProgrammability.dylib
0x000000011da55000 	/System/Library/Extensions/AppleIntelHD4000GraphicsGLDriver.bundle/Contents/MacOS/AppleIntelHD4000GraphicsGLDriver
0x000000000a325000 	/System/Library/PrivateFrameworks/GPUSupport.framework/Versions/A/Libraries/libGPUSupportMercury.dylib
0x000000000a325000 	/System/Library/Frameworks/OpenGL.framework/Versions/A/Resources/GLRendererFloat.bundle/GLRendererFloat
0x000000011e9ba000 	/Library/Java/JavaVirtualMachines/jdk1.8.0_101.jdk/Contents/Home/jre/lib/libfontmanager.dylib
0x000000011fe5a000 	/Library/Java/JavaVirtualMachines/jdk1.8.0_101.jdk/Contents/Home/jre/lib/libosxui.dylib
0x0000000120b6b000 	/Library/Java/JavaVirtualMachines/jdk1.8.0_101.jdk/Contents/Home/jre/lib/libnet.dylib
0x00000001209b7000 	/Library/Java/JavaVirtualMachines/jdk1.8.0_101.jdk/Contents/Home/jre/lib/libnio.dylib
0x000000000a325000 	/System/Library/Frameworks/ApplicationServices.framework/Versions/A/Frameworks/ATS.framework/Versions/A/Resources/libTrueTypeScaler.dylib
0x0000000171a98000 	/System/Library/Extensions/AppleIntelHD4000GraphicsMTLDriver.bundle/Contents/MacOS/AppleIntelHD4000GraphicsMTLDriver
0x000000011bfbb000 	/private/var/folders/yd/w0h308490sjfy_hf_nbsv22h0000gn/T/jogamp_0000/file_cache/jln8541559585308272077/jln5313067425398197622/libgluegen-rt.jnilib
0x000000011bfc0000 	/private/var/folders/yd/w0h308490sjfy_hf_nbsv22h0000gn/T/jogamp_0000/file_cache/jln8541559585308272077/jln5313067425398197622/libnativewindow_awt.jnilib
0x000000011bfc3000 	/Library/Java/JavaVirtualMachines/jdk1.8.0_101.jdk/Contents/Home/jre/lib/libjawt.dylib
0x000000011bfc6000 	/private/var/folders/yd/w0h308490sjfy_hf_nbsv22h0000gn/T/jogamp_0000/file_cache/jln8541559585308272077/jln5313067425398197622/libnativewindow_macosx.jnilib
0x0000000173782000 	/private/var/folders/yd/w0h308490sjfy_hf_nbsv22h0000gn/T/jogamp_0000/file_cache/jln8541559585308272077/jln5313067425398197622/libjogl_desktop.jnilib
0x000000011c66b000 	/Library/Java/JavaVirtualMachines/jdk1.8.0_101.jdk/Contents/Home/jre/lib/libt2k.dylib
0x000000011c7c3000 	/Library/Java/JavaVirtualMachines/jdk1.8.0_101.jdk/Contents/Home/jre/lib/libjpeg.dylib

VM Arguments:
jvm_args: -Djava.security.policy=java.policy.applet -Dfile.encoding=UTF-8 
java_command: sun.applet.AppletViewer module5.EarthquakeCityMap1475023479376.html
java_class_path (initial): /Users/AndrewYou/Documents/workspace/UCSDUnfoldingMaps/build:/Users/AndrewYou/Documents/workspace/UCSDUnfoldingMaps/lib/core.jar:/Users/AndrewYou/Documents/workspace/UCSDUnfoldingMaps/lib/gluegen-rt.jar:/Users/AndrewYou/Documents/workspace/UCSDUnfoldingMaps/lib/jogl-all.jar:/Users/AndrewYou/Documents/workspace/UCSDUnfoldingMaps/lib/log4j-1.2.15.jar:/Users/AndrewYou/Documents/workspace/UCSDUnfoldingMaps/lib/sqlite-jdbc-3.7.2.jar:/Users/AndrewYou/Documents/workspace/UCSDUnfoldingMaps/lib/json4processing.jar:/Users/AndrewYou/Documents/workspace/UCSDUnfoldingMaps/lib/libTUIO.jar:/Users/AndrewYou/Documents/workspace/UCSDUnfoldingMaps/lib/unfolding.0.9.7-uscd.jar
Launcher Type: SUN_STANDARD

Environment Variables:
PATH=/usr/bin:/bin:/usr/sbin:/sbin
SHELL=/bin/bash

Signal Handlers:
SIGSEGV: [libjvm.dylib+0x5af145], sa_mask[0]=11111111011111110111111111111111, sa_flags=SA_ONSTACK|SA_RESTART|SA_SIGINFO
SIGBUS: [libjvm.dylib+0x5af145], sa_mask[0]=11111111011111110111111111111111, sa_flags=SA_RESTART|SA_SIGINFO
SIGFPE: [libjvm.dylib+0x48694c], sa_mask[0]=11111111011111110111111111111111, sa_flags=SA_RESTART|SA_SIGINFO
SIGPIPE: [libjvm.dylib+0x48694c], sa_mask[0]=11111111011111110111111111111111, sa_flags=SA_RESTART|SA_SIGINFO
SIGXFSZ: [libjvm.dylib+0x48694c], sa_mask[0]=11111111011111110111111111111111, sa_flags=SA_RESTART|SA_SIGINFO
SIGILL: [libjvm.dylib+0x48694c], sa_mask[0]=11111111011111110111111111111111, sa_flags=SA_RESTART|SA_SIGINFO
SIGUSR1: SIG_DFL, sa_mask[0]=00000000000000000000000000000000, sa_flags=none
SIGUSR2: [libjvm.dylib+0x48646a], sa_mask[0]=00100000000000000000000000000000, sa_flags=SA_RESTART|SA_SIGINFO
SIGHUP: [libjvm.dylib+0x484a41], sa_mask[0]=11111111011111110111111111111111, sa_flags=SA_RESTART|SA_SIGINFO
SIGINT: [libjvm.dylib+0x484a41], sa_mask[0]=11111111011111110111111111111111, sa_flags=SA_RESTART|SA_SIGINFO
SIGTERM: [libjvm.dylib+0x484a41], sa_mask[0]=11111111011111110111111111111111, sa_flags=SA_RESTART|SA_SIGINFO
SIGQUIT: [libjvm.dylib+0x484a41], sa_mask[0]=11111111011111110111111111111111, sa_flags=SA_RESTART|SA_SIGINFO


---------------  S Y S T E M  ---------------

OS:Bsduname:Darwin 15.6.0 Darwin Kernel Version 15.6.0: Mon Aug 29 20:21:34 PDT 2016; root:xnu-3248.60.11~1/RELEASE_X86_64 x86_64
rlimit: STACK 8192k, CORE 0k, NPROC 709, NOFILE 10240, AS infinity
load average:1.96 1.86 1.98

CPU:total 4 (2 cores per cpu, 2 threads per core) family 6 model 58 stepping 9, cmov, cx8, fxsr, mmx, sse, sse2, sse3, ssse3, sse4.1, sse4.2, popcnt, avx, aes, clmul, erms, ht, tsc, tscinvbit, tscinv

Memory: 4k page, physical 8388608k(644240k free)

/proc/meminfo:


vm_info: Java HotSpot(TM) 64-Bit Server VM (25.101-b13) for bsd-amd64 JRE (1.8.0_101-b13), built on Jun 22 2016 02:42:15 by "java_re" with gcc 4.2.1 (Based on Apple Inc. build 5658) (LLVM build 2336.11.00)

time: Tue Sep 27 20:45:27 2016
elapsed time: 48 seconds (0d 0h 0m 48s)

