#
# A fatal error has been detected by the Java Runtime Environment:
#
#  SIGSEGV (0xb) at pc=0x00007fff924db4dd, pid=18304, tid=0x0000000000000a0b
#
# JRE version: Java(TM) SE Runtime Environment (8.0_101-b13) (build 1.8.0_101-b13)
# Java VM: Java HotSpot(TM) 64-Bit Server VM (25.101-b13 mixed mode bsd-amd64 compressed oops)
# Problematic frame:
# C  [libobjc.A.dylib+0x14dd]  objc_msgSend+0x1d
#
# Failed to write core dump. Core dumps have been disabled. To enable core dumping, try "ulimit -c unlimited" before starting Java again
#
# If you would like to submit a bug report, please visit:
#   http://bugreport.java.com/bugreport/crash.jsp
# The crash happened outside the Java Virtual Machine in native code.
# See problematic frame for where to report the bug.
#

---------------  T H R E A D  ---------------

Current thread (0x00007f8b5b0ed800):  JavaThread "AWT-AppKit" daemon [_thread_in_native, id=2571, stack(0x00007fff597e5000,0x00007fff59fe5000)]

siginfo: si_signo: 11 (SIGSEGV), si_code: 1 (SEGV_MAPERR), si_addr: 0x000007f8b59485d0

Registers:
RAX=0x00007f8b5e309de0, RBX=0x00000001201c5450, RCX=0x000000011fdaf500, RDX=0x000000011fdaf920
RSP=0x00007fff59fe0368, RBP=0x00007fff59fe0420, RSI=0x00007fff931d7cbe, RDI=0x00007f8b5e303db0
R8 =0x0000000000000000, R9 =0x00000000000008b0, R10=0x00007fff931d7cbe, R11=0x000007f8b59485b8
R12=0x0000000000000000, R13=0x0000000177d190e8, R14=0x00000001201c5440, R15=0x00007f8b5b0ed800
RIP=0x00007fff924db4dd, EFLAGS=0x0000000000010206, ERR=0x0000000000000004
  TRAPNO=0x000000000000000e

Top of Stack: (sp=0x00007fff59fe0368)
0x00007fff59fe0368:   00000001201c3157 00007fff59fe03c0
0x00007fff59fe0378:   0000000000000003 00007fff59fe03a0
0x00007fff59fe0388:   00000001071f28e6 0000000177d190e8
0x00007fff59fe0398:   0000000177d190e8 00007f8b5e309de0
0x00007fff59fe03a8:   00000001201c56a0 00000001201c5710
0x00007fff59fe03b8:   00007fff7a775770 00007fff7d5f9500
0x00007fff59fe03c8:   00000001201c5450 00000001201c5690
0x00007fff59fe03d8:   00007f8b5e309de0 00007f8b5e303db0
0x00007fff59fe03e8:   00007f8b5941ab00 00007f8b5e309de0
0x00007fff59fe03f8:   00007f8b5e303db0 00007fff59fe04a8
0x00007fff59fe0408:   00007f8b5b0ed9f8 0000000177d190e8
0x00007fff59fe0418:   00007fff59fe04d0 00007fff59fe0498
0x00007fff59fe0428:   0000000107fb49d4 0000000177d190e8
0x00007fff59fe0438:   00007fff59fe04d0 00007fff59fe0498
0x00007fff59fe0448:   0000000107fb4767 0000000107fb4722
0x00007fff59fe0458:   00007fff59fe0458 0000000177d190e8
0x00007fff59fe0468:   00007fff59fe04d0 0000000177d1bd20
0x00007fff59fe0478:   0000000000000000 0000000177d190e8
0x00007fff59fe0488:   0000000000000000 00007fff59fe04b8
0x00007fff59fe0498:   00007fff59fe0518 0000000107fa52bd
0x00007fff59fe04a8:   000000074000d048 0000000107fae538
0x00007fff59fe04b8:   00007f8b5e309de0 00007fff59fe0518
0x00007fff59fe04c8:   00007f8b5e303db0 0000000107fafe02
0x00007fff59fe04d8:   00007fff59fe04d8 0000000177d192b2
0x00007fff59fe04e8:   00007fff59fe0540 0000000177d1bd20
0x00007fff59fe04f8:   0000000000000000 0000000177d192c0
0x00007fff59fe0508:   00007fff59fe04b8 00007fff59fe0528
0x00007fff59fe0518:   00007fff59fe0588 0000000107fa52bd
0x00007fff59fe0528:   00007f8b5e309de0 0000000740b47c90
0x00007fff59fe0538:   00007f8b5e303db0 0000000740b47c90
0x00007fff59fe0548:   00007fff59fe0548 000000017e6f9f86
0x00007fff59fe0558:   00007fff59fe0598 000000017e6fa040 

Instructions: (pc=0x00007fff924db4dd)
0x00007fff924db4bd:   44 00 00 48 85 ff 2e 74 62 40 f6 c7 01 2e 75 66
0x00007fff924db4cd:   49 bb f8 ff ff ff ff 7f 00 00 4c 23 1f 49 89 f2
0x00007fff924db4dd:   45 23 53 18 49 c1 e2 04 4d 03 53 10 49 3b 32 75
0x00007fff924db4ed:   04 41 ff 62 08 49 83 3a 01 76 0d 49 83 c2 10 49 

Register to memory mapping:

RAX=0x00007f8b5e309de0 is an unknown value
RBX=0x00000001201c5450: Java_jogamp_nativewindow_macosx_OSXUtil_GetScreenRefreshRate0+0x1cf0 in /private/var/folders/yd/w0h308490sjfy_hf_nbsv22h0000gn/T/jogamp_0000/file_cache/jln744970787870906492/jln332237792402117752/libnativewindow_macosx.jnilib at 0x00000001201be000
RCX=0x000000011fdaf500 is an unknown value
RDX=0x000000011fdaf920 is an unknown value
RSP=0x00007fff59fe0368 is pointing into the stack for thread: 0x00007f8b5b0ed800
RBP=0x00007fff59fe0420 is pointing into the stack for thread: 0x00007f8b5b0ed800
RSI=0x00007fff931d7cbe is an unknown value
RDI=0x00007f8b5e303db0 is an unknown value
R8 =0x0000000000000000 is an unknown value
R9 =0x00000000000008b0 is an unknown value
R10=0x00007fff931d7cbe is an unknown value
R11=0x000007f8b59485b8 is an unknown value
R12=0x0000000000000000 is an unknown value
R13={method} {0x0000000177d190e8} 'UnsetJAWTRootSurfaceLayer0' '(JJ)V' in 'jogamp/nativewindow/jawt/macosx/MacOSXJAWTWindow'
R14=0x00000001201c5440: Java_jogamp_nativewindow_macosx_OSXUtil_GetScreenRefreshRate0+0x1ce0 in /private/var/folders/yd/w0h308490sjfy_hf_nbsv22h0000gn/T/jogamp_0000/file_cache/jln744970787870906492/jln332237792402117752/libnativewindow_macosx.jnilib at 0x00000001201be000
R15=0x00007f8b5b0ed800 is a thread


Stack: [0x00007fff597e5000,0x00007fff59fe5000],  sp=0x00007fff59fe0368,  free space=8172k
Native frames: (J=compiled Java code, j=interpreted, Vv=VM code, C=native code)
C  [libobjc.A.dylib+0x14dd]  objc_msgSend+0x1d
j  jogamp.nativewindow.jawt.macosx.MacOSXJAWTWindow.UnsetJAWTRootSurfaceLayer0(JJ)V+0
j  jogamp.nativewindow.jawt.macosx.MacOSXJAWTWindow.access$200(JJ)V+2
j  jogamp.nativewindow.jawt.macosx.MacOSXJAWTWindow$1.run()V+38
J 2576 C1 com.jogamp.common.util.RunnableTask.run()V (345 bytes) @ 0x0000000108799714 [0x0000000108799580+0x194]
v  ~StubRoutines::call_stub
V  [libjvm.dylib+0x2ecf06]  JavaCalls::call_helper(JavaValue*, methodHandle*, JavaCallArguments*, Thread*)+0x6ae
V  [libjvm.dylib+0x324111]  jni_invoke_nonstatic(JNIEnv_*, JavaValue*, _jobject*, JNICallType, _jmethodID*, JNI_ArgumentPusher*, Thread*)+0x2ec
V  [libjvm.dylib+0x3168df]  jni_CallVoidMethod+0x16b
C  [libnativewindow_macosx.jnilib+0x5326]  Java_jogamp_nativewindow_jawt_macosx_MacOSXJAWTWindow_UnsetJAWTRootSurfaceLayer0+0x2b6
C  [Foundation+0x76fde]  __NSThreadPerformPerform+0x117
C  [CoreFoundation+0xaa881]  __CFRUNLOOP_IS_CALLING_OUT_TO_A_SOURCE0_PERFORM_FUNCTION__+0x11
C  [CoreFoundation+0x89fbc]  __CFRunLoopDoSources0+0x22c
C  [CoreFoundation+0x894df]  __CFRunLoopRun+0x39f
C  [CoreFoundation+0x88ed8]  CFRunLoopRunSpecific+0x128
C  [HIToolbox+0x30935]  RunCurrentEventLoopInMode+0xeb
C  [HIToolbox+0x30677]  ReceiveNextEventCommon+0xb8
C  [HIToolbox+0x305af]  _BlockUntilNextEventMatchingListInModeWithFilter+0x47
C  [AppKit+0x48df6]  _DPSNextEvent+0x42b
C  [AppKit+0x48226]  -[NSApplication _nextEventMatchingEventMask:untilDate:inMode:dequeue:]+0x1c6
C  [libosxapp.dylib+0x23aa]  -[NSApplicationAWT nextEventMatchingMask:untilDate:inMode:dequeue:]+0x7c
C  [AppKit+0x3cd80]  -[NSApplication run]+0x2aa
C  [libosxapp.dylib+0x214d]  +[NSApplicationAWT runAWTLoopWithApp:]+0x9c
C  [libawt_lwawt.dylib+0x444b3]  -[AWTStarter starter:]+0x389
C  [Foundation+0x76fde]  __NSThreadPerformPerform+0x117
C  [CoreFoundation+0xaa881]  __CFRUNLOOP_IS_CALLING_OUT_TO_A_SOURCE0_PERFORM_FUNCTION__+0x11
C  [CoreFoundation+0x89fbc]  __CFRunLoopDoSources0+0x22c
C  [CoreFoundation+0x894df]  __CFRunLoopRun+0x39f
C  [CoreFoundation+0x88ed8]  CFRunLoopRunSpecific+0x128
C  [java+0x6465]  CreateExecutionEnvironment+0x367
C  [java+0x218c]  JLI_Launch+0x7a0
C  [java+0x84c2]  main+0x65
C  [java+0x19e4]  start+0x34
C  0x0000000000000007

Java frames: (J=compiled Java code, j=interpreted, Vv=VM code)
j  jogamp.nativewindow.jawt.macosx.MacOSXJAWTWindow.UnsetJAWTRootSurfaceLayer0(JJ)V+0
j  jogamp.nativewindow.jawt.macosx.MacOSXJAWTWindow.access$200(JJ)V+2
j  jogamp.nativewindow.jawt.macosx.MacOSXJAWTWindow$1.run()V+38
J 2576 C1 com.jogamp.common.util.RunnableTask.run()V (345 bytes) @ 0x0000000108799714 [0x0000000108799580+0x194]
v  ~StubRoutines::call_stub

---------------  P R O C E S S  ---------------

Java Threads: ( => current thread )
  0x00007f8b5ab8d800 JavaThread "Thread-19" [_thread_blocked, id=13859, stack(0x00007000009b5000,0x0000700000ab5000)]
  0x00007f8b59c12800 JavaThread "AWT-EventQueue-1" [_thread_in_native, id=59447, stack(0x00007000018eb000,0x00007000019eb000)]
  0x00007f8b5a960000 JavaThread "DestroyJavaVM" [_thread_blocked, id=5891, stack(0x000070000011a000,0x000070000021a000)]
  0x00007f8b5b230800 JavaThread "AWT-EventQueue-0" [_thread_blocked, id=56835, stack(0x00007000016e5000,0x00007000017e5000)]
  0x00007f8b5a0de800 JavaThread "Java2D Disposer" daemon [_thread_blocked, id=53507, stack(0x000070000145c000,0x000070000155c000)]
  0x00007f8b5b182800 JavaThread "Java2D Queue Flusher" daemon [_thread_blocked, id=50439, stack(0x0000700001359000,0x0000700001459000)]
  0x00007f8b5998a000 JavaThread "AWT-Shutdown" [_thread_blocked, id=29459, stack(0x0000700001150000,0x0000700001250000)]
=>0x00007f8b5b0ed800 JavaThread "AWT-AppKit" daemon [_thread_in_native, id=2571, stack(0x00007fff597e5000,0x00007fff59fe5000)]
  0x00007f8b5a811000 JavaThread "Service Thread" daemon [_thread_blocked, id=18947, stack(0x0000700000ec7000,0x0000700000fc7000)]
  0x00007f8b59834800 JavaThread "C1 CompilerThread2" daemon [_thread_blocked, id=18435, stack(0x0000700000dc4000,0x0000700000ec4000)]
  0x00007f8b5982b800 JavaThread "C2 CompilerThread1" daemon [_thread_blocked, id=17923, stack(0x0000700000cc1000,0x0000700000dc1000)]
  0x00007f8b5982a000 JavaThread "C2 CompilerThread0" daemon [_thread_blocked, id=17411, stack(0x0000700000bbe000,0x0000700000cbe000)]
  0x00007f8b59822800 JavaThread "Signal Dispatcher" daemon [_thread_blocked, id=16659, stack(0x0000700000abb000,0x0000700000bbb000)]
  0x00007f8b5a810000 JavaThread "Finalizer" daemon [_thread_blocked, id=12291, stack(0x000070000082f000,0x000070000092f000)]
  0x00007f8b5a80d000 JavaThread "Reference Handler" daemon [_thread_blocked, id=11779, stack(0x000070000072c000,0x000070000082c000)]

Other Threads:
  0x00007f8b59817000 VMThread [stack: 0x0000700000629000,0x0000700000729000] [id=11267]
  0x00007f8b5a802000 WatcherThread [stack: 0x0000700000fca000,0x00007000010ca000] [id=19459]

VM state:not at safepoint (normal execution)

VM Mutex/Monitor currently owned by a thread: None

Heap:
 PSYoungGen      total 39424K, used 14433K [0x0000000795580000, 0x0000000798900000, 0x00000007c0000000)
  eden space 28160K, 50% used [0x0000000795580000,0x0000000796380690,0x0000000797100000)
  from space 11264K, 0% used [0x0000000797e00000,0x0000000797e18000,0x0000000798900000)
  to   space 12288K, 0% used [0x0000000797100000,0x0000000797100000,0x0000000797d00000)
 ParOldGen       total 57856K, used 16254K [0x0000000740000000, 0x0000000743880000, 0x0000000795580000)
  object space 57856K, 28% used [0x0000000740000000,0x0000000740fdf850,0x0000000743880000)
 Metaspace       used 21036K, capacity 21215K, committed 21552K, reserved 1069056K
  class space    used 2050K, capacity 2112K, committed 2176K, reserved 1048576K

Card table byte_map: [0x000000011735d000,0x000000011775e000] byte_map_base: 0x000000011395d000

Marking Bits: (ParMarkBitMap*) 0x00000001078edd20
 Begin Bits: [0x0000000117a09000, 0x0000000119a09000)
 End Bits:   [0x0000000119a09000, 0x000000011ba09000)

Polling page: 0x0000000106055000

CodeCache: size=245760Kb used=9449Kb max_used=9475Kb free=236310Kb
 bounds [0x0000000107f9d000, 0x00000001088fd000, 0x0000000116f9d000]
 total_blobs=3543 nmethods=2652 adapters=804
 compilation: enabled

Compilation events (10 events):
Event: 72.712 Thread 0x00007f8b5982b800 2876       4       java.awt.Toolkit::getEventQueue (7 bytes)
Event: 72.729 Thread 0x00007f8b5982b800 nmethod 2876 0x00000001088b3fd0 code [0x00000001088b41a0, 0x00000001088b4670]
Event: 72.736 Thread 0x00007f8b59834800 2877   !   3       sun.lwawt.LWComponentPeer::isShowing (49 bytes)
Event: 72.739 Thread 0x00007f8b59834800 nmethod 2877 0x00000001088b7010 code [0x00000001088b71c0, 0x00000001088b7ac8]
Event: 72.781 Thread 0x00007f8b59834800 2878       1       sun.java2d.SurfaceData::isValid (5 bytes)
Event: 72.781 Thread 0x00007f8b59834800 nmethod 2878 0x00000001088e1150 code [0x00000001088e12a0, 0x00000001088e13b0]
Event: 72.784 Thread 0x00007f8b59834800 2879       3       sun.net.www.protocol.jar.Handler::parseContextSpec (154 bytes)
Event: 72.787 Thread 0x00007f8b59834800 nmethod 2879 0x0000000108490910 code [0x0000000108490d00, 0x00000001084933e8]
Event: 72.788 Thread 0x00007f8b59834800 2880       3       sun.net.www.ParseUtil::canonizeString (195 bytes)
Event: 72.794 Thread 0x00007f8b59834800 nmethod 2880 0x00000001088ec210 code [0x00000001088ec5e0, 0x00000001088eea28]

GC Heap History (10 events):
Event: 40.415 GC heap before
{Heap before GC invocations=11 (full 1):
 PSYoungGen      total 31232K, used 30848K [0x0000000795580000, 0x0000000799080000, 0x00000007c0000000)
  eden space 30720K, 100% used [0x0000000795580000,0x0000000797380000,0x0000000797380000)
  from space 512K, 25% used [0x0000000797400000,0x0000000797420000,0x0000000797480000)
  to   space 14848K, 0% used [0x0000000798200000,0x0000000798200000,0x0000000799080000)
 ParOldGen       total 57856K, used 16254K [0x0000000740000000, 0x0000000743880000, 0x0000000795580000)
  object space 57856K, 28% used [0x0000000740000000,0x0000000740fdf850,0x0000000743880000)
 Metaspace       used 21006K, capacity 21215K, committed 21552K, reserved 1069056K
  class space    used 2043K, capacity 2112K, committed 2176K, reserved 1048576K
Event: 40.416 GC heap after
Heap after GC invocations=11 (full 1):
 PSYoungGen      total 43520K, used 96K [0x0000000795580000, 0x0000000798f00000, 0x00000007c0000000)
  eden space 30208K, 0% used [0x0000000795580000,0x0000000795580000,0x0000000797300000)
  from space 13312K, 0% used [0x0000000798200000,0x0000000798218000,0x0000000798f00000)
  to   space 14336K, 0% used [0x0000000797300000,0x0000000797300000,0x0000000798100000)
 ParOldGen       total 57856K, used 16254K [0x0000000740000000, 0x0000000743880000, 0x0000000795580000)
  object space 57856K, 28% used [0x0000000740000000,0x0000000740fdf850,0x0000000743880000)
 Metaspace       used 21006K, capacity 21215K, committed 21552K, reserved 1069056K
  class space    used 2043K, capacity 2112K, committed 2176K, reserved 1048576K
}
Event: 46.582 GC heap before
{Heap before GC invocations=12 (full 1):
 PSYoungGen      total 43520K, used 30304K [0x0000000795580000, 0x0000000798f00000, 0x00000007c0000000)
  eden space 30208K, 100% used [0x0000000795580000,0x0000000797300000,0x0000000797300000)
  from space 13312K, 0% used [0x0000000798200000,0x0000000798218000,0x0000000798f00000)
  to   space 14336K, 0% used [0x0000000797300000,0x0000000797300000,0x0000000798100000)
 ParOldGen       total 57856K, used 16254K [0x0000000740000000, 0x0000000743880000, 0x0000000795580000)
  object space 57856K, 28% used [0x0000000740000000,0x0000000740fdf850,0x0000000743880000)
 Metaspace       used 21006K, capacity 21215K, committed 21552K, reserved 1069056K
  class space    used 2043K, capacity 2112K, committed 2176K, reserved 1048576K
Event: 46.594 GC heap after
Heap after GC invocations=12 (full 1):
 PSYoungGen      total 30208K, used 96K [0x0000000795580000, 0x0000000798d80000, 0x00000007c0000000)
  eden space 29696K, 0% used [0x0000000795580000,0x0000000795580000,0x0000000797280000)
  from space 512K, 18% used [0x0000000797300000,0x0000000797318000,0x0000000797380000)
  to   space 13824K, 0% used [0x0000000798000000,0x0000000798000000,0x0000000798d80000)
 ParOldGen       total 57856K, used 16254K [0x0000000740000000, 0x0000000743880000, 0x0000000795580000)
  object space 57856K, 28% used [0x0000000740000000,0x0000000740fdf850,0x0000000743880000)
 Metaspace       used 21006K, capacity 21215K, committed 21552K, reserved 1069056K
  class space    used 2043K, capacity 2112K, committed 2176K, reserved 1048576K
}
Event: 53.865 GC heap before
{Heap before GC invocations=13 (full 1):
 PSYoungGen      total 30208K, used 29792K [0x0000000795580000, 0x0000000798d80000, 0x00000007c0000000)
  eden space 29696K, 100% used [0x0000000795580000,0x0000000797280000,0x0000000797280000)
  from space 512K, 18% used [0x0000000797300000,0x0000000797318000,0x0000000797380000)
  to   space 13824K, 0% used [0x0000000798000000,0x0000000798000000,0x0000000798d80000)
 ParOldGen       total 57856K, used 16254K [0x0000000740000000, 0x0000000743880000, 0x0000000795580000)
  object space 57856K, 28% used [0x0000000740000000,0x0000000740fdf850,0x0000000743880000)
 Metaspace       used 21006K, capacity 21215K, committed 21552K, reserved 1069056K
  class space    used 2043K, capacity 2112K, committed 2176K, reserved 1048576K
Event: 53.867 GC heap after
Heap after GC invocations=13 (full 1):
 PSYoungGen      total 41472K, used 128K [0x0000000795580000, 0x0000000798c00000, 0x00000007c0000000)
  eden space 29184K, 0% used [0x0000000795580000,0x0000000795580000,0x0000000797200000)
  from space 12288K, 1% used [0x0000000798000000,0x0000000798020000,0x0000000798c00000)
  to   space 13312K, 0% used [0x0000000797200000,0x0000000797200000,0x0000000797f00000)
 ParOldGen       total 57856K, used 16254K [0x0000000740000000, 0x0000000743880000, 0x0000000795580000)
  object space 57856K, 28% used [0x0000000740000000,0x0000000740fdf850,0x0000000743880000)
 Metaspace       used 21006K, capacity 21215K, committed 21552K, reserved 1069056K
  class space    used 2043K, capacity 2112K, committed 2176K, reserved 1048576K
}
Event: 61.582 GC heap before
{Heap before GC invocations=14 (full 1):
 PSYoungGen      total 41472K, used 29312K [0x0000000795580000, 0x0000000798c00000, 0x00000007c0000000)
  eden space 29184K, 100% used [0x0000000795580000,0x0000000797200000,0x0000000797200000)
  from space 12288K, 1% used [0x0000000798000000,0x0000000798020000,0x0000000798c00000)
  to   space 13312K, 0% used [0x0000000797200000,0x0000000797200000,0x0000000797f00000)
 ParOldGen       total 57856K, used 16254K [0x0000000740000000, 0x0000000743880000, 0x0000000795580000)
  object space 57856K, 28% used [0x0000000740000000,0x0000000740fdf850,0x0000000743880000)
 Metaspace       used 21007K, capacity 21215K, committed 21552K, reserved 1069056K
  class space    used 2043K, capacity 2112K, committed 2176K, reserved 1048576K
Event: 61.585 GC heap after
Heap after GC invocations=14 (full 1):
 PSYoungGen      total 29184K, used 128K [0x0000000795580000, 0x0000000798a80000, 0x00000007c0000000)
  eden space 28672K, 0% used [0x0000000795580000,0x0000000795580000,0x0000000797180000)
  from space 512K, 25% used [0x0000000797200000,0x0000000797220000,0x0000000797280000)
  to   space 12800K, 0% used [0x0000000797e00000,0x0000000797e00000,0x0000000798a80000)
 ParOldGen       total 57856K, used 16254K [0x0000000740000000, 0x0000000743880000, 0x0000000795580000)
  object space 57856K, 28% used [0x0000000740000000,0x0000000740fdf850,0x0000000743880000)
 Metaspace       used 21007K, capacity 21215K, committed 21552K, reserved 1069056K
  class space    used 2043K, capacity 2112K, committed 2176K, reserved 1048576K
}
Event: 69.149 GC heap before
{Heap before GC invocations=15 (full 1):
 PSYoungGen      total 29184K, used 28800K [0x0000000795580000, 0x0000000798a80000, 0x00000007c0000000)
  eden space 28672K, 100% used [0x0000000795580000,0x0000000797180000,0x0000000797180000)
  from space 512K, 25% used [0x0000000797200000,0x0000000797220000,0x0000000797280000)
  to   space 12800K, 0% used [0x0000000797e00000,0x0000000797e00000,0x0000000798a80000)
 ParOldGen       total 57856K, used 16254K [0x0000000740000000, 0x0000000743880000, 0x0000000795580000)
  object space 57856K, 28% used [0x0000000740000000,0x0000000740fdf850,0x0000000743880000)
 Metaspace       used 21007K, capacity 21215K, committed 21552K, reserved 1069056K
  class space    used 2043K, capacity 2112K, committed 2176K, reserved 1048576K
Event: 69.153 GC heap after
Heap after GC invocations=15 (full 1):
 PSYoungGen      total 39424K, used 96K [0x0000000795580000, 0x0000000798900000, 0x00000007c0000000)
  eden space 28160K, 0% used [0x0000000795580000,0x0000000795580000,0x0000000797100000)
  from space 11264K, 0% used [0x0000000797e00000,0x0000000797e18000,0x0000000798900000)
  to   space 12288K, 0% used [0x0000000797100000,0x0000000797100000,0x0000000797d00000)
 ParOldGen       total 57856K, used 16254K [0x0000000740000000, 0x0000000743880000, 0x0000000795580000)
  object space 57856K, 28% used [0x0000000740000000,0x0000000740fdf850,0x0000000743880000)
 Metaspace       used 21007K, capacity 21215K, committed 21552K, reserved 1069056K
  class space    used 2043K, capacity 2112K, committed 2176K, reserved 1048576K
}

Deoptimization events (10 events):
Event: 72.731 Thread 0x00007f8b59c12800 Uncommon trap: reason=unstable_if action=reinterpret pc=0x00000001088979fc method=java.awt.EventQueue.isDispatchThreadImpl()Z @ 65
Event: 72.732 Thread 0x00007f8b5b230800 Uncommon trap: reason=unstable_if action=reinterpret pc=0x000000010889c1e0 method=java.awt.EventQueue.getPriority(Ljava/awt/AWTEvent;)I @ 71
Event: 72.732 Thread 0x00007f8b5b230800 Uncommon trap: reason=unstable_if action=reinterpret pc=0x00000001088e55e8 method=sun.lwawt.LWContainerPeer.cutChildren(Lsun/java2d/pipe/Region;Lsun/lwawt/LWComponentPeer;)Lsun/java2d/pipe/Region; @ 67
Event: 72.732 Thread 0x00007f8b5b230800 Uncommon trap: reason=unstable_if action=reinterpret pc=0x00000001088b67ac method=sun.java2d.SunGraphics2D.validateCompClip()V @ 9
Event: 72.736 Thread 0x00007f8b5b230800 Uncommon trap: reason=unstable_if action=reinterpret pc=0x00000001088bcd14 method=sun.java2d.pipe.Region.intersectsQuickCheck(Lsun/java2d/pipe/Region;)Z @ 41
Event: 72.780 Thread 0x00007f8b599e3800 Uncommon trap: reason=unstable_if action=reinterpret pc=0x00000001084ed2f4 method=java.util.HashMap.putVal(ILjava/lang/Object;Ljava/lang/Object;ZZ)Ljava/lang/Object; @ 81
Event: 72.780 Thread 0x00007f8b599e3800 Uncommon trap: reason=unstable_if action=reinterpret pc=0x00000001084e95fc method=java.util.HashMap.putVal(ILjava/lang/Object;Ljava/lang/Object;ZZ)Ljava/lang/Object; @ 81
Event: 72.826 Thread 0x00007f8b59c12800 Uncommon trap: reason=unstable_if action=reinterpret pc=0x0000000108896598 method=java.util.LinkedList$ListItr.<init>(Ljava/util/LinkedList;I)V @ 26
Event: 72.828 Thread 0x00007f8b59c12800 Uncommon trap: reason=unstable_if action=reinterpret pc=0x000000010881b784 method=java.security.AccessControlContext.optimize()Ljava/security/AccessControlContext; @ 233
Event: 72.829 Thread 0x00007f8b59c12800 Uncommon trap: reason=unstable_if action=reinterpret pc=0x0000000108896ac4 method=java.util.LinkedList$ListItr.<init>(Ljava/util/LinkedList;I)V @ 26

Internal exceptions (10 events):
Event: 0.140 Thread 0x00007f8b5a001800 Exception <a 'java/lang/NoSuchFieldError': method resolution failed> (0x0000000795785f98) thrown at [/HUDSON3/workspace/8-2-build-macosx-x86_64/jdk8u101/7261/hotspot/src/share/vm/prims/methodHandles.cpp, line 1146]
Event: 0.143 Thread 0x00007f8b5a001800 Exception <a 'java/lang/NoSuchFieldError': method resolution failed> (0x0000000795793768) thrown at [/HUDSON3/workspace/8-2-build-macosx-x86_64/jdk8u101/7261/hotspot/src/share/vm/prims/methodHandles.cpp, line 1146]
Event: 0.302 Thread 0x00007f8b5a001800 Exception <a 'java/io/FileNotFoundException'> (0x000000079580ed30) thrown at [/HUDSON3/workspace/8-2-build-macosx-x86_64/jdk8u101/7261/hotspot/src/share/vm/prims/jni.cpp, line 709]
Event: 0.302 Thread 0x00007f8b5a001800 Exception <a 'java/io/FileNotFoundException'> (0x000000079580f8b8) thrown at [/HUDSON3/workspace/8-2-build-macosx-x86_64/jdk8u101/7261/hotspot/src/share/vm/prims/jni.cpp, line 709]
Event: 0.415 Thread 0x00007f8b5a001800 Exception <a 'java/io/FileNotFoundException'> (0x000000079594b2a0) thrown at [/HUDSON3/workspace/8-2-build-macosx-x86_64/jdk8u101/7261/hotspot/src/share/vm/prims/jni.cpp, line 709]
Event: 1.911 Thread 0x00007f8b5b40d800 Exception <a 'java/lang/UnsatisfiedLinkError': com.jogamp.common.util.JarUtil.fixNativeLibAttribs(Ljava/lang/String;)Z> (0x0000000796a65698) thrown at [/HUDSON3/workspace/8-2-build-macosx-x86_64/jdk8u101/7261/hotspot/src/share/vm/prims/nativeLookup.cpp, l
Event: 2.267 Thread 0x00007f8b5a810000 Exception <a 'java/lang/NullPointerException'> (0x00000007956aa2d0) thrown at [/HUDSON3/workspace/8-2-build-macosx-x86_64/jdk8u101/7261/hotspot/src/share/vm/interpreter/linkResolver.cpp, line 1178]
Event: 2.835 Thread 0x00007f8b59c12800 Exception <a 'java/io/FileNotFoundException'> (0x0000000795e4bbc0) thrown at [/HUDSON3/workspace/8-2-build-macosx-x86_64/jdk8u101/7261/hotspot/src/share/vm/prims/jni.cpp, line 709]
Event: 2.836 Thread 0x00007f8b59c12800 Exception <a 'java/io/FileNotFoundException'> (0x0000000795e51f88) thrown at [/HUDSON3/workspace/8-2-build-macosx-x86_64/jdk8u101/7261/hotspot/src/share/vm/prims/jni.cpp, line 709]
Event: 2.836 Thread 0x00007f8b59c12800 Implicit null exception at 0x0000000108139435 to 0x00000001081397ad

Events (10 events):
Event: 72.828 loading class java/awt/LightweightDispatcher$2
Event: 72.828 loading class java/awt/LightweightDispatcher$2 done
Event: 72.828 loading class java/awt/event/AWTEventListenerProxy
Event: 72.828 loading class java/awt/event/AWTEventListenerProxy done
Event: 72.829 loading class java/awt/Toolkit$ToolkitEventMulticaster
Event: 72.829 loading class java/awt/Toolkit$ToolkitEventMulticaster done
Event: 72.829 Thread 0x00007f8b59c12800 Uncommon trap: trap_request=0xffffff65 fr.pc=0x0000000108896ac4
Event: 72.829 Thread 0x00007f8b59c12800 DEOPT PACKING pc=0x0000000108896ac4 sp=0x00007000019e8950
Event: 72.829 Thread 0x00007f8b59c12800 DEOPT UNPACKING pc=0x0000000107fa2229 sp=0x00007000019e88a8 mode 2
Event: 72.831 Thread 0x00007f8b599e3800 Thread exited: 0x00007f8b599e3800


Dynamic libraries:
0x000000000a325000 	/System/Library/Frameworks/Cocoa.framework/Versions/A/Cocoa
0x0000000105c3b000 	/System/Library/Frameworks/Security.framework/Versions/A/Security
0x000000000a325000 	/System/Library/Frameworks/ApplicationServices.framework/Versions/A/ApplicationServices
0x000000000a325000 	/usr/lib/libz.1.dylib
0x000000000a325000 	/usr/lib/libSystem.B.dylib
0x000000000a325000 	/usr/lib/libobjc.A.dylib
0x000000000a325000 	/System/Library/Frameworks/CoreFoundation.framework/Versions/A/CoreFoundation
0x000000000a325000 	/System/Library/Frameworks/Foundation.framework/Versions/C/Foundation
0x000000000a325000 	/System/Library/Frameworks/AppKit.framework/Versions/C/AppKit
0x000000000a325000 	/System/Library/Frameworks/CoreData.framework/Versions/A/CoreData
0x000000000a325000 	/System/Library/PrivateFrameworks/RemoteViewServices.framework/Versions/A/RemoteViewServices
0x000000000a325000 	/System/Library/PrivateFrameworks/UIFoundation.framework/Versions/A/UIFoundation
0x000000000a325000 	/usr/lib/libScreenReader.dylib
0x000000000a325000 	/System/Library/Frameworks/Accelerate.framework/Versions/A/Accelerate
0x000000000a325000 	/System/Library/Frameworks/IOSurface.framework/Versions/A/IOSurface
0x000000000a325000 	/System/Library/Frameworks/AudioToolbox.framework/Versions/A/AudioToolbox
0x000000000a325000 	/System/Library/Frameworks/AudioUnit.framework/Versions/A/AudioUnit
0x000000000a325000 	/System/Library/PrivateFrameworks/DataDetectorsCore.framework/Versions/A/DataDetectorsCore
0x000000000a325000 	/System/Library/PrivateFrameworks/DesktopServicesPriv.framework/Versions/A/DesktopServicesPriv
0x000000000a325000 	/System/Library/Frameworks/Carbon.framework/Versions/A/Frameworks/HIToolbox.framework/Versions/A/HIToolbox
0x000000000a325000 	/System/Library/Frameworks/QuartzCore.framework/Versions/A/QuartzCore
0x000000000a325000 	/System/Library/Frameworks/Carbon.framework/Versions/A/Frameworks/SpeechRecognition.framework/Versions/A/SpeechRecognition
0x000000000a325000 	/usr/lib/libauto.dylib
0x000000000a325000 	/usr/lib/libicucore.A.dylib
0x000000000a325000 	/usr/lib/libxml2.2.dylib
0x000000000a325000 	/System/Library/PrivateFrameworks/CoreUI.framework/Versions/A/CoreUI
0x000000000a325000 	/System/Library/Frameworks/CoreAudio.framework/Versions/A/CoreAudio
0x000000000a325000 	/System/Library/Frameworks/DiskArbitration.framework/Versions/A/DiskArbitration
0x000000000a325000 	/usr/lib/liblangid.dylib
0x000000000a325000 	/System/Library/PrivateFrameworks/MultitouchSupport.framework/Versions/A/MultitouchSupport
0x000000000a325000 	/System/Library/Frameworks/IOKit.framework/Versions/A/IOKit
0x000000000a325000 	/usr/lib/libDiagnosticMessagesClient.dylib
0x000000000a325000 	/System/Library/Frameworks/CoreServices.framework/Versions/A/CoreServices
0x000000000a325000 	/System/Library/PrivateFrameworks/PerformanceAnalysis.framework/Versions/A/PerformanceAnalysis
0x000000000a325000 	/System/Library/PrivateFrameworks/GenerationalStorage.framework/Versions/A/GenerationalStorage
0x000000000a325000 	/System/Library/Frameworks/OpenGL.framework/Versions/A/OpenGL
0x000000000a325000 	/System/Library/PrivateFrameworks/Sharing.framework/Versions/A/Sharing
0x000000000a325000 	/System/Library/Frameworks/CoreGraphics.framework/Versions/A/CoreGraphics
0x000000000a325000 	/System/Library/Frameworks/CoreImage.framework/Versions/A/CoreImage
0x000000000a325000 	/System/Library/Frameworks/CoreText.framework/Versions/A/CoreText
0x000000000a325000 	/System/Library/Frameworks/ImageIO.framework/Versions/A/ImageIO
0x000000000a325000 	/System/Library/PrivateFrameworks/Backup.framework/Versions/A/Backup
0x000000000a325000 	/usr/lib/libextension.dylib
0x000000000a325000 	/usr/lib/libarchive.2.dylib
0x0000000106058000 	/System/Library/Frameworks/CFNetwork.framework/Versions/A/CFNetwork
0x000000000a325000 	/System/Library/Frameworks/SystemConfiguration.framework/Versions/A/SystemConfiguration
0x000000000a325000 	/usr/lib/libCRFSuite.dylib
0x000000000a325000 	/usr/lib/libc++.1.dylib
0x000000000a325000 	/usr/lib/libc++abi.dylib
0x000000000a325000 	/usr/lib/system/libcache.dylib
0x000000000a325000 	/usr/lib/system/libcommonCrypto.dylib
0x000000000a325000 	/usr/lib/system/libcompiler_rt.dylib
0x000000000a325000 	/usr/lib/system/libcopyfile.dylib
0x000000000a325000 	/usr/lib/system/libcorecrypto.dylib
0x000000000a325000 	/usr/lib/system/libdispatch.dylib
0x000000000a325000 	/usr/lib/system/libdyld.dylib
0x000000000a325000 	/usr/lib/system/libkeymgr.dylib
0x000000000a325000 	/usr/lib/system/liblaunch.dylib
0x000000000a325000 	/usr/lib/system/libmacho.dylib
0x000000000a325000 	/usr/lib/system/libquarantine.dylib
0x000000000a325000 	/usr/lib/system/libremovefile.dylib
0x000000000a325000 	/usr/lib/system/libsystem_asl.dylib
0x000000000a325000 	/usr/lib/system/libsystem_blocks.dylib
0x000000000a325000 	/usr/lib/system/libsystem_c.dylib
0x000000000a325000 	/usr/lib/system/libsystem_configuration.dylib
0x000000000a325000 	/usr/lib/system/libsystem_coreservices.dylib
0x000000000a325000 	/usr/lib/system/libsystem_coretls.dylib
0x000000000a325000 	/usr/lib/system/libsystem_dnssd.dylib
0x000000000a325000 	/usr/lib/system/libsystem_info.dylib
0x000000000a325000 	/usr/lib/system/libsystem_kernel.dylib
0x000000000a325000 	/usr/lib/system/libsystem_m.dylib
0x000000000a325000 	/usr/lib/system/libsystem_malloc.dylib
0x000000000a325000 	/usr/lib/system/libsystem_network.dylib
0x000000000a325000 	/usr/lib/system/libsystem_networkextension.dylib
0x000000000a325000 	/usr/lib/system/libsystem_notify.dylib
0x000000000a325000 	/usr/lib/system/libsystem_platform.dylib
0x000000000a325000 	/usr/lib/system/libsystem_pthread.dylib
0x000000000a325000 	/usr/lib/system/libsystem_sandbox.dylib
0x000000000a325000 	/usr/lib/system/libsystem_secinit.dylib
0x000000000a325000 	/usr/lib/system/libsystem_trace.dylib
0x000000000a325000 	/usr/lib/system/libunc.dylib
0x000000000a325000 	/usr/lib/system/libunwind.dylib
0x000000000a325000 	/usr/lib/system/libxpc.dylib
0x000000000a325000 	/usr/lib/libenergytrace.dylib
0x000000000a325000 	/usr/lib/libbsm.0.dylib
0x000000000a325000 	/usr/lib/system/libkxld.dylib
0x000000000a325000 	/usr/lib/libxar.1.dylib
0x000000000a325000 	/usr/lib/libsqlite3.dylib
0x000000000a325000 	/usr/lib/libpam.2.dylib
0x000000000a325000 	/usr/lib/libOpenScriptingUtil.dylib
0x000000000a325000 	/usr/lib/libbz2.1.0.dylib
0x000000000a325000 	/usr/lib/liblzma.5.dylib
0x000000000a325000 	/System/Library/Frameworks/CoreServices.framework/Versions/A/Frameworks/FSEvents.framework/Versions/A/FSEvents
0x000000000a325000 	/System/Library/Frameworks/CoreServices.framework/Versions/A/Frameworks/CarbonCore.framework/Versions/A/CarbonCore
0x000000000a325000 	/System/Library/Frameworks/CoreServices.framework/Versions/A/Frameworks/Metadata.framework/Versions/A/Metadata
0x000000000a325000 	/System/Library/Frameworks/CoreServices.framework/Versions/A/Frameworks/OSServices.framework/Versions/A/OSServices
0x000000000a325000 	/System/Library/Frameworks/CoreServices.framework/Versions/A/Frameworks/SearchKit.framework/Versions/A/SearchKit
0x000000000a325000 	/System/Library/Frameworks/CoreServices.framework/Versions/A/Frameworks/AE.framework/Versions/A/AE
0x000000000a325000 	/System/Library/Frameworks/CoreServices.framework/Versions/A/Frameworks/LaunchServices.framework/Versions/A/LaunchServices
0x000000000a325000 	/System/Library/Frameworks/CoreServices.framework/Versions/A/Frameworks/DictionaryServices.framework/Versions/A/DictionaryServices
0x000000000a325000 	/System/Library/Frameworks/CoreServices.framework/Versions/A/Frameworks/SharedFileList.framework/Versions/A/SharedFileList
0x000000000a325000 	/System/Library/Frameworks/NetFS.framework/Versions/A/NetFS
0x000000000a325000 	/System/Library/PrivateFrameworks/NetAuth.framework/Versions/A/NetAuth
0x000000000a325000 	/System/Library/PrivateFrameworks/login.framework/Versions/A/Frameworks/loginsupport.framework/Versions/A/loginsupport
0x000000000a325000 	/System/Library/PrivateFrameworks/TCC.framework/Versions/A/TCC
0x000000000a325000 	/usr/lib/libmecabra.dylib
0x000000000a325000 	/System/Library/Frameworks/ApplicationServices.framework/Versions/A/Frameworks/ATS.framework/Versions/A/ATS
0x000000000a325000 	/System/Library/Frameworks/ApplicationServices.framework/Versions/A/Frameworks/ColorSync.framework/Versions/A/ColorSync
0x000000000a325000 	/System/Library/Frameworks/ApplicationServices.framework/Versions/A/Frameworks/HIServices.framework/Versions/A/HIServices
0x000000000a325000 	/System/Library/Frameworks/ApplicationServices.framework/Versions/A/Frameworks/LangAnalysis.framework/Versions/A/LangAnalysis
0x000000000a325000 	/System/Library/Frameworks/ApplicationServices.framework/Versions/A/Frameworks/PrintCore.framework/Versions/A/PrintCore
0x000000000a325000 	/System/Library/Frameworks/ApplicationServices.framework/Versions/A/Frameworks/QD.framework/Versions/A/QD
0x000000000a325000 	/System/Library/Frameworks/ApplicationServices.framework/Versions/A/Frameworks/SpeechSynthesis.framework/Versions/A/SpeechSynthesis
0x000000000a325000 	/System/Library/Frameworks/Metal.framework/Versions/A/Metal
0x000000000a325000 	/System/Library/Frameworks/Accelerate.framework/Versions/A/Frameworks/vImage.framework/Versions/A/vImage
0x000000000a325000 	/System/Library/Frameworks/Accelerate.framework/Versions/A/Frameworks/vecLib.framework/Versions/A/vecLib
0x000000000a325000 	/System/Library/Frameworks/Accelerate.framework/Versions/A/Frameworks/vecLib.framework/Versions/A/libvDSP.dylib
0x000000000a325000 	/System/Library/Frameworks/Accelerate.framework/Versions/A/Frameworks/vecLib.framework/Versions/A/libvMisc.dylib
0x000000000a325000 	/System/Library/Frameworks/Accelerate.framework/Versions/A/Frameworks/vecLib.framework/Versions/A/libLAPACK.dylib
0x000000000a325000 	/System/Library/Frameworks/Accelerate.framework/Versions/A/Frameworks/vecLib.framework/Versions/A/libBLAS.dylib
0x000000000a325000 	/System/Library/Frameworks/Accelerate.framework/Versions/A/Frameworks/vecLib.framework/Versions/A/libLinearAlgebra.dylib
0x000000000a325000 	/System/Library/Frameworks/Accelerate.framework/Versions/A/Frameworks/vecLib.framework/Versions/A/libSparseBLAS.dylib
0x000000000a325000 	/System/Library/PrivateFrameworks/GPUCompiler.framework/libmetal_timestamp.dylib
0x000000000a325000 	/System/Library/Frameworks/OpenGL.framework/Versions/A/Libraries/libCoreFSCache.dylib
0x000000000a325000 	/System/Library/PrivateFrameworks/IOAccelerator.framework/Versions/A/IOAccelerator
0x000000000a325000 	/System/Library/Frameworks/ApplicationServices.framework/Versions/A/Frameworks/ATS.framework/Versions/A/Resources/libFontParser.dylib
0x000000000a325000 	/System/Library/Frameworks/ApplicationServices.framework/Versions/A/Frameworks/ATS.framework/Versions/A/Resources/libFontRegistry.dylib
0x000000000a325000 	/System/Library/PrivateFrameworks/AppleVPA.framework/Versions/A/AppleVPA
0x000000000a325000 	/System/Library/PrivateFrameworks/AppleJPEG.framework/Versions/A/AppleJPEG
0x000000000a325000 	/System/Library/Frameworks/ImageIO.framework/Versions/A/Resources/libJPEG.dylib
0x000000000a325000 	/System/Library/Frameworks/ImageIO.framework/Versions/A/Resources/libTIFF.dylib
0x000000000a325000 	/System/Library/Frameworks/ImageIO.framework/Versions/A/Resources/libPng.dylib
0x000000000a325000 	/System/Library/Frameworks/ImageIO.framework/Versions/A/Resources/libGIF.dylib
0x000000000a325000 	/System/Library/Frameworks/ImageIO.framework/Versions/A/Resources/libJP2.dylib
0x000000000a325000 	/System/Library/Frameworks/ImageIO.framework/Versions/A/Resources/libRadiance.dylib
0x000000000a325000 	/System/Library/Frameworks/CoreVideo.framework/Versions/A/CoreVideo
0x000000000a325000 	/System/Library/Frameworks/OpenGL.framework/Versions/A/Libraries/libGLU.dylib
0x000000000a325000 	/System/Library/Frameworks/OpenGL.framework/Versions/A/Libraries/libGFXShared.dylib
0x000000000a325000 	/System/Library/Frameworks/OpenGL.framework/Versions/A/Libraries/libGL.dylib
0x000000000a325000 	/System/Library/Frameworks/OpenGL.framework/Versions/A/Libraries/libGLImage.dylib
0x000000000a325000 	/System/Library/Frameworks/OpenGL.framework/Versions/A/Libraries/libCVMSPluginSupport.dylib
0x000000000a325000 	/System/Library/Frameworks/OpenGL.framework/Versions/A/Libraries/libCoreVMClient.dylib
0x000000000a325000 	/usr/lib/libcompression.dylib
0x000000000a325000 	/usr/lib/libcups.2.dylib
0x000000000a325000 	/System/Library/Frameworks/Kerberos.framework/Versions/A/Kerberos
0x000000000a325000 	/System/Library/Frameworks/GSS.framework/Versions/A/GSS
0x000000000a325000 	/usr/lib/libresolv.9.dylib
0x000000000a325000 	/usr/lib/libiconv.2.dylib
0x000000000a325000 	/System/Library/PrivateFrameworks/Heimdal.framework/Versions/A/Heimdal
0x000000000a325000 	/usr/lib/libheimdal-asn1.dylib
0x000000000a325000 	/System/Library/Frameworks/OpenDirectory.framework/Versions/A/OpenDirectory
0x000000000a325000 	/System/Library/PrivateFrameworks/CommonAuth.framework/Versions/A/CommonAuth
0x000000000a325000 	/System/Library/Frameworks/OpenDirectory.framework/Versions/A/Frameworks/CFOpenDirectory.framework/Versions/A/CFOpenDirectory
0x000000000a325000 	/System/Library/Frameworks/SecurityFoundation.framework/Versions/A/SecurityFoundation
0x000000000a325000 	/System/Library/PrivateFrameworks/LanguageModeling.framework/Versions/A/LanguageModeling
0x000000000a325000 	/usr/lib/libmarisa.dylib
0x000000000a325000 	/usr/lib/libChineseTokenizer.dylib
0x000000000a325000 	/usr/lib/libcmph.dylib
0x000000000a325000 	/System/Library/Frameworks/ServiceManagement.framework/Versions/A/ServiceManagement
0x000000000a325000 	/usr/lib/libxslt.1.dylib
0x000000000a325000 	/System/Library/Frameworks/Carbon.framework/Versions/A/Frameworks/Ink.framework/Versions/A/Ink
0x000000000a325000 	/usr/lib/libFosl_dynamic.dylib
0x000000000a325000 	/System/Library/PrivateFrameworks/FaceCore.framework/Versions/A/FaceCore
0x000000000a325000 	/System/Library/Frameworks/OpenCL.framework/Versions/A/OpenCL
0x000000000a325000 	/System/Library/PrivateFrameworks/CrashReporterSupport.framework/Versions/A/CrashReporterSupport
0x000000000a325000 	/System/Library/PrivateFrameworks/IconServices.framework/Versions/A/IconServices
0x000000000a325000 	/System/Library/PrivateFrameworks/Apple80211.framework/Versions/A/Apple80211
0x000000000a325000 	/System/Library/Frameworks/CoreWLAN.framework/Versions/A/CoreWLAN
0x000000000a325000 	/System/Library/Frameworks/IOBluetooth.framework/Versions/A/IOBluetooth
0x000000000a325000 	/System/Library/PrivateFrameworks/CoreWiFi.framework/Versions/A/CoreWiFi
0x000000000a325000 	/System/Library/Frameworks/CoreBluetooth.framework/Versions/A/CoreBluetooth
0x000000000a325000 	/System/Library/PrivateFrameworks/ChunkingLibrary.framework/Versions/A/ChunkingLibrary
0x000000000a325000 	/System/Library/PrivateFrameworks/DebugSymbols.framework/Versions/A/DebugSymbols
0x000000000a325000 	/System/Library/PrivateFrameworks/CoreSymbolication.framework/Versions/A/CoreSymbolication
0x000000000a325000 	/System/Library/PrivateFrameworks/Symbolication.framework/Versions/A/Symbolication
0x000000000a325000 	/System/Library/PrivateFrameworks/SpeechRecognitionCore.framework/Versions/A/SpeechRecognitionCore
0x0000000107000000 	/Library/Java/JavaVirtualMachines/jdk1.8.0_101.jdk/Contents/Home/jre/lib/server/libjvm.dylib
0x000000000a325000 	/usr/lib/libstdc++.6.dylib
0x000000010672a000 	/Library/Java/JavaVirtualMachines/jdk1.8.0_101.jdk/Contents/Home/jre/lib/libverify.dylib
0x0000000106738000 	/Library/Java/JavaVirtualMachines/jdk1.8.0_101.jdk/Contents/Home/jre/lib/libjava.dylib
0x0000000106775000 	/Library/Java/JavaVirtualMachines/jdk1.8.0_101.jdk/Contents/Home/jre/lib/libzip.dylib
0x000000011d890000 	/System/Library/Frameworks/JavaVM.framework/Frameworks/JavaRuntimeSupport.framework/JavaRuntimeSupport
0x000000011d8ab000 	/System/Library/Frameworks/JavaVM.framework/Versions/A/Frameworks/JavaNativeFoundation.framework/Versions/A/JavaNativeFoundation
0x00000001067ee000 	/System/Library/Frameworks/JavaVM.framework/Versions/A/JavaVM
0x000000000a325000 	/System/Library/Frameworks/Carbon.framework/Versions/A/Carbon
0x000000011d8c0000 	/System/Library/PrivateFrameworks/JavaLaunching.framework/Versions/A/JavaLaunching
0x000000000a325000 	/System/Library/Frameworks/Carbon.framework/Versions/A/Frameworks/CommonPanels.framework/Versions/A/CommonPanels
0x000000000a325000 	/System/Library/Frameworks/Carbon.framework/Versions/A/Frameworks/Help.framework/Versions/A/Help
0x000000000a325000 	/System/Library/Frameworks/Carbon.framework/Versions/A/Frameworks/ImageCapture.framework/Versions/A/ImageCapture
0x000000000a325000 	/System/Library/Frameworks/Carbon.framework/Versions/A/Frameworks/OpenScripting.framework/Versions/A/OpenScripting
0x000000000a325000 	/System/Library/Frameworks/Carbon.framework/Versions/A/Frameworks/Print.framework/Versions/A/Print
0x000000000a325000 	/System/Library/Frameworks/Carbon.framework/Versions/A/Frameworks/SecurityHI.framework/Versions/A/SecurityHI
0x000000011f1e1000 	/Library/Java/JavaVirtualMachines/jdk1.8.0_101.jdk/Contents/Home/jre/lib/libawt.dylib
0x000000011f289000 	/Library/Java/JavaVirtualMachines/jdk1.8.0_101.jdk/Contents/Home/jre/lib/./libmlib_image.dylib
0x000000011f355000 	/Library/Java/JavaVirtualMachines/jdk1.8.0_101.jdk/Contents/Home/jre/lib/libawt_lwawt.dylib
0x000000011f40a000 	/Library/Java/JavaVirtualMachines/jdk1.8.0_101.jdk/Contents/Home/jre/lib/./libosxapp.dylib
0x000000000a325000 	/System/Library/Frameworks/ExceptionHandling.framework/Versions/A/ExceptionHandling
0x000000000a325000 	/System/Library/PrivateFrameworks/CoreServicesInternal.framework/Versions/A/CoreServicesInternal
0x000000011fbcf000 	/System/Library/Frameworks/CoreGraphics.framework/Versions/A/Resources/libRIP.A.dylib
0x000000000a325000 	/System/Library/Frameworks/Accelerate.framework/Versions/A/Frameworks/vImage.framework/Versions/A/Libraries/libCGInterfaces.dylib
0x000000011fd76000 	/System/Library/Frameworks/CoreGraphics.framework/Versions/A/Resources/libCGXType.A.dylib
0x000000000a325000 	/System/Library/Frameworks/OpenCL.framework/Versions/A/Libraries/libcldcpuengine.dylib
0x000000000a325000 	/System/Library/PrivateFrameworks/DiskImages.framework/Versions/A/DiskImages
0x000000000a325000 	/System/Library/Frameworks/DiscRecording.framework/Versions/A/DiscRecording
0x000000000a325000 	/usr/lib/libcsfde.dylib
0x000000000a325000 	/usr/lib/libcurl.4.dylib
0x000000000a325000 	/System/Library/PrivateFrameworks/MediaKit.framework/Versions/A/MediaKit
0x000000000a325000 	/System/Library/PrivateFrameworks/ProtectedCloudStorage.framework/Versions/A/ProtectedCloudStorage
0x000000000a325000 	/usr/lib/libCoreStorage.dylib
0x000000000a325000 	/System/Library/PrivateFrameworks/EFILogin.framework/Versions/A/EFILogin
0x000000000a325000 	/usr/lib/libutil.dylib
0x000000000a325000 	/System/Library/PrivateFrameworks/FindMyDevice.framework/Versions/A/FindMyDevice
0x000000000a325000 	/System/Library/Frameworks/LDAP.framework/Versions/A/LDAP
0x000000000a325000 	/usr/lib/libsasl2.2.dylib
0x000000000a325000 	/System/Library/PrivateFrameworks/CoreDaemon.framework/Versions/B/CoreDaemon
0x000000000a325000 	/usr/lib/libcrypto.0.9.8.dylib
0x000000000a325000 	/System/Library/PrivateFrameworks/AppleSRP.framework/Versions/A/AppleSRP
0x000000000a325000 	/System/Library/PrivateFrameworks/TrustEvaluationAgent.framework/Versions/A/TrustEvaluationAgent
0x0000000120bd7000 	cl_kernels
0x000000000a325000 	/System/Library/Frameworks/OpenCL.framework/Versions/A/Libraries/ImageFormats/unorm8_bgra.dylib
0x000000000a325000 	/System/Library/Frameworks/OpenCL.framework/Versions/A/Libraries/ImageFormats/unorm8_rgba.dylib
0x000000000a325000 	/System/Library/PrivateFrameworks/FamilyControls.framework/Versions/A/FamilyControls
0x000000000a325000 	/System/Library/PrivateFrameworks/CommerceKit.framework/Versions/A/Frameworks/CommerceCore.framework/Versions/A/CommerceCore
0x000000000a325000 	/System/Library/PrivateFrameworks/SystemAdministration.framework/Versions/A/SystemAdministration
0x000000000a325000 	/System/Library/PrivateFrameworks/AppContainer.framework/Versions/A/AppContainer
0x000000000a325000 	/System/Library/PrivateFrameworks/SecCodeWrapper.framework/Versions/A/SecCodeWrapper
0x000000000a325000 	/System/Library/Frameworks/DirectoryService.framework/Versions/A/DirectoryService
0x000000000a325000 	/System/Library/PrivateFrameworks/LoginUIKit.framework/Versions/A/Frameworks/LoginUICore.framework/Versions/A/LoginUICore
0x000000000a325000 	/usr/lib/libodfde.dylib
0x000000000a325000 	/System/Library/Frameworks/OpenGL.framework/Versions/A/Resources/GLEngine.bundle/GLEngine
0x000000000a325000 	/System/Library/Frameworks/OpenGL.framework/Versions/A/Libraries/libGLProgrammability.dylib
0x0000000121c4c000 	/System/Library/Extensions/AppleIntelHD4000GraphicsGLDriver.bundle/Contents/MacOS/AppleIntelHD4000GraphicsGLDriver
0x000000000a325000 	/System/Library/PrivateFrameworks/GPUSupport.framework/Versions/A/Libraries/libGPUSupportMercury.dylib
0x000000000a325000 	/System/Library/Frameworks/OpenGL.framework/Versions/A/Resources/GLRendererFloat.bundle/GLRendererFloat
0x0000000122bb1000 	/Library/Java/JavaVirtualMachines/jdk1.8.0_101.jdk/Contents/Home/jre/lib/libfontmanager.dylib
0x0000000124051000 	/Library/Java/JavaVirtualMachines/jdk1.8.0_101.jdk/Contents/Home/jre/lib/libosxui.dylib
0x0000000124d59000 	/Library/Java/JavaVirtualMachines/jdk1.8.0_101.jdk/Contents/Home/jre/lib/libnet.dylib
0x0000000124ba5000 	/Library/Java/JavaVirtualMachines/jdk1.8.0_101.jdk/Contents/Home/jre/lib/libnio.dylib
0x000000000a325000 	/System/Library/Frameworks/ApplicationServices.framework/Versions/A/Frameworks/ATS.framework/Versions/A/Resources/libTrueTypeScaler.dylib
0x0000000175c83000 	/System/Library/Extensions/AppleIntelHD4000GraphicsMTLDriver.bundle/Contents/MacOS/AppleIntelHD4000GraphicsMTLDriver
0x00000001201b3000 	/private/var/folders/yd/w0h308490sjfy_hf_nbsv22h0000gn/T/jogamp_0000/file_cache/jln744970787870906492/jln332237792402117752/libgluegen-rt.jnilib
0x00000001201b8000 	/private/var/folders/yd/w0h308490sjfy_hf_nbsv22h0000gn/T/jogamp_0000/file_cache/jln744970787870906492/jln332237792402117752/libnativewindow_awt.jnilib
0x00000001201bb000 	/Library/Java/JavaVirtualMachines/jdk1.8.0_101.jdk/Contents/Home/jre/lib/libjawt.dylib
0x00000001201be000 	/private/var/folders/yd/w0h308490sjfy_hf_nbsv22h0000gn/T/jogamp_0000/file_cache/jln744970787870906492/jln332237792402117752/libnativewindow_macosx.jnilib
0x0000000177bc7000 	/private/var/folders/yd/w0h308490sjfy_hf_nbsv22h0000gn/T/jogamp_0000/file_cache/jln744970787870906492/jln332237792402117752/libjogl_desktop.jnilib
0x0000000120842000 	/Library/Java/JavaVirtualMachines/jdk1.8.0_101.jdk/Contents/Home/jre/lib/libjpeg.dylib
0x0000000120927000 	/Library/Java/JavaVirtualMachines/jdk1.8.0_101.jdk/Contents/Home/jre/lib/libt2k.dylib

VM Arguments:
jvm_args: -Djava.security.policy=java.policy.applet -Dfile.encoding=UTF-8 
java_command: sun.applet.AppletViewer module5.EarthquakeCityMap1475021126904.html
java_class_path (initial): /Users/AndrewYou/Documents/workspace/UCSDUnfoldingMaps/build:/Users/AndrewYou/Documents/workspace/UCSDUnfoldingMaps/lib/core.jar:/Users/AndrewYou/Documents/workspace/UCSDUnfoldingMaps/lib/gluegen-rt.jar:/Users/AndrewYou/Documents/workspace/UCSDUnfoldingMaps/lib/jogl-all.jar:/Users/AndrewYou/Documents/workspace/UCSDUnfoldingMaps/lib/log4j-1.2.15.jar:/Users/AndrewYou/Documents/workspace/UCSDUnfoldingMaps/lib/sqlite-jdbc-3.7.2.jar:/Users/AndrewYou/Documents/workspace/UCSDUnfoldingMaps/lib/json4processing.jar:/Users/AndrewYou/Documents/workspace/UCSDUnfoldingMaps/lib/libTUIO.jar:/Users/AndrewYou/Documents/workspace/UCSDUnfoldingMaps/lib/unfolding.0.9.7-uscd.jar
Launcher Type: SUN_STANDARD

Environment Variables:
PATH=/usr/bin:/bin:/usr/sbin:/sbin
SHELL=/bin/bash

Signal Handlers:
SIGSEGV: [libjvm.dylib+0x5af145], sa_mask[0]=11111111011111110111111111111111, sa_flags=SA_ONSTACK|SA_RESTART|SA_SIGINFO
SIGBUS: [libjvm.dylib+0x5af145], sa_mask[0]=11111111011111110111111111111111, sa_flags=SA_RESTART|SA_SIGINFO
SIGFPE: [libjvm.dylib+0x48694c], sa_mask[0]=11111111011111110111111111111111, sa_flags=SA_RESTART|SA_SIGINFO
SIGPIPE: [libjvm.dylib+0x48694c], sa_mask[0]=11111111011111110111111111111111, sa_flags=SA_RESTART|SA_SIGINFO
SIGXFSZ: [libjvm.dylib+0x48694c], sa_mask[0]=11111111011111110111111111111111, sa_flags=SA_RESTART|SA_SIGINFO
SIGILL: [libjvm.dylib+0x48694c], sa_mask[0]=11111111011111110111111111111111, sa_flags=SA_RESTART|SA_SIGINFO
SIGUSR1: SIG_DFL, sa_mask[0]=00000000000000000000000000000000, sa_flags=none
SIGUSR2: [libjvm.dylib+0x48646a], sa_mask[0]=00100000000000000000000000000000, sa_flags=SA_RESTART|SA_SIGINFO
SIGHUP: [libjvm.dylib+0x484a41], sa_mask[0]=11111111011111110111111111111111, sa_flags=SA_RESTART|SA_SIGINFO
SIGINT: [libjvm.dylib+0x484a41], sa_mask[0]=11111111011111110111111111111111, sa_flags=SA_RESTART|SA_SIGINFO
SIGTERM: [libjvm.dylib+0x484a41], sa_mask[0]=11111111011111110111111111111111, sa_flags=SA_RESTART|SA_SIGINFO
SIGQUIT: [libjvm.dylib+0x484a41], sa_mask[0]=11111111011111110111111111111111, sa_flags=SA_RESTART|SA_SIGINFO


---------------  S Y S T E M  ---------------

OS:Bsduname:Darwin 15.6.0 Darwin Kernel Version 15.6.0: Mon Aug 29 20:21:34 PDT 2016; root:xnu-3248.60.11~1/RELEASE_X86_64 x86_64
rlimit: STACK 8192k, CORE 0k, NPROC 709, NOFILE 10240, AS infinity
load average:3.37 4.26 4.04

CPU:total 4 (2 cores per cpu, 2 threads per core) family 6 model 58 stepping 9, cmov, cx8, fxsr, mmx, sse, sse2, sse3, ssse3, sse4.1, sse4.2, popcnt, avx, aes, clmul, erms, ht, tsc, tscinvbit, tscinv

Memory: 4k page, physical 8388608k(706472k free)

/proc/meminfo:


vm_info: Java HotSpot(TM) 64-Bit Server VM (25.101-b13) for bsd-amd64 JRE (1.8.0_101-b13), built on Jun 22 2016 02:42:15 by "java_re" with gcc 4.2.1 (Based on Apple Inc. build 5658) (LLVM build 2336.11.00)

time: Tue Sep 27 20:06:39 2016
elapsed time: 72 seconds (0d 0h 1m 12s)

