#
# A fatal error has been detected by the Java Runtime Environment:
#
#  SIGSEGV (0xb) at pc=0x00007fff924db4dd, pid=6484, tid=0x0000000000000a0b
#
# JRE version: Java(TM) SE Runtime Environment (8.0_92-b14) (build 1.8.0_92-b14)
# Java VM: Java HotSpot(TM) 64-Bit Server VM (25.92-b14 mixed mode bsd-amd64 compressed oops)
# Problematic frame:
# C  [libobjc.A.dylib+0x14dd]  objc_msgSend+0x1d
#
# Failed to write core dump. Core dumps have been disabled. To enable core dumping, try "ulimit -c unlimited" before starting Java again
#
# If you would like to submit a bug report, please visit:
#   http://bugreport.java.com/bugreport/crash.jsp
# The crash happened outside the Java Virtual Machine in native code.
# See problematic frame for where to report the bug.
#

---------------  T H R E A D  ---------------

Current thread (0x00007f8a310d3800):  JavaThread "AWT-AppKit" daemon [_thread_in_native, id=2571, stack(0x00007fff5b4e1000,0x00007fff5bce1000)]

siginfo: si_signo: 11 (SIGSEGV), si_code: 1 (SEGV_MAPERR), si_addr: 0x0000000000000018

Registers:
RAX=0x00007f8a32fc3130, RBX=0x0000000173e95450, RCX=0x000000012205d5c0, RDX=0x000000011e395c20
RSP=0x00007fff5bcdc368, RBP=0x00007fff5bcdc420, RSI=0x00007fff931d7cbe, RDI=0x00007f8a34972150
R8 =0x0000000000000000, R9 =0x00000000000008b0, R10=0x00007fff931d7cbe, R11=0x0000000000000000
R12=0x0000000000000000, R13=0x0000000175e3d7b8, R14=0x0000000173e95440, R15=0x00007f8a310d3800
RIP=0x00007fff924db4dd, EFLAGS=0x0000000000010246, ERR=0x0000000000000004
  TRAPNO=0x000000000000000e

Top of Stack: (sp=0x00007fff5bcdc368)
0x00007fff5bcdc368:   0000000173e93157 00007fff5bcdc3c0
0x00007fff5bcdc378:   0000000000000003 00007fff5bcdc3a0
0x00007fff5bcdc388:   00000001055f2aee 0000000175e3d7b8
0x00007fff5bcdc398:   0000000175e3d7b8 00007f8a32fc3130
0x00007fff5bcdc3a8:   0000000173e956a0 0000000173e95710
0x00007fff5bcdc3b8:   00007fff7a775770 00007fff7d5f9500
0x00007fff5bcdc3c8:   0000000173e95450 0000000173e95690
0x00007fff5bcdc3d8:   00007f8a32fc3130 00007f8a34972150
0x00007fff5bcdc3e8:   00007f8a305f2870 00007f8a32fc3130
0x00007fff5bcdc3f8:   00007f8a34972150 00007fff5bcdc4a8
0x00007fff5bcdc408:   00007f8a310d39f8 0000000175e3d7b8
0x00007fff5bcdc418:   00007fff5bcdc4d0 00007fff5bcdc498
0x00007fff5bcdc428:   00000001063ae9d4 0000000175e3d7b8
0x00007fff5bcdc438:   00007fff5bcdc4d0 00007fff5bcdc498
0x00007fff5bcdc448:   00000001063ae767 00000001063ae722
0x00007fff5bcdc458:   00007fff5bcdc458 0000000175e3d7b8
0x00007fff5bcdc468:   00007fff5bcdc4d0 0000000175e403f0
0x00007fff5bcdc478:   0000000000000000 0000000175e3d7b8
0x00007fff5bcdc488:   0000000000000000 00007fff5bcdc4b8
0x00007fff5bcdc498:   00007fff5bcdc518 000000010639f2bd
0x00007fff5bcdc4a8:   00000007977558e0 00000001063a8538
0x00007fff5bcdc4b8:   00007f8a32fc3130 00007fff5bcdc518
0x00007fff5bcdc4c8:   00007f8a34972150 00000001063a9e02
0x00007fff5bcdc4d8:   00007fff5bcdc4d8 0000000175e3d982
0x00007fff5bcdc4e8:   00007fff5bcdc540 0000000175e403f0
0x00007fff5bcdc4f8:   0000000000000000 0000000175e3d990
0x00007fff5bcdc508:   00007fff5bcdc4b8 00007fff5bcdc528
0x00007fff5bcdc518:   00007fff5bcdc588 000000010639f2bd
0x00007fff5bcdc528:   00007f8a32fc3130 00000007976cf378
0x00007fff5bcdc538:   00007f8a34972150 00000007976cf378
0x00007fff5bcdc548:   00007fff5bcdc548 000000017861d6ee
0x00007fff5bcdc558:   00007fff5bcdc598 000000017861d7a8 

Instructions: (pc=0x00007fff924db4dd)
0x00007fff924db4bd:   44 00 00 48 85 ff 2e 74 62 40 f6 c7 01 2e 75 66
0x00007fff924db4cd:   49 bb f8 ff ff ff ff 7f 00 00 4c 23 1f 49 89 f2
0x00007fff924db4dd:   45 23 53 18 49 c1 e2 04 4d 03 53 10 49 3b 32 75
0x00007fff924db4ed:   04 41 ff 62 08 49 83 3a 01 76 0d 49 83 c2 10 49 

Register to memory mapping:

RAX=0x00007f8a32fc3130 is an unknown value
RBX=0x0000000173e95450: Java_jogamp_nativewindow_macosx_OSXUtil_GetScreenRefreshRate0+0x1cf0 in /private/var/folders/yd/w0h308490sjfy_hf_nbsv22h0000gn/T/jogamp_0000/file_cache/jln1239718629202472810/jln65411698183546615/libnativewindow_macosx.jnilib at 0x0000000173e8e000
RCX=0x000000012205d5c0 is an unknown value
RDX=0x000000011e395c20 is an unknown value
RSP=0x00007fff5bcdc368 is pointing into the stack for thread: 0x00007f8a310d3800
RBP=0x00007fff5bcdc420 is pointing into the stack for thread: 0x00007f8a310d3800
RSI=0x00007fff931d7cbe is an unknown value
RDI=0x00007f8a34972150 is an unknown value
R8 =0x0000000000000000 is an unknown value
R9 =0x00000000000008b0 is an unknown value
R10=0x00007fff931d7cbe is an unknown value
R11=0x0000000000000000 is an unknown value
R12=0x0000000000000000 is an unknown value
R13={method} {0x0000000175e3d7b8} 'UnsetJAWTRootSurfaceLayer0' '(JJ)V' in 'jogamp/nativewindow/jawt/macosx/MacOSXJAWTWindow'
R14=0x0000000173e95440: Java_jogamp_nativewindow_macosx_OSXUtil_GetScreenRefreshRate0+0x1ce0 in /private/var/folders/yd/w0h308490sjfy_hf_nbsv22h0000gn/T/jogamp_0000/file_cache/jln1239718629202472810/jln65411698183546615/libnativewindow_macosx.jnilib at 0x0000000173e8e000
R15=0x00007f8a310d3800 is a thread


Stack: [0x00007fff5b4e1000,0x00007fff5bce1000],  sp=0x00007fff5bcdc368,  free space=8172k
Native frames: (J=compiled Java code, j=interpreted, Vv=VM code, C=native code)
C  [libobjc.A.dylib+0x14dd]  objc_msgSend+0x1d
j  jogamp.nativewindow.jawt.macosx.MacOSXJAWTWindow.UnsetJAWTRootSurfaceLayer0(JJ)V+0
j  jogamp.nativewindow.jawt.macosx.MacOSXJAWTWindow.access$200(JJ)V+2
j  jogamp.nativewindow.jawt.macosx.MacOSXJAWTWindow$1.run()V+38
J 1280 C1 com.jogamp.common.util.RunnableTask.run()V (345 bytes) @ 0x0000000106894194 [0x0000000106894000+0x194]
v  ~StubRoutines::call_stub
V  [libjvm.dylib+0x2ecc9a]  JavaCalls::call_helper(JavaValue*, methodHandle*, JavaCallArguments*, Thread*)+0x6ae
V  [libjvm.dylib+0x323ea5]  jni_invoke_nonstatic(JNIEnv_*, JavaValue*, _jobject*, JNICallType, _jmethodID*, JNI_ArgumentPusher*, Thread*)+0x2ec
V  [libjvm.dylib+0x316673]  jni_CallVoidMethod+0x16b
C  [libnativewindow_macosx.jnilib+0x5326]  Java_jogamp_nativewindow_jawt_macosx_MacOSXJAWTWindow_UnsetJAWTRootSurfaceLayer0+0x2b6
C  [Foundation+0x76fde]  __NSThreadPerformPerform+0x117
C  [CoreFoundation+0xaa881]  __CFRUNLOOP_IS_CALLING_OUT_TO_A_SOURCE0_PERFORM_FUNCTION__+0x11
C  [CoreFoundation+0x89fbc]  __CFRunLoopDoSources0+0x22c
C  [CoreFoundation+0x894df]  __CFRunLoopRun+0x39f
C  [CoreFoundation+0x88ed8]  CFRunLoopRunSpecific+0x128
C  [HIToolbox+0x30935]  RunCurrentEventLoopInMode+0xeb
C  [HIToolbox+0x30677]  ReceiveNextEventCommon+0xb8
C  [HIToolbox+0x305af]  _BlockUntilNextEventMatchingListInModeWithFilter+0x47
C  [AppKit+0x48df6]  _DPSNextEvent+0x42b
C  [AppKit+0x48226]  -[NSApplication _nextEventMatchingEventMask:untilDate:inMode:dequeue:]+0x1c6
C  [libosxapp.dylib+0x23aa]  -[NSApplicationAWT nextEventMatchingMask:untilDate:inMode:dequeue:]+0x7c
C  [AppKit+0x3cd80]  -[NSApplication run]+0x2aa
C  [libosxapp.dylib+0x214d]  +[NSApplicationAWT runAWTLoopWithApp:]+0x9c
C  [libawt_lwawt.dylib+0x444b3]  -[AWTStarter starter:]+0x389
C  [Foundation+0x76fde]  __NSThreadPerformPerform+0x117
C  [CoreFoundation+0xaa881]  __CFRUNLOOP_IS_CALLING_OUT_TO_A_SOURCE0_PERFORM_FUNCTION__+0x11
C  [CoreFoundation+0x89fbc]  __CFRunLoopDoSources0+0x22c
C  [CoreFoundation+0x894df]  __CFRunLoopRun+0x39f
C  [CoreFoundation+0x88ed8]  CFRunLoopRunSpecific+0x128
C  [java+0x6465]  CreateExecutionEnvironment+0x367
C  [java+0x218c]  JLI_Launch+0x7a0
C  [java+0x84c2]  main+0x65
C  [java+0x19e4]  start+0x34
C  0x0000000000000007

Java frames: (J=compiled Java code, j=interpreted, Vv=VM code)
j  jogamp.nativewindow.jawt.macosx.MacOSXJAWTWindow.UnsetJAWTRootSurfaceLayer0(JJ)V+0
j  jogamp.nativewindow.jawt.macosx.MacOSXJAWTWindow.access$200(JJ)V+2
j  jogamp.nativewindow.jawt.macosx.MacOSXJAWTWindow$1.run()V+38
J 1280 C1 com.jogamp.common.util.RunnableTask.run()V (345 bytes) @ 0x0000000106894194 [0x0000000106894000+0x194]
v  ~StubRoutines::call_stub

---------------  P R O C E S S  ---------------

Java Threads: ( => current thread )
  0x00007f8a31de0800 JavaThread "Image Fetcher 3" daemon [_thread_blocked, id=70915, stack(0x000070000238c000,0x000070000248c000)]
  0x00007f8a30d49800 JavaThread "Image Fetcher 2" daemon [_thread_blocked, id=70403, stack(0x0000700002289000,0x0000700002389000)]
  0x00007f8a31de0000 JavaThread "Image Fetcher 1" daemon [_thread_blocked, id=69891, stack(0x0000700002186000,0x0000700002286000)]
  0x00007f8a313a2000 JavaThread "Image Fetcher 0" daemon [_thread_blocked, id=69379, stack(0x0000700002083000,0x0000700002183000)]
  0x00007f8a31632000 JavaThread "Keep-Alive-Timer" daemon [_thread_blocked, id=68891, stack(0x0000700001f80000,0x0000700002080000)]
  0x00007f8a30ecd800 JavaThread "Thread-3" [_thread_blocked, id=64515, stack(0x00007000019ee000,0x0000700001aee000)]
  0x00007f8a322cd000 JavaThread "AWT-EventQueue-1" [_thread_in_native, id=60423, stack(0x00007000018eb000,0x00007000019eb000)]
  0x00007f8a31000800 JavaThread "DestroyJavaVM" [_thread_blocked, id=5891, stack(0x000070000011a000,0x000070000021a000)]
  0x00007f8a319ef800 JavaThread "AWT-EventQueue-0" [_thread_blocked, id=56835, stack(0x00007000016e5000,0x00007000017e5000)]
  0x00007f8a32101000 JavaThread "Java2D Disposer" daemon [_thread_blocked, id=53507, stack(0x000070000145c000,0x000070000155c000)]
  0x00007f8a320e4000 JavaThread "Java2D Queue Flusher" daemon [_thread_blocked, id=50439, stack(0x0000700001359000,0x0000700001459000)]
  0x00007f8a310dd000 JavaThread "AWT-Shutdown" [_thread_blocked, id=29459, stack(0x00007000011d3000,0x00007000012d3000)]
=>0x00007f8a310d3800 JavaThread "AWT-AppKit" daemon [_thread_in_native, id=2571, stack(0x00007fff5b4e1000,0x00007fff5bce1000)]
  0x00007f8a31016800 JavaThread "Service Thread" daemon [_thread_blocked, id=18947, stack(0x0000700000ec7000,0x0000700000fc7000)]
  0x00007f8a30833000 JavaThread "C1 CompilerThread2" daemon [_thread_blocked, id=18435, stack(0x0000700000dc4000,0x0000700000ec4000)]
  0x00007f8a30832800 JavaThread "C2 CompilerThread1" daemon [_thread_blocked, id=17923, stack(0x0000700000cc1000,0x0000700000dc1000)]
  0x00007f8a30831000 JavaThread "C2 CompilerThread0" daemon [_thread_blocked, id=17411, stack(0x0000700000bbe000,0x0000700000cbe000)]
  0x00007f8a30830000 JavaThread "Signal Dispatcher" daemon [_thread_blocked, id=16659, stack(0x0000700000abb000,0x0000700000bbb000)]
  0x00007f8a3100d800 JavaThread "Finalizer" daemon [_thread_blocked, id=12291, stack(0x000070000082f000,0x000070000092f000)]
  0x00007f8a31825000 JavaThread "Reference Handler" daemon [_thread_blocked, id=11779, stack(0x000070000072c000,0x000070000082c000)]

Other Threads:
  0x00007f8a3081d000 VMThread [stack: 0x0000700000629000,0x0000700000729000] [id=11267]
  0x00007f8a31801800 WatcherThread [stack: 0x0000700000fca000,0x00007000010ca000] [id=19459]

VM state:not at safepoint (normal execution)

VM Mutex/Monitor currently owned by a thread: None

Heap:
 PSYoungGen      total 38400K, used 26674K [0x0000000795580000, 0x0000000798000000, 0x00000007c0000000)
  eden space 33280K, 64% used [0x0000000795580000,0x0000000796a90af0,0x0000000797600000)
  from space 5120K, 99% used [0x0000000797600000,0x0000000797afc090,0x0000000797b00000)
  to   space 5120K, 0% used [0x0000000797b00000,0x0000000797b00000,0x0000000798000000)
 ParOldGen       total 87552K, used 1488K [0x0000000740000000, 0x0000000745580000, 0x0000000795580000)
  object space 87552K, 1% used [0x0000000740000000,0x0000000740174150,0x0000000745580000)
 Metaspace       used 20259K, capacity 20423K, committed 20608K, reserved 1067008K
  class space    used 2039K, capacity 2110K, committed 2176K, reserved 1048576K

Card table byte_map: [0x0000000115757000,0x0000000115b58000] byte_map_base: 0x0000000111d57000

Marking Bits: (ParMarkBitMap*) 0x0000000105ce8bd0
 Begin Bits: [0x0000000115e03000, 0x0000000117e03000)
 End Bits:   [0x0000000117e03000, 0x0000000119e03000)

Polling page: 0x0000000103f3d000

CodeCache: size=245760Kb used=6177Kb max_used=6189Kb free=239582Kb
 bounds [0x0000000106397000, 0x00000001069b7000, 0x0000000115397000]
 total_blobs=2446 nmethods=1563 adapters=797
 compilation: enabled

Compilation events (10 events):
Event: 8.005 Thread 0x00007f8a30831000 nmethod 1552% 0x00000001069a51d0 code [0x00000001069a5500, 0x00000001069a6be0]
Event: 8.005 Thread 0x00007f8a30832800 nmethod 1565 0x00000001069a1590 code [0x00000001069a16e0, 0x00000001069a17d8]
Event: 8.038 Thread 0x00007f8a30833000 1577       3       java.awt.EventQueue::eventToCacheIndex (80 bytes)
Event: 8.039 Thread 0x00007f8a30833000 nmethod 1577 0x00000001069a4ad0 code [0x00000001069a4c60, 0x00000001069a5130]
Event: 8.039 Thread 0x00007f8a30833000 1578   !   3       sun.lwawt.LWComponentPeer::isShowing (49 bytes)
Event: 8.040 Thread 0x00007f8a30833000 nmethod 1578 0x00000001069a3d50 code [0x00000001069a3f00, 0x00000001069a4808]
Event: 8.040 Thread 0x00007f8a30833000 1579       3       java.awt.Component::isValid (20 bytes)
Event: 8.040 Thread 0x00007f8a30833000 nmethod 1579 0x00000001069a3990 code [0x00000001069a3b00, 0x00000001069a3cf0]
Event: 8.054 Thread 0x00007f8a30833000 1580  s    3       sun.font.FontManagerFactory::getInstance (25 bytes)
Event: 8.055 Thread 0x00007f8a30833000 nmethod 1580 0x00000001069a3250 code [0x00000001069a33e0, 0x00000001069a3868]

GC Heap History (6 events):
Event: 3.318 GC heap before
{Heap before GC invocations=1 (full 0):
 PSYoungGen      total 38400K, used 33280K [0x0000000795580000, 0x0000000798000000, 0x00000007c0000000)
  eden space 33280K, 100% used [0x0000000795580000,0x0000000797600000,0x0000000797600000)
  from space 5120K, 0% used [0x0000000797b00000,0x0000000797b00000,0x0000000798000000)
  to   space 5120K, 0% used [0x0000000797600000,0x0000000797600000,0x0000000797b00000)
 ParOldGen       total 87552K, used 0K [0x0000000740000000, 0x0000000745580000, 0x0000000795580000)
  object space 87552K, 0% used [0x0000000740000000,0x0000000740000000,0x0000000745580000)
 Metaspace       used 15989K, capacity 16155K, committed 16384K, reserved 1064960K
  class space    used 1618K, capacity 1692K, committed 1792K, reserved 1048576K
Event: 3.327 GC heap after
Heap after GC invocations=1 (full 0):
 PSYoungGen      total 38400K, used 5095K [0x0000000795580000, 0x0000000798000000, 0x00000007c0000000)
  eden space 33280K, 0% used [0x0000000795580000,0x0000000795580000,0x0000000797600000)
  from space 5120K, 99% used [0x0000000797600000,0x0000000797af9c10,0x0000000797b00000)
  to   space 5120K, 0% used [0x0000000797b00000,0x0000000797b00000,0x0000000798000000)
 ParOldGen       total 87552K, used 8K [0x0000000740000000, 0x0000000745580000, 0x0000000795580000)
  object space 87552K, 0% used [0x0000000740000000,0x0000000740002000,0x0000000745580000)
 Metaspace       used 15989K, capacity 16155K, committed 16384K, reserved 1064960K
  class space    used 1618K, capacity 1692K, committed 1792K, reserved 1048576K
}
Event: 5.401 GC heap before
{Heap before GC invocations=2 (full 0):
 PSYoungGen      total 38400K, used 38375K [0x0000000795580000, 0x0000000798000000, 0x00000007c0000000)
  eden space 33280K, 100% used [0x0000000795580000,0x0000000797600000,0x0000000797600000)
  from space 5120K, 99% used [0x0000000797600000,0x0000000797af9c10,0x0000000797b00000)
  to   space 5120K, 0% used [0x0000000797b00000,0x0000000797b00000,0x0000000798000000)
 ParOldGen       total 87552K, used 8K [0x0000000740000000, 0x0000000745580000, 0x0000000795580000)
  object space 87552K, 0% used [0x0000000740000000,0x0000000740002000,0x0000000745580000)
 Metaspace       used 18810K, capacity 19015K, committed 19200K, reserved 1067008K
  class space    used 1900K, capacity 1982K, committed 2048K, reserved 1048576K
Event: 5.413 GC heap after
Heap after GC invocations=2 (full 0):
 PSYoungGen      total 38400K, used 5088K [0x0000000795580000, 0x0000000798000000, 0x00000007c0000000)
  eden space 33280K, 0% used [0x0000000795580000,0x0000000795580000,0x0000000797600000)
  from space 5120K, 99% used [0x0000000797b00000,0x0000000797ff8080,0x0000000798000000)
  to   space 5120K, 0% used [0x0000000797600000,0x0000000797600000,0x0000000797b00000)
 ParOldGen       total 87552K, used 1480K [0x0000000740000000, 0x0000000745580000, 0x0000000795580000)
  object space 87552K, 1% used [0x0000000740000000,0x0000000740172150,0x0000000745580000)
 Metaspace       used 18810K, capacity 19015K, committed 19200K, reserved 1067008K
  class space    used 1900K, capacity 1982K, committed 2048K, reserved 1048576K
}
Event: 7.263 GC heap before
{Heap before GC invocations=3 (full 0):
 PSYoungGen      total 38400K, used 38368K [0x0000000795580000, 0x0000000798000000, 0x00000007c0000000)
  eden space 33280K, 100% used [0x0000000795580000,0x0000000797600000,0x0000000797600000)
  from space 5120K, 99% used [0x0000000797b00000,0x0000000797ff8080,0x0000000798000000)
  to   space 5120K, 0% used [0x0000000797600000,0x0000000797600000,0x0000000797b00000)
 ParOldGen       total 87552K, used 1480K [0x0000000740000000, 0x0000000745580000, 0x0000000795580000)
  object space 87552K, 1% used [0x0000000740000000,0x0000000740172150,0x0000000745580000)
 Metaspace       used 18830K, capacity 19015K, committed 19200K, reserved 1067008K
  class space    used 1900K, capacity 1982K, committed 2048K, reserved 1048576K
Event: 7.270 GC heap after
Heap after GC invocations=3 (full 0):
 PSYoungGen      total 38400K, used 5104K [0x0000000795580000, 0x0000000798000000, 0x00000007c0000000)
  eden space 33280K, 0% used [0x0000000795580000,0x0000000795580000,0x0000000797600000)
  from space 5120K, 99% used [0x0000000797600000,0x0000000797afc090,0x0000000797b00000)
  to   space 5120K, 0% used [0x0000000797b00000,0x0000000797b00000,0x0000000798000000)
 ParOldGen       total 87552K, used 1488K [0x0000000740000000, 0x0000000745580000, 0x0000000795580000)
  object space 87552K, 1% used [0x0000000740000000,0x0000000740174150,0x0000000745580000)
 Metaspace       used 18830K, capacity 19015K, committed 19200K, reserved 1067008K
  class space    used 1900K, capacity 1982K, committed 2048K, reserved 1048576K
}

Deoptimization events (10 events):
Event: 2.727 Thread 0x00007f8a311cc000 Uncommon trap: reason=unstable_if action=reinterpret pc=0x000000010654bb18 method=java.lang.String.indexOf([CII[CIII)I @ 3
Event: 4.288 Thread 0x00007f8a322cd000 Uncommon trap: reason=unstable_if action=reinterpret pc=0x000000010653752c method=java.lang.AbstractStringBuilder.append(Ljava/lang/String;)Ljava/lang/AbstractStringBuilder; @ 1
Event: 4.693 Thread 0x00007f8a322cd000 Uncommon trap: reason=unstable_if action=reinterpret pc=0x0000000106775010 method=sun.misc.FloatingDecimal.readJavaFormatString(Ljava/lang/String;)Lsun/misc/FloatingDecimal$ASCIIToBinaryConverter; @ 445
Event: 4.856 Thread 0x00007f8a322cd000 Uncommon trap: reason=unstable_if action=reinterpret pc=0x00000001068094d0 method=com.sun.org.apache.xerces.internal.impl.XMLEntityScanner.skipSpaces()Z @ 62
Event: 4.856 Thread 0x00007f8a322cd000 Uncommon trap: reason=unstable_if action=reinterpret pc=0x00000001067f8a58 method=com.sun.org.apache.xerces.internal.util.SymbolTable.addSymbol([CII)Ljava/lang/String; @ 28
Event: 7.727 Thread 0x00007f8a322cd000 Uncommon trap: reason=unstable_if action=reinterpret pc=0x00000001068d15fc method=com.jogamp.common.util.IntIntHashMap.get(I)I @ 28
Event: 7.786 Thread 0x00007f8a322cd000 Uncommon trap: reason=unstable_if action=reinterpret pc=0x0000000106772750 method=java.lang.String.trim()Ljava/lang/String; @ 23
Event: 7.893 Thread 0x00007f8a323cf800 Uncommon trap: reason=unstable_if action=reinterpret pc=0x0000000106836794 method=java.lang.String.regionMatches(ZILjava/lang/String;II)Z @ 123
Event: 8.037 Thread 0x00007f8a32148800 Uncommon trap: reason=unstable_if action=reinterpret pc=0x00000001068de770 method=java.util.HashMap.putVal(ILjava/lang/Object;Ljava/lang/Object;ZZ)Ljava/lang/Object; @ 81
Event: 8.037 Thread 0x00007f8a32148800 Uncommon trap: reason=unstable_if action=reinterpret pc=0x000000010688fc54 method=java.util.HashMap.putVal(ILjava/lang/Object;Ljava/lang/Object;ZZ)Ljava/lang/Object; @ 81

Internal exceptions (10 events):
Event: 0.223 Thread 0x00007f8a31000800 Exception <a 'java/lang/NoSuchFieldError': method resolution failed> (0x0000000795785a28) thrown at [/Users/java_re/workspace/8-2-build-macosx-x86_64/jdk8u92/6642/hotspot/src/share/vm/prims/methodHandles.cpp, line 1146]
Event: 0.229 Thread 0x00007f8a31000800 Exception <a 'java/lang/NoSuchFieldError': method resolution failed> (0x00000007957931f8) thrown at [/Users/java_re/workspace/8-2-build-macosx-x86_64/jdk8u92/6642/hotspot/src/share/vm/prims/methodHandles.cpp, line 1146]
Event: 0.561 Thread 0x00007f8a31000800 Exception <a 'java/io/FileNotFoundException'> (0x000000079580e7b8) thrown at [/Users/java_re/workspace/8-2-build-macosx-x86_64/jdk8u92/6642/hotspot/src/share/vm/prims/jni.cpp, line 709]
Event: 0.561 Thread 0x00007f8a31000800 Exception <a 'java/io/FileNotFoundException'> (0x000000079580f320) thrown at [/Users/java_re/workspace/8-2-build-macosx-x86_64/jdk8u92/6642/hotspot/src/share/vm/prims/jni.cpp, line 709]
Event: 0.698 Thread 0x00007f8a31000800 Exception <a 'java/io/FileNotFoundException'> (0x000000079594ab70) thrown at [/Users/java_re/workspace/8-2-build-macosx-x86_64/jdk8u92/6642/hotspot/src/share/vm/prims/jni.cpp, line 709]
Event: 2.765 Thread 0x00007f8a311cc000 Exception <a 'java/lang/UnsatisfiedLinkError': com.jogamp.common.util.JarUtil.fixNativeLibAttribs(Ljava/lang/String;)Z> (0x0000000796a6ee08) thrown at [/Users/java_re/workspace/8-2-build-macosx-x86_64/jdk8u92/6642/hotspot/src/share/vm/prims/nativeLookup.c
Event: 3.329 Thread 0x00007f8a3100d800 Exception <a 'java/lang/NullPointerException'> (0x00000007956a6588) thrown at [/Users/java_re/workspace/8-2-build-macosx-x86_64/jdk8u92/6642/hotspot/src/share/vm/interpreter/linkResolver.cpp, line 1178]
Event: 4.287 Thread 0x00007f8a322cd000 Exception <a 'java/io/FileNotFoundException'> (0x0000000795e46d38) thrown at [/Users/java_re/workspace/8-2-build-macosx-x86_64/jdk8u92/6642/hotspot/src/share/vm/prims/jni.cpp, line 709]
Event: 4.287 Thread 0x00007f8a322cd000 Exception <a 'java/io/FileNotFoundException'> (0x0000000795e4d0d8) thrown at [/Users/java_re/workspace/8-2-build-macosx-x86_64/jdk8u92/6642/hotspot/src/share/vm/prims/jni.cpp, line 709]
Event: 4.288 Thread 0x00007f8a322cd000 Implicit null exception at 0x00000001065371b5 to 0x0000000106537519

Events (10 events):
Event: 8.052 loading class jogamp/nativewindow/jawt/macosx/MacOSXJAWTWindow$1 done
Event: 8.053 loading class java/awt/LightweightDispatcher$2
Event: 8.053 loading class java/awt/LightweightDispatcher$2 done
Event: 8.054 loading class java/awt/event/AWTEventListenerProxy
Event: 8.054 loading class java/awt/event/AWTEventListenerProxy done
Event: 8.054 loading class java/awt/Toolkit$ToolkitEventMulticaster
Event: 8.054 loading class java/awt/Toolkit$ToolkitEventMulticaster done
Event: 8.055 Thread 0x00007f8a32148800 Thread exited: 0x00007f8a32148800
Event: 8.055 loading class java/awt/Window$1DisposeAction
Event: 8.055 loading class java/awt/Window$1DisposeAction done


Dynamic libraries:
0x000000000a325000 	/System/Library/Frameworks/Cocoa.framework/Versions/A/Cocoa
0x0000000103f3e000 	/System/Library/Frameworks/Security.framework/Versions/A/Security
0x000000000a325000 	/System/Library/Frameworks/ApplicationServices.framework/Versions/A/ApplicationServices
0x000000000a325000 	/usr/lib/libz.1.dylib
0x000000000a325000 	/usr/lib/libSystem.B.dylib
0x000000000a325000 	/usr/lib/libobjc.A.dylib
0x000000000a325000 	/System/Library/Frameworks/CoreFoundation.framework/Versions/A/CoreFoundation
0x000000000a325000 	/System/Library/Frameworks/Foundation.framework/Versions/C/Foundation
0x000000000a325000 	/System/Library/Frameworks/AppKit.framework/Versions/C/AppKit
0x000000000a325000 	/System/Library/Frameworks/CoreData.framework/Versions/A/CoreData
0x000000000a325000 	/System/Library/PrivateFrameworks/RemoteViewServices.framework/Versions/A/RemoteViewServices
0x000000000a325000 	/System/Library/PrivateFrameworks/UIFoundation.framework/Versions/A/UIFoundation
0x000000000a325000 	/usr/lib/libScreenReader.dylib
0x000000000a325000 	/System/Library/Frameworks/Accelerate.framework/Versions/A/Accelerate
0x000000000a325000 	/System/Library/Frameworks/IOSurface.framework/Versions/A/IOSurface
0x000000000a325000 	/System/Library/Frameworks/AudioToolbox.framework/Versions/A/AudioToolbox
0x000000000a325000 	/System/Library/Frameworks/AudioUnit.framework/Versions/A/AudioUnit
0x000000000a325000 	/System/Library/PrivateFrameworks/DataDetectorsCore.framework/Versions/A/DataDetectorsCore
0x000000000a325000 	/System/Library/PrivateFrameworks/DesktopServicesPriv.framework/Versions/A/DesktopServicesPriv
0x000000000a325000 	/System/Library/Frameworks/Carbon.framework/Versions/A/Frameworks/HIToolbox.framework/Versions/A/HIToolbox
0x000000000a325000 	/System/Library/Frameworks/QuartzCore.framework/Versions/A/QuartzCore
0x000000000a325000 	/System/Library/Frameworks/Carbon.framework/Versions/A/Frameworks/SpeechRecognition.framework/Versions/A/SpeechRecognition
0x000000000a325000 	/usr/lib/libauto.dylib
0x000000000a325000 	/usr/lib/libicucore.A.dylib
0x000000000a325000 	/usr/lib/libxml2.2.dylib
0x000000000a325000 	/System/Library/PrivateFrameworks/CoreUI.framework/Versions/A/CoreUI
0x000000000a325000 	/System/Library/Frameworks/CoreAudio.framework/Versions/A/CoreAudio
0x000000000a325000 	/System/Library/Frameworks/DiskArbitration.framework/Versions/A/DiskArbitration
0x000000000a325000 	/usr/lib/liblangid.dylib
0x000000000a325000 	/System/Library/PrivateFrameworks/MultitouchSupport.framework/Versions/A/MultitouchSupport
0x000000000a325000 	/System/Library/Frameworks/IOKit.framework/Versions/A/IOKit
0x000000000a325000 	/usr/lib/libDiagnosticMessagesClient.dylib
0x000000000a325000 	/System/Library/Frameworks/CoreServices.framework/Versions/A/CoreServices
0x000000000a325000 	/System/Library/PrivateFrameworks/PerformanceAnalysis.framework/Versions/A/PerformanceAnalysis
0x000000000a325000 	/System/Library/PrivateFrameworks/GenerationalStorage.framework/Versions/A/GenerationalStorage
0x000000000a325000 	/System/Library/Frameworks/OpenGL.framework/Versions/A/OpenGL
0x000000000a325000 	/System/Library/PrivateFrameworks/Sharing.framework/Versions/A/Sharing
0x000000000a325000 	/System/Library/Frameworks/CoreGraphics.framework/Versions/A/CoreGraphics
0x000000000a325000 	/System/Library/Frameworks/CoreImage.framework/Versions/A/CoreImage
0x000000000a325000 	/System/Library/Frameworks/CoreText.framework/Versions/A/CoreText
0x000000000a325000 	/System/Library/Frameworks/ImageIO.framework/Versions/A/ImageIO
0x000000000a325000 	/System/Library/PrivateFrameworks/Backup.framework/Versions/A/Backup
0x000000000a325000 	/usr/lib/libextension.dylib
0x000000000a325000 	/usr/lib/libarchive.2.dylib
0x0000000104358000 	/System/Library/Frameworks/CFNetwork.framework/Versions/A/CFNetwork
0x000000000a325000 	/System/Library/Frameworks/SystemConfiguration.framework/Versions/A/SystemConfiguration
0x000000000a325000 	/usr/lib/libCRFSuite.dylib
0x000000000a325000 	/usr/lib/libc++.1.dylib
0x000000000a325000 	/usr/lib/libc++abi.dylib
0x000000000a325000 	/usr/lib/system/libcache.dylib
0x000000000a325000 	/usr/lib/system/libcommonCrypto.dylib
0x000000000a325000 	/usr/lib/system/libcompiler_rt.dylib
0x000000000a325000 	/usr/lib/system/libcopyfile.dylib
0x000000000a325000 	/usr/lib/system/libcorecrypto.dylib
0x000000000a325000 	/usr/lib/system/libdispatch.dylib
0x000000000a325000 	/usr/lib/system/libdyld.dylib
0x000000000a325000 	/usr/lib/system/libkeymgr.dylib
0x000000000a325000 	/usr/lib/system/liblaunch.dylib
0x000000000a325000 	/usr/lib/system/libmacho.dylib
0x000000000a325000 	/usr/lib/system/libquarantine.dylib
0x000000000a325000 	/usr/lib/system/libremovefile.dylib
0x000000000a325000 	/usr/lib/system/libsystem_asl.dylib
0x000000000a325000 	/usr/lib/system/libsystem_blocks.dylib
0x000000000a325000 	/usr/lib/system/libsystem_c.dylib
0x000000000a325000 	/usr/lib/system/libsystem_configuration.dylib
0x000000000a325000 	/usr/lib/system/libsystem_coreservices.dylib
0x000000000a325000 	/usr/lib/system/libsystem_coretls.dylib
0x000000000a325000 	/usr/lib/system/libsystem_dnssd.dylib
0x000000000a325000 	/usr/lib/system/libsystem_info.dylib
0x000000000a325000 	/usr/lib/system/libsystem_kernel.dylib
0x000000000a325000 	/usr/lib/system/libsystem_m.dylib
0x000000000a325000 	/usr/lib/system/libsystem_malloc.dylib
0x000000000a325000 	/usr/lib/system/libsystem_network.dylib
0x000000000a325000 	/usr/lib/system/libsystem_networkextension.dylib
0x000000000a325000 	/usr/lib/system/libsystem_notify.dylib
0x000000000a325000 	/usr/lib/system/libsystem_platform.dylib
0x000000000a325000 	/usr/lib/system/libsystem_pthread.dylib
0x000000000a325000 	/usr/lib/system/libsystem_sandbox.dylib
0x000000000a325000 	/usr/lib/system/libsystem_secinit.dylib
0x000000000a325000 	/usr/lib/system/libsystem_trace.dylib
0x000000000a325000 	/usr/lib/system/libunc.dylib
0x000000000a325000 	/usr/lib/system/libunwind.dylib
0x000000000a325000 	/usr/lib/system/libxpc.dylib
0x000000000a325000 	/usr/lib/libenergytrace.dylib
0x000000000a325000 	/usr/lib/libbsm.0.dylib
0x000000000a325000 	/usr/lib/system/libkxld.dylib
0x000000000a325000 	/usr/lib/libxar.1.dylib
0x000000000a325000 	/usr/lib/libsqlite3.dylib
0x000000000a325000 	/usr/lib/libpam.2.dylib
0x000000000a325000 	/usr/lib/libOpenScriptingUtil.dylib
0x000000000a325000 	/usr/lib/libbz2.1.0.dylib
0x000000000a325000 	/usr/lib/liblzma.5.dylib
0x000000000a325000 	/System/Library/Frameworks/CoreServices.framework/Versions/A/Frameworks/FSEvents.framework/Versions/A/FSEvents
0x000000000a325000 	/System/Library/Frameworks/CoreServices.framework/Versions/A/Frameworks/CarbonCore.framework/Versions/A/CarbonCore
0x000000000a325000 	/System/Library/Frameworks/CoreServices.framework/Versions/A/Frameworks/Metadata.framework/Versions/A/Metadata
0x000000000a325000 	/System/Library/Frameworks/CoreServices.framework/Versions/A/Frameworks/OSServices.framework/Versions/A/OSServices
0x000000000a325000 	/System/Library/Frameworks/CoreServices.framework/Versions/A/Frameworks/SearchKit.framework/Versions/A/SearchKit
0x000000000a325000 	/System/Library/Frameworks/CoreServices.framework/Versions/A/Frameworks/AE.framework/Versions/A/AE
0x000000000a325000 	/System/Library/Frameworks/CoreServices.framework/Versions/A/Frameworks/LaunchServices.framework/Versions/A/LaunchServices
0x000000000a325000 	/System/Library/Frameworks/CoreServices.framework/Versions/A/Frameworks/DictionaryServices.framework/Versions/A/DictionaryServices
0x000000000a325000 	/System/Library/Frameworks/CoreServices.framework/Versions/A/Frameworks/SharedFileList.framework/Versions/A/SharedFileList
0x000000000a325000 	/System/Library/Frameworks/NetFS.framework/Versions/A/NetFS
0x000000000a325000 	/System/Library/PrivateFrameworks/NetAuth.framework/Versions/A/NetAuth
0x000000000a325000 	/System/Library/PrivateFrameworks/login.framework/Versions/A/Frameworks/loginsupport.framework/Versions/A/loginsupport
0x000000000a325000 	/System/Library/PrivateFrameworks/TCC.framework/Versions/A/TCC
0x000000000a325000 	/usr/lib/libmecabra.dylib
0x000000000a325000 	/System/Library/Frameworks/ApplicationServices.framework/Versions/A/Frameworks/ATS.framework/Versions/A/ATS
0x000000000a325000 	/System/Library/Frameworks/ApplicationServices.framework/Versions/A/Frameworks/ColorSync.framework/Versions/A/ColorSync
0x000000000a325000 	/System/Library/Frameworks/ApplicationServices.framework/Versions/A/Frameworks/HIServices.framework/Versions/A/HIServices
0x000000000a325000 	/System/Library/Frameworks/ApplicationServices.framework/Versions/A/Frameworks/LangAnalysis.framework/Versions/A/LangAnalysis
0x000000000a325000 	/System/Library/Frameworks/ApplicationServices.framework/Versions/A/Frameworks/PrintCore.framework/Versions/A/PrintCore
0x000000000a325000 	/System/Library/Frameworks/ApplicationServices.framework/Versions/A/Frameworks/QD.framework/Versions/A/QD
0x000000000a325000 	/System/Library/Frameworks/ApplicationServices.framework/Versions/A/Frameworks/SpeechSynthesis.framework/Versions/A/SpeechSynthesis
0x000000000a325000 	/System/Library/Frameworks/Metal.framework/Versions/A/Metal
0x000000000a325000 	/System/Library/Frameworks/Accelerate.framework/Versions/A/Frameworks/vImage.framework/Versions/A/vImage
0x000000000a325000 	/System/Library/Frameworks/Accelerate.framework/Versions/A/Frameworks/vecLib.framework/Versions/A/vecLib
0x000000000a325000 	/System/Library/Frameworks/Accelerate.framework/Versions/A/Frameworks/vecLib.framework/Versions/A/libvDSP.dylib
0x000000000a325000 	/System/Library/Frameworks/Accelerate.framework/Versions/A/Frameworks/vecLib.framework/Versions/A/libvMisc.dylib
0x000000000a325000 	/System/Library/Frameworks/Accelerate.framework/Versions/A/Frameworks/vecLib.framework/Versions/A/libLAPACK.dylib
0x000000000a325000 	/System/Library/Frameworks/Accelerate.framework/Versions/A/Frameworks/vecLib.framework/Versions/A/libBLAS.dylib
0x000000000a325000 	/System/Library/Frameworks/Accelerate.framework/Versions/A/Frameworks/vecLib.framework/Versions/A/libLinearAlgebra.dylib
0x000000000a325000 	/System/Library/Frameworks/Accelerate.framework/Versions/A/Frameworks/vecLib.framework/Versions/A/libSparseBLAS.dylib
0x000000000a325000 	/System/Library/PrivateFrameworks/GPUCompiler.framework/libmetal_timestamp.dylib
0x000000000a325000 	/System/Library/Frameworks/OpenGL.framework/Versions/A/Libraries/libCoreFSCache.dylib
0x000000000a325000 	/System/Library/PrivateFrameworks/IOAccelerator.framework/Versions/A/IOAccelerator
0x000000000a325000 	/System/Library/Frameworks/ApplicationServices.framework/Versions/A/Frameworks/ATS.framework/Versions/A/Resources/libFontParser.dylib
0x000000000a325000 	/System/Library/Frameworks/ApplicationServices.framework/Versions/A/Frameworks/ATS.framework/Versions/A/Resources/libFontRegistry.dylib
0x000000000a325000 	/System/Library/PrivateFrameworks/AppleVPA.framework/Versions/A/AppleVPA
0x000000000a325000 	/System/Library/PrivateFrameworks/AppleJPEG.framework/Versions/A/AppleJPEG
0x000000000a325000 	/System/Library/Frameworks/ImageIO.framework/Versions/A/Resources/libJPEG.dylib
0x000000000a325000 	/System/Library/Frameworks/ImageIO.framework/Versions/A/Resources/libTIFF.dylib
0x000000000a325000 	/System/Library/Frameworks/ImageIO.framework/Versions/A/Resources/libPng.dylib
0x000000000a325000 	/System/Library/Frameworks/ImageIO.framework/Versions/A/Resources/libGIF.dylib
0x000000000a325000 	/System/Library/Frameworks/ImageIO.framework/Versions/A/Resources/libJP2.dylib
0x000000000a325000 	/System/Library/Frameworks/ImageIO.framework/Versions/A/Resources/libRadiance.dylib
0x000000000a325000 	/System/Library/Frameworks/CoreVideo.framework/Versions/A/CoreVideo
0x000000000a325000 	/System/Library/Frameworks/OpenGL.framework/Versions/A/Libraries/libGLU.dylib
0x000000000a325000 	/System/Library/Frameworks/OpenGL.framework/Versions/A/Libraries/libGFXShared.dylib
0x000000000a325000 	/System/Library/Frameworks/OpenGL.framework/Versions/A/Libraries/libGL.dylib
0x000000000a325000 	/System/Library/Frameworks/OpenGL.framework/Versions/A/Libraries/libGLImage.dylib
0x000000000a325000 	/System/Library/Frameworks/OpenGL.framework/Versions/A/Libraries/libCVMSPluginSupport.dylib
0x000000000a325000 	/System/Library/Frameworks/OpenGL.framework/Versions/A/Libraries/libCoreVMClient.dylib
0x000000000a325000 	/usr/lib/libcompression.dylib
0x000000000a325000 	/usr/lib/libcups.2.dylib
0x000000000a325000 	/System/Library/Frameworks/Kerberos.framework/Versions/A/Kerberos
0x000000000a325000 	/System/Library/Frameworks/GSS.framework/Versions/A/GSS
0x000000000a325000 	/usr/lib/libresolv.9.dylib
0x000000000a325000 	/usr/lib/libiconv.2.dylib
0x000000000a325000 	/System/Library/PrivateFrameworks/Heimdal.framework/Versions/A/Heimdal
0x000000000a325000 	/usr/lib/libheimdal-asn1.dylib
0x000000000a325000 	/System/Library/Frameworks/OpenDirectory.framework/Versions/A/OpenDirectory
0x000000000a325000 	/System/Library/PrivateFrameworks/CommonAuth.framework/Versions/A/CommonAuth
0x000000000a325000 	/System/Library/Frameworks/OpenDirectory.framework/Versions/A/Frameworks/CFOpenDirectory.framework/Versions/A/CFOpenDirectory
0x000000000a325000 	/System/Library/Frameworks/SecurityFoundation.framework/Versions/A/SecurityFoundation
0x000000000a325000 	/System/Library/PrivateFrameworks/LanguageModeling.framework/Versions/A/LanguageModeling
0x000000000a325000 	/usr/lib/libmarisa.dylib
0x000000000a325000 	/usr/lib/libChineseTokenizer.dylib
0x000000000a325000 	/usr/lib/libcmph.dylib
0x000000000a325000 	/System/Library/Frameworks/ServiceManagement.framework/Versions/A/ServiceManagement
0x000000000a325000 	/usr/lib/libxslt.1.dylib
0x000000000a325000 	/System/Library/Frameworks/Carbon.framework/Versions/A/Frameworks/Ink.framework/Versions/A/Ink
0x000000000a325000 	/usr/lib/libFosl_dynamic.dylib
0x000000000a325000 	/System/Library/PrivateFrameworks/FaceCore.framework/Versions/A/FaceCore
0x000000000a325000 	/System/Library/Frameworks/OpenCL.framework/Versions/A/OpenCL
0x000000000a325000 	/System/Library/PrivateFrameworks/CrashReporterSupport.framework/Versions/A/CrashReporterSupport
0x000000000a325000 	/System/Library/PrivateFrameworks/IconServices.framework/Versions/A/IconServices
0x000000000a325000 	/System/Library/PrivateFrameworks/Apple80211.framework/Versions/A/Apple80211
0x000000000a325000 	/System/Library/Frameworks/CoreWLAN.framework/Versions/A/CoreWLAN
0x000000000a325000 	/System/Library/Frameworks/IOBluetooth.framework/Versions/A/IOBluetooth
0x000000000a325000 	/System/Library/PrivateFrameworks/CoreWiFi.framework/Versions/A/CoreWiFi
0x000000000a325000 	/System/Library/Frameworks/CoreBluetooth.framework/Versions/A/CoreBluetooth
0x000000000a325000 	/System/Library/PrivateFrameworks/ChunkingLibrary.framework/Versions/A/ChunkingLibrary
0x000000000a325000 	/System/Library/PrivateFrameworks/DebugSymbols.framework/Versions/A/DebugSymbols
0x000000000a325000 	/System/Library/PrivateFrameworks/CoreSymbolication.framework/Versions/A/CoreSymbolication
0x000000000a325000 	/System/Library/PrivateFrameworks/Symbolication.framework/Versions/A/Symbolication
0x000000000a325000 	/System/Library/PrivateFrameworks/SpeechRecognitionCore.framework/Versions/A/SpeechRecognitionCore
0x0000000105400000 	/Library/Java/JavaVirtualMachines/jdk1.8.0_92.jdk/Contents/Home/jre/lib/server/libjvm.dylib
0x000000000a325000 	/usr/lib/libstdc++.6.dylib
0x0000000104a2c000 	/Library/Java/JavaVirtualMachines/jdk1.8.0_92.jdk/Contents/Home/jre/lib/libverify.dylib
0x0000000104a3a000 	/Library/Java/JavaVirtualMachines/jdk1.8.0_92.jdk/Contents/Home/jre/lib/libjava.dylib
0x0000000104a78000 	/Library/Java/JavaVirtualMachines/jdk1.8.0_92.jdk/Contents/Home/jre/lib/libzip.dylib
0x000000011bb87000 	/System/Library/Frameworks/JavaVM.framework/Frameworks/JavaRuntimeSupport.framework/JavaRuntimeSupport
0x000000011bba2000 	/System/Library/Frameworks/JavaVM.framework/Versions/A/Frameworks/JavaNativeFoundation.framework/Versions/A/JavaNativeFoundation
0x000000011bbb7000 	/System/Library/Frameworks/JavaVM.framework/Versions/A/JavaVM
0x000000000a325000 	/System/Library/Frameworks/Carbon.framework/Versions/A/Carbon
0x0000000104bf4000 	/System/Library/PrivateFrameworks/JavaLaunching.framework/Versions/A/JavaLaunching
0x000000000a325000 	/System/Library/Frameworks/Carbon.framework/Versions/A/Frameworks/CommonPanels.framework/Versions/A/CommonPanels
0x000000000a325000 	/System/Library/Frameworks/Carbon.framework/Versions/A/Frameworks/Help.framework/Versions/A/Help
0x000000000a325000 	/System/Library/Frameworks/Carbon.framework/Versions/A/Frameworks/ImageCapture.framework/Versions/A/ImageCapture
0x000000000a325000 	/System/Library/Frameworks/Carbon.framework/Versions/A/Frameworks/OpenScripting.framework/Versions/A/OpenScripting
0x000000000a325000 	/System/Library/Frameworks/Carbon.framework/Versions/A/Frameworks/Print.framework/Versions/A/Print
0x000000000a325000 	/System/Library/Frameworks/Carbon.framework/Versions/A/Frameworks/SecurityHI.framework/Versions/A/SecurityHI
0x000000011d4dd000 	/Library/Java/JavaVirtualMachines/jdk1.8.0_92.jdk/Contents/Home/jre/lib/libawt.dylib
0x000000011d585000 	/Library/Java/JavaVirtualMachines/jdk1.8.0_92.jdk/Contents/Home/jre/lib/./libmlib_image.dylib
0x000000011d651000 	/Library/Java/JavaVirtualMachines/jdk1.8.0_92.jdk/Contents/Home/jre/lib/libawt_lwawt.dylib
0x000000011d706000 	/Library/Java/JavaVirtualMachines/jdk1.8.0_92.jdk/Contents/Home/jre/lib/./libosxapp.dylib
0x000000000a325000 	/System/Library/Frameworks/ExceptionHandling.framework/Versions/A/ExceptionHandling
0x000000000a325000 	/System/Library/PrivateFrameworks/CoreServicesInternal.framework/Versions/A/CoreServicesInternal
0x000000011e177000 	/System/Library/Frameworks/CoreGraphics.framework/Versions/A/Resources/libRIP.A.dylib
0x000000000a325000 	/System/Library/Frameworks/Accelerate.framework/Versions/A/Frameworks/vImage.framework/Versions/A/Libraries/libCGInterfaces.dylib
0x000000011e41e000 	/System/Library/Frameworks/CoreGraphics.framework/Versions/A/Resources/libCGXType.A.dylib
0x000000000a325000 	/System/Library/Frameworks/OpenCL.framework/Versions/A/Libraries/libcldcpuengine.dylib
0x000000000a325000 	/System/Library/PrivateFrameworks/DiskImages.framework/Versions/A/DiskImages
0x000000000a325000 	/System/Library/Frameworks/DiscRecording.framework/Versions/A/DiscRecording
0x000000000a325000 	/usr/lib/libcsfde.dylib
0x000000000a325000 	/usr/lib/libcurl.4.dylib
0x000000000a325000 	/System/Library/PrivateFrameworks/MediaKit.framework/Versions/A/MediaKit
0x000000000a325000 	/System/Library/PrivateFrameworks/ProtectedCloudStorage.framework/Versions/A/ProtectedCloudStorage
0x000000000a325000 	/usr/lib/libCoreStorage.dylib
0x000000000a325000 	/System/Library/PrivateFrameworks/EFILogin.framework/Versions/A/EFILogin
0x000000000a325000 	/usr/lib/libutil.dylib
0x000000000a325000 	/System/Library/PrivateFrameworks/FindMyDevice.framework/Versions/A/FindMyDevice
0x000000000a325000 	/System/Library/Frameworks/LDAP.framework/Versions/A/LDAP
0x000000000a325000 	/usr/lib/libsasl2.2.dylib
0x000000000a325000 	/System/Library/PrivateFrameworks/CoreDaemon.framework/Versions/B/CoreDaemon
0x000000000a325000 	/usr/lib/libcrypto.0.9.8.dylib
0x000000000a325000 	/System/Library/PrivateFrameworks/AppleSRP.framework/Versions/A/AppleSRP
0x000000000a325000 	/System/Library/PrivateFrameworks/TrustEvaluationAgent.framework/Versions/A/TrustEvaluationAgent
0x000000011eed3000 	cl_kernels
0x000000000a325000 	/System/Library/Frameworks/OpenCL.framework/Versions/A/Libraries/ImageFormats/unorm8_bgra.dylib
0x000000000a325000 	/System/Library/Frameworks/OpenCL.framework/Versions/A/Libraries/ImageFormats/unorm8_rgba.dylib
0x000000000a325000 	/System/Library/PrivateFrameworks/FamilyControls.framework/Versions/A/FamilyControls
0x000000000a325000 	/System/Library/PrivateFrameworks/CommerceKit.framework/Versions/A/Frameworks/CommerceCore.framework/Versions/A/CommerceCore
0x000000000a325000 	/System/Library/PrivateFrameworks/SystemAdministration.framework/Versions/A/SystemAdministration
0x000000000a325000 	/System/Library/PrivateFrameworks/AppContainer.framework/Versions/A/AppContainer
0x000000000a325000 	/System/Library/PrivateFrameworks/SecCodeWrapper.framework/Versions/A/SecCodeWrapper
0x000000000a325000 	/System/Library/Frameworks/DirectoryService.framework/Versions/A/DirectoryService
0x000000000a325000 	/System/Library/PrivateFrameworks/LoginUIKit.framework/Versions/A/Frameworks/LoginUICore.framework/Versions/A/LoginUICore
0x000000000a325000 	/usr/lib/libodfde.dylib
0x000000000a325000 	/System/Library/Frameworks/OpenGL.framework/Versions/A/Resources/GLEngine.bundle/GLEngine
0x000000000a325000 	/System/Library/Frameworks/OpenGL.framework/Versions/A/Libraries/libGLProgrammability.dylib
0x000000011ff48000 	/System/Library/Extensions/AppleIntelHD4000GraphicsGLDriver.bundle/Contents/MacOS/AppleIntelHD4000GraphicsGLDriver
0x000000000a325000 	/System/Library/PrivateFrameworks/GPUSupport.framework/Versions/A/Libraries/libGPUSupportMercury.dylib
0x000000000a325000 	/System/Library/Frameworks/OpenGL.framework/Versions/A/Resources/GLRendererFloat.bundle/GLRendererFloat
0x0000000120eae000 	/Library/Java/JavaVirtualMachines/jdk1.8.0_92.jdk/Contents/Home/jre/lib/libfontmanager.dylib
0x000000012234e000 	/Library/Java/JavaVirtualMachines/jdk1.8.0_92.jdk/Contents/Home/jre/lib/libosxui.dylib
0x0000000122e6e000 	/Library/Java/JavaVirtualMachines/jdk1.8.0_92.jdk/Contents/Home/jre/lib/libnet.dylib
0x0000000122da8000 	/Library/Java/JavaVirtualMachines/jdk1.8.0_92.jdk/Contents/Home/jre/lib/libnio.dylib
0x000000000a325000 	/System/Library/Frameworks/ApplicationServices.framework/Versions/A/Frameworks/ATS.framework/Versions/A/Resources/libTrueTypeScaler.dylib
0x0000000173f7b000 	/System/Library/Extensions/AppleIntelHD4000GraphicsMTLDriver.bundle/Contents/MacOS/AppleIntelHD4000GraphicsMTLDriver
0x0000000173e87000 	/private/var/folders/yd/w0h308490sjfy_hf_nbsv22h0000gn/T/jogamp_0000/file_cache/jln1239718629202472810/jln65411698183546615/libgluegen-rt.jnilib
0x0000000122ea4000 	/private/var/folders/yd/w0h308490sjfy_hf_nbsv22h0000gn/T/jogamp_0000/file_cache/jln1239718629202472810/jln65411698183546615/libnativewindow_awt.jnilib
0x0000000173e8b000 	/Library/Java/JavaVirtualMachines/jdk1.8.0_92.jdk/Contents/Home/jre/lib/libjawt.dylib
0x0000000173e8e000 	/private/var/folders/yd/w0h308490sjfy_hf_nbsv22h0000gn/T/jogamp_0000/file_cache/jln1239718629202472810/jln65411698183546615/libnativewindow_macosx.jnilib
0x0000000175cfb000 	/private/var/folders/yd/w0h308490sjfy_hf_nbsv22h0000gn/T/jogamp_0000/file_cache/jln1239718629202472810/jln65411698183546615/libjogl_desktop.jnilib
0x000000017456f000 	/Library/Java/JavaVirtualMachines/jdk1.8.0_92.jdk/Contents/Home/jre/lib/libt2k.dylib

VM Arguments:
jvm_args: -Djava.security.policy=java.policy.applet -Dfile.encoding=UTF-8 
java_command: sun.applet.AppletViewer module4.EarthquakeCityMap1474317826648.html
java_class_path (initial): /Users/AndrewYou/Documents/workspace/UCSDUnfoldingMaps/build:/Users/AndrewYou/Documents/workspace/UCSDUnfoldingMaps/lib/core.jar:/Users/AndrewYou/Documents/workspace/UCSDUnfoldingMaps/lib/gluegen-rt.jar:/Users/AndrewYou/Documents/workspace/UCSDUnfoldingMaps/lib/jogl-all.jar:/Users/AndrewYou/Documents/workspace/UCSDUnfoldingMaps/lib/log4j-1.2.15.jar:/Users/AndrewYou/Documents/workspace/UCSDUnfoldingMaps/lib/sqlite-jdbc-3.7.2.jar:/Users/AndrewYou/Documents/workspace/UCSDUnfoldingMaps/lib/json4processing.jar:/Users/AndrewYou/Documents/workspace/UCSDUnfoldingMaps/lib/libTUIO.jar:/Users/AndrewYou/Documents/workspace/UCSDUnfoldingMaps/lib/unfolding.0.9.7-uscd.jar
Launcher Type: SUN_STANDARD

Environment Variables:
PATH=/usr/bin:/bin:/usr/sbin:/sbin
SHELL=/bin/bash

Signal Handlers:
SIGSEGV: [libjvm.dylib+0x5aa779], sa_mask[0]=11111111011111110111111111111111, sa_flags=SA_ONSTACK|SA_RESTART|SA_SIGINFO
SIGBUS: [libjvm.dylib+0x5aa779], sa_mask[0]=11111111011111110111111111111111, sa_flags=SA_RESTART|SA_SIGINFO
SIGFPE: [libjvm.dylib+0x4831d0], sa_mask[0]=11111111011111110111111111111111, sa_flags=SA_RESTART|SA_SIGINFO
SIGPIPE: [libjvm.dylib+0x4831d0], sa_mask[0]=11111111011111110111111111111111, sa_flags=SA_RESTART|SA_SIGINFO
SIGXFSZ: [libjvm.dylib+0x4831d0], sa_mask[0]=11111111011111110111111111111111, sa_flags=SA_RESTART|SA_SIGINFO
SIGILL: [libjvm.dylib+0x4831d0], sa_mask[0]=11111111011111110111111111111111, sa_flags=SA_RESTART|SA_SIGINFO
SIGUSR1: SIG_DFL, sa_mask[0]=00000000000000000000000000000000, sa_flags=none
SIGUSR2: [libjvm.dylib+0x482cee], sa_mask[0]=00100000000000000000000000000000, sa_flags=SA_RESTART|SA_SIGINFO
SIGHUP: [libjvm.dylib+0x4812c5], sa_mask[0]=11111111011111110111111111111111, sa_flags=SA_RESTART|SA_SIGINFO
SIGINT: [libjvm.dylib+0x4812c5], sa_mask[0]=11111111011111110111111111111111, sa_flags=SA_RESTART|SA_SIGINFO
SIGTERM: [libjvm.dylib+0x4812c5], sa_mask[0]=11111111011111110111111111111111, sa_flags=SA_RESTART|SA_SIGINFO
SIGQUIT: [libjvm.dylib+0x4812c5], sa_mask[0]=11111111011111110111111111111111, sa_flags=SA_RESTART|SA_SIGINFO


---------------  S Y S T E M  ---------------

OS:Bsduname:Darwin 15.6.0 Darwin Kernel Version 15.6.0: Mon Aug 29 20:21:34 PDT 2016; root:xnu-3248.60.11~1/RELEASE_X86_64 x86_64
rlimit: STACK 8192k, CORE 0k, NPROC 709, NOFILE 10240, AS infinity
load average:1.38 1.83 1.83

CPU:total 4 (2 cores per cpu, 2 threads per core) family 6 model 58 stepping 9, cmov, cx8, fxsr, mmx, sse, sse2, sse3, ssse3, sse4.1, sse4.2, popcnt, avx, aes, clmul, erms, ht, tsc, tscinvbit, tscinv

Memory: 4k page, physical 8388608k(784508k free)

/proc/meminfo:


vm_info: Java HotSpot(TM) 64-Bit Server VM (25.92-b14) for bsd-amd64 JRE (1.8.0_92-b14), built on Mar 31 2016 21:23:14 by "java_re" with gcc 4.2.1 (Based on Apple Inc. build 5658) (LLVM build 2336.11.00)

time: Mon Sep 19 16:43:54 2016
elapsed time: 8 seconds (0d 0h 0m 8s)

