#
# A fatal error has been detected by the Java Runtime Environment:
#
#  SIGSEGV (0xb) at pc=0x00007fff9aacf15f, pid=14439, tid=0x0000000000000a0b
#
# JRE version: Java(TM) SE Runtime Environment (8.0_92-b14) (build 1.8.0_92-b14)
# Java VM: Java HotSpot(TM) 64-Bit Server VM (25.92-b14 mixed mode bsd-amd64 compressed oops)
# Problematic frame:
# C  [libobjc.A.dylib+0x915f]  objc_release+0xf
#
# Failed to write core dump. Core dumps have been disabled. To enable core dumping, try "ulimit -c unlimited" before starting Java again
#
# If you would like to submit a bug report, please visit:
#   http://bugreport.java.com/bugreport/crash.jsp
# The crash happened outside the Java Virtual Machine in native code.
# See problematic frame for where to report the bug.
#

---------------  T H R E A D  ---------------

Current thread (0x00007ff0eb954800):  JavaThread "AWT-AppKit" daemon [_thread_in_native, id=2571, stack(0x00007fff5e693000,0x00007fff5ee93000)]

siginfo: si_signo: 11 (SIGSEGV), si_code: 0 (unknown), si_addr: 0x0000000000000000

Registers:
RAX=0x0000000000000008, RBX=0x0000000000000000, RCX=0x0000000000000003, RDX=0x00007ff0ee0dce18
RSP=0x00007fff5ee8e338, RBP=0x00007fff5ee8e360, RSI=0x000000011a57cf30, RDI=0xc00007ff0ee0d202
R8 =0x0000000000000001, R9 =0x00007ff0ee0d2020, R10=0x00007ff0ead8a620, R11=0x000000011b308840
R12=0x0000000000000000, R13=0x0000000172c9bb08, R14=0x00007ff0ec5de5b0, R15=0x00007ff0eb954800
RIP=0x00007fff9aacf15f, EFLAGS=0x0000000000010246, ERR=0x0000000000000000
  TRAPNO=0x000000000000000d

Top of Stack: (sp=0x00007fff5ee8e338)
0x00007fff5ee8e338:   000000011a506267 00007fff5ee8e360
0x00007fff5ee8e348:   000000011b308450 000000011b308440
0x00007fff5ee8e358:   00007ff0eb954800 00007fff5ee8e420
0x00007fff5ee8e368:   000000011b306215 000000011b308700
0x00007fff5ee8e378:   000000011b3086e0 000000011b3084b0
0x00007fff5ee8e388:   0000000000000000 0000000172c9bb08
0x00007fff5ee8e398:   0000000172c9bb08 00007ff0ee0dce10
0x00007fff5ee8e3a8:   000000011b3086a0 000000011b308710
0x00007fff5ee8e3b8:   00007fff7f61d770 00007fff7d7e9500
0x00007fff5ee8e3c8:   000000011b308450 000000011b308690
0x00007fff5ee8e3d8:   00007ff0ee0dce10 00007ff0ec5de5b0
0x00007fff5ee8e3e8:   00007ff0ee505020 00007ff0ee0dce10
0x00007fff5ee8e3f8:   00007ff0ec5de5b0 00007fff5ee8e4a8
0x00007fff5ee8e408:   00007ff0eb9549f8 0000000172c9bb08
0x00007fff5ee8e418:   00007fff5ee8e4d0 00007fff5ee8e498
0x00007fff5ee8e428:   00000001031ae9d4 0000000172c9bb08
0x00007fff5ee8e438:   00007fff5ee8e4d0 00007fff5ee8e498
0x00007fff5ee8e448:   00000001031ae767 00000001031ae722
0x00007fff5ee8e458:   00007fff5ee8e458 0000000172c9bb08
0x00007fff5ee8e468:   00007fff5ee8e4d0 0000000172cbf028
0x00007fff5ee8e478:   0000000000000000 0000000172c9bb08
0x00007fff5ee8e488:   0000000000000000 00007fff5ee8e4b8
0x00007fff5ee8e498:   00007fff5ee8e518 000000010319f2bd
0x00007fff5ee8e4a8:   0000000740b487a8 00000001031a8538
0x00007fff5ee8e4b8:   00007ff0ee0dce10 00007fff5ee8e518
0x00007fff5ee8e4c8:   00007ff0ec5de5b0 00000001031a9e02
0x00007fff5ee8e4d8:   00007fff5ee8e4d8 0000000172c9bcd2
0x00007fff5ee8e4e8:   00007fff5ee8e540 0000000172cbf028
0x00007fff5ee8e4f8:   0000000000000000 0000000172c9bce0
0x00007fff5ee8e508:   00007fff5ee8e4b8 00007fff5ee8e528
0x00007fff5ee8e518:   00007fff5ee8e588 000000010319f2bd
0x00007fff5ee8e528:   00007ff0ee0dce10 00000007978d23f0 

Instructions: (pc=0x00007fff9aacf15f)
0x00007fff9aacf13f:   5c 41 5d 41 5e 41 5f 5d c3 90 90 90 90 90 90 90
0x00007fff9aacf14f:   90 48 85 ff 0f 84 80 00 00 00 40 f6 c7 01 75 7a
0x00007fff9aacf15f:   48 8b 07 48 b9 f8 ff ff ff ff 7f 00 00 48 21 c1
0x00007fff9aacf16f:   f6 41 20 02 75 0f 48 8d 05 9c cd cb e3 48 8b 30 

Register to memory mapping:

RAX=0x0000000000000008 is an unknown value
RBX=0x0000000000000000 is an unknown value
RCX=0x0000000000000003 is an unknown value
RDX=0x00007ff0ee0dce18 is an unknown value
RSP=0x00007fff5ee8e338 is pointing into the stack for thread: 0x00007ff0eb954800
RBP=0x00007fff5ee8e360 is pointing into the stack for thread: 0x00007ff0eb954800
RSI=0x000000011a57cf30: OBJC_IVAR_$_PrinterView.fCurPeekGraphics+0x1aa8 in /Library/Java/JavaVirtualMachines/jdk1.8.0_92.jdk/Contents/Home/jre/lib/libawt_lwawt.dylib at 0x000000011a502000
RDI=0xc00007ff0ee0d202 is an unknown value
R8 =0x0000000000000001 is an unknown value
R9 =0x00007ff0ee0d2020 is an unknown value
R10=0x00007ff0ead8a620 is an unknown value
R11=0x000000011b308840: OBJC_CLASS_$_MyCALayer+0 in /private/var/folders/yd/w0h308490sjfy_hf_nbsv22h0000gn/T/jogamp_0000/file_cache/jln5268043377799958869/jln5924603017675443708/libnativewindow_macosx.jnilib at 0x000000011b301000
R12=0x0000000000000000 is an unknown value
R13={method} {0x0000000172c9bb08} 'UnsetJAWTRootSurfaceLayer0' '(JJ)V' in 'jogamp/nativewindow/jawt/macosx/MacOSXJAWTWindow'
R14=0x00007ff0ec5de5b0 is an unknown value
R15=0x00007ff0eb954800 is a thread


Stack: [0x00007fff5e693000,0x00007fff5ee93000],  sp=0x00007fff5ee8e338,  free space=8172k
Native frames: (J=compiled Java code, j=interpreted, Vv=VM code, C=native code)
C  [libobjc.A.dylib+0x915f]  objc_release+0xf
C  [libnativewindow_macosx.jnilib+0x5215]  Java_jogamp_nativewindow_jawt_macosx_MacOSXJAWTWindow_UnsetJAWTRootSurfaceLayer0+0x1a5
j  jogamp.nativewindow.jawt.macosx.MacOSXJAWTWindow.UnsetJAWTRootSurfaceLayer0(JJ)V+0
j  jogamp.nativewindow.jawt.macosx.MacOSXJAWTWindow.access$200(JJ)V+2
j  jogamp.nativewindow.jawt.macosx.MacOSXJAWTWindow$1.run()V+38
J 2025 C1 com.jogamp.common.util.RunnableTask.run()V (345 bytes) @ 0x0000000103377fd4 [0x0000000103377e40+0x194]
v  ~StubRoutines::call_stub
V  [libjvm.dylib+0x2ecc9a]
V  [libjvm.dylib+0x323ea5]
V  [libjvm.dylib+0x316673]
C  [libnativewindow_macosx.jnilib+0x5326]  Java_jogamp_nativewindow_jawt_macosx_MacOSXJAWTWindow_UnsetJAWTRootSurfaceLayer0+0x2b6
C  [Foundation+0x76fde]  __NSThreadPerformPerform+0x117
C  [CoreFoundation+0xaa881]  __CFRUNLOOP_IS_CALLING_OUT_TO_A_SOURCE0_PERFORM_FUNCTION__+0x11
C  [CoreFoundation+0x89f37]  __CFRunLoopDoSources0+0x1a7
C  [CoreFoundation+0x894df]  __CFRunLoopRun+0x39f
C  [CoreFoundation+0x88ed8]  CFRunLoopRunSpecific+0x128
C  [HIToolbox+0x30935]  RunCurrentEventLoopInMode+0xeb
C  [HIToolbox+0x30677]  ReceiveNextEventCommon+0xb8
C  [HIToolbox+0x305af]  _BlockUntilNextEventMatchingListInModeWithFilter+0x47
C  [AppKit+0x48df6]  _DPSNextEvent+0x42b
C  [AppKit+0x48226]  -[NSApplication _nextEventMatchingEventMask:untilDate:inMode:dequeue:]+0x1c6
C  [libosxapp.dylib+0x23aa]  -[NSApplicationAWT nextEventMatchingMask:untilDate:inMode:dequeue:]+0x7c
C  [AppKit+0x3cd80]  -[NSApplication run]+0x2aa
C  [libosxapp.dylib+0x214d]  +[NSApplicationAWT runAWTLoopWithApp:]+0x9c
C  [libawt_lwawt.dylib+0x444b3]  -[AWTStarter starter:]+0x389
C  [Foundation+0x76fde]  __NSThreadPerformPerform+0x117
C  [CoreFoundation+0xaa881]  __CFRUNLOOP_IS_CALLING_OUT_TO_A_SOURCE0_PERFORM_FUNCTION__+0x11
C  [CoreFoundation+0x89fbc]  __CFRunLoopDoSources0+0x22c
C  [CoreFoundation+0x894df]  __CFRunLoopRun+0x39f
C  [CoreFoundation+0x88ed8]  CFRunLoopRunSpecific+0x128
C  [java+0x6465]  CreateExecutionEnvironment+0x367
C  [java+0x218c]  JLI_Launch+0x7a0
C  [java+0x84c2]  main+0x65
C  [java+0x19e4]  start+0x34
C  0x0000000000000007

Java frames: (J=compiled Java code, j=interpreted, Vv=VM code)
j  jogamp.nativewindow.jawt.macosx.MacOSXJAWTWindow.UnsetJAWTRootSurfaceLayer0(JJ)V+0
j  jogamp.nativewindow.jawt.macosx.MacOSXJAWTWindow.access$200(JJ)V+2
j  jogamp.nativewindow.jawt.macosx.MacOSXJAWTWindow$1.run()V+38
J 2025 C1 com.jogamp.common.util.RunnableTask.run()V (345 bytes) @ 0x0000000103377fd4 [0x0000000103377e40+0x194]
v  ~StubRoutines::call_stub

---------------  P R O C E S S  ---------------

Java Threads: ( => current thread )
  0x00007ff0ebd2f800 JavaThread "Thread-19" [_thread_blocked, id=5227, stack(0x0000700000932000,0x0000700000a32000)]
  0x00007ff0ea2ca000 JavaThread "Keep-Alive-Timer" daemon [_thread_blocked, id=65391, stack(0x0000700001e7d000,0x0000700001f7d000)]
  0x00007ff0eab48000 JavaThread "AWT-EventQueue-1" [_thread_in_native, id=58959, stack(0x00007000018eb000,0x00007000019eb000)]
  0x00007ff0eb0e4000 JavaThread "DestroyJavaVM" [_thread_blocked, id=5891, stack(0x000070000011a000,0x000070000021a000)]
  0x00007ff0ea971000 JavaThread "AWT-EventQueue-0" [_thread_blocked, id=56323, stack(0x00007000016e5000,0x00007000017e5000)]
  0x00007ff0ea192800 JavaThread "Java2D Disposer" daemon [_thread_blocked, id=52995, stack(0x000070000145c000,0x000070000155c000)]
  0x00007ff0ea93b800 JavaThread "Java2D Queue Flusher" daemon [_thread_blocked, id=49927, stack(0x0000700001359000,0x0000700001459000)]
  0x00007ff0eb0a4000 JavaThread "AWT-Shutdown" [_thread_blocked, id=29715, stack(0x00007000011d3000,0x00007000012d3000)]
=>0x00007ff0eb954800 JavaThread "AWT-AppKit" daemon [_thread_in_native, id=2571, stack(0x00007fff5e693000,0x00007fff5ee93000)]
  0x00007ff0ea867000 JavaThread "Service Thread" daemon [_thread_blocked, id=18947, stack(0x0000700000ec7000,0x0000700000fc7000)]
  0x00007ff0eb03a000 JavaThread "C1 CompilerThread2" daemon [_thread_blocked, id=18435, stack(0x0000700000dc4000,0x0000700000ec4000)]
  0x00007ff0eb029800 JavaThread "C2 CompilerThread1" daemon [_thread_blocked, id=17923, stack(0x0000700000cc1000,0x0000700000dc1000)]
  0x00007ff0ea03c800 JavaThread "C2 CompilerThread0" daemon [_thread_blocked, id=17411, stack(0x0000700000bbe000,0x0000700000cbe000)]
  0x00007ff0ea03c000 JavaThread "Signal Dispatcher" daemon [_thread_blocked, id=16659, stack(0x0000700000abb000,0x0000700000bbb000)]
  0x00007ff0ea012000 JavaThread "Finalizer" daemon [_thread_blocked, id=12291, stack(0x000070000082f000,0x000070000092f000)]
  0x00007ff0eb020800 JavaThread "Reference Handler" daemon [_thread_blocked, id=11779, stack(0x000070000072c000,0x000070000082c000)]

Other Threads:
  0x00007ff0eb809800 VMThread [stack: 0x0000700000629000,0x0000700000729000] [id=11267]
  0x00007ff0ea078000 WatcherThread [stack: 0x0000700000fca000,0x00007000010ca000] [id=19459]

VM state:not at safepoint (normal execution)

VM Mutex/Monitor currently owned by a thread: None

Heap:
 PSYoungGen      total 38400K, used 21623K [0x0000000795580000, 0x0000000798000000, 0x00000007c0000000)
  eden space 33280K, 49% used [0x0000000795580000,0x00000007965a10e8,0x0000000797600000)
  from space 5120K, 99% used [0x0000000797600000,0x0000000797afcb20,0x0000000797b00000)
  to   space 5120K, 0% used [0x0000000797b00000,0x0000000797b00000,0x0000000798000000)
 ParOldGen       total 87552K, used 12045K [0x0000000740000000, 0x0000000745580000, 0x0000000795580000)
  object space 87552K, 13% used [0x0000000740000000,0x0000000740bc3618,0x0000000745580000)
 Metaspace       used 20430K, capacity 20583K, committed 20864K, reserved 1069056K
  class space    used 2011K, capacity 2078K, committed 2176K, reserved 1048576K

Card table byte_map: [0x0000000112557000,0x0000000112958000] byte_map_base: 0x000000010eb57000

Marking Bits: (ParMarkBitMap*) 0x0000000102ae8bd0
 Begin Bits: [0x0000000112c03000, 0x0000000114c03000)
 End Bits:   [0x0000000114c03000, 0x0000000116c03000)

Polling page: 0x00000001011a7000

CodeCache: size=245760Kb used=7150Kb max_used=7161Kb free=238609Kb
 bounds [0x0000000103197000, 0x00000001038a7000, 0x0000000112197000]
 total_blobs=2956 nmethods=2078 adapters=792
 compilation: enabled

Compilation events (10 events):
Event: 14.910 Thread 0x00007ff0eb03a000 2294       3       jogamp.opengl.GLContextImpl::getDefaultDrawFramebuffer (8 bytes)
Event: 14.910 Thread 0x00007ff0eb03a000 nmethod 2294 0x000000010389a2d0 code [0x000000010389a440, 0x000000010389a668]
Event: 14.910 Thread 0x00007ff0eb03a000 2295       3       jogamp.opengl.GLContextImpl::getDefaultReadFramebuffer (8 bytes)
Event: 14.910 Thread 0x00007ff0eb03a000 nmethod 2295 0x000000010389a710 code [0x000000010389a880, 0x000000010389aaa8]
Event: 15.178 Thread 0x00007ff0eb03a000 2296   !   3       sun.lwawt.LWComponentPeer::isShowing (49 bytes)
Event: 15.179 Thread 0x00007ff0ea03c800 2297       4       java.awt.Rectangle::<init> (26 bytes)
Event: 15.180 Thread 0x00007ff0eb03a000 nmethod 2296 0x000000010389ab50 code [0x000000010389ad00, 0x000000010389b608]
Event: 15.180 Thread 0x00007ff0ea03c800 nmethod 2297 0x0000000103839a10 code [0x0000000103839b60, 0x0000000103839bd8]
Event: 15.226 Thread 0x00007ff0eb03a000 2298       1       sun.java2d.SurfaceData::isValid (5 bytes)
Event: 15.226 Thread 0x00007ff0eb03a000 nmethod 2298 0x000000010389e290 code [0x000000010389e3e0, 0x000000010389e4f0]

GC Heap History (6 events):
Event: 2.877 GC heap before
{Heap before GC invocations=1 (full 0):
 PSYoungGen      total 38400K, used 33280K [0x0000000795580000, 0x0000000798000000, 0x00000007c0000000)
  eden space 33280K, 100% used [0x0000000795580000,0x0000000797600000,0x0000000797600000)
  from space 5120K, 0% used [0x0000000797b00000,0x0000000797b00000,0x0000000798000000)
  to   space 5120K, 0% used [0x0000000797600000,0x0000000797600000,0x0000000797b00000)
 ParOldGen       total 87552K, used 0K [0x0000000740000000, 0x0000000745580000, 0x0000000795580000)
  object space 87552K, 0% used [0x0000000740000000,0x0000000740000000,0x0000000745580000)
 Metaspace       used 15985K, capacity 16155K, committed 16384K, reserved 1064960K
  class space    used 1619K, capacity 1692K, committed 1792K, reserved 1048576K
Event: 2.884 GC heap after
Heap after GC invocations=1 (full 0):
 PSYoungGen      total 38400K, used 5016K [0x0000000795580000, 0x0000000798000000, 0x00000007c0000000)
  eden space 33280K, 0% used [0x0000000795580000,0x0000000795580000,0x0000000797600000)
  from space 5120K, 97% used [0x0000000797600000,0x0000000797ae61f8,0x0000000797b00000)
  to   space 5120K, 0% used [0x0000000797b00000,0x0000000797b00000,0x0000000798000000)
 ParOldGen       total 87552K, used 8K [0x0000000740000000, 0x0000000745580000, 0x0000000795580000)
  object space 87552K, 0% used [0x0000000740000000,0x0000000740002000,0x0000000745580000)
 Metaspace       used 15985K, capacity 16155K, committed 16384K, reserved 1064960K
  class space    used 1619K, capacity 1692K, committed 1792K, reserved 1048576K
}
Event: 5.515 GC heap before
{Heap before GC invocations=2 (full 0):
 PSYoungGen      total 38400K, used 38296K [0x0000000795580000, 0x0000000798000000, 0x00000007c0000000)
  eden space 33280K, 100% used [0x0000000795580000,0x0000000797600000,0x0000000797600000)
  from space 5120K, 97% used [0x0000000797600000,0x0000000797ae61f8,0x0000000797b00000)
  to   space 5120K, 0% used [0x0000000797b00000,0x0000000797b00000,0x0000000798000000)
 ParOldGen       total 87552K, used 8K [0x0000000740000000, 0x0000000745580000, 0x0000000795580000)
  object space 87552K, 0% used [0x0000000740000000,0x0000000740002000,0x0000000745580000)
 Metaspace       used 19743K, capacity 19937K, committed 20096K, reserved 1067008K
  class space    used 1984K, capacity 2077K, committed 2176K, reserved 1048576K
Event: 5.526 GC heap after
Heap after GC invocations=2 (full 0):
 PSYoungGen      total 38400K, used 5106K [0x0000000795580000, 0x0000000798000000, 0x00000007c0000000)
  eden space 33280K, 0% used [0x0000000795580000,0x0000000795580000,0x0000000797600000)
  from space 5120K, 99% used [0x0000000797b00000,0x0000000797ffcb60,0x0000000798000000)
  to   space 5120K, 0% used [0x0000000797600000,0x0000000797600000,0x0000000797b00000)
 ParOldGen       total 87552K, used 7932K [0x0000000740000000, 0x0000000745580000, 0x0000000795580000)
  object space 87552K, 9% used [0x0000000740000000,0x00000007407bf3a8,0x0000000745580000)
 Metaspace       used 19743K, capacity 19937K, committed 20096K, reserved 1067008K
  class space    used 1984K, capacity 2077K, committed 2176K, reserved 1048576K
}
Event: 9.574 GC heap before
{Heap before GC invocations=3 (full 0):
 PSYoungGen      total 38400K, used 38386K [0x0000000795580000, 0x0000000798000000, 0x00000007c0000000)
  eden space 33280K, 100% used [0x0000000795580000,0x0000000797600000,0x0000000797600000)
  from space 5120K, 99% used [0x0000000797b00000,0x0000000797ffcb60,0x0000000798000000)
  to   space 5120K, 0% used [0x0000000797600000,0x0000000797600000,0x0000000797b00000)
 ParOldGen       total 87552K, used 7932K [0x0000000740000000, 0x0000000745580000, 0x0000000795580000)
  object space 87552K, 9% used [0x0000000740000000,0x00000007407bf3a8,0x0000000745580000)
 Metaspace       used 20155K, capacity 20321K, committed 20608K, reserved 1067008K
  class space    used 2001K, capacity 2077K, committed 2176K, reserved 1048576K
Event: 9.580 GC heap after
Heap after GC invocations=3 (full 0):
 PSYoungGen      total 38400K, used 5106K [0x0000000795580000, 0x0000000798000000, 0x00000007c0000000)
  eden space 33280K, 0% used [0x0000000795580000,0x0000000795580000,0x0000000797600000)
  from space 5120K, 99% used [0x0000000797600000,0x0000000797afcb20,0x0000000797b00000)
  to   space 5120K, 0% used [0x0000000797b00000,0x0000000797b00000,0x0000000798000000)
 ParOldGen       total 87552K, used 12045K [0x0000000740000000, 0x0000000745580000, 0x0000000795580000)
  object space 87552K, 13% used [0x0000000740000000,0x0000000740bc3618,0x0000000745580000)
 Metaspace       used 20155K, capacity 20321K, committed 20608K, reserved 1067008K
  class space    used 2001K, capacity 2077K, committed 2176K, reserved 1048576K
}

Deoptimization events (10 events):
Event: 2.419 Thread 0x00007ff0eab50000 Uncommon trap: reason=unstable_if action=reinterpret pc=0x00000001033ecea4 method=java.lang.String.indexOf([CII[CIII)I @ 3
Event: 2.419 Thread 0x00007ff0eab50000 Uncommon trap: reason=unstable_if action=reinterpret pc=0x0000000103351498 method=java.lang.String.indexOf([CII[CIII)I @ 3
Event: 3.620 Thread 0x00007ff0eab48000 Uncommon trap: reason=unstable_if action=reinterpret pc=0x0000000103342b6c method=java.lang.AbstractStringBuilder.append(Ljava/lang/String;)Ljava/lang/AbstractStringBuilder; @ 1
Event: 3.918 Thread 0x00007ff0eab48000 Uncommon trap: reason=unstable_if action=reinterpret pc=0x0000000103545f80 method=com.sun.org.apache.xerces.internal.impl.XMLEntityScanner.peekChar()I @ 14
Event: 3.940 Thread 0x00007ff0eab48000 Uncommon trap: reason=unstable_if action=reinterpret pc=0x0000000103558710 method=com.sun.org.apache.xerces.internal.impl.XMLEntityScanner.skipSpaces()Z @ 14
Event: 4.227 Thread 0x00007ff0eab48000 Uncommon trap: reason=unstable_if action=reinterpret pc=0x00000001035f093c method=com.jogamp.common.util.IntIntHashMap.get(I)I @ 28
Event: 4.353 Thread 0x00007ff0eab48000 Uncommon trap: reason=unstable_if action=reinterpret pc=0x0000000103630430 method=processing.core.PApplet.max(III)I @ 20
Event: 6.166 Thread 0x00007ff0eab48000 Uncommon trap: reason=unstable_if action=reinterpret pc=0x00000001036e0a30 method=processing.opengl.PGraphicsOpenGL$TessGeometry.polyIndexCheck(I)V @ 13
Event: 15.177 Thread 0x00007ff0eab48000 Uncommon trap: reason=unstable_if action=reinterpret pc=0x00000001033538a8 method=com.jogamp.common.util.VersionNumber.compareTo(Lcom/jogamp/common/util/VersionNumber;)I @ 21
Event: 15.225 Thread 0x00007ff0eba0f000 Uncommon trap: reason=unstable_if action=reinterpret pc=0x00000001036471b4 method=java.util.HashMap.putVal(ILjava/lang/Object;Ljava/lang/Object;ZZ)Ljava/lang/Object; @ 81

Internal exceptions (10 events):
Event: 0.271 Thread 0x00007ff0ea007000 Exception <a 'java/lang/NoSuchFieldError': method resolution failed> (0x0000000795785a28) thrown at [/Users/java_re/workspace/8-2-build-macosx-x86_64/jdk8u92/6642/hotspot/src/share/vm/prims/methodHandles.cpp, line 1146]
Event: 0.283 Thread 0x00007ff0ea007000 Exception <a 'java/lang/NoSuchFieldError': method resolution failed> (0x00000007957931f8) thrown at [/Users/java_re/workspace/8-2-build-macosx-x86_64/jdk8u92/6642/hotspot/src/share/vm/prims/methodHandles.cpp, line 1146]
Event: 0.486 Thread 0x00007ff0ea007000 Exception <a 'java/io/FileNotFoundException'> (0x000000079580e7c0) thrown at [/Users/java_re/workspace/8-2-build-macosx-x86_64/jdk8u92/6642/hotspot/src/share/vm/prims/jni.cpp, line 709]
Event: 0.486 Thread 0x00007ff0ea007000 Exception <a 'java/io/FileNotFoundException'> (0x000000079580f328) thrown at [/Users/java_re/workspace/8-2-build-macosx-x86_64/jdk8u92/6642/hotspot/src/share/vm/prims/jni.cpp, line 709]
Event: 0.612 Thread 0x00007ff0ea007000 Exception <a 'java/io/FileNotFoundException'> (0x000000079594aac8) thrown at [/Users/java_re/workspace/8-2-build-macosx-x86_64/jdk8u92/6642/hotspot/src/share/vm/prims/jni.cpp, line 709]
Event: 2.457 Thread 0x00007ff0eab50000 Exception <a 'java/lang/UnsatisfiedLinkError': com.jogamp.common.util.JarUtil.fixNativeLibAttribs(Ljava/lang/String;)Z> (0x0000000796a7fbb0) thrown at [/Users/java_re/workspace/8-2-build-macosx-x86_64/jdk8u92/6642/hotspot/src/share/vm/prims/nativeLookup.c
Event: 2.886 Thread 0x00007ff0ea012000 Exception <a 'java/lang/NullPointerException'> (0x00000007956a62b0) thrown at [/Users/java_re/workspace/8-2-build-macosx-x86_64/jdk8u92/6642/hotspot/src/share/vm/interpreter/linkResolver.cpp, line 1178]
Event: 3.619 Thread 0x00007ff0eab48000 Exception <a 'java/io/FileNotFoundException'> (0x0000000795e4f3d8) thrown at [/Users/java_re/workspace/8-2-build-macosx-x86_64/jdk8u92/6642/hotspot/src/share/vm/prims/jni.cpp, line 709]
Event: 3.620 Thread 0x00007ff0eab48000 Exception <a 'java/io/FileNotFoundException'> (0x0000000795e55778) thrown at [/Users/java_re/workspace/8-2-build-macosx-x86_64/jdk8u92/6642/hotspot/src/share/vm/prims/jni.cpp, line 709]
Event: 3.620 Thread 0x00007ff0eab48000 Implicit null exception at 0x00000001033427f5 to 0x0000000103342b59

Events (10 events):
Event: 15.244 loading class jogamp/nativewindow/jawt/macosx/MacOSXJAWTWindow$1 done
Event: 15.245 loading class java/awt/LightweightDispatcher$2
Event: 15.245 loading class java/awt/LightweightDispatcher$2 done
Event: 15.246 loading class java/awt/event/AWTEventListenerProxy
Event: 15.246 loading class java/awt/event/AWTEventListenerProxy done
Event: 15.246 loading class java/awt/Toolkit$ToolkitEventMulticaster
Event: 15.246 loading class java/awt/Toolkit$ToolkitEventMulticaster done
Event: 15.246 Thread 0x00007ff0eba0f000 Thread exited: 0x00007ff0eba0f000
Event: 15.247 loading class java/awt/Window$1DisposeAction
Event: 15.247 loading class java/awt/Window$1DisposeAction done


Dynamic libraries:
0x000000000b4ae000 	/System/Library/Frameworks/Cocoa.framework/Versions/A/Cocoa
0x0000000100d8b000 	/System/Library/Frameworks/Security.framework/Versions/A/Security
0x000000000b4ae000 	/System/Library/Frameworks/ApplicationServices.framework/Versions/A/ApplicationServices
0x000000000b4ae000 	/usr/lib/libz.1.dylib
0x000000000b4ae000 	/usr/lib/libSystem.B.dylib
0x000000000b4ae000 	/usr/lib/libobjc.A.dylib
0x000000000b4ae000 	/System/Library/Frameworks/CoreFoundation.framework/Versions/A/CoreFoundation
0x000000000b4ae000 	/System/Library/Frameworks/Foundation.framework/Versions/C/Foundation
0x000000000b4ae000 	/System/Library/Frameworks/AppKit.framework/Versions/C/AppKit
0x000000000b4ae000 	/System/Library/Frameworks/CoreData.framework/Versions/A/CoreData
0x000000000b4ae000 	/System/Library/PrivateFrameworks/RemoteViewServices.framework/Versions/A/RemoteViewServices
0x000000000b4ae000 	/System/Library/PrivateFrameworks/UIFoundation.framework/Versions/A/UIFoundation
0x000000000b4ae000 	/usr/lib/libScreenReader.dylib
0x000000000b4ae000 	/System/Library/Frameworks/Accelerate.framework/Versions/A/Accelerate
0x000000000b4ae000 	/System/Library/Frameworks/IOSurface.framework/Versions/A/IOSurface
0x000000000b4ae000 	/System/Library/Frameworks/AudioToolbox.framework/Versions/A/AudioToolbox
0x000000000b4ae000 	/System/Library/Frameworks/AudioUnit.framework/Versions/A/AudioUnit
0x000000000b4ae000 	/System/Library/PrivateFrameworks/DataDetectorsCore.framework/Versions/A/DataDetectorsCore
0x000000000b4ae000 	/System/Library/PrivateFrameworks/DesktopServicesPriv.framework/Versions/A/DesktopServicesPriv
0x000000000b4ae000 	/System/Library/Frameworks/Carbon.framework/Versions/A/Frameworks/HIToolbox.framework/Versions/A/HIToolbox
0x000000000b4ae000 	/System/Library/Frameworks/QuartzCore.framework/Versions/A/QuartzCore
0x000000000b4ae000 	/System/Library/Frameworks/Carbon.framework/Versions/A/Frameworks/SpeechRecognition.framework/Versions/A/SpeechRecognition
0x000000000b4ae000 	/usr/lib/libauto.dylib
0x000000000b4ae000 	/usr/lib/libicucore.A.dylib
0x000000000b4ae000 	/usr/lib/libxml2.2.dylib
0x000000000b4ae000 	/System/Library/PrivateFrameworks/CoreUI.framework/Versions/A/CoreUI
0x000000000b4ae000 	/System/Library/Frameworks/CoreAudio.framework/Versions/A/CoreAudio
0x000000000b4ae000 	/System/Library/Frameworks/DiskArbitration.framework/Versions/A/DiskArbitration
0x000000000b4ae000 	/usr/lib/liblangid.dylib
0x000000000b4ae000 	/System/Library/PrivateFrameworks/MultitouchSupport.framework/Versions/A/MultitouchSupport
0x000000000b4ae000 	/System/Library/Frameworks/IOKit.framework/Versions/A/IOKit
0x000000000b4ae000 	/usr/lib/libDiagnosticMessagesClient.dylib
0x000000000b4ae000 	/System/Library/Frameworks/CoreServices.framework/Versions/A/CoreServices
0x000000000b4ae000 	/System/Library/PrivateFrameworks/PerformanceAnalysis.framework/Versions/A/PerformanceAnalysis
0x000000000b4ae000 	/System/Library/PrivateFrameworks/GenerationalStorage.framework/Versions/A/GenerationalStorage
0x000000000b4ae000 	/System/Library/Frameworks/OpenGL.framework/Versions/A/OpenGL
0x000000000b4ae000 	/System/Library/PrivateFrameworks/Sharing.framework/Versions/A/Sharing
0x000000000b4ae000 	/System/Library/Frameworks/CoreGraphics.framework/Versions/A/CoreGraphics
0x000000000b4ae000 	/System/Library/Frameworks/CoreImage.framework/Versions/A/CoreImage
0x000000000b4ae000 	/System/Library/Frameworks/CoreText.framework/Versions/A/CoreText
0x000000000b4ae000 	/System/Library/Frameworks/ImageIO.framework/Versions/A/ImageIO
0x000000000b4ae000 	/System/Library/PrivateFrameworks/Backup.framework/Versions/A/Backup
0x000000000b4ae000 	/usr/lib/libextension.dylib
0x000000000b4ae000 	/usr/lib/libarchive.2.dylib
0x00000001011a9000 	/System/Library/Frameworks/CFNetwork.framework/Versions/A/CFNetwork
0x000000000b4ae000 	/System/Library/Frameworks/SystemConfiguration.framework/Versions/A/SystemConfiguration
0x000000000b4ae000 	/usr/lib/libCRFSuite.dylib
0x000000000b4ae000 	/usr/lib/libc++.1.dylib
0x000000000b4ae000 	/usr/lib/libc++abi.dylib
0x000000000b4ae000 	/usr/lib/system/libcache.dylib
0x000000000b4ae000 	/usr/lib/system/libcommonCrypto.dylib
0x000000000b4ae000 	/usr/lib/system/libcompiler_rt.dylib
0x000000000b4ae000 	/usr/lib/system/libcopyfile.dylib
0x000000000b4ae000 	/usr/lib/system/libcorecrypto.dylib
0x000000000b4ae000 	/usr/lib/system/libdispatch.dylib
0x000000000b4ae000 	/usr/lib/system/libdyld.dylib
0x000000000b4ae000 	/usr/lib/system/libkeymgr.dylib
0x000000010161c000 	/usr/lib/system/liblaunch.dylib
0x000000000b4ae000 	/usr/lib/system/libmacho.dylib
0x000000000b4ae000 	/usr/lib/system/libquarantine.dylib
0x000000000b4ae000 	/usr/lib/system/libremovefile.dylib
0x000000000b4ae000 	/usr/lib/system/libsystem_asl.dylib
0x000000000b4ae000 	/usr/lib/system/libsystem_blocks.dylib
0x000000000b4ae000 	/usr/lib/system/libsystem_c.dylib
0x000000000b4ae000 	/usr/lib/system/libsystem_configuration.dylib
0x000000000b4ae000 	/usr/lib/system/libsystem_coreservices.dylib
0x000000000b4ae000 	/usr/lib/system/libsystem_coretls.dylib
0x000000000b4ae000 	/usr/lib/system/libsystem_dnssd.dylib
0x000000000b4ae000 	/usr/lib/system/libsystem_info.dylib
0x000000000b4ae000 	/usr/lib/system/libsystem_kernel.dylib
0x000000000b4ae000 	/usr/lib/system/libsystem_m.dylib
0x000000000b4ae000 	/usr/lib/system/libsystem_malloc.dylib
0x000000000b4ae000 	/usr/lib/system/libsystem_network.dylib
0x000000000b4ae000 	/usr/lib/system/libsystem_networkextension.dylib
0x000000000b4ae000 	/usr/lib/system/libsystem_notify.dylib
0x000000000b4ae000 	/usr/lib/system/libsystem_platform.dylib
0x000000000b4ae000 	/usr/lib/system/libsystem_pthread.dylib
0x0000000101627000 	/usr/lib/system/libsystem_sandbox.dylib
0x000000000b4ae000 	/usr/lib/system/libsystem_secinit.dylib
0x000000000b4ae000 	/usr/lib/system/libsystem_trace.dylib
0x000000000b4ae000 	/usr/lib/system/libunc.dylib
0x000000000b4ae000 	/usr/lib/system/libunwind.dylib
0x0000000101631000 	/usr/lib/system/libxpc.dylib
0x000000000b4ae000 	/usr/lib/libenergytrace.dylib
0x000000000b4ae000 	/usr/lib/libbsm.0.dylib
0x000000000b4ae000 	/usr/lib/system/libkxld.dylib
0x000000000b4ae000 	/usr/lib/libxar.1.dylib
0x000000000b4ae000 	/usr/lib/libsqlite3.dylib
0x000000000b4ae000 	/usr/lib/libpam.2.dylib
0x000000000b4ae000 	/usr/lib/libOpenScriptingUtil.dylib
0x000000000b4ae000 	/usr/lib/libbz2.1.0.dylib
0x000000000b4ae000 	/usr/lib/liblzma.5.dylib
0x000000000b4ae000 	/System/Library/Frameworks/CoreServices.framework/Versions/A/Frameworks/FSEvents.framework/Versions/A/FSEvents
0x000000000b4ae000 	/System/Library/Frameworks/CoreServices.framework/Versions/A/Frameworks/CarbonCore.framework/Versions/A/CarbonCore
0x000000000b4ae000 	/System/Library/Frameworks/CoreServices.framework/Versions/A/Frameworks/Metadata.framework/Versions/A/Metadata
0x000000000b4ae000 	/System/Library/Frameworks/CoreServices.framework/Versions/A/Frameworks/OSServices.framework/Versions/A/OSServices
0x000000000b4ae000 	/System/Library/Frameworks/CoreServices.framework/Versions/A/Frameworks/SearchKit.framework/Versions/A/SearchKit
0x000000000b4ae000 	/System/Library/Frameworks/CoreServices.framework/Versions/A/Frameworks/AE.framework/Versions/A/AE
0x000000000b4ae000 	/System/Library/Frameworks/CoreServices.framework/Versions/A/Frameworks/LaunchServices.framework/Versions/A/LaunchServices
0x000000000b4ae000 	/System/Library/Frameworks/CoreServices.framework/Versions/A/Frameworks/DictionaryServices.framework/Versions/A/DictionaryServices
0x000000000b4ae000 	/System/Library/Frameworks/CoreServices.framework/Versions/A/Frameworks/SharedFileList.framework/Versions/A/SharedFileList
0x000000000b4ae000 	/System/Library/Frameworks/NetFS.framework/Versions/A/NetFS
0x000000000b4ae000 	/System/Library/PrivateFrameworks/NetAuth.framework/Versions/A/NetAuth
0x000000000b4ae000 	/System/Library/PrivateFrameworks/login.framework/Versions/A/Frameworks/loginsupport.framework/Versions/A/loginsupport
0x000000000b4ae000 	/System/Library/PrivateFrameworks/TCC.framework/Versions/A/TCC
0x000000000b4ae000 	/usr/lib/libmecabra.dylib
0x000000000b4ae000 	/System/Library/Frameworks/ApplicationServices.framework/Versions/A/Frameworks/ATS.framework/Versions/A/ATS
0x000000000b4ae000 	/System/Library/Frameworks/ApplicationServices.framework/Versions/A/Frameworks/ColorSync.framework/Versions/A/ColorSync
0x000000000b4ae000 	/System/Library/Frameworks/ApplicationServices.framework/Versions/A/Frameworks/HIServices.framework/Versions/A/HIServices
0x000000000b4ae000 	/System/Library/Frameworks/ApplicationServices.framework/Versions/A/Frameworks/LangAnalysis.framework/Versions/A/LangAnalysis
0x000000000b4ae000 	/System/Library/Frameworks/ApplicationServices.framework/Versions/A/Frameworks/PrintCore.framework/Versions/A/PrintCore
0x000000000b4ae000 	/System/Library/Frameworks/ApplicationServices.framework/Versions/A/Frameworks/QD.framework/Versions/A/QD
0x000000000b4ae000 	/System/Library/Frameworks/ApplicationServices.framework/Versions/A/Frameworks/SpeechSynthesis.framework/Versions/A/SpeechSynthesis
0x000000000b4ae000 	/System/Library/Frameworks/Metal.framework/Versions/A/Metal
0x000000000b4ae000 	/System/Library/Frameworks/Accelerate.framework/Versions/A/Frameworks/vImage.framework/Versions/A/vImage
0x000000000b4ae000 	/System/Library/Frameworks/Accelerate.framework/Versions/A/Frameworks/vecLib.framework/Versions/A/vecLib
0x000000000b4ae000 	/System/Library/Frameworks/Accelerate.framework/Versions/A/Frameworks/vecLib.framework/Versions/A/libvDSP.dylib
0x000000000b4ae000 	/System/Library/Frameworks/Accelerate.framework/Versions/A/Frameworks/vecLib.framework/Versions/A/libvMisc.dylib
0x000000000b4ae000 	/System/Library/Frameworks/Accelerate.framework/Versions/A/Frameworks/vecLib.framework/Versions/A/libLAPACK.dylib
0x000000000b4ae000 	/System/Library/Frameworks/Accelerate.framework/Versions/A/Frameworks/vecLib.framework/Versions/A/libBLAS.dylib
0x000000000b4ae000 	/System/Library/Frameworks/Accelerate.framework/Versions/A/Frameworks/vecLib.framework/Versions/A/libLinearAlgebra.dylib
0x000000000b4ae000 	/System/Library/Frameworks/Accelerate.framework/Versions/A/Frameworks/vecLib.framework/Versions/A/libSparseBLAS.dylib
0x000000000b4ae000 	/System/Library/PrivateFrameworks/GPUCompiler.framework/libmetal_timestamp.dylib
0x000000000b4ae000 	/System/Library/Frameworks/OpenGL.framework/Versions/A/Libraries/libCoreFSCache.dylib
0x000000000b4ae000 	/System/Library/PrivateFrameworks/IOAccelerator.framework/Versions/A/IOAccelerator
0x000000000b4ae000 	/System/Library/Frameworks/ApplicationServices.framework/Versions/A/Frameworks/ATS.framework/Versions/A/Resources/libFontParser.dylib
0x000000000b4ae000 	/System/Library/Frameworks/ApplicationServices.framework/Versions/A/Frameworks/ATS.framework/Versions/A/Resources/libFontRegistry.dylib
0x000000000b4ae000 	/System/Library/PrivateFrameworks/AppleVPA.framework/Versions/A/AppleVPA
0x000000000b4ae000 	/System/Library/PrivateFrameworks/AppleJPEG.framework/Versions/A/AppleJPEG
0x000000000b4ae000 	/System/Library/Frameworks/ImageIO.framework/Versions/A/Resources/libJPEG.dylib
0x000000000b4ae000 	/System/Library/Frameworks/ImageIO.framework/Versions/A/Resources/libTIFF.dylib
0x000000000b4ae000 	/System/Library/Frameworks/ImageIO.framework/Versions/A/Resources/libPng.dylib
0x000000000b4ae000 	/System/Library/Frameworks/ImageIO.framework/Versions/A/Resources/libGIF.dylib
0x000000000b4ae000 	/System/Library/Frameworks/ImageIO.framework/Versions/A/Resources/libJP2.dylib
0x000000000b4ae000 	/System/Library/Frameworks/ImageIO.framework/Versions/A/Resources/libRadiance.dylib
0x000000000b4ae000 	/System/Library/Frameworks/CoreVideo.framework/Versions/A/CoreVideo
0x000000000b4ae000 	/System/Library/Frameworks/OpenGL.framework/Versions/A/Libraries/libGLU.dylib
0x000000000b4ae000 	/System/Library/Frameworks/OpenGL.framework/Versions/A/Libraries/libGFXShared.dylib
0x000000000b4ae000 	/System/Library/Frameworks/OpenGL.framework/Versions/A/Libraries/libGL.dylib
0x000000000b4ae000 	/System/Library/Frameworks/OpenGL.framework/Versions/A/Libraries/libGLImage.dylib
0x000000000b4ae000 	/System/Library/Frameworks/OpenGL.framework/Versions/A/Libraries/libCVMSPluginSupport.dylib
0x000000000b4ae000 	/System/Library/Frameworks/OpenGL.framework/Versions/A/Libraries/libCoreVMClient.dylib
0x000000000b4ae000 	/usr/lib/libcompression.dylib
0x000000000b4ae000 	/usr/lib/libcups.2.dylib
0x000000000b4ae000 	/System/Library/Frameworks/Kerberos.framework/Versions/A/Kerberos
0x000000000b4ae000 	/System/Library/Frameworks/GSS.framework/Versions/A/GSS
0x000000000b4ae000 	/usr/lib/libresolv.9.dylib
0x000000000b4ae000 	/usr/lib/libiconv.2.dylib
0x000000000b4ae000 	/System/Library/PrivateFrameworks/Heimdal.framework/Versions/A/Heimdal
0x000000000b4ae000 	/usr/lib/libheimdal-asn1.dylib
0x000000000b4ae000 	/System/Library/Frameworks/OpenDirectory.framework/Versions/A/OpenDirectory
0x000000000b4ae000 	/System/Library/PrivateFrameworks/CommonAuth.framework/Versions/A/CommonAuth
0x000000000b4ae000 	/System/Library/Frameworks/OpenDirectory.framework/Versions/A/Frameworks/CFOpenDirectory.framework/Versions/A/CFOpenDirectory
0x000000000b4ae000 	/System/Library/Frameworks/SecurityFoundation.framework/Versions/A/SecurityFoundation
0x000000000b4ae000 	/System/Library/PrivateFrameworks/LanguageModeling.framework/Versions/A/LanguageModeling
0x000000000b4ae000 	/usr/lib/libmarisa.dylib
0x000000000b4ae000 	/usr/lib/libChineseTokenizer.dylib
0x000000000b4ae000 	/usr/lib/libcmph.dylib
0x000000010167b000 	/System/Library/Frameworks/ServiceManagement.framework/Versions/A/ServiceManagement
0x000000000b4ae000 	/usr/lib/libxslt.1.dylib
0x000000000b4ae000 	/System/Library/Frameworks/Carbon.framework/Versions/A/Frameworks/Ink.framework/Versions/A/Ink
0x000000000b4ae000 	/usr/lib/libFosl_dynamic.dylib
0x000000000b4ae000 	/System/Library/PrivateFrameworks/FaceCore.framework/Versions/A/FaceCore
0x000000000b4ae000 	/System/Library/Frameworks/OpenCL.framework/Versions/A/OpenCL
0x000000000b4ae000 	/System/Library/PrivateFrameworks/CrashReporterSupport.framework/Versions/A/CrashReporterSupport
0x000000000b4ae000 	/System/Library/PrivateFrameworks/IconServices.framework/Versions/A/IconServices
0x000000000b4ae000 	/System/Library/PrivateFrameworks/Apple80211.framework/Versions/A/Apple80211
0x000000000b4ae000 	/System/Library/Frameworks/CoreWLAN.framework/Versions/A/CoreWLAN
0x000000000b4ae000 	/System/Library/Frameworks/IOBluetooth.framework/Versions/A/IOBluetooth
0x000000000b4ae000 	/System/Library/PrivateFrameworks/CoreWiFi.framework/Versions/A/CoreWiFi
0x000000000b4ae000 	/System/Library/Frameworks/CoreBluetooth.framework/Versions/A/CoreBluetooth
0x000000000b4ae000 	/System/Library/PrivateFrameworks/ChunkingLibrary.framework/Versions/A/ChunkingLibrary
0x000000000b4ae000 	/System/Library/PrivateFrameworks/DebugSymbols.framework/Versions/A/DebugSymbols
0x000000000b4ae000 	/System/Library/PrivateFrameworks/CoreSymbolication.framework/Versions/A/CoreSymbolication
0x000000000b4ae000 	/System/Library/PrivateFrameworks/Symbolication.framework/Versions/A/Symbolication
0x000000000b4ae000 	/System/Library/PrivateFrameworks/SpeechRecognitionCore.framework/Versions/A/SpeechRecognitionCore
0x0000000102200000 	/Library/Java/JavaVirtualMachines/jdk1.8.0_92.jdk/Contents/Home/jre/lib/server/libjvm.dylib
0x000000000b4ae000 	/usr/lib/libstdc++.6.dylib
0x00000001018e0000 	/Library/Java/JavaVirtualMachines/jdk1.8.0_92.jdk/Contents/Home/jre/lib/libverify.dylib
0x00000001018ee000 	/Library/Java/JavaVirtualMachines/jdk1.8.0_92.jdk/Contents/Home/jre/lib/libjava.dylib
0x000000010192b000 	/Library/Java/JavaVirtualMachines/jdk1.8.0_92.jdk/Contents/Home/jre/lib/libzip.dylib
0x0000000118a2e000 	/System/Library/Frameworks/JavaVM.framework/Frameworks/JavaRuntimeSupport.framework/JavaRuntimeSupport
0x0000000118a49000 	/System/Library/Frameworks/JavaVM.framework/Versions/A/Frameworks/JavaNativeFoundation.framework/Versions/A/JavaNativeFoundation
0x0000000118a5e000 	/System/Library/Frameworks/JavaVM.framework/Versions/A/JavaVM
0x000000000b4ae000 	/System/Library/Frameworks/Carbon.framework/Versions/A/Carbon
0x0000000118a6b000 	/System/Library/PrivateFrameworks/JavaLaunching.framework/Versions/A/JavaLaunching
0x000000000b4ae000 	/System/Library/Frameworks/Carbon.framework/Versions/A/Frameworks/CommonPanels.framework/Versions/A/CommonPanels
0x000000000b4ae000 	/System/Library/Frameworks/Carbon.framework/Versions/A/Frameworks/Help.framework/Versions/A/Help
0x000000000b4ae000 	/System/Library/Frameworks/Carbon.framework/Versions/A/Frameworks/ImageCapture.framework/Versions/A/ImageCapture
0x000000000b4ae000 	/System/Library/Frameworks/Carbon.framework/Versions/A/Frameworks/OpenScripting.framework/Versions/A/OpenScripting
0x000000000b4ae000 	/System/Library/Frameworks/Carbon.framework/Versions/A/Frameworks/Print.framework/Versions/A/Print
0x000000000b4ae000 	/System/Library/Frameworks/Carbon.framework/Versions/A/Frameworks/SecurityHI.framework/Versions/A/SecurityHI
0x000000011a38e000 	/Library/Java/JavaVirtualMachines/jdk1.8.0_92.jdk/Contents/Home/jre/lib/libawt.dylib
0x000000011a436000 	/Library/Java/JavaVirtualMachines/jdk1.8.0_92.jdk/Contents/Home/jre/lib/./libmlib_image.dylib
0x000000011a502000 	/Library/Java/JavaVirtualMachines/jdk1.8.0_92.jdk/Contents/Home/jre/lib/libawt_lwawt.dylib
0x000000011a5b7000 	/Library/Java/JavaVirtualMachines/jdk1.8.0_92.jdk/Contents/Home/jre/lib/./libosxapp.dylib
0x000000000b4ae000 	/System/Library/Frameworks/ExceptionHandling.framework/Versions/A/ExceptionHandling
0x000000000b4ae000 	/System/Library/PrivateFrameworks/CoreServicesInternal.framework/Versions/A/CoreServicesInternal
0x000000000b4ae000 	/System/Library/Frameworks/CoreGraphics.framework/Versions/A/Resources/libRIP.A.dylib
0x000000011ad7c000 	/System/Library/Frameworks/Accelerate.framework/Frameworks/vImage.framework/Versions/A/Libraries/libCGInterfaces.dylib
0x000000000b4ae000 	/System/Library/Frameworks/CoreGraphics.framework/Versions/A/Resources/libCGXType.A.dylib
0x000000000b4ae000 	/System/Library/Frameworks/OpenCL.framework/Versions/A/Libraries/libcldcpuengine.dylib
0x000000000b4ae000 	/System/Library/PrivateFrameworks/DiskImages.framework/Versions/A/DiskImages
0x000000000b4ae000 	/System/Library/Frameworks/DiscRecording.framework/Versions/A/DiscRecording
0x000000000b4ae000 	/usr/lib/libcsfde.dylib
0x000000000b4ae000 	/usr/lib/libcurl.4.dylib
0x000000000b4ae000 	/System/Library/PrivateFrameworks/MediaKit.framework/Versions/A/MediaKit
0x000000000b4ae000 	/System/Library/PrivateFrameworks/ProtectedCloudStorage.framework/Versions/A/ProtectedCloudStorage
0x000000000b4ae000 	/usr/lib/libCoreStorage.dylib
0x000000000b4ae000 	/System/Library/PrivateFrameworks/EFILogin.framework/Versions/A/EFILogin
0x000000000b4ae000 	/usr/lib/libutil.dylib
0x000000000b4ae000 	/System/Library/PrivateFrameworks/FindMyDevice.framework/Versions/A/FindMyDevice
0x000000000b4ae000 	/System/Library/Frameworks/LDAP.framework/Versions/A/LDAP
0x000000000b4ae000 	/usr/lib/libsasl2.2.dylib
0x000000000b4ae000 	/System/Library/PrivateFrameworks/CoreDaemon.framework/Versions/B/CoreDaemon
0x000000000b4ae000 	/usr/lib/libcrypto.0.9.8.dylib
0x000000000b4ae000 	/System/Library/PrivateFrameworks/AppleSRP.framework/Versions/A/AppleSRP
0x000000000b4ae000 	/System/Library/PrivateFrameworks/TrustEvaluationAgent.framework/Versions/A/TrustEvaluationAgent
0x000000011b8c5000 	cl_kernels
0x000000000b4ae000 	/System/Library/Frameworks/OpenCL.framework/Versions/A/Libraries/ImageFormats/unorm8_bgra.dylib
0x000000000b4ae000 	/System/Library/Frameworks/OpenCL.framework/Versions/A/Libraries/ImageFormats/unorm8_rgba.dylib
0x000000000b4ae000 	/System/Library/PrivateFrameworks/FamilyControls.framework/Versions/A/FamilyControls
0x000000000b4ae000 	/System/Library/PrivateFrameworks/CommerceKit.framework/Versions/A/Frameworks/CommerceCore.framework/Versions/A/CommerceCore
0x000000000b4ae000 	/System/Library/PrivateFrameworks/SystemAdministration.framework/Versions/A/SystemAdministration
0x000000000b4ae000 	/System/Library/PrivateFrameworks/AppContainer.framework/Versions/A/AppContainer
0x000000000b4ae000 	/System/Library/PrivateFrameworks/SecCodeWrapper.framework/Versions/A/SecCodeWrapper
0x000000000b4ae000 	/System/Library/Frameworks/DirectoryService.framework/Versions/A/DirectoryService
0x000000000b4ae000 	/System/Library/PrivateFrameworks/LoginUIKit.framework/Versions/A/Frameworks/LoginUICore.framework/Versions/A/LoginUICore
0x000000000b4ae000 	/usr/lib/libodfde.dylib
0x000000011cd7e000 	/System/Library/Frameworks/OpenGL.framework/Resources/GLEngine.bundle/GLEngine
0x000000000b4ae000 	/System/Library/Frameworks/OpenGL.framework/Versions/A/Libraries/libGLProgrammability.dylib
0x000000011cf66000 	/System/Library/Extensions/AppleIntelHD4000GraphicsGLDriver.bundle/Contents/MacOS/AppleIntelHD4000GraphicsGLDriver
0x000000000b4ae000 	/System/Library/PrivateFrameworks/GPUSupport.framework/Versions/A/Libraries/libGPUSupportMercury.dylib
0x000000011d62d000 	/System/Library/Frameworks/OpenGL.framework/Resources//GLRendererFloat.bundle/GLRendererFloat
0x000000011df08000 	/Library/Java/JavaVirtualMachines/jdk1.8.0_92.jdk/Contents/Home/jre/lib/libfontmanager.dylib
0x000000011f3c9000 	/Library/Java/JavaVirtualMachines/jdk1.8.0_92.jdk/Contents/Home/jre/lib/libosxui.dylib
0x00000001200cd000 	/Library/Java/JavaVirtualMachines/jdk1.8.0_92.jdk/Contents/Home/jre/lib/libnet.dylib
0x000000011ff19000 	/Library/Java/JavaVirtualMachines/jdk1.8.0_92.jdk/Contents/Home/jre/lib/libnio.dylib
0x000000000b4ae000 	/System/Library/Frameworks/ApplicationServices.framework/Versions/A/Frameworks/ATS.framework/Versions/A/Resources/libTrueTypeScaler.dylib
0x0000000170ffb000 	/System/Library/Extensions/AppleIntelHD4000GraphicsMTLDriver.bundle/Contents/MacOS/AppleIntelHD4000GraphicsMTLDriver
0x000000011b2f6000 	/private/var/folders/yd/w0h308490sjfy_hf_nbsv22h0000gn/T/jogamp_0000/file_cache/jln5268043377799958869/jln5924603017675443708/libgluegen-rt.jnilib
0x000000011b2fb000 	/private/var/folders/yd/w0h308490sjfy_hf_nbsv22h0000gn/T/jogamp_0000/file_cache/jln5268043377799958869/jln5924603017675443708/libnativewindow_awt.jnilib
0x000000011b2fe000 	/Library/Java/JavaVirtualMachines/jdk1.8.0_92.jdk/Contents/Home/jre/lib/libjawt.dylib
0x000000011b301000 	/private/var/folders/yd/w0h308490sjfy_hf_nbsv22h0000gn/T/jogamp_0000/file_cache/jln5268043377799958869/jln5924603017675443708/libnativewindow_macosx.jnilib
0x0000000172b57000 	/private/var/folders/yd/w0h308490sjfy_hf_nbsv22h0000gn/T/jogamp_0000/file_cache/jln5268043377799958869/jln5924603017675443708/libjogl_desktop.jnilib
0x0000000178802000 	/Library/Java/JavaVirtualMachines/jdk1.8.0_92.jdk/Contents/Home/jre/lib/libjpeg.dylib

VM Arguments:
jvm_args: -Djava.security.policy=java.policy.applet -Dfile.encoding=UTF-8 
java_command: sun.applet.AppletViewer module3.EarthquakeCityMap1473730624708.html
java_class_path (initial): /Users/AndrewYou/Documents/workspace/UCSDUnfoldingMaps/build:/Users/AndrewYou/Documents/workspace/UCSDUnfoldingMaps/lib/core.jar:/Users/AndrewYou/Documents/workspace/UCSDUnfoldingMaps/lib/gluegen-rt.jar:/Users/AndrewYou/Documents/workspace/UCSDUnfoldingMaps/lib/jogl-all.jar:/Users/AndrewYou/Documents/workspace/UCSDUnfoldingMaps/lib/log4j-1.2.15.jar:/Users/AndrewYou/Documents/workspace/UCSDUnfoldingMaps/lib/sqlite-jdbc-3.7.2.jar:/Users/AndrewYou/Documents/workspace/UCSDUnfoldingMaps/lib/json4processing.jar:/Users/AndrewYou/Documents/workspace/UCSDUnfoldingMaps/lib/libTUIO.jar:/Users/AndrewYou/Documents/workspace/UCSDUnfoldingMaps/lib/unfolding.0.9.7-uscd.jar
Launcher Type: SUN_STANDARD

Environment Variables:
PATH=/usr/bin:/bin:/usr/sbin:/sbin
SHELL=/bin/bash

Signal Handlers:
SIGSEGV: [libjvm.dylib+0x5aa779], sa_mask[0]=11111111011111110111111111111111, sa_flags=SA_ONSTACK|SA_RESTART|SA_SIGINFO
SIGBUS: [libjvm.dylib+0x5aa779], sa_mask[0]=11111111011111110111111111111111, sa_flags=SA_RESTART|SA_SIGINFO
SIGFPE: [libjvm.dylib+0x4831d0], sa_mask[0]=11111111011111110111111111111111, sa_flags=SA_RESTART|SA_SIGINFO
SIGPIPE: [libjvm.dylib+0x4831d0], sa_mask[0]=11111111011111110111111111111111, sa_flags=SA_RESTART|SA_SIGINFO
SIGXFSZ: [libjvm.dylib+0x4831d0], sa_mask[0]=11111111011111110111111111111111, sa_flags=SA_RESTART|SA_SIGINFO
SIGILL: [libjvm.dylib+0x4831d0], sa_mask[0]=11111111011111110111111111111111, sa_flags=SA_RESTART|SA_SIGINFO
SIGUSR1: SIG_DFL, sa_mask[0]=00000000000000000000000000000000, sa_flags=none
SIGUSR2: [libjvm.dylib+0x482cee], sa_mask[0]=00100000000000000000000000000000, sa_flags=SA_RESTART|SA_SIGINFO
SIGHUP: [libjvm.dylib+0x4812c5], sa_mask[0]=11111111011111110111111111111111, sa_flags=SA_RESTART|SA_SIGINFO
SIGINT: [libjvm.dylib+0x4812c5], sa_mask[0]=11111111011111110111111111111111, sa_flags=SA_RESTART|SA_SIGINFO
SIGTERM: [libjvm.dylib+0x4812c5], sa_mask[0]=11111111011111110111111111111111, sa_flags=SA_RESTART|SA_SIGINFO
SIGQUIT: [libjvm.dylib+0x4812c5], sa_mask[0]=11111111011111110111111111111111, sa_flags=SA_RESTART|SA_SIGINFO


---------------  S Y S T E M  ---------------

OS:Bsduname:Darwin 15.6.0 Darwin Kernel Version 15.6.0: Thu Jun 23 18:25:34 PDT 2016; root:xnu-3248.60.10~1/RELEASE_X86_64 x86_64
rlimit: STACK 8192k, CORE 0k, NPROC 709, NOFILE 10240, AS infinity
load average:1.89 1.89 1.63

CPU:total 4 (2 cores per cpu, 2 threads per core) family 6 model 58 stepping 9, cmov, cx8, fxsr, mmx, sse, sse2, sse3, ssse3, sse4.1, sse4.2, popcnt, avx, aes, clmul, erms, ht, tsc, tscinvbit, tscinv

Memory: 4k page, physical 8388608k(182320k free)

/proc/meminfo:


vm_info: Java HotSpot(TM) 64-Bit Server VM (25.92-b14) for bsd-amd64 JRE (1.8.0_92-b14), built on Mar 31 2016 21:23:14 by "java_re" with gcc 4.2.1 (Based on Apple Inc. build 5658) (LLVM build 2336.11.00)

time: Mon Sep 12 21:37:20 2016
elapsed time: 15 seconds (0d 0h 0m 15s)

