#
# A fatal error has been detected by the Java Runtime Environment:
#
#  SIGSEGV (0xb) at pc=0x00007fff924db4dd, pid=17796, tid=0x0000000000000a0b
#
# JRE version: Java(TM) SE Runtime Environment (8.0_101-b13) (build 1.8.0_101-b13)
# Java VM: Java HotSpot(TM) 64-Bit Server VM (25.101-b13 mixed mode bsd-amd64 compressed oops)
# Problematic frame:
# C  [libobjc.A.dylib+0x14dd]  objc_msgSend+0x1d
#
# Failed to write core dump. Core dumps have been disabled. To enable core dumping, try "ulimit -c unlimited" before starting Java again
#
# If you would like to submit a bug report, please visit:
#   http://bugreport.java.com/bugreport/crash.jsp
# The crash happened outside the Java Virtual Machine in native code.
# See problematic frame for where to report the bug.
#

---------------  T H R E A D  ---------------

Current thread (0x00007fc2d98a4000):  JavaThread "AWT-AppKit" daemon [_thread_in_native, id=2571, stack(0x00007fff502dd000,0x00007fff50add000)]

siginfo: si_signo: 11 (SIGSEGV), si_code: 1 (SEGV_MAPERR), si_addr: 0x0000000000000018

Registers:
RAX=0x00007fc2d8577cf0, RBX=0x000000017f153450, RCX=0x000000012d267f80, RDX=0x00000001295a0f20
RSP=0x00007fff50ad8368, RBP=0x00007fff50ad8420, RSI=0x00007fff931d7cbe, RDI=0x00007fc2dc1efa90
R8 =0x0000000000000000, R9 =0x00000000000008b0, R10=0x00007fff931d7cbe, R11=0x0000000000000000
R12=0x0000000000000000, R13=0x0000000180fd16d0, R14=0x000000017f153440, R15=0x00007fc2d98a4000
RIP=0x00007fff924db4dd, EFLAGS=0x0000000000010246, ERR=0x0000000000000004
  TRAPNO=0x000000000000000e

Top of Stack: (sp=0x00007fff50ad8368)
0x00007fff50ad8368:   000000017f151157 00007fff50ad83c0
0x00007fff50ad8378:   0000000000000003 00007fff50ad83a0
0x00007fff50ad8388:   00000001107f28e6 0000000180fd16d0
0x00007fff50ad8398:   0000000180fd16d0 00007fc2d8577cf0
0x00007fff50ad83a8:   000000017f1536a0 000000017f153710
0x00007fff50ad83b8:   00007fff7a775770 00007fff7d5f9500
0x00007fff50ad83c8:   000000017f153450 000000017f153690
0x00007fff50ad83d8:   00007fc2d8577cf0 00007fc2dc1efa90
0x00007fff50ad83e8:   00007fc2dafa9090 00007fc2d8577cf0
0x00007fff50ad83f8:   00007fc2dc1efa90 00007fff50ad84a8
0x00007fff50ad8408:   00007fc2d98a41f8 0000000180fd16d0
0x00007fff50ad8418:   00007fff50ad84d0 00007fff50ad8498
0x00007fff50ad8428:   00000001115b49d4 0000000180fd16d0
0x00007fff50ad8438:   00007fff50ad84d0 00007fff50ad8498
0x00007fff50ad8448:   00000001115b4767 00000001115b4722
0x00007fff50ad8458:   00007fff50ad8458 0000000180fd16d0
0x00007fff50ad8468:   00007fff50ad84d0 0000000180fd4308
0x00007fff50ad8478:   0000000000000000 0000000180fd16d0
0x00007fff50ad8488:   0000000000000000 00007fff50ad84b8
0x00007fff50ad8498:   00007fff50ad8518 00000001115a52bd
0x00007fff50ad84a8:   0000000740dd5ae0 00000001115ae538
0x00007fff50ad84b8:   00007fc2d8577cf0 00007fff50ad8518
0x00007fff50ad84c8:   00007fc2dc1efa90 00000001115afe02
0x00007fff50ad84d8:   00007fff50ad84d8 0000000180fd189a
0x00007fff50ad84e8:   00007fff50ad8540 0000000180fd4308
0x00007fff50ad84f8:   0000000000000000 0000000180fd18a8
0x00007fff50ad8508:   00007fff50ad84b8 00007fff50ad8528
0x00007fff50ad8518:   00007fff50ad8588 00000001115a52bd
0x00007fff50ad8528:   00007fc2d8577cf0 0000000740d8c698
0x00007fff50ad8538:   00007fc2dc1efa90 0000000740d8c698
0x00007fff50ad8548:   00007fff50ad8548 0000000187d3689e
0x00007fff50ad8558:   00007fff50ad8598 0000000187d36958 

Instructions: (pc=0x00007fff924db4dd)
0x00007fff924db4bd:   44 00 00 48 85 ff 2e 74 62 40 f6 c7 01 2e 75 66
0x00007fff924db4cd:   49 bb f8 ff ff ff ff 7f 00 00 4c 23 1f 49 89 f2
0x00007fff924db4dd:   45 23 53 18 49 c1 e2 04 4d 03 53 10 49 3b 32 75
0x00007fff924db4ed:   04 41 ff 62 08 49 83 3a 01 76 0d 49 83 c2 10 49 

Register to memory mapping:

RAX=0x00007fc2d8577cf0 is an unknown value
RBX=0x000000017f153450: Java_jogamp_nativewindow_macosx_OSXUtil_GetScreenRefreshRate0+0x1cf0 in /private/var/folders/yd/w0h308490sjfy_hf_nbsv22h0000gn/T/jogamp_0000/file_cache/jln7126881324394975894/jln1806910104989067326/libnativewindow_macosx.jnilib at 0x000000017f14c000
RCX=0x000000012d267f80 is an unknown value
RDX=0x00000001295a0f20 is an unknown value
RSP=0x00007fff50ad8368 is pointing into the stack for thread: 0x00007fc2d98a4000
RBP=0x00007fff50ad8420 is pointing into the stack for thread: 0x00007fc2d98a4000
RSI=0x00007fff931d7cbe is an unknown value
RDI=0x00007fc2dc1efa90 is an unknown value
R8 =0x0000000000000000 is an unknown value
R9 =0x00000000000008b0 is an unknown value
R10=0x00007fff931d7cbe is an unknown value
R11=0x0000000000000000 is an unknown value
R12=0x0000000000000000 is an unknown value
R13={method} {0x0000000180fd16d0} 'UnsetJAWTRootSurfaceLayer0' '(JJ)V' in 'jogamp/nativewindow/jawt/macosx/MacOSXJAWTWindow'
R14=0x000000017f153440: Java_jogamp_nativewindow_macosx_OSXUtil_GetScreenRefreshRate0+0x1ce0 in /private/var/folders/yd/w0h308490sjfy_hf_nbsv22h0000gn/T/jogamp_0000/file_cache/jln7126881324394975894/jln1806910104989067326/libnativewindow_macosx.jnilib at 0x000000017f14c000
R15=0x00007fc2d98a4000 is a thread


Stack: [0x00007fff502dd000,0x00007fff50add000],  sp=0x00007fff50ad8368,  free space=8172k
Native frames: (J=compiled Java code, j=interpreted, Vv=VM code, C=native code)
C  [libobjc.A.dylib+0x14dd]  objc_msgSend+0x1d
j  jogamp.nativewindow.jawt.macosx.MacOSXJAWTWindow.UnsetJAWTRootSurfaceLayer0(JJ)V+0
j  jogamp.nativewindow.jawt.macosx.MacOSXJAWTWindow.access$200(JJ)V+2
j  jogamp.nativewindow.jawt.macosx.MacOSXJAWTWindow$1.run()V+38
J 2397 C1 com.jogamp.common.util.RunnableTask.run()V (345 bytes) @ 0x000000011193e354 [0x000000011193e1c0+0x194]
v  ~StubRoutines::call_stub
V  [libjvm.dylib+0x2ecf06]
V  [libjvm.dylib+0x324111]
V  [libjvm.dylib+0x3168df]
C  [libnativewindow_macosx.jnilib+0x5326]  Java_jogamp_nativewindow_jawt_macosx_MacOSXJAWTWindow_UnsetJAWTRootSurfaceLayer0+0x2b6
C  [Foundation+0x76fde]  __NSThreadPerformPerform+0x117
C  [CoreFoundation+0xaa881]  __CFRUNLOOP_IS_CALLING_OUT_TO_A_SOURCE0_PERFORM_FUNCTION__+0x11
C  [CoreFoundation+0x89fbc]  __CFRunLoopDoSources0+0x22c
C  [CoreFoundation+0x894df]  __CFRunLoopRun+0x39f
C  [CoreFoundation+0x88ed8]  CFRunLoopRunSpecific+0x128
C  [HIToolbox+0x30935]  RunCurrentEventLoopInMode+0xeb
C  [HIToolbox+0x30677]  ReceiveNextEventCommon+0xb8
C  [HIToolbox+0x305af]  _BlockUntilNextEventMatchingListInModeWithFilter+0x47
C  [AppKit+0x48df6]  _DPSNextEvent+0x42b
C  [AppKit+0x48226]  -[NSApplication _nextEventMatchingEventMask:untilDate:inMode:dequeue:]+0x1c6
C  [libosxapp.dylib+0x23aa]  -[NSApplicationAWT nextEventMatchingMask:untilDate:inMode:dequeue:]+0x7c
C  [AppKit+0x3cd80]  -[NSApplication run]+0x2aa
C  [libosxapp.dylib+0x214d]  +[NSApplicationAWT runAWTLoopWithApp:]+0x9c
C  [libawt_lwawt.dylib+0x444b3]  -[AWTStarter starter:]+0x389
C  [Foundation+0x76fde]  __NSThreadPerformPerform+0x117
C  [CoreFoundation+0xaa881]  __CFRUNLOOP_IS_CALLING_OUT_TO_A_SOURCE0_PERFORM_FUNCTION__+0x11
C  [CoreFoundation+0x89fbc]  __CFRunLoopDoSources0+0x22c
C  [CoreFoundation+0x894df]  __CFRunLoopRun+0x39f
C  [CoreFoundation+0x88ed8]  CFRunLoopRunSpecific+0x128
C  [java+0x6465]  CreateExecutionEnvironment+0x367
C  [java+0x218c]  JLI_Launch+0x7a0
C  [java+0x84c2]  main+0x65
C  [java+0x19e4]  start+0x34
C  0x0000000000000007

Java frames: (J=compiled Java code, j=interpreted, Vv=VM code)
j  jogamp.nativewindow.jawt.macosx.MacOSXJAWTWindow.UnsetJAWTRootSurfaceLayer0(JJ)V+0
j  jogamp.nativewindow.jawt.macosx.MacOSXJAWTWindow.access$200(JJ)V+2
j  jogamp.nativewindow.jawt.macosx.MacOSXJAWTWindow$1.run()V+38
J 2397 C1 com.jogamp.common.util.RunnableTask.run()V (345 bytes) @ 0x000000011193e354 [0x000000011193e1c0+0x194]
v  ~StubRoutines::call_stub

---------------  P R O C E S S  ---------------

Java Threads: ( => current thread )
  0x00007fc2d9b69000 JavaThread "Thread-19" [_thread_blocked, id=34251, stack(0x000070000104a000,0x000070000114a000)]
  0x00007fc2da562800 JavaThread "AWT-EventQueue-1" [_thread_in_native, id=58935, stack(0x0000700001868000,0x0000700001968000)]
  0x00007fc2d9128000 JavaThread "DestroyJavaVM" [_thread_blocked, id=5891, stack(0x000070000011a000,0x000070000021a000)]
  0x00007fc2da33c800 JavaThread "AWT-EventQueue-0" [_thread_blocked, id=56323, stack(0x0000700001662000,0x0000700001762000)]
  0x00007fc2d98e7000 JavaThread "Java2D Disposer" daemon [_thread_blocked, id=52999, stack(0x00007000013d9000,0x00007000014d9000)]
  0x00007fc2da274800 JavaThread "Java2D Queue Flusher" daemon [_thread_blocked, id=49671, stack(0x00007000012d6000,0x00007000013d6000)]
  0x00007fc2da1ed800 JavaThread "AWT-Shutdown" [_thread_blocked, id=29459, stack(0x0000700001150000,0x0000700001250000)]
=>0x00007fc2d98a4000 JavaThread "AWT-AppKit" daemon [_thread_in_native, id=2571, stack(0x00007fff502dd000,0x00007fff50add000)]
  0x00007fc2d8849000 JavaThread "Service Thread" daemon [_thread_blocked, id=18435, stack(0x0000700000e44000,0x0000700000f44000)]
  0x00007fc2d8829800 JavaThread "C1 CompilerThread2" daemon [_thread_blocked, id=17923, stack(0x0000700000d41000,0x0000700000e41000)]
  0x00007fc2d8829000 JavaThread "C2 CompilerThread1" daemon [_thread_blocked, id=17411, stack(0x0000700000c3e000,0x0000700000d3e000)]
  0x00007fc2da033800 JavaThread "C2 CompilerThread0" daemon [_thread_blocked, id=16899, stack(0x0000700000b3b000,0x0000700000c3b000)]
  0x00007fc2d881c000 JavaThread "Signal Dispatcher" daemon [_thread_blocked, id=12815, stack(0x0000700000a38000,0x0000700000b38000)]
  0x00007fc2d982a000 JavaThread "Finalizer" daemon [_thread_blocked, id=12291, stack(0x000070000082f000,0x000070000092f000)]
  0x00007fc2d9827800 JavaThread "Reference Handler" daemon [_thread_blocked, id=11779, stack(0x000070000072c000,0x000070000082c000)]

Other Threads:
  0x00007fc2d9825000 VMThread [stack: 0x0000700000629000,0x0000700000729000] [id=11267]
  0x00007fc2d881d800 WatcherThread [stack: 0x0000700000f47000,0x0000700001047000] [id=18947]

VM state:not at safepoint (normal execution)

VM Mutex/Monitor currently owned by a thread: None

Heap:
 PSYoungGen      total 71168K, used 36865K [0x0000000795580000, 0x000000079a780000, 0x00000007c0000000)
  eden space 62464K, 58% used [0x0000000795580000,0x0000000797960748,0x0000000799280000)
  from space 8704K, 1% used [0x0000000799f00000,0x0000000799f20000,0x000000079a780000)
  to   space 10752K, 0% used [0x0000000799280000,0x0000000799280000,0x0000000799d00000)
 ParOldGen       total 63488K, used 16201K [0x0000000740000000, 0x0000000743e00000, 0x0000000795580000)
  object space 63488K, 25% used [0x0000000740000000,0x0000000740fd2748,0x0000000743e00000)
 Metaspace       used 21196K, capacity 21399K, committed 21552K, reserved 1069056K
  class space    used 2053K, capacity 2112K, committed 2176K, reserved 1048576K

Card table byte_map: [0x000000012095d000,0x0000000120d5e000] byte_map_base: 0x000000011cf5d000

Marking Bits: (ParMarkBitMap*) 0x0000000110eedd20
 Begin Bits: [0x0000000121009000, 0x0000000123009000)
 End Bits:   [0x0000000123009000, 0x0000000125009000)

Polling page: 0x000000010fc72000

CodeCache: size=245760Kb used=9540Kb max_used=10186Kb free=236220Kb
 bounds [0x000000011159d000, 0x0000000111fad000, 0x000000012059d000]
 total_blobs=3500 nmethods=2610 adapters=803
 compilation: enabled

Compilation events (10 events):
Event: 89.726 Thread 0x00007fc2d8829000 2970       4       java.util.concurrent.locks.ReentrantLock$Sync::isHeldExclusively (16 bytes)
Event: 89.727 Thread 0x00007fc2d8829000 nmethod 2970 0x0000000111774690 code [0x00000001117747e0, 0x0000000111774878]
Event: 90.131 Thread 0x00007fc2d8829800 2971   !   3       java.awt.EventQueue::isDispatchThreadImpl (99 bytes)
Event: 90.133 Thread 0x00007fc2d8829800 nmethod 2971 0x00000001117f0190 code [0x00000001117f03a0, 0x00000001117f0ee8]
Event: 90.565 Thread 0x00007fc2da033800 2972   !   4       java.awt.EventQueue::setCurrentEventAndMostRecentTimeImpl (185 bytes)
Event: 90.576 Thread 0x00007fc2da033800 nmethod 2972 0x0000000111af0a10 code [0x0000000111af0be0, 0x0000000111af1138]
Event: 90.638 Thread 0x00007fc2d8829000 2973  s    4       sun.misc.URLClassPath::getNextLoader (88 bytes)
Event: 90.639 Thread 0x00007fc2d8829800 2974       3       sun.net.www.protocol.jar.Handler::parseContextSpec (154 bytes)
Event: 90.644 Thread 0x00007fc2d8829800 nmethod 2974 0x0000000111b0de90 code [0x0000000111b0e280, 0x0000000111b10968]
Event: 90.645 Thread 0x00007fc2d8829800 2975       3       sun.net.www.ParseUtil::canonizeString (195 bytes)

GC Heap History (10 events):
Event: 60.532 GC heap before
{Heap before GC invocations=15 (full 1):
 PSYoungGen      total 72192K, used 71808K [0x0000000795580000, 0x000000079b580000, 0x00000007c0000000)
  eden space 71680K, 100% used [0x0000000795580000,0x0000000799b80000,0x0000000799b80000)
  from space 512K, 25% used [0x0000000799d80000,0x0000000799da0000,0x0000000799e00000)
  to   space 13312K, 0% used [0x000000079a880000,0x000000079a880000,0x000000079b580000)
 ParOldGen       total 63488K, used 16201K [0x0000000740000000, 0x0000000743e00000, 0x0000000795580000)
  object space 63488K, 25% used [0x0000000740000000,0x0000000740fd2748,0x0000000743e00000)
 Metaspace       used 21159K, capacity 21399K, committed 21552K, reserved 1069056K
  class space    used 2045K, capacity 2112K, committed 2176K, reserved 1048576K
Event: 60.533 GC heap after
Heap after GC invocations=15 (full 1):
 PSYoungGen      total 79872K, used 128K [0x0000000795580000, 0x000000079b280000, 0x00000007c0000000)
  eden space 69632K, 0% used [0x0000000795580000,0x0000000795580000,0x0000000799980000)
  from space 10240K, 1% used [0x000000079a880000,0x000000079a8a0000,0x000000079b280000)
  to   space 12800K, 0% used [0x0000000799980000,0x0000000799980000,0x000000079a600000)
 ParOldGen       total 63488K, used 16201K [0x0000000740000000, 0x0000000743e00000, 0x0000000795580000)
  object space 63488K, 25% used [0x0000000740000000,0x0000000740fd2748,0x0000000743e00000)
 Metaspace       used 21159K, capacity 21399K, committed 21552K, reserved 1069056K
  class space    used 2045K, capacity 2112K, committed 2176K, reserved 1048576K
}
Event: 67.166 GC heap before
{Heap before GC invocations=16 (full 1):
 PSYoungGen      total 79872K, used 69760K [0x0000000795580000, 0x000000079b280000, 0x00000007c0000000)
  eden space 69632K, 100% used [0x0000000795580000,0x0000000799980000,0x0000000799980000)
  from space 10240K, 1% used [0x000000079a880000,0x000000079a8a0000,0x000000079b280000)
  to   space 12800K, 0% used [0x0000000799980000,0x0000000799980000,0x000000079a600000)
 ParOldGen       total 63488K, used 16201K [0x0000000740000000, 0x0000000743e00000, 0x0000000795580000)
  object space 63488K, 25% used [0x0000000740000000,0x0000000740fd2748,0x0000000743e00000)
 Metaspace       used 21159K, capacity 21399K, committed 21552K, reserved 1069056K
  class space    used 2045K, capacity 2112K, committed 2176K, reserved 1048576K
Event: 67.167 GC heap after
Heap after GC invocations=16 (full 1):
 PSYoungGen      total 68096K, used 96K [0x0000000795580000, 0x000000079af80000, 0x00000007c0000000)
  eden space 67584K, 0% used [0x0000000795580000,0x0000000795580000,0x0000000799780000)
  from space 512K, 18% used [0x0000000799980000,0x0000000799998000,0x0000000799a00000)
  to   space 12288K, 0% used [0x000000079a380000,0x000000079a380000,0x000000079af80000)
 ParOldGen       total 63488K, used 16201K [0x0000000740000000, 0x0000000743e00000, 0x0000000795580000)
  object space 63488K, 25% used [0x0000000740000000,0x0000000740fd2748,0x0000000743e00000)
 Metaspace       used 21159K, capacity 21399K, committed 21552K, reserved 1069056K
  class space    used 2045K, capacity 2112K, committed 2176K, reserved 1048576K
}
Event: 74.098 GC heap before
{Heap before GC invocations=17 (full 1):
 PSYoungGen      total 68096K, used 67680K [0x0000000795580000, 0x000000079af80000, 0x00000007c0000000)
  eden space 67584K, 100% used [0x0000000795580000,0x0000000799780000,0x0000000799780000)
  from space 512K, 18% used [0x0000000799980000,0x0000000799998000,0x0000000799a00000)
  to   space 12288K, 0% used [0x000000079a380000,0x000000079a380000,0x000000079af80000)
 ParOldGen       total 63488K, used 16201K [0x0000000740000000, 0x0000000743e00000, 0x0000000795580000)
  object space 63488K, 25% used [0x0000000740000000,0x0000000740fd2748,0x0000000743e00000)
 Metaspace       used 21159K, capacity 21399K, committed 21552K, reserved 1069056K
  class space    used 2045K, capacity 2112K, committed 2176K, reserved 1048576K
Event: 74.100 GC heap after
Heap after GC invocations=17 (full 1):
 PSYoungGen      total 74752K, used 96K [0x0000000795580000, 0x000000079ac80000, 0x00000007c0000000)
  eden space 65536K, 0% used [0x0000000795580000,0x0000000795580000,0x0000000799580000)
  from space 9216K, 1% used [0x000000079a380000,0x000000079a398000,0x000000079ac80000)
  to   space 11776K, 0% used [0x0000000799580000,0x0000000799580000,0x000000079a100000)
 ParOldGen       total 63488K, used 16201K [0x0000000740000000, 0x0000000743e00000, 0x0000000795580000)
  object space 63488K, 25% used [0x0000000740000000,0x0000000740fd2748,0x0000000743e00000)
 Metaspace       used 21159K, capacity 21399K, committed 21552K, reserved 1069056K
  class space    used 2045K, capacity 2112K, committed 2176K, reserved 1048576K
}
Event: 80.615 GC heap before
{Heap before GC invocations=18 (full 1):
 PSYoungGen      total 74752K, used 65632K [0x0000000795580000, 0x000000079ac80000, 0x00000007c0000000)
  eden space 65536K, 100% used [0x0000000795580000,0x0000000799580000,0x0000000799580000)
  from space 9216K, 1% used [0x000000079a380000,0x000000079a398000,0x000000079ac80000)
  to   space 11776K, 0% used [0x0000000799580000,0x0000000799580000,0x000000079a100000)
 ParOldGen       total 63488K, used 16201K [0x0000000740000000, 0x0000000743e00000, 0x0000000795580000)
  object space 63488K, 25% used [0x0000000740000000,0x0000000740fd2748,0x0000000743e00000)
 Metaspace       used 21159K, capacity 21399K, committed 21552K, reserved 1069056K
  class space    used 2045K, capacity 2112K, committed 2176K, reserved 1048576K
Event: 80.617 GC heap after
Heap after GC invocations=18 (full 1):
 PSYoungGen      total 64512K, used 96K [0x0000000795580000, 0x000000079aa00000, 0x00000007c0000000)
  eden space 64000K, 0% used [0x0000000795580000,0x0000000795580000,0x0000000799400000)
  from space 512K, 18% used [0x0000000799580000,0x0000000799598000,0x0000000799600000)
  to   space 11264K, 0% used [0x0000000799f00000,0x0000000799f00000,0x000000079aa00000)
 ParOldGen       total 63488K, used 16201K [0x0000000740000000, 0x0000000743e00000, 0x0000000795580000)
  object space 63488K, 25% used [0x0000000740000000,0x0000000740fd2748,0x0000000743e00000)
 Metaspace       used 21159K, capacity 21399K, committed 21552K, reserved 1069056K
  class space    used 2045K, capacity 2112K, committed 2176K, reserved 1048576K
}
Event: 87.032 GC heap before
{Heap before GC invocations=19 (full 1):
 PSYoungGen      total 64512K, used 64096K [0x0000000795580000, 0x000000079aa00000, 0x00000007c0000000)
  eden space 64000K, 100% used [0x0000000795580000,0x0000000799400000,0x0000000799400000)
  from space 512K, 18% used [0x0000000799580000,0x0000000799598000,0x0000000799600000)
  to   space 11264K, 0% used [0x0000000799f00000,0x0000000799f00000,0x000000079aa00000)
 ParOldGen       total 63488K, used 16201K [0x0000000740000000, 0x0000000743e00000, 0x0000000795580000)
  object space 63488K, 25% used [0x0000000740000000,0x0000000740fd2748,0x0000000743e00000)
 Metaspace       used 21159K, capacity 21399K, committed 21552K, reserved 1069056K
  class space    used 2045K, capacity 2112K, committed 2176K, reserved 1048576K
Event: 87.034 GC heap after
Heap after GC invocations=19 (full 1):
 PSYoungGen      total 71168K, used 128K [0x0000000795580000, 0x000000079a780000, 0x00000007c0000000)
  eden space 62464K, 0% used [0x0000000795580000,0x0000000795580000,0x0000000799280000)
  from space 8704K, 1% used [0x0000000799f00000,0x0000000799f20000,0x000000079a780000)
  to   space 10752K, 0% used [0x0000000799280000,0x0000000799280000,0x0000000799d00000)
 ParOldGen       total 63488K, used 16201K [0x0000000740000000, 0x0000000743e00000, 0x0000000795580000)
  object space 63488K, 25% used [0x0000000740000000,0x0000000740fd2748,0x0000000743e00000)
 Metaspace       used 21159K, capacity 21399K, committed 21552K, reserved 1069056K
  class space    used 2045K, capacity 2112K, committed 2176K, reserved 1048576K
}

Deoptimization events (10 events):
Event: 90.565 Thread 0x00007fc2da33c800 Uncommon trap: reason=unstable_if action=reinterpret pc=0x0000000111f99ae8 method=sun.lwawt.LWContainerPeer.cutChildren(Lsun/java2d/pipe/Region;Lsun/lwawt/LWComponentPeer;)Lsun/java2d/pipe/Region; @ 67
Event: 90.565 Thread 0x00007fc2da33c800 Uncommon trap: reason=unstable_if action=reinterpret pc=0x0000000111bb18ec method=sun.java2d.SunGraphics2D.validateCompClip()V @ 9
Event: 90.566 Thread 0x00007fc2da562800 Uncommon trap: reason=unstable_if action=reinterpret pc=0x0000000111fa0a98 method=java.awt.EventQueue.getPriority(Ljava/awt/AWTEvent;)I @ 22
Event: 90.566 Thread 0x00007fc2da562800 Uncommon trap: reason=unstable_if action=reinterpret pc=0x0000000111725948 method=java.awt.EventQueue.uncacheEQItem(Lsun/awt/EventQueueItem;)V @ 23
Event: 90.568 Thread 0x00007fc2da33c800 Uncommon trap: reason=unstable_if action=reinterpret pc=0x0000000111f6ddcc method=sun.java2d.pipe.Region.intersectsQuickCheck(Lsun/java2d/pipe/Region;)Z @ 41
Event: 90.568 Thread 0x00007fc2da33c800 Uncommon trap: reason=unstable_if action=reinterpret pc=0x0000000111d2014c method=java.awt.Font.equals(Ljava/lang/Object;)Z @ 2
Event: 90.612 Thread 0x00007fc2da2a2800 Uncommon trap: reason=unstable_if action=reinterpret pc=0x0000000111b216dc method=java.util.HashMap.putVal(ILjava/lang/Object;Ljava/lang/Object;ZZ)Ljava/lang/Object; @ 81
Event: 90.612 Thread 0x00007fc2da2a2800 Uncommon trap: reason=unstable_if action=reinterpret pc=0x0000000111aa40c0 method=java.util.HashMap.putVal(ILjava/lang/Object;Ljava/lang/Object;ZZ)Ljava/lang/Object; @ 81
Event: 90.642 Thread 0x00007fc2da562800 Uncommon trap: reason=unstable_if action=reinterpret pc=0x0000000111efd5d8 method=java.util.LinkedList$ListItr.<init>(Ljava/util/LinkedList;I)V @ 26
Event: 90.644 Thread 0x00007fc2da562800 Uncommon trap: reason=unstable_if action=reinterpret pc=0x0000000111e18b3c method=java.security.AccessControlContext.optimize()Ljava/security/AccessControlContext; @ 233

Internal exceptions (10 events):
Event: 0.149 Thread 0x00007fc2d9802000 Exception <a 'java/lang/NoSuchFieldError': method resolution failed> (0x0000000795785f98) thrown at [/HUDSON3/workspace/8-2-build-macosx-x86_64/jdk8u101/7261/hotspot/src/share/vm/prims/methodHandles.cpp, line 1146]
Event: 0.150 Thread 0x00007fc2d9802000 Exception <a 'java/lang/NoSuchFieldError': method resolution failed> (0x0000000795793768) thrown at [/HUDSON3/workspace/8-2-build-macosx-x86_64/jdk8u101/7261/hotspot/src/share/vm/prims/methodHandles.cpp, line 1146]
Event: 0.350 Thread 0x00007fc2d9802000 Exception <a 'java/io/FileNotFoundException'> (0x000000079580ed30) thrown at [/HUDSON3/workspace/8-2-build-macosx-x86_64/jdk8u101/7261/hotspot/src/share/vm/prims/jni.cpp, line 709]
Event: 0.350 Thread 0x00007fc2d9802000 Exception <a 'java/io/FileNotFoundException'> (0x000000079580f8b8) thrown at [/HUDSON3/workspace/8-2-build-macosx-x86_64/jdk8u101/7261/hotspot/src/share/vm/prims/jni.cpp, line 709]
Event: 0.436 Thread 0x00007fc2d9802000 Exception <a 'java/io/FileNotFoundException'> (0x000000079594b2a0) thrown at [/HUDSON3/workspace/8-2-build-macosx-x86_64/jdk8u101/7261/hotspot/src/share/vm/prims/jni.cpp, line 709]
Event: 2.118 Thread 0x00007fc2d8b39800 Exception <a 'java/lang/UnsatisfiedLinkError': com.jogamp.common.util.JarUtil.fixNativeLibAttribs(Ljava/lang/String;)Z> (0x0000000796a67b48) thrown at [/HUDSON3/workspace/8-2-build-macosx-x86_64/jdk8u101/7261/hotspot/src/share/vm/prims/nativeLookup.cpp, l
Event: 2.457 Thread 0x00007fc2d982a000 Exception <a 'java/lang/NullPointerException'> (0x00000007956a87f8) thrown at [/HUDSON3/workspace/8-2-build-macosx-x86_64/jdk8u101/7261/hotspot/src/share/vm/interpreter/linkResolver.cpp, line 1178]
Event: 2.992 Thread 0x00007fc2da562800 Exception <a 'java/io/FileNotFoundException'> (0x0000000795e39590) thrown at [/HUDSON3/workspace/8-2-build-macosx-x86_64/jdk8u101/7261/hotspot/src/share/vm/prims/jni.cpp, line 709]
Event: 2.993 Thread 0x00007fc2da562800 Exception <a 'java/io/FileNotFoundException'> (0x0000000795e3f930) thrown at [/HUDSON3/workspace/8-2-build-macosx-x86_64/jdk8u101/7261/hotspot/src/share/vm/prims/jni.cpp, line 709]
Event: 2.993 Thread 0x00007fc2da562800 Implicit null exception at 0x000000011173ae75 to 0x000000011173b1ed

Events (10 events):
Event: 90.643 Thread 0x00007fc2da562800 DEOPT UNPACKING pc=0x00000001115a2229 sp=0x0000700001965830 mode 2
Event: 90.644 Thread 0x00007fc2da562800 Uncommon trap: trap_request=0xffffff65 fr.pc=0x0000000111e18b3c
Event: 90.644 Thread 0x00007fc2da562800 DEOPT PACKING pc=0x0000000111e18b3c sp=0x0000700001965900
Event: 90.644 Thread 0x00007fc2da562800 DEOPT UNPACKING pc=0x00000001115a2229 sp=0x00007000019658d0 mode 2
Event: 90.644 loading class java/awt/LightweightDispatcher$2
Event: 90.644 loading class java/awt/LightweightDispatcher$2 done
Event: 90.644 loading class java/awt/event/AWTEventListenerProxy
Event: 90.645 loading class java/awt/event/AWTEventListenerProxy done
Event: 90.645 loading class java/awt/Toolkit$ToolkitEventMulticaster
Event: 90.645 loading class java/awt/Toolkit$ToolkitEventMulticaster done


Dynamic libraries:
0x000000000a325000 	/System/Library/Frameworks/Cocoa.framework/Versions/A/Cocoa
0x000000010f13f000 	/System/Library/Frameworks/Security.framework/Versions/A/Security
0x000000000a325000 	/System/Library/Frameworks/ApplicationServices.framework/Versions/A/ApplicationServices
0x000000000a325000 	/usr/lib/libz.1.dylib
0x000000000a325000 	/usr/lib/libSystem.B.dylib
0x000000000a325000 	/usr/lib/libobjc.A.dylib
0x000000000a325000 	/System/Library/Frameworks/CoreFoundation.framework/Versions/A/CoreFoundation
0x000000000a325000 	/System/Library/Frameworks/Foundation.framework/Versions/C/Foundation
0x000000000a325000 	/System/Library/Frameworks/AppKit.framework/Versions/C/AppKit
0x000000000a325000 	/System/Library/Frameworks/CoreData.framework/Versions/A/CoreData
0x000000000a325000 	/System/Library/PrivateFrameworks/RemoteViewServices.framework/Versions/A/RemoteViewServices
0x000000000a325000 	/System/Library/PrivateFrameworks/UIFoundation.framework/Versions/A/UIFoundation
0x000000000a325000 	/usr/lib/libScreenReader.dylib
0x000000000a325000 	/System/Library/Frameworks/Accelerate.framework/Versions/A/Accelerate
0x000000000a325000 	/System/Library/Frameworks/IOSurface.framework/Versions/A/IOSurface
0x000000000a325000 	/System/Library/Frameworks/AudioToolbox.framework/Versions/A/AudioToolbox
0x000000000a325000 	/System/Library/Frameworks/AudioUnit.framework/Versions/A/AudioUnit
0x000000000a325000 	/System/Library/PrivateFrameworks/DataDetectorsCore.framework/Versions/A/DataDetectorsCore
0x000000000a325000 	/System/Library/PrivateFrameworks/DesktopServicesPriv.framework/Versions/A/DesktopServicesPriv
0x000000000a325000 	/System/Library/Frameworks/Carbon.framework/Versions/A/Frameworks/HIToolbox.framework/Versions/A/HIToolbox
0x000000000a325000 	/System/Library/Frameworks/QuartzCore.framework/Versions/A/QuartzCore
0x000000000a325000 	/System/Library/Frameworks/Carbon.framework/Versions/A/Frameworks/SpeechRecognition.framework/Versions/A/SpeechRecognition
0x000000000a325000 	/usr/lib/libauto.dylib
0x000000000a325000 	/usr/lib/libicucore.A.dylib
0x000000000a325000 	/usr/lib/libxml2.2.dylib
0x000000000a325000 	/System/Library/PrivateFrameworks/CoreUI.framework/Versions/A/CoreUI
0x000000000a325000 	/System/Library/Frameworks/CoreAudio.framework/Versions/A/CoreAudio
0x000000000a325000 	/System/Library/Frameworks/DiskArbitration.framework/Versions/A/DiskArbitration
0x000000000a325000 	/usr/lib/liblangid.dylib
0x000000000a325000 	/System/Library/PrivateFrameworks/MultitouchSupport.framework/Versions/A/MultitouchSupport
0x000000000a325000 	/System/Library/Frameworks/IOKit.framework/Versions/A/IOKit
0x000000000a325000 	/usr/lib/libDiagnosticMessagesClient.dylib
0x000000000a325000 	/System/Library/Frameworks/CoreServices.framework/Versions/A/CoreServices
0x000000000a325000 	/System/Library/PrivateFrameworks/PerformanceAnalysis.framework/Versions/A/PerformanceAnalysis
0x000000000a325000 	/System/Library/PrivateFrameworks/GenerationalStorage.framework/Versions/A/GenerationalStorage
0x000000000a325000 	/System/Library/Frameworks/OpenGL.framework/Versions/A/OpenGL
0x000000000a325000 	/System/Library/PrivateFrameworks/Sharing.framework/Versions/A/Sharing
0x000000000a325000 	/System/Library/Frameworks/CoreGraphics.framework/Versions/A/CoreGraphics
0x000000000a325000 	/System/Library/Frameworks/CoreImage.framework/Versions/A/CoreImage
0x000000000a325000 	/System/Library/Frameworks/CoreText.framework/Versions/A/CoreText
0x000000000a325000 	/System/Library/Frameworks/ImageIO.framework/Versions/A/ImageIO
0x000000000a325000 	/System/Library/PrivateFrameworks/Backup.framework/Versions/A/Backup
0x000000000a325000 	/usr/lib/libextension.dylib
0x000000000a325000 	/usr/lib/libarchive.2.dylib
0x000000010f55d000 	/System/Library/Frameworks/CFNetwork.framework/Versions/A/CFNetwork
0x000000000a325000 	/System/Library/Frameworks/SystemConfiguration.framework/Versions/A/SystemConfiguration
0x000000000a325000 	/usr/lib/libCRFSuite.dylib
0x000000000a325000 	/usr/lib/libc++.1.dylib
0x000000000a325000 	/usr/lib/libc++abi.dylib
0x000000000a325000 	/usr/lib/system/libcache.dylib
0x000000000a325000 	/usr/lib/system/libcommonCrypto.dylib
0x000000000a325000 	/usr/lib/system/libcompiler_rt.dylib
0x000000000a325000 	/usr/lib/system/libcopyfile.dylib
0x000000000a325000 	/usr/lib/system/libcorecrypto.dylib
0x000000000a325000 	/usr/lib/system/libdispatch.dylib
0x000000000a325000 	/usr/lib/system/libdyld.dylib
0x000000000a325000 	/usr/lib/system/libkeymgr.dylib
0x000000000a325000 	/usr/lib/system/liblaunch.dylib
0x000000000a325000 	/usr/lib/system/libmacho.dylib
0x000000000a325000 	/usr/lib/system/libquarantine.dylib
0x000000000a325000 	/usr/lib/system/libremovefile.dylib
0x000000000a325000 	/usr/lib/system/libsystem_asl.dylib
0x000000000a325000 	/usr/lib/system/libsystem_blocks.dylib
0x000000000a325000 	/usr/lib/system/libsystem_c.dylib
0x000000000a325000 	/usr/lib/system/libsystem_configuration.dylib
0x000000000a325000 	/usr/lib/system/libsystem_coreservices.dylib
0x000000000a325000 	/usr/lib/system/libsystem_coretls.dylib
0x000000000a325000 	/usr/lib/system/libsystem_dnssd.dylib
0x000000000a325000 	/usr/lib/system/libsystem_info.dylib
0x000000000a325000 	/usr/lib/system/libsystem_kernel.dylib
0x000000000a325000 	/usr/lib/system/libsystem_m.dylib
0x000000000a325000 	/usr/lib/system/libsystem_malloc.dylib
0x000000000a325000 	/usr/lib/system/libsystem_network.dylib
0x000000000a325000 	/usr/lib/system/libsystem_networkextension.dylib
0x000000000a325000 	/usr/lib/system/libsystem_notify.dylib
0x000000000a325000 	/usr/lib/system/libsystem_platform.dylib
0x000000000a325000 	/usr/lib/system/libsystem_pthread.dylib
0x000000000a325000 	/usr/lib/system/libsystem_sandbox.dylib
0x000000000a325000 	/usr/lib/system/libsystem_secinit.dylib
0x000000000a325000 	/usr/lib/system/libsystem_trace.dylib
0x000000000a325000 	/usr/lib/system/libunc.dylib
0x000000000a325000 	/usr/lib/system/libunwind.dylib
0x000000000a325000 	/usr/lib/system/libxpc.dylib
0x000000000a325000 	/usr/lib/libenergytrace.dylib
0x000000000a325000 	/usr/lib/libbsm.0.dylib
0x000000000a325000 	/usr/lib/system/libkxld.dylib
0x000000000a325000 	/usr/lib/libxar.1.dylib
0x000000000a325000 	/usr/lib/libsqlite3.dylib
0x000000000a325000 	/usr/lib/libpam.2.dylib
0x000000000a325000 	/usr/lib/libOpenScriptingUtil.dylib
0x000000000a325000 	/usr/lib/libbz2.1.0.dylib
0x000000000a325000 	/usr/lib/liblzma.5.dylib
0x000000000a325000 	/System/Library/Frameworks/CoreServices.framework/Versions/A/Frameworks/FSEvents.framework/Versions/A/FSEvents
0x000000000a325000 	/System/Library/Frameworks/CoreServices.framework/Versions/A/Frameworks/CarbonCore.framework/Versions/A/CarbonCore
0x000000000a325000 	/System/Library/Frameworks/CoreServices.framework/Versions/A/Frameworks/Metadata.framework/Versions/A/Metadata
0x000000000a325000 	/System/Library/Frameworks/CoreServices.framework/Versions/A/Frameworks/OSServices.framework/Versions/A/OSServices
0x000000000a325000 	/System/Library/Frameworks/CoreServices.framework/Versions/A/Frameworks/SearchKit.framework/Versions/A/SearchKit
0x000000000a325000 	/System/Library/Frameworks/CoreServices.framework/Versions/A/Frameworks/AE.framework/Versions/A/AE
0x000000000a325000 	/System/Library/Frameworks/CoreServices.framework/Versions/A/Frameworks/LaunchServices.framework/Versions/A/LaunchServices
0x000000000a325000 	/System/Library/Frameworks/CoreServices.framework/Versions/A/Frameworks/DictionaryServices.framework/Versions/A/DictionaryServices
0x000000000a325000 	/System/Library/Frameworks/CoreServices.framework/Versions/A/Frameworks/SharedFileList.framework/Versions/A/SharedFileList
0x000000000a325000 	/System/Library/Frameworks/NetFS.framework/Versions/A/NetFS
0x000000000a325000 	/System/Library/PrivateFrameworks/NetAuth.framework/Versions/A/NetAuth
0x000000000a325000 	/System/Library/PrivateFrameworks/login.framework/Versions/A/Frameworks/loginsupport.framework/Versions/A/loginsupport
0x000000000a325000 	/System/Library/PrivateFrameworks/TCC.framework/Versions/A/TCC
0x000000000a325000 	/usr/lib/libmecabra.dylib
0x000000000a325000 	/System/Library/Frameworks/ApplicationServices.framework/Versions/A/Frameworks/ATS.framework/Versions/A/ATS
0x000000000a325000 	/System/Library/Frameworks/ApplicationServices.framework/Versions/A/Frameworks/ColorSync.framework/Versions/A/ColorSync
0x000000000a325000 	/System/Library/Frameworks/ApplicationServices.framework/Versions/A/Frameworks/HIServices.framework/Versions/A/HIServices
0x000000000a325000 	/System/Library/Frameworks/ApplicationServices.framework/Versions/A/Frameworks/LangAnalysis.framework/Versions/A/LangAnalysis
0x000000000a325000 	/System/Library/Frameworks/ApplicationServices.framework/Versions/A/Frameworks/PrintCore.framework/Versions/A/PrintCore
0x000000000a325000 	/System/Library/Frameworks/ApplicationServices.framework/Versions/A/Frameworks/QD.framework/Versions/A/QD
0x000000000a325000 	/System/Library/Frameworks/ApplicationServices.framework/Versions/A/Frameworks/SpeechSynthesis.framework/Versions/A/SpeechSynthesis
0x000000000a325000 	/System/Library/Frameworks/Metal.framework/Versions/A/Metal
0x000000000a325000 	/System/Library/Frameworks/Accelerate.framework/Versions/A/Frameworks/vImage.framework/Versions/A/vImage
0x000000000a325000 	/System/Library/Frameworks/Accelerate.framework/Versions/A/Frameworks/vecLib.framework/Versions/A/vecLib
0x000000000a325000 	/System/Library/Frameworks/Accelerate.framework/Versions/A/Frameworks/vecLib.framework/Versions/A/libvDSP.dylib
0x000000000a325000 	/System/Library/Frameworks/Accelerate.framework/Versions/A/Frameworks/vecLib.framework/Versions/A/libvMisc.dylib
0x000000000a325000 	/System/Library/Frameworks/Accelerate.framework/Versions/A/Frameworks/vecLib.framework/Versions/A/libLAPACK.dylib
0x000000000a325000 	/System/Library/Frameworks/Accelerate.framework/Versions/A/Frameworks/vecLib.framework/Versions/A/libBLAS.dylib
0x000000000a325000 	/System/Library/Frameworks/Accelerate.framework/Versions/A/Frameworks/vecLib.framework/Versions/A/libLinearAlgebra.dylib
0x000000000a325000 	/System/Library/Frameworks/Accelerate.framework/Versions/A/Frameworks/vecLib.framework/Versions/A/libSparseBLAS.dylib
0x000000000a325000 	/System/Library/PrivateFrameworks/GPUCompiler.framework/libmetal_timestamp.dylib
0x000000000a325000 	/System/Library/Frameworks/OpenGL.framework/Versions/A/Libraries/libCoreFSCache.dylib
0x000000000a325000 	/System/Library/PrivateFrameworks/IOAccelerator.framework/Versions/A/IOAccelerator
0x000000000a325000 	/System/Library/Frameworks/ApplicationServices.framework/Versions/A/Frameworks/ATS.framework/Versions/A/Resources/libFontParser.dylib
0x000000000a325000 	/System/Library/Frameworks/ApplicationServices.framework/Versions/A/Frameworks/ATS.framework/Versions/A/Resources/libFontRegistry.dylib
0x000000000a325000 	/System/Library/PrivateFrameworks/AppleVPA.framework/Versions/A/AppleVPA
0x000000000a325000 	/System/Library/PrivateFrameworks/AppleJPEG.framework/Versions/A/AppleJPEG
0x000000000a325000 	/System/Library/Frameworks/ImageIO.framework/Versions/A/Resources/libJPEG.dylib
0x000000000a325000 	/System/Library/Frameworks/ImageIO.framework/Versions/A/Resources/libTIFF.dylib
0x000000000a325000 	/System/Library/Frameworks/ImageIO.framework/Versions/A/Resources/libPng.dylib
0x000000000a325000 	/System/Library/Frameworks/ImageIO.framework/Versions/A/Resources/libGIF.dylib
0x000000000a325000 	/System/Library/Frameworks/ImageIO.framework/Versions/A/Resources/libJP2.dylib
0x000000000a325000 	/System/Library/Frameworks/ImageIO.framework/Versions/A/Resources/libRadiance.dylib
0x000000000a325000 	/System/Library/Frameworks/CoreVideo.framework/Versions/A/CoreVideo
0x000000000a325000 	/System/Library/Frameworks/OpenGL.framework/Versions/A/Libraries/libGLU.dylib
0x000000000a325000 	/System/Library/Frameworks/OpenGL.framework/Versions/A/Libraries/libGFXShared.dylib
0x000000000a325000 	/System/Library/Frameworks/OpenGL.framework/Versions/A/Libraries/libGL.dylib
0x000000000a325000 	/System/Library/Frameworks/OpenGL.framework/Versions/A/Libraries/libGLImage.dylib
0x000000000a325000 	/System/Library/Frameworks/OpenGL.framework/Versions/A/Libraries/libCVMSPluginSupport.dylib
0x000000000a325000 	/System/Library/Frameworks/OpenGL.framework/Versions/A/Libraries/libCoreVMClient.dylib
0x000000000a325000 	/usr/lib/libcompression.dylib
0x000000000a325000 	/usr/lib/libcups.2.dylib
0x000000000a325000 	/System/Library/Frameworks/Kerberos.framework/Versions/A/Kerberos
0x000000000a325000 	/System/Library/Frameworks/GSS.framework/Versions/A/GSS
0x000000000a325000 	/usr/lib/libresolv.9.dylib
0x000000000a325000 	/usr/lib/libiconv.2.dylib
0x000000000a325000 	/System/Library/PrivateFrameworks/Heimdal.framework/Versions/A/Heimdal
0x000000000a325000 	/usr/lib/libheimdal-asn1.dylib
0x000000000a325000 	/System/Library/Frameworks/OpenDirectory.framework/Versions/A/OpenDirectory
0x000000000a325000 	/System/Library/PrivateFrameworks/CommonAuth.framework/Versions/A/CommonAuth
0x000000000a325000 	/System/Library/Frameworks/OpenDirectory.framework/Versions/A/Frameworks/CFOpenDirectory.framework/Versions/A/CFOpenDirectory
0x000000000a325000 	/System/Library/Frameworks/SecurityFoundation.framework/Versions/A/SecurityFoundation
0x000000000a325000 	/System/Library/PrivateFrameworks/LanguageModeling.framework/Versions/A/LanguageModeling
0x000000000a325000 	/usr/lib/libmarisa.dylib
0x000000000a325000 	/usr/lib/libChineseTokenizer.dylib
0x000000000a325000 	/usr/lib/libcmph.dylib
0x000000000a325000 	/System/Library/Frameworks/ServiceManagement.framework/Versions/A/ServiceManagement
0x000000000a325000 	/usr/lib/libxslt.1.dylib
0x000000000a325000 	/System/Library/Frameworks/Carbon.framework/Versions/A/Frameworks/Ink.framework/Versions/A/Ink
0x000000000a325000 	/usr/lib/libFosl_dynamic.dylib
0x000000000a325000 	/System/Library/PrivateFrameworks/FaceCore.framework/Versions/A/FaceCore
0x000000000a325000 	/System/Library/Frameworks/OpenCL.framework/Versions/A/OpenCL
0x000000000a325000 	/System/Library/PrivateFrameworks/CrashReporterSupport.framework/Versions/A/CrashReporterSupport
0x000000000a325000 	/System/Library/PrivateFrameworks/IconServices.framework/Versions/A/IconServices
0x000000000a325000 	/System/Library/PrivateFrameworks/Apple80211.framework/Versions/A/Apple80211
0x000000000a325000 	/System/Library/Frameworks/CoreWLAN.framework/Versions/A/CoreWLAN
0x000000000a325000 	/System/Library/Frameworks/IOBluetooth.framework/Versions/A/IOBluetooth
0x000000000a325000 	/System/Library/PrivateFrameworks/CoreWiFi.framework/Versions/A/CoreWiFi
0x000000000a325000 	/System/Library/Frameworks/CoreBluetooth.framework/Versions/A/CoreBluetooth
0x000000000a325000 	/System/Library/PrivateFrameworks/ChunkingLibrary.framework/Versions/A/ChunkingLibrary
0x000000000a325000 	/System/Library/PrivateFrameworks/DebugSymbols.framework/Versions/A/DebugSymbols
0x000000000a325000 	/System/Library/PrivateFrameworks/CoreSymbolication.framework/Versions/A/CoreSymbolication
0x000000000a325000 	/System/Library/PrivateFrameworks/Symbolication.framework/Versions/A/Symbolication
0x000000000a325000 	/System/Library/PrivateFrameworks/SpeechRecognitionCore.framework/Versions/A/SpeechRecognitionCore
0x0000000110600000 	/Library/Java/JavaVirtualMachines/jdk1.8.0_101.jdk/Contents/Home/jre/lib/server/libjvm.dylib
0x000000000a325000 	/usr/lib/libstdc++.6.dylib
0x000000010fc2f000 	/Library/Java/JavaVirtualMachines/jdk1.8.0_101.jdk/Contents/Home/jre/lib/libverify.dylib
0x000000010fc3d000 	/Library/Java/JavaVirtualMachines/jdk1.8.0_101.jdk/Contents/Home/jre/lib/libjava.dylib
0x000000010fc7c000 	/Library/Java/JavaVirtualMachines/jdk1.8.0_101.jdk/Contents/Home/jre/lib/libzip.dylib
0x0000000126d8e000 	/System/Library/Frameworks/JavaVM.framework/Frameworks/JavaRuntimeSupport.framework/JavaRuntimeSupport
0x0000000126da9000 	/System/Library/Frameworks/JavaVM.framework/Versions/A/Frameworks/JavaNativeFoundation.framework/Versions/A/JavaNativeFoundation
0x0000000126dbe000 	/System/Library/Frameworks/JavaVM.framework/Versions/A/JavaVM
0x000000000a325000 	/System/Library/Frameworks/Carbon.framework/Versions/A/Carbon
0x0000000126dcb000 	/System/Library/PrivateFrameworks/JavaLaunching.framework/Versions/A/JavaLaunching
0x000000000a325000 	/System/Library/Frameworks/Carbon.framework/Versions/A/Frameworks/CommonPanels.framework/Versions/A/CommonPanels
0x000000000a325000 	/System/Library/Frameworks/Carbon.framework/Versions/A/Frameworks/Help.framework/Versions/A/Help
0x000000000a325000 	/System/Library/Frameworks/Carbon.framework/Versions/A/Frameworks/ImageCapture.framework/Versions/A/ImageCapture
0x000000000a325000 	/System/Library/Frameworks/Carbon.framework/Versions/A/Frameworks/OpenScripting.framework/Versions/A/OpenScripting
0x000000000a325000 	/System/Library/Frameworks/Carbon.framework/Versions/A/Frameworks/Print.framework/Versions/A/Print
0x000000000a325000 	/System/Library/Frameworks/Carbon.framework/Versions/A/Frameworks/SecurityHI.framework/Versions/A/SecurityHI
0x00000001286ea000 	/Library/Java/JavaVirtualMachines/jdk1.8.0_101.jdk/Contents/Home/jre/lib/libawt.dylib
0x0000000128792000 	/Library/Java/JavaVirtualMachines/jdk1.8.0_101.jdk/Contents/Home/jre/lib/./libmlib_image.dylib
0x000000012885e000 	/Library/Java/JavaVirtualMachines/jdk1.8.0_101.jdk/Contents/Home/jre/lib/libawt_lwawt.dylib
0x0000000128913000 	/Library/Java/JavaVirtualMachines/jdk1.8.0_101.jdk/Contents/Home/jre/lib/./libosxapp.dylib
0x000000000a325000 	/System/Library/Frameworks/ExceptionHandling.framework/Versions/A/ExceptionHandling
0x000000000a325000 	/System/Library/PrivateFrameworks/CoreServicesInternal.framework/Versions/A/CoreServicesInternal
0x0000000129382000 	/System/Library/Frameworks/CoreGraphics.framework/Versions/A/Resources/libRIP.A.dylib
0x000000000a325000 	/System/Library/Frameworks/Accelerate.framework/Versions/A/Frameworks/vImage.framework/Versions/A/Libraries/libCGInterfaces.dylib
0x0000000129629000 	/System/Library/Frameworks/CoreGraphics.framework/Versions/A/Resources/libCGXType.A.dylib
0x000000000a325000 	/System/Library/Frameworks/OpenCL.framework/Versions/A/Libraries/libcldcpuengine.dylib
0x000000000a325000 	/System/Library/PrivateFrameworks/DiskImages.framework/Versions/A/DiskImages
0x000000000a325000 	/System/Library/Frameworks/DiscRecording.framework/Versions/A/DiscRecording
0x000000000a325000 	/usr/lib/libcsfde.dylib
0x000000000a325000 	/usr/lib/libcurl.4.dylib
0x000000000a325000 	/System/Library/PrivateFrameworks/MediaKit.framework/Versions/A/MediaKit
0x000000000a325000 	/System/Library/PrivateFrameworks/ProtectedCloudStorage.framework/Versions/A/ProtectedCloudStorage
0x000000000a325000 	/usr/lib/libCoreStorage.dylib
0x000000000a325000 	/System/Library/PrivateFrameworks/EFILogin.framework/Versions/A/EFILogin
0x000000000a325000 	/usr/lib/libutil.dylib
0x000000000a325000 	/System/Library/PrivateFrameworks/FindMyDevice.framework/Versions/A/FindMyDevice
0x000000000a325000 	/System/Library/Frameworks/LDAP.framework/Versions/A/LDAP
0x000000000a325000 	/usr/lib/libsasl2.2.dylib
0x000000000a325000 	/System/Library/PrivateFrameworks/CoreDaemon.framework/Versions/B/CoreDaemon
0x000000000a325000 	/usr/lib/libcrypto.0.9.8.dylib
0x000000000a325000 	/System/Library/PrivateFrameworks/AppleSRP.framework/Versions/A/AppleSRP
0x000000000a325000 	/System/Library/PrivateFrameworks/TrustEvaluationAgent.framework/Versions/A/TrustEvaluationAgent
0x000000012a0de000 	cl_kernels
0x000000000a325000 	/System/Library/Frameworks/OpenCL.framework/Versions/A/Libraries/ImageFormats/unorm8_bgra.dylib
0x000000000a325000 	/System/Library/Frameworks/OpenCL.framework/Versions/A/Libraries/ImageFormats/unorm8_rgba.dylib
0x000000000a325000 	/System/Library/PrivateFrameworks/FamilyControls.framework/Versions/A/FamilyControls
0x000000000a325000 	/System/Library/PrivateFrameworks/CommerceKit.framework/Versions/A/Frameworks/CommerceCore.framework/Versions/A/CommerceCore
0x000000000a325000 	/System/Library/PrivateFrameworks/SystemAdministration.framework/Versions/A/SystemAdministration
0x000000000a325000 	/System/Library/PrivateFrameworks/AppContainer.framework/Versions/A/AppContainer
0x000000000a325000 	/System/Library/PrivateFrameworks/SecCodeWrapper.framework/Versions/A/SecCodeWrapper
0x000000000a325000 	/System/Library/Frameworks/DirectoryService.framework/Versions/A/DirectoryService
0x000000000a325000 	/System/Library/PrivateFrameworks/LoginUIKit.framework/Versions/A/Frameworks/LoginUICore.framework/Versions/A/LoginUICore
0x000000000a325000 	/usr/lib/libodfde.dylib
0x000000000a325000 	/System/Library/Frameworks/OpenGL.framework/Versions/A/Resources/GLEngine.bundle/GLEngine
0x000000000a325000 	/System/Library/Frameworks/OpenGL.framework/Versions/A/Libraries/libGLProgrammability.dylib
0x000000012b153000 	/System/Library/Extensions/AppleIntelHD4000GraphicsGLDriver.bundle/Contents/MacOS/AppleIntelHD4000GraphicsGLDriver
0x000000000a325000 	/System/Library/PrivateFrameworks/GPUSupport.framework/Versions/A/Libraries/libGPUSupportMercury.dylib
0x000000000a325000 	/System/Library/Frameworks/OpenGL.framework/Versions/A/Resources/GLRendererFloat.bundle/GLRendererFloat
0x000000012c0b9000 	/Library/Java/JavaVirtualMachines/jdk1.8.0_101.jdk/Contents/Home/jre/lib/libfontmanager.dylib
0x000000012d559000 	/Library/Java/JavaVirtualMachines/jdk1.8.0_101.jdk/Contents/Home/jre/lib/libosxui.dylib
0x000000012e259000 	/Library/Java/JavaVirtualMachines/jdk1.8.0_101.jdk/Contents/Home/jre/lib/libnet.dylib
0x000000012e0a5000 	/Library/Java/JavaVirtualMachines/jdk1.8.0_101.jdk/Contents/Home/jre/lib/libnio.dylib
0x000000000a325000 	/System/Library/Frameworks/ApplicationServices.framework/Versions/A/Frameworks/ATS.framework/Versions/A/Resources/libTrueTypeScaler.dylib
0x000000017f189000 	/System/Library/Extensions/AppleIntelHD4000GraphicsMTLDriver.bundle/Contents/MacOS/AppleIntelHD4000GraphicsMTLDriver
0x000000017f145000 	/private/var/folders/yd/w0h308490sjfy_hf_nbsv22h0000gn/T/jogamp_0000/file_cache/jln7126881324394975894/jln1806910104989067326/libgluegen-rt.jnilib
0x000000012ffc0000 	/private/var/folders/yd/w0h308490sjfy_hf_nbsv22h0000gn/T/jogamp_0000/file_cache/jln7126881324394975894/jln1806910104989067326/libnativewindow_awt.jnilib
0x000000017f149000 	/Library/Java/JavaVirtualMachines/jdk1.8.0_101.jdk/Contents/Home/jre/lib/libjawt.dylib
0x000000017f14c000 	/private/var/folders/yd/w0h308490sjfy_hf_nbsv22h0000gn/T/jogamp_0000/file_cache/jln7126881324394975894/jln1806910104989067326/libnativewindow_macosx.jnilib
0x0000000180e8f000 	/private/var/folders/yd/w0h308490sjfy_hf_nbsv22h0000gn/T/jogamp_0000/file_cache/jln7126881324394975894/jln1806910104989067326/libjogl_desktop.jnilib
0x0000000183c62000 	/Library/Java/JavaVirtualMachines/jdk1.8.0_101.jdk/Contents/Home/jre/lib/libt2k.dylib

VM Arguments:
jvm_args: -Djava.security.policy=java.policy.applet -Dfile.encoding=UTF-8 
java_command: sun.applet.AppletViewer module5.EarthquakeCityMap1475013720748.html
java_class_path (initial): /Users/AndrewYou/Documents/workspace/UCSDUnfoldingMaps/build:/Users/AndrewYou/Documents/workspace/UCSDUnfoldingMaps/lib/core.jar:/Users/AndrewYou/Documents/workspace/UCSDUnfoldingMaps/lib/gluegen-rt.jar:/Users/AndrewYou/Documents/workspace/UCSDUnfoldingMaps/lib/jogl-all.jar:/Users/AndrewYou/Documents/workspace/UCSDUnfoldingMaps/lib/log4j-1.2.15.jar:/Users/AndrewYou/Documents/workspace/UCSDUnfoldingMaps/lib/sqlite-jdbc-3.7.2.jar:/Users/AndrewYou/Documents/workspace/UCSDUnfoldingMaps/lib/json4processing.jar:/Users/AndrewYou/Documents/workspace/UCSDUnfoldingMaps/lib/libTUIO.jar:/Users/AndrewYou/Documents/workspace/UCSDUnfoldingMaps/lib/unfolding.0.9.7-uscd.jar
Launcher Type: SUN_STANDARD

Environment Variables:
PATH=/usr/bin:/bin:/usr/sbin:/sbin
SHELL=/bin/bash

Signal Handlers:
SIGSEGV: [libjvm.dylib+0x5af145], sa_mask[0]=11111111011111110111111111111111, sa_flags=SA_ONSTACK|SA_RESTART|SA_SIGINFO
SIGBUS: [libjvm.dylib+0x5af145], sa_mask[0]=11111111011111110111111111111111, sa_flags=SA_RESTART|SA_SIGINFO
SIGFPE: [libjvm.dylib+0x48694c], sa_mask[0]=11111111011111110111111111111111, sa_flags=SA_RESTART|SA_SIGINFO
SIGPIPE: [libjvm.dylib+0x48694c], sa_mask[0]=11111111011111110111111111111111, sa_flags=SA_RESTART|SA_SIGINFO
SIGXFSZ: [libjvm.dylib+0x48694c], sa_mask[0]=11111111011111110111111111111111, sa_flags=SA_RESTART|SA_SIGINFO
SIGILL: [libjvm.dylib+0x48694c], sa_mask[0]=11111111011111110111111111111111, sa_flags=SA_RESTART|SA_SIGINFO
SIGUSR1: SIG_DFL, sa_mask[0]=00000000000000000000000000000000, sa_flags=none
SIGUSR2: [libjvm.dylib+0x48646a], sa_mask[0]=00100000000000000000000000000000, sa_flags=SA_RESTART|SA_SIGINFO
SIGHUP: [libjvm.dylib+0x484a41], sa_mask[0]=11111111011111110111111111111111, sa_flags=SA_RESTART|SA_SIGINFO
SIGINT: [libjvm.dylib+0x484a41], sa_mask[0]=11111111011111110111111111111111, sa_flags=SA_RESTART|SA_SIGINFO
SIGTERM: [libjvm.dylib+0x484a41], sa_mask[0]=11111111011111110111111111111111, sa_flags=SA_RESTART|SA_SIGINFO
SIGQUIT: [libjvm.dylib+0x484a41], sa_mask[0]=11111111011111110111111111111111, sa_flags=SA_RESTART|SA_SIGINFO


---------------  S Y S T E M  ---------------

OS:Bsduname:Darwin 15.6.0 Darwin Kernel Version 15.6.0: Mon Aug 29 20:21:34 PDT 2016; root:xnu-3248.60.11~1/RELEASE_X86_64 x86_64
rlimit: STACK 8192k, CORE 0k, NPROC 709, NOFILE 10240, AS infinity
load average:1.80 1.61 1.53

CPU:total 4 (2 cores per cpu, 2 threads per core) family 6 model 58 stepping 9, cmov, cx8, fxsr, mmx, sse, sse2, sse3, ssse3, sse4.1, sse4.2, popcnt, avx, aes, clmul, erms, ht, tsc, tscinvbit, tscinv

Memory: 4k page, physical 8388608k(89904k free)

/proc/meminfo:


vm_info: Java HotSpot(TM) 64-Bit Server VM (25.101-b13) for bsd-amd64 JRE (1.8.0_101-b13), built on Jun 22 2016 02:42:15 by "java_re" with gcc 4.2.1 (Based on Apple Inc. build 5658) (LLVM build 2336.11.00)

time: Tue Sep 27 18:03:31 2016
elapsed time: 90 seconds (0d 0h 1m 30s)

