#
# A fatal error has been detected by the Java Runtime Environment:
#
#  SIGSEGV (0xb) at pc=0x00007fff924db4dd, pid=18529, tid=0x0000000000000a0b
#
# JRE version: Java(TM) SE Runtime Environment (8.0_101-b13) (build 1.8.0_101-b13)
# Java VM: Java HotSpot(TM) 64-Bit Server VM (25.101-b13 mixed mode bsd-amd64 compressed oops)
# Problematic frame:
# C  [libobjc.A.dylib+0x14dd]  objc_msgSend+0x1d
#
# Failed to write core dump. Core dumps have been disabled. To enable core dumping, try "ulimit -c unlimited" before starting Java again
#
# If you would like to submit a bug report, please visit:
#   http://bugreport.java.com/bugreport/crash.jsp
# The crash happened outside the Java Virtual Machine in native code.
# See problematic frame for where to report the bug.
#

---------------  T H R E A D  ---------------

Current thread (0x00007fd08997a800):  JavaThread "AWT-AppKit" daemon [_thread_in_native, id=2571, stack(0x00007fff50507000,0x00007fff50d07000)]

siginfo: si_signo: 11 (SIGSEGV), si_code: 1 (SEGV_MAPERR), si_addr: 0x000007fd08d33368

Registers:
RAX=0x00007fd08d32cb80, RBX=0x00000001294a2450, RCX=0x00000001294ca0c0, RDX=0x00000001294cac60
RSP=0x00007fff50d02458, RBP=0x00007fff50d02510, RSI=0x00007fff931d7cbe, RDI=0x00007fd08d332940
R8 =0x0000000000000000, R9 =0x00000000000008b0, R10=0x00007fff931d7cbe, R11=0x000007fd08d33350
R12=0x0000000000000000, R13=0x0000000180d81670, R14=0x00000001294a2440, R15=0x00007fd08997a800
RIP=0x00007fff924db4dd, EFLAGS=0x0000000000010206, ERR=0x0000000000000004
  TRAPNO=0x000000000000000e

Top of Stack: (sp=0x00007fff50d02458)
0x00007fff50d02458:   00000001294a0157 00007fff50d024b0
0x00007fff50d02468:   0000000000000003 00007fff50d02490
0x00007fff50d02478:   00000001105f28e6 0000000180d81670
0x00007fff50d02488:   0000000180d81670 00007fd08d32cb80
0x00007fff50d02498:   00000001294a26a0 00000001294a2710
0x00007fff50d024a8:   00007fff7a775770 00007fff7d5f9500
0x00007fff50d024b8:   00000001294a2450 00000001294a2690
0x00007fff50d024c8:   00007fd08d32cb80 00007fd08d332940
0x00007fff50d024d8:   00007fd088c4c1c0 00007fd08d32cb80
0x00007fff50d024e8:   00007fd08d332940 00007fff50d02598
0x00007fff50d024f8:   00007fd08997a9f8 0000000180d81670
0x00007fff50d02508:   00007fff50d025c0 00007fff50d02588
0x00007fff50d02518:   00000001113b49d4 0000000180d81670
0x00007fff50d02528:   00007fff50d025c0 00007fff50d02588
0x00007fff50d02538:   00000001113b4767 00000001113b4722
0x00007fff50d02548:   00007fff50d02548 0000000180d81670
0x00007fff50d02558:   00007fff50d025c0 0000000180d842a8
0x00007fff50d02568:   0000000000000000 0000000180d81670
0x00007fff50d02578:   0000000000000000 00007fff50d025a8
0x00007fff50d02588:   00007fff50d02608 00000001113a52bd
0x00007fff50d02598:   0000000740e36578 00000001113ae538
0x00007fff50d025a8:   00007fd08d32cb80 00007fff50d02608
0x00007fff50d025b8:   00007fd08d332940 00000001113afe02
0x00007fff50d025c8:   00007fff50d025c8 0000000180d8183a
0x00007fff50d025d8:   00007fff50d02630 0000000180d842a8
0x00007fff50d025e8:   0000000000000000 0000000180d81848
0x00007fff50d025f8:   00007fff50d025a8 00007fff50d02618
0x00007fff50d02608:   00007fff50d02678 00000001113a52bd
0x00007fff50d02618:   00007fd08d32cb80 0000000740e2d2a8
0x00007fff50d02628:   00007fd08d332940 0000000740e2d2a8
0x00007fff50d02638:   00007fff50d02638 0000000187105c6e
0x00007fff50d02648:   00007fff50d02688 0000000187105d28 

Instructions: (pc=0x00007fff924db4dd)
0x00007fff924db4bd:   44 00 00 48 85 ff 2e 74 62 40 f6 c7 01 2e 75 66
0x00007fff924db4cd:   49 bb f8 ff ff ff ff 7f 00 00 4c 23 1f 49 89 f2
0x00007fff924db4dd:   45 23 53 18 49 c1 e2 04 4d 03 53 10 49 3b 32 75
0x00007fff924db4ed:   04 41 ff 62 08 49 83 3a 01 76 0d 49 83 c2 10 49 

Register to memory mapping:

RAX=0x00007fd08d32cb80 is an unknown value
RBX=0x00000001294a2450: Java_jogamp_nativewindow_macosx_OSXUtil_GetScreenRefreshRate0+0x1cf0 in /private/var/folders/yd/w0h308490sjfy_hf_nbsv22h0000gn/T/jogamp_0000/file_cache/jln7867875931429324465/jln8902322231822158895/libnativewindow_macosx.jnilib at 0x000000012949b000
RCX=0x00000001294ca0c0 is an unknown value
RDX=0x00000001294cac60 is an unknown value
RSP=0x00007fff50d02458 is pointing into the stack for thread: 0x00007fd08997a800
RBP=0x00007fff50d02510 is pointing into the stack for thread: 0x00007fd08997a800
RSI=0x00007fff931d7cbe is an unknown value
RDI=0x00007fd08d332940 is an unknown value
R8 =0x0000000000000000 is an unknown value
R9 =0x00000000000008b0 is an unknown value
R10=0x00007fff931d7cbe is an unknown value
R11=0x000007fd08d33350 is an unknown value
R12=0x0000000000000000 is an unknown value
R13={method} {0x0000000180d81670} 'UnsetJAWTRootSurfaceLayer0' '(JJ)V' in 'jogamp/nativewindow/jawt/macosx/MacOSXJAWTWindow'
R14=0x00000001294a2440: Java_jogamp_nativewindow_macosx_OSXUtil_GetScreenRefreshRate0+0x1ce0 in /private/var/folders/yd/w0h308490sjfy_hf_nbsv22h0000gn/T/jogamp_0000/file_cache/jln7867875931429324465/jln8902322231822158895/libnativewindow_macosx.jnilib at 0x000000012949b000
R15=0x00007fd08997a800 is a thread


Stack: [0x00007fff50507000,0x00007fff50d07000],  sp=0x00007fff50d02458,  free space=8173k
Native frames: (J=compiled Java code, j=interpreted, Vv=VM code, C=native code)
C  [libobjc.A.dylib+0x14dd]  objc_msgSend+0x1d
j  jogamp.nativewindow.jawt.macosx.MacOSXJAWTWindow.UnsetJAWTRootSurfaceLayer0(JJ)V+0
j  jogamp.nativewindow.jawt.macosx.MacOSXJAWTWindow.access$200(JJ)V+2
j  jogamp.nativewindow.jawt.macosx.MacOSXJAWTWindow$1.run()V+38
j  com.jogamp.common.util.RunnableTask.run()V+24
v  ~StubRoutines::call_stub
V  [libjvm.dylib+0x2ecf06]
V  [libjvm.dylib+0x324111]
V  [libjvm.dylib+0x3168df]
C  [libnativewindow_macosx.jnilib+0x5326]  Java_jogamp_nativewindow_jawt_macosx_MacOSXJAWTWindow_UnsetJAWTRootSurfaceLayer0+0x2b6
C  [Foundation+0x76fde]  __NSThreadPerformPerform+0x117
C  [CoreFoundation+0xaa881]  __CFRUNLOOP_IS_CALLING_OUT_TO_A_SOURCE0_PERFORM_FUNCTION__+0x11
C  [CoreFoundation+0x89f37]  __CFRunLoopDoSources0+0x1a7
C  [CoreFoundation+0x894df]  __CFRunLoopRun+0x39f
C  [CoreFoundation+0x88ed8]  CFRunLoopRunSpecific+0x128
C  [HIToolbox+0x30935]  RunCurrentEventLoopInMode+0xeb
C  [HIToolbox+0x30677]  ReceiveNextEventCommon+0xb8
C  [HIToolbox+0x305af]  _BlockUntilNextEventMatchingListInModeWithFilter+0x47
C  [AppKit+0x48df6]  _DPSNextEvent+0x42b
C  [AppKit+0x48226]  -[NSApplication _nextEventMatchingEventMask:untilDate:inMode:dequeue:]+0x1c6
C  [libosxapp.dylib+0x23aa]  -[NSApplicationAWT nextEventMatchingMask:untilDate:inMode:dequeue:]+0x7c
C  [AppKit+0x3cd80]  -[NSApplication run]+0x2aa
C  [libosxapp.dylib+0x214d]  +[NSApplicationAWT runAWTLoopWithApp:]+0x9c
C  [libawt_lwawt.dylib+0x444b3]  -[AWTStarter starter:]+0x389
C  [Foundation+0x76fde]  __NSThreadPerformPerform+0x117
C  [CoreFoundation+0xaa881]  __CFRUNLOOP_IS_CALLING_OUT_TO_A_SOURCE0_PERFORM_FUNCTION__+0x11
C  [CoreFoundation+0x89fbc]  __CFRunLoopDoSources0+0x22c
C  [CoreFoundation+0x894df]  __CFRunLoopRun+0x39f
C  [CoreFoundation+0x88ed8]  CFRunLoopRunSpecific+0x128
C  [java+0x6465]  CreateExecutionEnvironment+0x367
C  [java+0x218c]  JLI_Launch+0x7a0
C  [java+0x84c2]  main+0x65
C  [java+0x19e4]  start+0x34
C  0x0000000000000007

Java frames: (J=compiled Java code, j=interpreted, Vv=VM code)
j  jogamp.nativewindow.jawt.macosx.MacOSXJAWTWindow.UnsetJAWTRootSurfaceLayer0(JJ)V+0
j  jogamp.nativewindow.jawt.macosx.MacOSXJAWTWindow.access$200(JJ)V+2
j  jogamp.nativewindow.jawt.macosx.MacOSXJAWTWindow$1.run()V+38
j  com.jogamp.common.util.RunnableTask.run()V+24
v  ~StubRoutines::call_stub

---------------  P R O C E S S  ---------------

Java Threads: ( => current thread )
  0x00007fd08f9b7000 JavaThread "Thread-111" [_thread_blocked, id=66203, stack(0x00007000009b5000,0x0000700000ab5000)]
  0x00007fd08a006800 JavaThread "AWT-EventQueue-1" [_thread_in_native, id=59203, stack(0x00007000018eb000,0x00007000019eb000)]
  0x00007fd0893b3800 JavaThread "DestroyJavaVM" [_thread_blocked, id=5891, stack(0x000070000011a000,0x000070000021a000)]
  0x00007fd089aab800 JavaThread "AWT-EventQueue-0" [_thread_blocked, id=56579, stack(0x00007000016e5000,0x00007000017e5000)]
  0x00007fd0890de000 JavaThread "Java2D Disposer" daemon [_thread_blocked, id=53259, stack(0x000070000145c000,0x000070000155c000)]
  0x00007fd0890c1800 JavaThread "Java2D Queue Flusher" daemon [_thread_blocked, id=50183, stack(0x0000700001359000,0x0000700001459000)]
  0x00007fd08a0d5000 JavaThread "AWT-Shutdown" [_thread_blocked, id=29459, stack(0x00007000011d3000,0x00007000012d3000)]
=>0x00007fd08997a800 JavaThread "AWT-AppKit" daemon [_thread_in_native, id=2571, stack(0x00007fff50507000,0x00007fff50d07000)]
  0x00007fd08a82a000 JavaThread "Service Thread" daemon [_thread_blocked, id=18947, stack(0x0000700000ec7000,0x0000700000fc7000)]
  0x00007fd08a835800 JavaThread "C1 CompilerThread2" daemon [_thread_blocked, id=18435, stack(0x0000700000dc4000,0x0000700000ec4000)]
  0x00007fd08a835000 JavaThread "C2 CompilerThread1" daemon [_thread_blocked, id=17923, stack(0x0000700000cc1000,0x0000700000dc1000)]
  0x00007fd08a828000 JavaThread "C2 CompilerThread0" daemon [_thread_blocked, id=17411, stack(0x0000700000bbe000,0x0000700000cbe000)]
  0x00007fd08a826000 JavaThread "Signal Dispatcher" daemon [_thread_blocked, id=16659, stack(0x0000700000abb000,0x0000700000bbb000)]
  0x00007fd089011800 JavaThread "Finalizer" daemon [_thread_blocked, id=12291, stack(0x000070000082f000,0x000070000092f000)]
  0x00007fd089831800 JavaThread "Reference Handler" daemon [_thread_blocked, id=11779, stack(0x000070000072c000,0x000070000082c000)]

Other Threads:
  0x00007fd08a822800 VMThread [stack: 0x0000700000629000,0x0000700000729000] [id=11267]
  0x00007fd08a82a800 WatcherThread [stack: 0x0000700000fca000,0x00007000010ca000] [id=19459]

VM state:not at safepoint (normal execution)

VM Mutex/Monitor currently owned by a thread: None

Heap:
 PSYoungGen      total 53760K, used 33757K [0x0000000795580000, 0x0000000799280000, 0x00000007c0000000)
  eden space 46080K, 73% used [0x0000000795580000,0x000000079765f720,0x0000000798280000)
  from space 7680K, 1% used [0x0000000798b00000,0x0000000798b18000,0x0000000799280000)
  to   space 8192K, 0% used [0x0000000798280000,0x0000000798280000,0x0000000798a80000)
 ParOldGen       total 62976K, used 40815K [0x0000000740000000, 0x0000000743d80000, 0x0000000795580000)
  object space 62976K, 64% used [0x0000000740000000,0x00000007427dbdf0,0x0000000743d80000)
 Metaspace       used 21358K, capacity 21535K, committed 21808K, reserved 1069056K
  class space    used 2049K, capacity 2112K, committed 2176K, reserved 1048576K

Card table byte_map: [0x000000012075d000,0x0000000120b5e000] byte_map_base: 0x000000011cd5d000

Marking Bits: (ParMarkBitMap*) 0x0000000110cedd20
 Begin Bits: [0x0000000120e09000, 0x0000000122e09000)
 End Bits:   [0x0000000122e09000, 0x0000000124e09000)

Polling page: 0x000000010fa48000

CodeCache: size=245760Kb used=9809Kb max_used=9820Kb free=235950Kb
 bounds [0x000000011139d000, 0x0000000111d9d000, 0x000000012039d000]
 total_blobs=3672 nmethods=2779 adapters=806
 compilation: enabled

Compilation events (10 events):
Event: 157.434 Thread 0x00007fd08a835800 3382  s!   2       sun.misc.URLClassPath::getLoader (197 bytes)
Event: 157.434 Thread 0x00007fd08a828000 3381  s    4       sun.misc.URLClassPath::getNextLoader (88 bytes)
Event: 157.436 Thread 0x00007fd08a835800 nmethod 3382 0x0000000111ad9710 code [0x0000000111ad9a00, 0x0000000111adb128]
Event: 157.436 Thread 0x00007fd08a835800 3383       3       sun.net.www.protocol.jar.Handler::parseContextSpec (154 bytes)
Event: 157.438 Thread 0x00007fd08a835800 nmethod 3383 0x0000000111ad2810 code [0x0000000111ad2c00, 0x0000000111ad52e8]
Event: 157.438 Thread 0x00007fd08a835800 3384       3       sun.net.www.ParseUtil::canonizeString (195 bytes)
Event: 157.440 Thread 0x00007fd08a835800 nmethod 3384 0x0000000111b191d0 code [0x0000000111b195a0, 0x0000000111b1b9e8]
Event: 157.440 Thread 0x00007fd08a828000 nmethod 3381 0x000000011195b650 code [0x000000011195b7c0, 0x000000011195bf38]
Event: 157.446 Thread 0x00007fd08a835800 3385       3       sun.java2d.SunGraphics2D::setColor (108 bytes)
Event: 157.447 Thread 0x00007fd08a835800 nmethod 3385 0x0000000111539590 code [0x0000000111539720, 0x0000000111539c58]

GC Heap History (10 events):
Event: 137.902 GC heap before
{Heap before GC invocations=31 (full 1):
 PSYoungGen      total 55808K, used 55744K [0x0000000795580000, 0x0000000799780000, 0x00000007c0000000)
  eden space 51200K, 100% used [0x0000000795580000,0x0000000798780000,0x0000000798780000)
  from space 4608K, 98% used [0x0000000798880000,0x0000000798cf0110,0x0000000798d00000)
  to   space 8192K, 0% used [0x0000000798f80000,0x0000000798f80000,0x0000000799780000)
 ParOldGen       total 62976K, used 36303K [0x0000000740000000, 0x0000000743d80000, 0x0000000795580000)
  object space 62976K, 57% used [0x0000000740000000,0x0000000742373ce0,0x0000000743d80000)
 Metaspace       used 21329K, capacity 21535K, committed 21808K, reserved 1069056K
  class space    used 2043K, capacity 2112K, committed 2176K, reserved 1048576K
Event: 137.904 GC heap after
Heap after GC invocations=31 (full 1):
 PSYoungGen      total 57344K, used 4512K [0x0000000795580000, 0x0000000799680000, 0x00000007c0000000)
  eden space 50176K, 0% used [0x0000000795580000,0x0000000795580000,0x0000000798680000)
  from space 7168K, 62% used [0x0000000798f80000,0x00000007993e8110,0x0000000799680000)
  to   space 8192K, 0% used [0x0000000798680000,0x0000000798680000,0x0000000798e80000)
 ParOldGen       total 62976K, used 36335K [0x0000000740000000, 0x0000000743d80000, 0x0000000795580000)
  object space 62976K, 57% used [0x0000000740000000,0x000000074237bce0,0x0000000743d80000)
 Metaspace       used 21329K, capacity 21535K, committed 21808K, reserved 1069056K
  class space    used 2043K, capacity 2112K, committed 2176K, reserved 1048576K
}
Event: 142.236 GC heap before
{Heap before GC invocations=32 (full 1):
 PSYoungGen      total 57344K, used 54688K [0x0000000795580000, 0x0000000799680000, 0x00000007c0000000)
  eden space 50176K, 100% used [0x0000000795580000,0x0000000798680000,0x0000000798680000)
  from space 7168K, 62% used [0x0000000798f80000,0x00000007993e8110,0x0000000799680000)
  to   space 8192K, 0% used [0x0000000798680000,0x0000000798680000,0x0000000798e80000)
 ParOldGen       total 62976K, used 36335K [0x0000000740000000, 0x0000000743d80000, 0x0000000795580000)
  object space 62976K, 57% used [0x0000000740000000,0x000000074237bce0,0x0000000743d80000)
 Metaspace       used 21329K, capacity 21535K, committed 21808K, reserved 1069056K
  class space    used 2043K, capacity 2112K, committed 2176K, reserved 1048576K
Event: 142.237 GC heap after
Heap after GC invocations=32 (full 1):
 PSYoungGen      total 53760K, used 4544K [0x0000000795580000, 0x0000000799480000, 0x00000007c0000000)
  eden space 49152K, 0% used [0x0000000795580000,0x0000000795580000,0x0000000798580000)
  from space 4608K, 98% used [0x0000000798680000,0x0000000798af0110,0x0000000798b00000)
  to   space 7680K, 0% used [0x0000000798d00000,0x0000000798d00000,0x0000000799480000)
 ParOldGen       total 62976K, used 36343K [0x0000000740000000, 0x0000000743d80000, 0x0000000795580000)
  object space 62976K, 57% used [0x0000000740000000,0x000000074237dce0,0x0000000743d80000)
 Metaspace       used 21329K, capacity 21535K, committed 21808K, reserved 1069056K
  class space    used 2043K, capacity 2112K, committed 2176K, reserved 1048576K
}
Event: 146.453 GC heap before
{Heap before GC invocations=33 (full 1):
 PSYoungGen      total 53760K, used 53696K [0x0000000795580000, 0x0000000799480000, 0x00000007c0000000)
  eden space 49152K, 100% used [0x0000000795580000,0x0000000798580000,0x0000000798580000)
  from space 4608K, 98% used [0x0000000798680000,0x0000000798af0110,0x0000000798b00000)
  to   space 7680K, 0% used [0x0000000798d00000,0x0000000798d00000,0x0000000799480000)
 ParOldGen       total 62976K, used 36343K [0x0000000740000000, 0x0000000743d80000, 0x0000000795580000)
  object space 62976K, 57% used [0x0000000740000000,0x000000074237dce0,0x0000000743d80000)
 Metaspace       used 21329K, capacity 21535K, committed 21808K, reserved 1069056K
  class space    used 2043K, capacity 2112K, committed 2176K, reserved 1048576K
Event: 146.455 GC heap after
Heap after GC invocations=33 (full 1):
 PSYoungGen      total 54784K, used 2976K [0x0000000795580000, 0x0000000799380000, 0x00000007c0000000)
  eden space 48128K, 0% used [0x0000000795580000,0x0000000795580000,0x0000000798480000)
  from space 6656K, 44% used [0x0000000798d00000,0x0000000798fe80b0,0x0000000799380000)
  to   space 7680K, 0% used [0x0000000798480000,0x0000000798480000,0x0000000798c00000)
 ParOldGen       total 62976K, used 37927K [0x0000000740000000, 0x0000000743d80000, 0x0000000795580000)
  object space 62976K, 60% used [0x0000000740000000,0x0000000742509d40,0x0000000743d80000)
 Metaspace       used 21329K, capacity 21535K, committed 21808K, reserved 1069056K
  class space    used 2043K, capacity 2112K, committed 2176K, reserved 1048576K
}
Event: 150.585 GC heap before
{Heap before GC invocations=34 (full 1):
 PSYoungGen      total 54784K, used 51104K [0x0000000795580000, 0x0000000799380000, 0x00000007c0000000)
  eden space 48128K, 100% used [0x0000000795580000,0x0000000798480000,0x0000000798480000)
  from space 6656K, 44% used [0x0000000798d00000,0x0000000798fe80b0,0x0000000799380000)
  to   space 7680K, 0% used [0x0000000798480000,0x0000000798480000,0x0000000798c00000)
 ParOldGen       total 62976K, used 37927K [0x0000000740000000, 0x0000000743d80000, 0x0000000795580000)
  object space 62976K, 60% used [0x0000000740000000,0x0000000742509d40,0x0000000743d80000)
 Metaspace       used 21329K, capacity 21535K, committed 21808K, reserved 1069056K
  class space    used 2043K, capacity 2112K, committed 2176K, reserved 1048576K
Event: 150.587 GC heap after
Heap after GC invocations=34 (full 1):
 PSYoungGen      total 48128K, used 672K [0x0000000795580000, 0x0000000799280000, 0x00000007c0000000)
  eden space 47104K, 0% used [0x0000000795580000,0x0000000795580000,0x0000000798380000)
  from space 1024K, 65% used [0x0000000798480000,0x0000000798528020,0x0000000798580000)
  to   space 7680K, 0% used [0x0000000798b00000,0x0000000798b00000,0x0000000799280000)
 ParOldGen       total 62976K, used 40271K [0x0000000740000000, 0x0000000743d80000, 0x0000000795580000)
  object space 62976K, 63% used [0x0000000740000000,0x0000000742753dd0,0x0000000743d80000)
 Metaspace       used 21329K, capacity 21535K, committed 21808K, reserved 1069056K
  class space    used 2043K, capacity 2112K, committed 2176K, reserved 1048576K
}
Event: 154.684 GC heap before
{Heap before GC invocations=35 (full 1):
 PSYoungGen      total 48128K, used 47776K [0x0000000795580000, 0x0000000799280000, 0x00000007c0000000)
  eden space 47104K, 100% used [0x0000000795580000,0x0000000798380000,0x0000000798380000)
  from space 1024K, 65% used [0x0000000798480000,0x0000000798528020,0x0000000798580000)
  to   space 7680K, 0% used [0x0000000798b00000,0x0000000798b00000,0x0000000799280000)
 ParOldGen       total 62976K, used 40271K [0x0000000740000000, 0x0000000743d80000, 0x0000000795580000)
  object space 62976K, 63% used [0x0000000740000000,0x0000000742753dd0,0x0000000743d80000)
 Metaspace       used 21329K, capacity 21535K, committed 21808K, reserved 1069056K
  class space    used 2043K, capacity 2112K, committed 2176K, reserved 1048576K
Event: 154.686 GC heap after
Heap after GC invocations=35 (full 1):
 PSYoungGen      total 53760K, used 96K [0x0000000795580000, 0x0000000799280000, 0x00000007c0000000)
  eden space 46080K, 0% used [0x0000000795580000,0x0000000795580000,0x0000000798280000)
  from space 7680K, 1% used [0x0000000798b00000,0x0000000798b18000,0x0000000799280000)
  to   space 8192K, 0% used [0x0000000798280000,0x0000000798280000,0x0000000798a80000)
 ParOldGen       total 62976K, used 40815K [0x0000000740000000, 0x0000000743d80000, 0x0000000795580000)
  object space 62976K, 64% used [0x0000000740000000,0x00000007427dbdf0,0x0000000743d80000)
 Metaspace       used 21329K, capacity 21535K, committed 21808K, reserved 1069056K
  class space    used 2043K, capacity 2112K, committed 2176K, reserved 1048576K
}

Deoptimization events (10 events):
Event: 157.433 Thread 0x00007fd089aab800 Uncommon trap: reason=class_check action=maybe_recompile pc=0x0000000111a9bb6c method=java.awt.Component.getGraphics()Ljava/awt/Graphics; @ 114
Event: 157.434 Thread 0x00007fd08a006800 Uncommon trap: reason=unstable_if action=reinterpret pc=0x00000001115da160 method=java.awt.EventQueue.isDispatchThreadImpl()Z @ 65
Event: 157.435 Thread 0x00007fd08997a800 Uncommon trap: reason=class_check action=maybe_recompile pc=0x0000000111b2ddc0 method=com.jogamp.common.util.RunnableTask.run()V @ 24
Event: 157.436 Thread 0x00007fd08997a800 Uncommon trap: reason=unstable_if action=reinterpret pc=0x00000001119db83c method=jogamp.nativewindow.macosx.OSXUtil.RunOnMainThread(ZZLjava/lang/Runnable;)V @ 3
Event: 157.442 Thread 0x00007fd08a006800 Uncommon trap: reason=unstable_if action=reinterpret pc=0x0000000111a8f730 method=jogamp.opengl.GLContextImpl.release(Z)V @ 161
Event: 157.444 Thread 0x00007fd08a006800 Uncommon trap: reason=unstable_if action=reinterpret pc=0x000000011149c4d8 method=java.util.LinkedList$ListItr.<init>(Ljava/util/LinkedList;I)V @ 26
Event: 157.444 Thread 0x00007fd08a006800 Uncommon trap: reason=unstable_if action=reinterpret pc=0x0000000111be4b90 method=java.security.AccessControlContext.optimize()Ljava/security/AccessControlContext; @ 233
Event: 157.445 Thread 0x00007fd08a006800 Uncommon trap: reason=unstable_if action=reinterpret pc=0x0000000111833e84 method=java.util.LinkedList$ListItr.<init>(Ljava/util/LinkedList;I)V @ 26
Event: 157.446 Thread 0x00007fd089aab800 Uncommon trap: reason=class_check action=maybe_recompile pc=0x0000000111a9bb6c method=java.awt.Component.getGraphics()Ljava/awt/Graphics; @ 114
Event: 157.447 Thread 0x00007fd08997a800 Uncommon trap: reason=class_check action=maybe_recompile pc=0x0000000111b2ddc0 method=com.jogamp.common.util.RunnableTask.run()V @ 24

Internal exceptions (10 events):
Event: 0.224 Thread 0x00007fd08a006800 Exception <a 'java/lang/NoSuchFieldError': method resolution failed> (0x0000000795793768) thrown at [/HUDSON3/workspace/8-2-build-macosx-x86_64/jdk8u101/7261/hotspot/src/share/vm/prims/methodHandles.cpp, line 1146]
Event: 0.489 Thread 0x00007fd08a006800 Exception <a 'java/io/FileNotFoundException'> (0x000000079580ed30) thrown at [/HUDSON3/workspace/8-2-build-macosx-x86_64/jdk8u101/7261/hotspot/src/share/vm/prims/jni.cpp, line 709]
Event: 0.489 Thread 0x00007fd08a006800 Exception <a 'java/io/FileNotFoundException'> (0x000000079580f8b8) thrown at [/HUDSON3/workspace/8-2-build-macosx-x86_64/jdk8u101/7261/hotspot/src/share/vm/prims/jni.cpp, line 709]
Event: 0.636 Thread 0x00007fd08a006800 Exception <a 'java/io/FileNotFoundException'> (0x000000079594b2a0) thrown at [/HUDSON3/workspace/8-2-build-macosx-x86_64/jdk8u101/7261/hotspot/src/share/vm/prims/jni.cpp, line 709]
Event: 2.701 Thread 0x00007fd08a170000 Exception <a 'java/lang/UnsatisfiedLinkError': com.jogamp.common.util.JarUtil.fixNativeLibAttribs(Ljava/lang/String;)Z> (0x0000000796a829b0) thrown at [/HUDSON3/workspace/8-2-build-macosx-x86_64/jdk8u101/7261/hotspot/src/share/vm/prims/nativeLookup.cpp, l
Event: 3.266 Thread 0x00007fd089011800 Exception <a 'java/lang/NullPointerException'> (0x00000007956fd850) thrown at [/HUDSON3/workspace/8-2-build-macosx-x86_64/jdk8u101/7261/hotspot/src/share/vm/interpreter/linkResolver.cpp, line 1178]
Event: 3.978 Thread 0x00007fd08a006800 Exception <a 'java/io/FileNotFoundException'> (0x0000000795e98c08) thrown at [/HUDSON3/workspace/8-2-build-macosx-x86_64/jdk8u101/7261/hotspot/src/share/vm/prims/jni.cpp, line 709]
Event: 3.978 Thread 0x00007fd08a006800 Exception <a 'java/io/FileNotFoundException'> (0x0000000795e9ef90) thrown at [/HUDSON3/workspace/8-2-build-macosx-x86_64/jdk8u101/7261/hotspot/src/share/vm/prims/jni.cpp, line 709]
Event: 3.978 Thread 0x00007fd08a006800 Implicit null exception at 0x000000011153c0b5 to 0x000000011153c42d
Event: 72.127 Thread 0x00007fd089788800 Exception <a 'java/security/PrivilegedActionException'> (0x0000000795ef09a0) thrown at [/HUDSON3/workspace/8-2-build-macosx-x86_64/jdk8u101/7261/hotspot/src/share/vm/prims/jvm.cpp, line 1386]

Events (10 events):
Event: 157.445 Thread 0x00007fd08a006800 DEOPT UNPACKING pc=0x00000001113a2229 sp=0x00007000019e89e8 mode 2
Event: 157.446 Thread 0x00007fd0890de800 Thread exited: 0x00007fd0890de800
Event: 157.446 loading class java/awt/Window$1DisposeAction
Event: 157.446 loading class java/awt/Window$1DisposeAction done
Event: 157.446 Thread 0x00007fd089aab800 Uncommon trap: trap_request=0xffffffde fr.pc=0x0000000111a9bb6c
Event: 157.446 Thread 0x00007fd089aab800 DEOPT PACKING pc=0x0000000111a9bb6c sp=0x00007000017e2c20
Event: 157.446 Thread 0x00007fd089aab800 DEOPT UNPACKING pc=0x00000001113a2229 sp=0x00007000017e2c30 mode 2
Event: 157.447 Thread 0x00007fd08997a800 Uncommon trap: trap_request=0xffffffde fr.pc=0x0000000111b2ddc0
Event: 157.447 Thread 0x00007fd08997a800 DEOPT PACKING pc=0x0000000111b2ddc0 sp=0x00007fff50d026d0
Event: 157.447 Thread 0x00007fd08997a800 DEOPT UNPACKING pc=0x00000001113a2229 sp=0x00007fff50d02678 mode 2


Dynamic libraries:
0x000000000a325000 	/System/Library/Frameworks/Cocoa.framework/Versions/A/Cocoa
0x000000010ef14000 	/System/Library/Frameworks/Security.framework/Versions/A/Security
0x000000000a325000 	/System/Library/Frameworks/ApplicationServices.framework/Versions/A/ApplicationServices
0x000000000a325000 	/usr/lib/libz.1.dylib
0x000000000a325000 	/usr/lib/libSystem.B.dylib
0x000000000a325000 	/usr/lib/libobjc.A.dylib
0x000000000a325000 	/System/Library/Frameworks/CoreFoundation.framework/Versions/A/CoreFoundation
0x000000000a325000 	/System/Library/Frameworks/Foundation.framework/Versions/C/Foundation
0x000000000a325000 	/System/Library/Frameworks/AppKit.framework/Versions/C/AppKit
0x000000000a325000 	/System/Library/Frameworks/CoreData.framework/Versions/A/CoreData
0x000000000a325000 	/System/Library/PrivateFrameworks/RemoteViewServices.framework/Versions/A/RemoteViewServices
0x000000000a325000 	/System/Library/PrivateFrameworks/UIFoundation.framework/Versions/A/UIFoundation
0x000000000a325000 	/usr/lib/libScreenReader.dylib
0x000000000a325000 	/System/Library/Frameworks/Accelerate.framework/Versions/A/Accelerate
0x000000000a325000 	/System/Library/Frameworks/IOSurface.framework/Versions/A/IOSurface
0x000000000a325000 	/System/Library/Frameworks/AudioToolbox.framework/Versions/A/AudioToolbox
0x000000000a325000 	/System/Library/Frameworks/AudioUnit.framework/Versions/A/AudioUnit
0x000000000a325000 	/System/Library/PrivateFrameworks/DataDetectorsCore.framework/Versions/A/DataDetectorsCore
0x000000000a325000 	/System/Library/PrivateFrameworks/DesktopServicesPriv.framework/Versions/A/DesktopServicesPriv
0x000000000a325000 	/System/Library/Frameworks/Carbon.framework/Versions/A/Frameworks/HIToolbox.framework/Versions/A/HIToolbox
0x000000000a325000 	/System/Library/Frameworks/QuartzCore.framework/Versions/A/QuartzCore
0x000000000a325000 	/System/Library/Frameworks/Carbon.framework/Versions/A/Frameworks/SpeechRecognition.framework/Versions/A/SpeechRecognition
0x000000000a325000 	/usr/lib/libauto.dylib
0x000000000a325000 	/usr/lib/libicucore.A.dylib
0x000000000a325000 	/usr/lib/libxml2.2.dylib
0x000000000a325000 	/System/Library/PrivateFrameworks/CoreUI.framework/Versions/A/CoreUI
0x000000000a325000 	/System/Library/Frameworks/CoreAudio.framework/Versions/A/CoreAudio
0x000000000a325000 	/System/Library/Frameworks/DiskArbitration.framework/Versions/A/DiskArbitration
0x000000000a325000 	/usr/lib/liblangid.dylib
0x000000000a325000 	/System/Library/PrivateFrameworks/MultitouchSupport.framework/Versions/A/MultitouchSupport
0x000000000a325000 	/System/Library/Frameworks/IOKit.framework/Versions/A/IOKit
0x000000000a325000 	/usr/lib/libDiagnosticMessagesClient.dylib
0x000000000a325000 	/System/Library/Frameworks/CoreServices.framework/Versions/A/CoreServices
0x000000000a325000 	/System/Library/PrivateFrameworks/PerformanceAnalysis.framework/Versions/A/PerformanceAnalysis
0x000000000a325000 	/System/Library/PrivateFrameworks/GenerationalStorage.framework/Versions/A/GenerationalStorage
0x000000000a325000 	/System/Library/Frameworks/OpenGL.framework/Versions/A/OpenGL
0x000000000a325000 	/System/Library/PrivateFrameworks/Sharing.framework/Versions/A/Sharing
0x000000000a325000 	/System/Library/Frameworks/CoreGraphics.framework/Versions/A/CoreGraphics
0x000000000a325000 	/System/Library/Frameworks/CoreImage.framework/Versions/A/CoreImage
0x000000000a325000 	/System/Library/Frameworks/CoreText.framework/Versions/A/CoreText
0x000000000a325000 	/System/Library/Frameworks/ImageIO.framework/Versions/A/ImageIO
0x000000000a325000 	/System/Library/PrivateFrameworks/Backup.framework/Versions/A/Backup
0x000000000a325000 	/usr/lib/libextension.dylib
0x000000000a325000 	/usr/lib/libarchive.2.dylib
0x000000010f330000 	/System/Library/Frameworks/CFNetwork.framework/Versions/A/CFNetwork
0x000000000a325000 	/System/Library/Frameworks/SystemConfiguration.framework/Versions/A/SystemConfiguration
0x000000000a325000 	/usr/lib/libCRFSuite.dylib
0x000000000a325000 	/usr/lib/libc++.1.dylib
0x000000000a325000 	/usr/lib/libc++abi.dylib
0x000000000a325000 	/usr/lib/system/libcache.dylib
0x000000000a325000 	/usr/lib/system/libcommonCrypto.dylib
0x000000000a325000 	/usr/lib/system/libcompiler_rt.dylib
0x000000000a325000 	/usr/lib/system/libcopyfile.dylib
0x000000000a325000 	/usr/lib/system/libcorecrypto.dylib
0x000000000a325000 	/usr/lib/system/libdispatch.dylib
0x000000000a325000 	/usr/lib/system/libdyld.dylib
0x000000000a325000 	/usr/lib/system/libkeymgr.dylib
0x000000000a325000 	/usr/lib/system/liblaunch.dylib
0x000000000a325000 	/usr/lib/system/libmacho.dylib
0x000000000a325000 	/usr/lib/system/libquarantine.dylib
0x000000000a325000 	/usr/lib/system/libremovefile.dylib
0x000000000a325000 	/usr/lib/system/libsystem_asl.dylib
0x000000000a325000 	/usr/lib/system/libsystem_blocks.dylib
0x000000000a325000 	/usr/lib/system/libsystem_c.dylib
0x000000000a325000 	/usr/lib/system/libsystem_configuration.dylib
0x000000000a325000 	/usr/lib/system/libsystem_coreservices.dylib
0x000000000a325000 	/usr/lib/system/libsystem_coretls.dylib
0x000000000a325000 	/usr/lib/system/libsystem_dnssd.dylib
0x000000000a325000 	/usr/lib/system/libsystem_info.dylib
0x000000000a325000 	/usr/lib/system/libsystem_kernel.dylib
0x000000000a325000 	/usr/lib/system/libsystem_m.dylib
0x000000000a325000 	/usr/lib/system/libsystem_malloc.dylib
0x000000000a325000 	/usr/lib/system/libsystem_network.dylib
0x000000000a325000 	/usr/lib/system/libsystem_networkextension.dylib
0x000000000a325000 	/usr/lib/system/libsystem_notify.dylib
0x000000000a325000 	/usr/lib/system/libsystem_platform.dylib
0x000000000a325000 	/usr/lib/system/libsystem_pthread.dylib
0x000000000a325000 	/usr/lib/system/libsystem_sandbox.dylib
0x000000000a325000 	/usr/lib/system/libsystem_secinit.dylib
0x000000000a325000 	/usr/lib/system/libsystem_trace.dylib
0x000000000a325000 	/usr/lib/system/libunc.dylib
0x000000000a325000 	/usr/lib/system/libunwind.dylib
0x000000000a325000 	/usr/lib/system/libxpc.dylib
0x000000000a325000 	/usr/lib/libenergytrace.dylib
0x000000000a325000 	/usr/lib/libbsm.0.dylib
0x000000000a325000 	/usr/lib/system/libkxld.dylib
0x000000000a325000 	/usr/lib/libxar.1.dylib
0x000000000a325000 	/usr/lib/libsqlite3.dylib
0x000000000a325000 	/usr/lib/libpam.2.dylib
0x000000000a325000 	/usr/lib/libOpenScriptingUtil.dylib
0x000000000a325000 	/usr/lib/libbz2.1.0.dylib
0x000000000a325000 	/usr/lib/liblzma.5.dylib
0x000000000a325000 	/System/Library/Frameworks/CoreServices.framework/Versions/A/Frameworks/FSEvents.framework/Versions/A/FSEvents
0x000000000a325000 	/System/Library/Frameworks/CoreServices.framework/Versions/A/Frameworks/CarbonCore.framework/Versions/A/CarbonCore
0x000000000a325000 	/System/Library/Frameworks/CoreServices.framework/Versions/A/Frameworks/Metadata.framework/Versions/A/Metadata
0x000000000a325000 	/System/Library/Frameworks/CoreServices.framework/Versions/A/Frameworks/OSServices.framework/Versions/A/OSServices
0x000000000a325000 	/System/Library/Frameworks/CoreServices.framework/Versions/A/Frameworks/SearchKit.framework/Versions/A/SearchKit
0x000000000a325000 	/System/Library/Frameworks/CoreServices.framework/Versions/A/Frameworks/AE.framework/Versions/A/AE
0x000000000a325000 	/System/Library/Frameworks/CoreServices.framework/Versions/A/Frameworks/LaunchServices.framework/Versions/A/LaunchServices
0x000000000a325000 	/System/Library/Frameworks/CoreServices.framework/Versions/A/Frameworks/DictionaryServices.framework/Versions/A/DictionaryServices
0x000000000a325000 	/System/Library/Frameworks/CoreServices.framework/Versions/A/Frameworks/SharedFileList.framework/Versions/A/SharedFileList
0x000000000a325000 	/System/Library/Frameworks/NetFS.framework/Versions/A/NetFS
0x000000000a325000 	/System/Library/PrivateFrameworks/NetAuth.framework/Versions/A/NetAuth
0x000000000a325000 	/System/Library/PrivateFrameworks/login.framework/Versions/A/Frameworks/loginsupport.framework/Versions/A/loginsupport
0x000000000a325000 	/System/Library/PrivateFrameworks/TCC.framework/Versions/A/TCC
0x000000000a325000 	/usr/lib/libmecabra.dylib
0x000000000a325000 	/System/Library/Frameworks/ApplicationServices.framework/Versions/A/Frameworks/ATS.framework/Versions/A/ATS
0x000000000a325000 	/System/Library/Frameworks/ApplicationServices.framework/Versions/A/Frameworks/ColorSync.framework/Versions/A/ColorSync
0x000000000a325000 	/System/Library/Frameworks/ApplicationServices.framework/Versions/A/Frameworks/HIServices.framework/Versions/A/HIServices
0x000000000a325000 	/System/Library/Frameworks/ApplicationServices.framework/Versions/A/Frameworks/LangAnalysis.framework/Versions/A/LangAnalysis
0x000000000a325000 	/System/Library/Frameworks/ApplicationServices.framework/Versions/A/Frameworks/PrintCore.framework/Versions/A/PrintCore
0x000000000a325000 	/System/Library/Frameworks/ApplicationServices.framework/Versions/A/Frameworks/QD.framework/Versions/A/QD
0x000000000a325000 	/System/Library/Frameworks/ApplicationServices.framework/Versions/A/Frameworks/SpeechSynthesis.framework/Versions/A/SpeechSynthesis
0x000000000a325000 	/System/Library/Frameworks/Metal.framework/Versions/A/Metal
0x000000000a325000 	/System/Library/Frameworks/Accelerate.framework/Versions/A/Frameworks/vImage.framework/Versions/A/vImage
0x000000000a325000 	/System/Library/Frameworks/Accelerate.framework/Versions/A/Frameworks/vecLib.framework/Versions/A/vecLib
0x000000000a325000 	/System/Library/Frameworks/Accelerate.framework/Versions/A/Frameworks/vecLib.framework/Versions/A/libvDSP.dylib
0x000000000a325000 	/System/Library/Frameworks/Accelerate.framework/Versions/A/Frameworks/vecLib.framework/Versions/A/libvMisc.dylib
0x000000000a325000 	/System/Library/Frameworks/Accelerate.framework/Versions/A/Frameworks/vecLib.framework/Versions/A/libLAPACK.dylib
0x000000000a325000 	/System/Library/Frameworks/Accelerate.framework/Versions/A/Frameworks/vecLib.framework/Versions/A/libBLAS.dylib
0x000000000a325000 	/System/Library/Frameworks/Accelerate.framework/Versions/A/Frameworks/vecLib.framework/Versions/A/libLinearAlgebra.dylib
0x000000000a325000 	/System/Library/Frameworks/Accelerate.framework/Versions/A/Frameworks/vecLib.framework/Versions/A/libSparseBLAS.dylib
0x000000000a325000 	/System/Library/PrivateFrameworks/GPUCompiler.framework/libmetal_timestamp.dylib
0x000000000a325000 	/System/Library/Frameworks/OpenGL.framework/Versions/A/Libraries/libCoreFSCache.dylib
0x000000000a325000 	/System/Library/PrivateFrameworks/IOAccelerator.framework/Versions/A/IOAccelerator
0x000000000a325000 	/System/Library/Frameworks/ApplicationServices.framework/Versions/A/Frameworks/ATS.framework/Versions/A/Resources/libFontParser.dylib
0x000000000a325000 	/System/Library/Frameworks/ApplicationServices.framework/Versions/A/Frameworks/ATS.framework/Versions/A/Resources/libFontRegistry.dylib
0x000000000a325000 	/System/Library/PrivateFrameworks/AppleVPA.framework/Versions/A/AppleVPA
0x000000000a325000 	/System/Library/PrivateFrameworks/AppleJPEG.framework/Versions/A/AppleJPEG
0x000000000a325000 	/System/Library/Frameworks/ImageIO.framework/Versions/A/Resources/libJPEG.dylib
0x000000000a325000 	/System/Library/Frameworks/ImageIO.framework/Versions/A/Resources/libTIFF.dylib
0x000000000a325000 	/System/Library/Frameworks/ImageIO.framework/Versions/A/Resources/libPng.dylib
0x000000000a325000 	/System/Library/Frameworks/ImageIO.framework/Versions/A/Resources/libGIF.dylib
0x000000000a325000 	/System/Library/Frameworks/ImageIO.framework/Versions/A/Resources/libJP2.dylib
0x000000000a325000 	/System/Library/Frameworks/ImageIO.framework/Versions/A/Resources/libRadiance.dylib
0x000000000a325000 	/System/Library/Frameworks/CoreVideo.framework/Versions/A/CoreVideo
0x000000000a325000 	/System/Library/Frameworks/OpenGL.framework/Versions/A/Libraries/libGLU.dylib
0x000000000a325000 	/System/Library/Frameworks/OpenGL.framework/Versions/A/Libraries/libGFXShared.dylib
0x000000000a325000 	/System/Library/Frameworks/OpenGL.framework/Versions/A/Libraries/libGL.dylib
0x000000000a325000 	/System/Library/Frameworks/OpenGL.framework/Versions/A/Libraries/libGLImage.dylib
0x000000000a325000 	/System/Library/Frameworks/OpenGL.framework/Versions/A/Libraries/libCVMSPluginSupport.dylib
0x000000000a325000 	/System/Library/Frameworks/OpenGL.framework/Versions/A/Libraries/libCoreVMClient.dylib
0x000000000a325000 	/usr/lib/libcompression.dylib
0x000000000a325000 	/usr/lib/libcups.2.dylib
0x000000000a325000 	/System/Library/Frameworks/Kerberos.framework/Versions/A/Kerberos
0x000000000a325000 	/System/Library/Frameworks/GSS.framework/Versions/A/GSS
0x000000000a325000 	/usr/lib/libresolv.9.dylib
0x000000000a325000 	/usr/lib/libiconv.2.dylib
0x000000000a325000 	/System/Library/PrivateFrameworks/Heimdal.framework/Versions/A/Heimdal
0x000000000a325000 	/usr/lib/libheimdal-asn1.dylib
0x000000000a325000 	/System/Library/Frameworks/OpenDirectory.framework/Versions/A/OpenDirectory
0x000000000a325000 	/System/Library/PrivateFrameworks/CommonAuth.framework/Versions/A/CommonAuth
0x000000000a325000 	/System/Library/Frameworks/OpenDirectory.framework/Versions/A/Frameworks/CFOpenDirectory.framework/Versions/A/CFOpenDirectory
0x000000000a325000 	/System/Library/Frameworks/SecurityFoundation.framework/Versions/A/SecurityFoundation
0x000000000a325000 	/System/Library/PrivateFrameworks/LanguageModeling.framework/Versions/A/LanguageModeling
0x000000000a325000 	/usr/lib/libmarisa.dylib
0x000000000a325000 	/usr/lib/libChineseTokenizer.dylib
0x000000000a325000 	/usr/lib/libcmph.dylib
0x000000000a325000 	/System/Library/Frameworks/ServiceManagement.framework/Versions/A/ServiceManagement
0x000000000a325000 	/usr/lib/libxslt.1.dylib
0x000000000a325000 	/System/Library/Frameworks/Carbon.framework/Versions/A/Frameworks/Ink.framework/Versions/A/Ink
0x000000000a325000 	/usr/lib/libFosl_dynamic.dylib
0x000000000a325000 	/System/Library/PrivateFrameworks/FaceCore.framework/Versions/A/FaceCore
0x000000000a325000 	/System/Library/Frameworks/OpenCL.framework/Versions/A/OpenCL
0x000000000a325000 	/System/Library/PrivateFrameworks/CrashReporterSupport.framework/Versions/A/CrashReporterSupport
0x000000000a325000 	/System/Library/PrivateFrameworks/IconServices.framework/Versions/A/IconServices
0x000000000a325000 	/System/Library/PrivateFrameworks/Apple80211.framework/Versions/A/Apple80211
0x000000000a325000 	/System/Library/Frameworks/CoreWLAN.framework/Versions/A/CoreWLAN
0x000000000a325000 	/System/Library/Frameworks/IOBluetooth.framework/Versions/A/IOBluetooth
0x000000000a325000 	/System/Library/PrivateFrameworks/CoreWiFi.framework/Versions/A/CoreWiFi
0x000000000a325000 	/System/Library/Frameworks/CoreBluetooth.framework/Versions/A/CoreBluetooth
0x000000000a325000 	/System/Library/PrivateFrameworks/ChunkingLibrary.framework/Versions/A/ChunkingLibrary
0x000000000a325000 	/System/Library/PrivateFrameworks/DebugSymbols.framework/Versions/A/DebugSymbols
0x000000000a325000 	/System/Library/PrivateFrameworks/CoreSymbolication.framework/Versions/A/CoreSymbolication
0x000000000a325000 	/System/Library/PrivateFrameworks/Symbolication.framework/Versions/A/Symbolication
0x000000000a325000 	/System/Library/PrivateFrameworks/SpeechRecognitionCore.framework/Versions/A/SpeechRecognitionCore
0x0000000110400000 	/Library/Java/JavaVirtualMachines/jdk1.8.0_101.jdk/Contents/Home/jre/lib/server/libjvm.dylib
0x000000000a325000 	/usr/lib/libstdc++.6.dylib
0x000000010fa05000 	/Library/Java/JavaVirtualMachines/jdk1.8.0_101.jdk/Contents/Home/jre/lib/libverify.dylib
0x000000010fa13000 	/Library/Java/JavaVirtualMachines/jdk1.8.0_101.jdk/Contents/Home/jre/lib/libjava.dylib
0x000000010fa52000 	/Library/Java/JavaVirtualMachines/jdk1.8.0_101.jdk/Contents/Home/jre/lib/libzip.dylib
0x0000000126b6e000 	/System/Library/Frameworks/JavaVM.framework/Frameworks/JavaRuntimeSupport.framework/JavaRuntimeSupport
0x0000000126b89000 	/System/Library/Frameworks/JavaVM.framework/Versions/A/Frameworks/JavaNativeFoundation.framework/Versions/A/JavaNativeFoundation
0x000000010fbee000 	/System/Library/Frameworks/JavaVM.framework/Versions/A/JavaVM
0x000000000a325000 	/System/Library/Frameworks/Carbon.framework/Versions/A/Carbon
0x0000000126b9e000 	/System/Library/PrivateFrameworks/JavaLaunching.framework/Versions/A/JavaLaunching
0x000000000a325000 	/System/Library/Frameworks/Carbon.framework/Versions/A/Frameworks/CommonPanels.framework/Versions/A/CommonPanels
0x000000000a325000 	/System/Library/Frameworks/Carbon.framework/Versions/A/Frameworks/Help.framework/Versions/A/Help
0x000000000a325000 	/System/Library/Frameworks/Carbon.framework/Versions/A/Frameworks/ImageCapture.framework/Versions/A/ImageCapture
0x000000000a325000 	/System/Library/Frameworks/Carbon.framework/Versions/A/Frameworks/OpenScripting.framework/Versions/A/OpenScripting
0x000000000a325000 	/System/Library/Frameworks/Carbon.framework/Versions/A/Frameworks/Print.framework/Versions/A/Print
0x000000000a325000 	/System/Library/Frameworks/Carbon.framework/Versions/A/Frameworks/SecurityHI.framework/Versions/A/SecurityHI
0x00000001284bf000 	/Library/Java/JavaVirtualMachines/jdk1.8.0_101.jdk/Contents/Home/jre/lib/libawt.dylib
0x0000000128567000 	/Library/Java/JavaVirtualMachines/jdk1.8.0_101.jdk/Contents/Home/jre/lib/./libmlib_image.dylib
0x0000000128633000 	/Library/Java/JavaVirtualMachines/jdk1.8.0_101.jdk/Contents/Home/jre/lib/libawt_lwawt.dylib
0x00000001286e8000 	/Library/Java/JavaVirtualMachines/jdk1.8.0_101.jdk/Contents/Home/jre/lib/./libosxapp.dylib
0x000000000a325000 	/System/Library/Frameworks/ExceptionHandling.framework/Versions/A/ExceptionHandling
0x000000000a325000 	/System/Library/PrivateFrameworks/CoreServicesInternal.framework/Versions/A/CoreServicesInternal
0x0000000128ead000 	/System/Library/Frameworks/CoreGraphics.framework/Versions/A/Resources/libRIP.A.dylib
0x000000000a325000 	/System/Library/Frameworks/Accelerate.framework/Versions/A/Frameworks/vImage.framework/Versions/A/Libraries/libCGInterfaces.dylib
0x0000000129054000 	/System/Library/Frameworks/CoreGraphics.framework/Versions/A/Resources/libCGXType.A.dylib
0x000000000a325000 	/System/Library/Frameworks/OpenCL.framework/Versions/A/Libraries/libcldcpuengine.dylib
0x000000000a325000 	/System/Library/PrivateFrameworks/DiskImages.framework/Versions/A/DiskImages
0x000000000a325000 	/System/Library/Frameworks/DiscRecording.framework/Versions/A/DiscRecording
0x000000000a325000 	/usr/lib/libcsfde.dylib
0x000000000a325000 	/usr/lib/libcurl.4.dylib
0x000000000a325000 	/System/Library/PrivateFrameworks/MediaKit.framework/Versions/A/MediaKit
0x000000000a325000 	/System/Library/PrivateFrameworks/ProtectedCloudStorage.framework/Versions/A/ProtectedCloudStorage
0x000000000a325000 	/usr/lib/libCoreStorage.dylib
0x000000000a325000 	/System/Library/PrivateFrameworks/EFILogin.framework/Versions/A/EFILogin
0x000000000a325000 	/usr/lib/libutil.dylib
0x000000000a325000 	/System/Library/PrivateFrameworks/FindMyDevice.framework/Versions/A/FindMyDevice
0x000000000a325000 	/System/Library/Frameworks/LDAP.framework/Versions/A/LDAP
0x000000000a325000 	/usr/lib/libsasl2.2.dylib
0x000000000a325000 	/System/Library/PrivateFrameworks/CoreDaemon.framework/Versions/B/CoreDaemon
0x000000000a325000 	/usr/lib/libcrypto.0.9.8.dylib
0x000000000a325000 	/System/Library/PrivateFrameworks/AppleSRP.framework/Versions/A/AppleSRP
0x000000000a325000 	/System/Library/PrivateFrameworks/TrustEvaluationAgent.framework/Versions/A/TrustEvaluationAgent
0x0000000129eb5000 	cl_kernels
0x000000000a325000 	/System/Library/Frameworks/OpenCL.framework/Versions/A/Libraries/ImageFormats/unorm8_bgra.dylib
0x000000000a325000 	/System/Library/Frameworks/OpenCL.framework/Versions/A/Libraries/ImageFormats/unorm8_rgba.dylib
0x000000000a325000 	/System/Library/PrivateFrameworks/FamilyControls.framework/Versions/A/FamilyControls
0x000000000a325000 	/System/Library/PrivateFrameworks/CommerceKit.framework/Versions/A/Frameworks/CommerceCore.framework/Versions/A/CommerceCore
0x000000000a325000 	/System/Library/PrivateFrameworks/SystemAdministration.framework/Versions/A/SystemAdministration
0x000000000a325000 	/System/Library/PrivateFrameworks/AppContainer.framework/Versions/A/AppContainer
0x000000000a325000 	/System/Library/PrivateFrameworks/SecCodeWrapper.framework/Versions/A/SecCodeWrapper
0x000000000a325000 	/System/Library/Frameworks/DirectoryService.framework/Versions/A/DirectoryService
0x000000000a325000 	/System/Library/PrivateFrameworks/LoginUIKit.framework/Versions/A/Frameworks/LoginUICore.framework/Versions/A/LoginUICore
0x000000000a325000 	/usr/lib/libodfde.dylib
0x000000000a325000 	/System/Library/Frameworks/OpenGL.framework/Versions/A/Resources/GLEngine.bundle/GLEngine
0x000000000a325000 	/System/Library/Frameworks/OpenGL.framework/Versions/A/Libraries/libGLProgrammability.dylib
0x000000012af2a000 	/System/Library/Extensions/AppleIntelHD4000GraphicsGLDriver.bundle/Contents/MacOS/AppleIntelHD4000GraphicsGLDriver
0x000000000a325000 	/System/Library/PrivateFrameworks/GPUSupport.framework/Versions/A/Libraries/libGPUSupportMercury.dylib
0x000000000a325000 	/System/Library/Frameworks/OpenGL.framework/Versions/A/Resources/GLRendererFloat.bundle/GLRendererFloat
0x000000012be4f000 	/Library/Java/JavaVirtualMachines/jdk1.8.0_101.jdk/Contents/Home/jre/lib/libfontmanager.dylib
0x000000012d32f000 	/Library/Java/JavaVirtualMachines/jdk1.8.0_101.jdk/Contents/Home/jre/lib/libosxui.dylib
0x000000012e03f000 	/Library/Java/JavaVirtualMachines/jdk1.8.0_101.jdk/Contents/Home/jre/lib/libnet.dylib
0x000000012de8b000 	/Library/Java/JavaVirtualMachines/jdk1.8.0_101.jdk/Contents/Home/jre/lib/libnio.dylib
0x000000000a325000 	/System/Library/Frameworks/ApplicationServices.framework/Versions/A/Frameworks/ATS.framework/Versions/A/Resources/libTrueTypeScaler.dylib
0x000000017ef69000 	/System/Library/Extensions/AppleIntelHD4000GraphicsMTLDriver.bundle/Contents/MacOS/AppleIntelHD4000GraphicsMTLDriver
0x0000000129490000 	/private/var/folders/yd/w0h308490sjfy_hf_nbsv22h0000gn/T/jogamp_0000/file_cache/jln7867875931429324465/jln8902322231822158895/libgluegen-rt.jnilib
0x0000000129495000 	/private/var/folders/yd/w0h308490sjfy_hf_nbsv22h0000gn/T/jogamp_0000/file_cache/jln7867875931429324465/jln8902322231822158895/libnativewindow_awt.jnilib
0x0000000129498000 	/Library/Java/JavaVirtualMachines/jdk1.8.0_101.jdk/Contents/Home/jre/lib/libjawt.dylib
0x000000012949b000 	/private/var/folders/yd/w0h308490sjfy_hf_nbsv22h0000gn/T/jogamp_0000/file_cache/jln7867875931429324465/jln8902322231822158895/libnativewindow_macosx.jnilib
0x0000000180c2f000 	/private/var/folders/yd/w0h308490sjfy_hf_nbsv22h0000gn/T/jogamp_0000/file_cache/jln7867875931429324465/jln8902322231822158895/libjogl_desktop.jnilib
0x0000000129dfc000 	/Library/Java/JavaVirtualMachines/jdk1.8.0_101.jdk/Contents/Home/jre/lib/libjpeg.dylib
0x000000017eefe000 	/Library/Java/JavaVirtualMachines/jdk1.8.0_101.jdk/Contents/Home/jre/lib/libt2k.dylib

VM Arguments:
jvm_args: -Djava.security.policy=java.policy.applet -Dfile.encoding=UTF-8 
java_command: sun.applet.AppletViewer module5.EarthquakeCityMap1475023318077.html
java_class_path (initial): /Users/AndrewYou/Documents/workspace/UCSDUnfoldingMaps/build:/Users/AndrewYou/Documents/workspace/UCSDUnfoldingMaps/lib/core.jar:/Users/AndrewYou/Documents/workspace/UCSDUnfoldingMaps/lib/gluegen-rt.jar:/Users/AndrewYou/Documents/workspace/UCSDUnfoldingMaps/lib/jogl-all.jar:/Users/AndrewYou/Documents/workspace/UCSDUnfoldingMaps/lib/log4j-1.2.15.jar:/Users/AndrewYou/Documents/workspace/UCSDUnfoldingMaps/lib/sqlite-jdbc-3.7.2.jar:/Users/AndrewYou/Documents/workspace/UCSDUnfoldingMaps/lib/json4processing.jar:/Users/AndrewYou/Documents/workspace/UCSDUnfoldingMaps/lib/libTUIO.jar:/Users/AndrewYou/Documents/workspace/UCSDUnfoldingMaps/lib/unfolding.0.9.7-uscd.jar
Launcher Type: SUN_STANDARD

Environment Variables:
PATH=/usr/bin:/bin:/usr/sbin:/sbin
SHELL=/bin/bash

Signal Handlers:
SIGSEGV: [libjvm.dylib+0x5af145], sa_mask[0]=11111111011111110111111111111111, sa_flags=SA_ONSTACK|SA_RESTART|SA_SIGINFO
SIGBUS: [libjvm.dylib+0x5af145], sa_mask[0]=11111111011111110111111111111111, sa_flags=SA_RESTART|SA_SIGINFO
SIGFPE: [libjvm.dylib+0x48694c], sa_mask[0]=11111111011111110111111111111111, sa_flags=SA_RESTART|SA_SIGINFO
SIGPIPE: [libjvm.dylib+0x48694c], sa_mask[0]=11111111011111110111111111111111, sa_flags=SA_RESTART|SA_SIGINFO
SIGXFSZ: [libjvm.dylib+0x48694c], sa_mask[0]=11111111011111110111111111111111, sa_flags=SA_RESTART|SA_SIGINFO
SIGILL: [libjvm.dylib+0x48694c], sa_mask[0]=11111111011111110111111111111111, sa_flags=SA_RESTART|SA_SIGINFO
SIGUSR1: SIG_DFL, sa_mask[0]=00000000000000000000000000000000, sa_flags=none
SIGUSR2: [libjvm.dylib+0x48646a], sa_mask[0]=00100000000000000000000000000000, sa_flags=SA_RESTART|SA_SIGINFO
SIGHUP: [libjvm.dylib+0x484a41], sa_mask[0]=11111111011111110111111111111111, sa_flags=SA_RESTART|SA_SIGINFO
SIGINT: [libjvm.dylib+0x484a41], sa_mask[0]=11111111011111110111111111111111, sa_flags=SA_RESTART|SA_SIGINFO
SIGTERM: [libjvm.dylib+0x484a41], sa_mask[0]=11111111011111110111111111111111, sa_flags=SA_RESTART|SA_SIGINFO
SIGQUIT: [libjvm.dylib+0x484a41], sa_mask[0]=11111111011111110111111111111111, sa_flags=SA_RESTART|SA_SIGINFO


---------------  S Y S T E M  ---------------

OS:Bsduname:Darwin 15.6.0 Darwin Kernel Version 15.6.0: Mon Aug 29 20:21:34 PDT 2016; root:xnu-3248.60.11~1/RELEASE_X86_64 x86_64
rlimit: STACK 8192k, CORE 0k, NPROC 709, NOFILE 10240, AS infinity
load average:1.89 1.82 1.97

CPU:total 4 (2 cores per cpu, 2 threads per core) family 6 model 58 stepping 9, cmov, cx8, fxsr, mmx, sse, sse2, sse3, ssse3, sse4.1, sse4.2, popcnt, avx, aes, clmul, erms, ht, tsc, tscinvbit, tscinv

Memory: 4k page, physical 8388608k(781628k free)

/proc/meminfo:


vm_info: Java HotSpot(TM) 64-Bit Server VM (25.101-b13) for bsd-amd64 JRE (1.8.0_101-b13), built on Jun 22 2016 02:42:15 by "java_re" with gcc 4.2.1 (Based on Apple Inc. build 5658) (LLVM build 2336.11.00)

time: Tue Sep 27 20:44:35 2016
elapsed time: 157 seconds (0d 0h 2m 37s)

